2001.05.17 00:33 B E:\www\ethan\misc\bath.htm --> ftp.ethanshow.com /d:/html/users/ethanshowcom/html/misc bath.htm
2001.05.17 00:33 B E:\www\ethan\misc\batha.htm --> ftp.ethanshow.com /d:/html/users/ethanshowcom/html/misc batha.htm
2001.05.17 00:34 B E:\www\ethan\misc\BWP.GIF --> ftp.ethanshow.com /d:/html/users/ethanshowcom/html/misc BWP.GIF
2001.05.17 00:34 B E:\www\ethan\misc\FAMILY.HTM --> ftp.ethanshow.com /d:/html/users/ethanshowcom/html/misc FAMILY.HTM
2001.05.17 00:34 B E:\www\ethan\misc\FAMILYA.HTM --> ftp.ethanshow.com /d:/html/users/ethanshowcom/html/misc FAMILYA.HTM
2001.05.17 00:34 B E:\www\ethan\misc\friends.htm --> ftp.ethanshow.com /d:/html/users/ethanshowcom/html/misc friends.htm
2001.05.17 00:34 B E:\www\ethan\misc\friendsa.htm --> ftp.ethanshow.com /d:/html/users/ethanshowcom/html/misc friendsa.htm
2001.05.17 00:34 B E:\www\ethan\misc\mrbee.htm --> ftp.ethanshow.com /d:/html/users/ethanshowcom/html/misc mrbee.htm
2001.05.17 00:34 B E:\www\ethan\misc\mrbeea.htm --> ftp.ethanshow.com /d:/html/users/ethanshowcom/html/misc mrbeea.htm
2001.05.17 00:34 B E:\www\ethan\misc\n1.jpg --> ftp.ethanshow.com /d:/html/users/ethanshowcom/html/misc n1.jpg
2001.05.17 00:34 B E:\www\ethan\misc\n1t.jpg --> ftp.ethanshow.com /d:/html/users/ethanshowcom/html/misc n1t.jpg
2001.05.17 00:34 B E:\www\ethan\misc\n2.jpg --> ftp.ethanshow.com /d:/html/users/ethanshowcom/html/misc n2.jpg
2001.05.17 00:34 B E:\www\ethan\misc\n2t.jpg --> ftp.ethanshow.com /d:/html/users/ethanshowcom/html/misc n2t.jpg
2001.05.17 00:34 B E:\www\ethan\misc\n3.jpg --> ftp.ethanshow.com /d:/html/users/ethanshowcom/html/misc n3.jpg
2001.05.17 00:34 B E:\www\ethan\misc\n3t.jpg --> ftp.ethanshow.com /d:/html/users/ethanshowcom/html/misc n3t.jpg
2001.05.17 00:34 B E:\www\ethan\misc\n4.jpg --> ftp.ethanshow.com /d:/html/users/ethanshowcom/html/misc n4.jpg
2001.05.17 00:34 B E:\www\ethan\misc\n4t.jpg --> ftp.ethanshow.com /d:/html/users/ethanshowcom/html/misc n4t.jpg
2001.05.17 00:34 B E:\www\ethan\misc\n5.jpg --> ftp.ethanshow.com /d:/html/users/ethanshowcom/html/misc n5.jpg
2001.05.17 00:34 B E:\www\ethan\misc\n5t.jpg --> ftp.ethanshow.com /d:/html/users/ethanshowcom/html/misc n5t.jpg
2001.05.17 00:34 B E:\www\ethan\misc\nurs.htm --> ftp.ethanshow.com /d:/html/users/ethanshowcom/html/misc nurs.htm
2001.05.17 00:34 B E:\www\ethan\misc\nursa.htm --> ftp.ethanshow.com /d:/html/users/ethanshowcom/html/misc nursa.htm
2001.05.17 00:34 B E:\www\ethan\misc\u1.htm --> ftp.ethanshow.com /d:/html/users/ethanshowcom/html/misc u1.htm
2001.05.17 00:34 B E:\www\ethan\misc\u1a.htm --> ftp.ethanshow.com /d:/html/users/ethanshowcom/html/misc u1a.htm
2001.05.17 00:34 B E:\www\ethan\misc\u1a.jpg --> ftp.ethanshow.com /d:/html/users/ethanshowcom/html/misc u1a.jpg
2001.05.17 00:34 B E:\www\ethan\misc\u1at.jpg --> ftp.ethanshow.com /d:/html/users/ethanshowcom/html/misc u1at.jpg
2001.05.17 00:34 B E:\www\ethan\misc\u1b.jpg --> ftp.ethanshow.com /d:/html/users/ethanshowcom/html/misc u1b.jpg
2001.05.17 00:34 B E:\www\ethan\misc\u1bt.jpg --> ftp.ethanshow.com /d:/html/users/ethanshowcom/html/misc u1bt.jpg
2001.05.17 00:34 B E:\www\ethan\misc\u1c.jpg --> ftp.ethanshow.com /d:/html/users/ethanshowcom/html/misc u1c.jpg
2001.05.17 00:34 B E:\www\ethan\misc\u1ct.jpg --> ftp.ethanshow.com /d:/html/users/ethanshowcom/html/misc u1ct.jpg
2001.05.17 00:34 B E:\www\ethan\misc\u2.htm --> ftp.ethanshow.com /d:/html/users/ethanshowcom/html/misc u2.htm
2001.05.17 00:34 B E:\www\ethan\misc\u2a.htm --> ftp.ethanshow.com /d:/html/users/ethanshowcom/html/misc u2a.htm
2001.05.17 00:34 B E:\www\ethan\misc\u2f.jpg --> ftp.ethanshow.com /d:/html/users/ethanshowcom/html/misc u2f.jpg
2001.05.17 00:35 B E:\www\ethan\misc\u2f2.jpg --> ftp.ethanshow.com /d:/html/users/ethanshowcom/html/misc u2f2.jpg
2001.05.17 00:35 B E:\www\ethan\misc\u2f2t.jpg --> ftp.ethanshow.com /d:/html/users/ethanshowcom/html/misc u2f2t.jpg
2001.05.17 00:35 B E:\www\ethan\misc\u2ft.jpg --> ftp.ethanshow.com /d:/html/users/ethanshowcom/html/misc u2ft.jpg
2001.05.17 00:35 B E:\www\ethan\misc\u2l.jpg --> ftp.ethanshow.com /d:/html/users/ethanshowcom/html/misc u2l.jpg
2001.05.17 00:35 B E:\www\ethan\misc\u2lt.jpg --> ftp.ethanshow.com /d:/html/users/ethanshowcom/html/misc u2lt.jpg
2005.05.05 12:26 B D:\EthanShow\misc\intro.htm --> ftp.ethanshow.com /html/misc intro.htm
2005.05.05 12:27 B D:\EthanShow\misc\stats.htm --> ftp.ethanshow.com /html/misc stats.htm
