2001.05.31 00:41 B E:\www\ethan\2000\11\102.jpg --> ftp.ethanshow.com /d:/html/users/ethanshowcom/html/2000/11 102.jpg
2001.05.31 00:41 B E:\www\ethan\2000\11\102t.jpg --> ftp.ethanshow.com /d:/html/users/ethanshowcom/html/2000/11 102t.jpg
2001.05.31 00:41 B E:\www\ethan\2000\11\103.jpg --> ftp.ethanshow.com /d:/html/users/ethanshowcom/html/2000/11 103.jpg
2001.05.31 00:41 B E:\www\ethan\2000\11\103t.jpg --> ftp.ethanshow.com /d:/html/users/ethanshowcom/html/2000/11 103t.jpg
2001.05.31 00:41 B E:\www\ethan\2000\11\104.jpg --> ftp.ethanshow.com /d:/html/users/ethanshowcom/html/2000/11 104.jpg
2001.05.31 00:41 B E:\www\ethan\2000\11\104t.jpg --> ftp.ethanshow.com /d:/html/users/ethanshowcom/html/2000/11 104t.jpg
2001.05.31 00:41 B E:\www\ethan\2000\11\106.jpg --> ftp.ethanshow.com /d:/html/users/ethanshowcom/html/2000/11 106.jpg
2001.05.31 00:41 B E:\www\ethan\2000\11\106t.jpg --> ftp.ethanshow.com /d:/html/users/ethanshowcom/html/2000/11 106t.jpg
2001.05.31 00:41 B E:\www\ethan\2000\11\107.jpg --> ftp.ethanshow.com /d:/html/users/ethanshowcom/html/2000/11 107.jpg
2001.05.31 00:41 B E:\www\ethan\2000\11\107t.jpg --> ftp.ethanshow.com /d:/html/users/ethanshowcom/html/2000/11 107t.jpg
2001.05.31 00:41 B E:\www\ethan\2000\11\108.jpg --> ftp.ethanshow.com /d:/html/users/ethanshowcom/html/2000/11 108.jpg
2001.05.31 00:41 B E:\www\ethan\2000\11\108t.jpg --> ftp.ethanshow.com /d:/html/users/ethanshowcom/html/2000/11 108t.jpg
2001.05.31 00:41 B E:\www\ethan\2000\11\201.jpg --> ftp.ethanshow.com /d:/html/users/ethanshowcom/html/2000/11 201.jpg
2001.05.31 00:41 B E:\www\ethan\2000\11\201t.jpg --> ftp.ethanshow.com /d:/html/users/ethanshowcom/html/2000/11 201t.jpg
2001.05.31 00:41 B E:\www\ethan\2000\11\202.jpg --> ftp.ethanshow.com /d:/html/users/ethanshowcom/html/2000/11 202.jpg
2001.05.31 00:41 B E:\www\ethan\2000\11\202t.jpg --> ftp.ethanshow.com /d:/html/users/ethanshowcom/html/2000/11 202t.jpg
2001.05.31 00:41 B E:\www\ethan\2000\11\203.jpg --> ftp.ethanshow.com /d:/html/users/ethanshowcom/html/2000/11 203.jpg
2001.05.31 00:41 B E:\www\ethan\2000\11\203t.jpg --> ftp.ethanshow.com /d:/html/users/ethanshowcom/html/2000/11 203t.jpg
2001.05.31 00:42 B E:\www\ethan\2000\11\204.jpg --> ftp.ethanshow.com /d:/html/users/ethanshowcom/html/2000/11 204.jpg
2001.05.31 00:42 B E:\www\ethan\2000\11\204t.jpg --> ftp.ethanshow.com /d:/html/users/ethanshowcom/html/2000/11 204t.jpg
2001.05.31 00:42 B E:\www\ethan\2000\11\208.jpg --> ftp.ethanshow.com /d:/html/users/ethanshowcom/html/2000/11 208.jpg
2001.05.31 00:42 B E:\www\ethan\2000\11\208t.jpg --> ftp.ethanshow.com /d:/html/users/ethanshowcom/html/2000/11 208t.jpg
2001.05.31 00:42 B E:\www\ethan\2000\11\209.jpg --> ftp.ethanshow.com /d:/html/users/ethanshowcom/html/2000/11 209.jpg
2001.05.31 00:42 B E:\www\ethan\2000\11\209t.jpg --> ftp.ethanshow.com /d:/html/users/ethanshowcom/html/2000/11 209t.jpg
2001.05.31 00:42 B E:\www\ethan\2000\11\213.jpg --> ftp.ethanshow.com /d:/html/users/ethanshowcom/html/2000/11 213.jpg
2001.05.31 00:42 B E:\www\ethan\2000\11\213t.jpg --> ftp.ethanshow.com /d:/html/users/ethanshowcom/html/2000/11 213t.jpg
2001.05.31 00:42 B E:\www\ethan\2000\11\214.jpg --> ftp.ethanshow.com /d:/html/users/ethanshowcom/html/2000/11 214.jpg
2001.05.31 00:42 B E:\www\ethan\2000\11\214t.jpg --> ftp.ethanshow.com /d:/html/users/ethanshowcom/html/2000/11 214t.jpg
2001.05.31 00:42 B E:\www\ethan\2000\11\215.jpg --> ftp.ethanshow.com /d:/html/users/ethanshowcom/html/2000/11 215.jpg
2001.05.31 00:42 B E:\www\ethan\2000\11\215t.jpg --> ftp.ethanshow.com /d:/html/users/ethanshowcom/html/2000/11 215t.jpg
2001.05.31 00:42 B E:\www\ethan\2000\11\216.jpg --> ftp.ethanshow.com /d:/html/users/ethanshowcom/html/2000/11 216.jpg
2001.05.31 00:42 B E:\www\ethan\2000\11\216t.jpg --> ftp.ethanshow.com /d:/html/users/ethanshowcom/html/2000/11 216t.jpg
2001.05.31 00:42 B E:\www\ethan\2000\11\217.jpg --> ftp.ethanshow.com /d:/html/users/ethanshowcom/html/2000/11 217.jpg
2001.05.31 00:42 B E:\www\ethan\2000\11\217t.jpg --> ftp.ethanshow.com /d:/html/users/ethanshowcom/html/2000/11 217t.jpg
2001.05.31 00:42 B E:\www\ethan\2000\11\223.jpg --> ftp.ethanshow.com /d:/html/users/ethanshowcom/html/2000/11 223.jpg
2001.05.31 00:42 B E:\www\ethan\2000\11\223t.jpg --> ftp.ethanshow.com /d:/html/users/ethanshowcom/html/2000/11 223t.jpg
2001.05.31 00:43 B E:\www\ethan\2000\11\224.jpg --> ftp.ethanshow.com /d:/html/users/ethanshowcom/html/2000/11 224.jpg
2001.05.31 00:43 B E:\www\ethan\2000\11\224t.jpg --> ftp.ethanshow.com /d:/html/users/ethanshowcom/html/2000/11 224t.jpg
2001.05.31 00:43 B E:\www\ethan\2000\11\225.jpg --> ftp.ethanshow.com /d:/html/users/ethanshowcom/html/2000/11 225.jpg
2001.05.31 00:43 B E:\www\ethan\2000\11\225t.jpg --> ftp.ethanshow.com /d:/html/users/ethanshowcom/html/2000/11 225t.jpg
2001.05.31 00:43 B E:\www\ethan\2000\11\226.jpg --> ftp.ethanshow.com /d:/html/users/ethanshowcom/html/2000/11 226.jpg
2001.05.31 00:43 B E:\www\ethan\2000\11\226t.jpg --> ftp.ethanshow.com /d:/html/users/ethanshowcom/html/2000/11 226t.jpg
2001.05.31 00:43 B E:\www\ethan\2000\11\227.jpg --> ftp.ethanshow.com /d:/html/users/ethanshowcom/html/2000/11 227.jpg
2001.05.31 00:43 B E:\www\ethan\2000\11\227t.jpg --> ftp.ethanshow.com /d:/html/users/ethanshowcom/html/2000/11 227t.jpg
2001.05.31 00:43 B E:\www\ethan\2000\11\228.jpg --> ftp.ethanshow.com /d:/html/users/ethanshowcom/html/2000/11 228.jpg
2001.05.31 00:43 B E:\www\ethan\2000\11\228t.jpg --> ftp.ethanshow.com /d:/html/users/ethanshowcom/html/2000/11 228t.jpg
2001.05.31 00:43 B E:\www\ethan\2000\11\229.jpg --> ftp.ethanshow.com /d:/html/users/ethanshowcom/html/2000/11 229.jpg
2001.05.31 00:43 B E:\www\ethan\2000\11\229t.jpg --> ftp.ethanshow.com /d:/html/users/ethanshowcom/html/2000/11 229t.jpg
2001.05.31 00:43 B E:\www\ethan\2000\11\230.jpg --> ftp.ethanshow.com /d:/html/users/ethanshowcom/html/2000/11 230.jpg
2001.05.31 00:43 B E:\www\ethan\2000\11\230t.jpg --> ftp.ethanshow.com /d:/html/users/ethanshowcom/html/2000/11 230t.jpg
2001.05.31 00:43 B E:\www\ethan\2000\11\231.jpg --> ftp.ethanshow.com /d:/html/users/ethanshowcom/html/2000/11 231.jpg
2001.05.31 00:43 B E:\www\ethan\2000\11\231t.jpg --> ftp.ethanshow.com /d:/html/users/ethanshowcom/html/2000/11 231t.jpg
2001.05.31 00:43 B E:\www\ethan\2000\11\233.jpg --> ftp.ethanshow.com /d:/html/users/ethanshowcom/html/2000/11 233.jpg
2001.05.31 00:43 B E:\www\ethan\2000\11\233t.jpg --> ftp.ethanshow.com /d:/html/users/ethanshowcom/html/2000/11 233t.jpg
2001.05.31 00:43 B E:\www\ethan\2000\11\234.jpg --> ftp.ethanshow.com /d:/html/users/ethanshowcom/html/2000/11 234.jpg
2001.05.31 00:44 B E:\www\ethan\2000\11\234t.jpg --> ftp.ethanshow.com /d:/html/users/ethanshowcom/html/2000/11 234t.jpg
2001.05.31 00:44 B E:\www\ethan\2000\11\235.jpg --> ftp.ethanshow.com /d:/html/users/ethanshowcom/html/2000/11 235.jpg
2001.05.31 00:44 B E:\www\ethan\2000\11\235t.jpg --> ftp.ethanshow.com /d:/html/users/ethanshowcom/html/2000/11 235t.jpg
2001.05.31 00:44 B E:\www\ethan\2000\11\237.jpg --> ftp.ethanshow.com /d:/html/users/ethanshowcom/html/2000/11 237.jpg
2001.05.31 00:44 B E:\www\ethan\2000\11\237t.jpg --> ftp.ethanshow.com /d:/html/users/ethanshowcom/html/2000/11 237t.jpg
2001.05.31 00:44 B E:\www\ethan\2000\11\238.jpg --> ftp.ethanshow.com /d:/html/users/ethanshowcom/html/2000/11 238.jpg
2001.05.31 00:44 B E:\www\ethan\2000\11\238t.jpg --> ftp.ethanshow.com /d:/html/users/ethanshowcom/html/2000/11 238t.jpg
2001.05.31 00:44 B E:\www\ethan\2000\11\239.jpg --> ftp.ethanshow.com /d:/html/users/ethanshowcom/html/2000/11 239.jpg
2001.05.31 00:44 B E:\www\ethan\2000\11\239t.jpg --> ftp.ethanshow.com /d:/html/users/ethanshowcom/html/2000/11 239t.jpg
2001.05.31 00:44 B E:\www\ethan\2000\11\242.jpg --> ftp.ethanshow.com /d:/html/users/ethanshowcom/html/2000/11 242.jpg
2001.05.31 00:44 B E:\www\ethan\2000\11\242t.jpg --> ftp.ethanshow.com /d:/html/users/ethanshowcom/html/2000/11 242t.jpg
2001.05.31 00:44 B E:\www\ethan\2000\11\243.jpg --> ftp.ethanshow.com /d:/html/users/ethanshowcom/html/2000/11 243.jpg
2001.05.31 00:44 B E:\www\ethan\2000\11\243t.jpg --> ftp.ethanshow.com /d:/html/users/ethanshowcom/html/2000/11 243t.jpg
2001.05.31 00:44 B E:\www\ethan\2000\11\244.jpg --> ftp.ethanshow.com /d:/html/users/ethanshowcom/html/2000/11 244.jpg
2001.05.31 00:44 B E:\www\ethan\2000\11\244t.jpg --> ftp.ethanshow.com /d:/html/users/ethanshowcom/html/2000/11 244t.jpg
2001.05.31 00:44 B E:\www\ethan\2000\11\245.jpg --> ftp.ethanshow.com /d:/html/users/ethanshowcom/html/2000/11 245.jpg
2001.05.31 00:44 B E:\www\ethan\2000\11\245t.jpg --> ftp.ethanshow.com /d:/html/users/ethanshowcom/html/2000/11 245t.jpg
2001.05.31 00:45 B E:\www\ethan\2000\11\247.jpg --> ftp.ethanshow.com /d:/html/users/ethanshowcom/html/2000/11 247.jpg
2001.05.31 00:45 B E:\www\ethan\2000\11\247t.jpg --> ftp.ethanshow.com /d:/html/users/ethanshowcom/html/2000/11 247t.jpg
2001.05.31 00:45 B E:\www\ethan\2000\11\249.jpg --> ftp.ethanshow.com /d:/html/users/ethanshowcom/html/2000/11 249.jpg
2001.05.31 00:45 B E:\www\ethan\2000\11\249t.jpg --> ftp.ethanshow.com /d:/html/users/ethanshowcom/html/2000/11 249t.jpg
2001.05.31 00:45 B E:\www\ethan\2000\11\days.htm --> ftp.ethanshow.com /d:/html/users/ethanshowcom/html/2000/11 days.htm
2001.05.31 00:45 B E:\www\ethan\2000\11\days.htm~ --> ftp.ethanshow.com /d:/html/users/ethanshowcom/html/2000/11 days.htm~
2001.05.31 00:45 B E:\www\ethan\2000\11\nav.htm --> ftp.ethanshow.com /d:/html/users/ethanshowcom/html/2000/11 nav.htm
2001.05.31 00:45 B E:\www\ethan\2000\11\nov01.htm --> ftp.ethanshow.com /d:/html/users/ethanshowcom/html/2000/11 nov01.htm
2001.05.31 00:45 B E:\www\ethan\2000\11\nov01.htm~ --> ftp.ethanshow.com /d:/html/users/ethanshowcom/html/2000/11 nov01.htm~
2001.05.31 00:45 B E:\www\ethan\2000\11\nov01a.htm --> ftp.ethanshow.com /d:/html/users/ethanshowcom/html/2000/11 nov01a.htm
2001.05.31 00:45 B E:\www\ethan\2000\11\nov01a.htm~ --> ftp.ethanshow.com /d:/html/users/ethanshowcom/html/2000/11 nov01a.htm~
2001.05.31 00:45 B E:\www\ethan\2000\11\nov04.htm --> ftp.ethanshow.com /d:/html/users/ethanshowcom/html/2000/11 nov04.htm
2001.05.31 00:45 B E:\www\ethan\2000\11\nov04.htm~ --> ftp.ethanshow.com /d:/html/users/ethanshowcom/html/2000/11 nov04.htm~
2001.05.31 00:45 B E:\www\ethan\2000\11\nov04a.htm --> ftp.ethanshow.com /d:/html/users/ethanshowcom/html/2000/11 nov04a.htm
2001.05.31 00:45 B E:\www\ethan\2000\11\nov04a.htm~ --> ftp.ethanshow.com /d:/html/users/ethanshowcom/html/2000/11 nov04a.htm~
2001.05.31 00:45 B E:\www\ethan\2000\11\nov11.htm --> ftp.ethanshow.com /d:/html/users/ethanshowcom/html/2000/11 nov11.htm
2001.05.31 00:45 B E:\www\ethan\2000\11\nov11.htm~ --> ftp.ethanshow.com /d:/html/users/ethanshowcom/html/2000/11 nov11.htm~
2001.05.31 00:45 B E:\www\ethan\2000\11\nov11a.htm --> ftp.ethanshow.com /d:/html/users/ethanshowcom/html/2000/11 nov11a.htm
2001.05.31 00:45 B E:\www\ethan\2000\11\nov11a.htm~ --> ftp.ethanshow.com /d:/html/users/ethanshowcom/html/2000/11 nov11a.htm~
2001.05.31 00:45 B E:\www\ethan\2000\11\nov12c.htm --> ftp.ethanshow.com /d:/html/users/ethanshowcom/html/2000/11 nov12c.htm
2001.05.31 00:45 B E:\www\ethan\2000\11\nov12c.htm~ --> ftp.ethanshow.com /d:/html/users/ethanshowcom/html/2000/11 nov12c.htm~
2001.05.31 00:45 B E:\www\ethan\2000\11\nov12ca.htm --> ftp.ethanshow.com /d:/html/users/ethanshowcom/html/2000/11 nov12ca.htm
2001.05.31 00:45 B E:\www\ethan\2000\11\nov12ca.htm~ --> ftp.ethanshow.com /d:/html/users/ethanshowcom/html/2000/11 nov12ca.htm~
2001.05.31 00:45 B E:\www\ethan\2000\11\nov12f.htm --> ftp.ethanshow.com /d:/html/users/ethanshowcom/html/2000/11 nov12f.htm
2001.05.31 00:45 B E:\www\ethan\2000\11\nov12f.htm~ --> ftp.ethanshow.com /d:/html/users/ethanshowcom/html/2000/11 nov12f.htm~
2001.05.31 00:45 B E:\www\ethan\2000\11\nov12fa.htm --> ftp.ethanshow.com /d:/html/users/ethanshowcom/html/2000/11 nov12fa.htm
2001.05.31 00:45 B E:\www\ethan\2000\11\nov12fa.htm~ --> ftp.ethanshow.com /d:/html/users/ethanshowcom/html/2000/11 nov12fa.htm~
2001.05.31 00:45 B E:\www\ethan\2000\11\nov12g.htm --> ftp.ethanshow.com /d:/html/users/ethanshowcom/html/2000/11 nov12g.htm
2001.05.31 00:45 B E:\www\ethan\2000\11\nov12g.htm~ --> ftp.ethanshow.com /d:/html/users/ethanshowcom/html/2000/11 nov12g.htm~
2001.05.31 00:45 B E:\www\ethan\2000\11\nov12ga.htm --> ftp.ethanshow.com /d:/html/users/ethanshowcom/html/2000/11 nov12ga.htm
2001.05.31 00:45 B E:\www\ethan\2000\11\nov12ga.htm~ --> ftp.ethanshow.com /d:/html/users/ethanshowcom/html/2000/11 nov12ga.htm~
2001.05.31 00:45 B E:\www\ethan\2000\11\nov12m.htm --> ftp.ethanshow.com /d:/html/users/ethanshowcom/html/2000/11 nov12m.htm
2001.05.31 00:45 B E:\www\ethan\2000\11\nov12m.htm~ --> ftp.ethanshow.com /d:/html/users/ethanshowcom/html/2000/11 nov12m.htm~
2001.05.31 00:45 B E:\www\ethan\2000\11\nov12ma.htm --> ftp.ethanshow.com /d:/html/users/ethanshowcom/html/2000/11 nov12ma.htm
2001.05.31 00:45 B E:\www\ethan\2000\11\nov12ma.htm~ --> ftp.ethanshow.com /d:/html/users/ethanshowcom/html/2000/11 nov12ma.htm~
2001.05.31 00:45 B E:\www\ethan\2000\11\nov12p.htm --> ftp.ethanshow.com /d:/html/users/ethanshowcom/html/2000/11 nov12p.htm
2001.05.31 00:45 B E:\www\ethan\2000\11\nov12p.htm~ --> ftp.ethanshow.com /d:/html/users/ethanshowcom/html/2000/11 nov12p.htm~
2001.05.31 00:45 B E:\www\ethan\2000\11\nov12pa.htm --> ftp.ethanshow.com /d:/html/users/ethanshowcom/html/2000/11 nov12pa.htm
2001.05.31 00:45 B E:\www\ethan\2000\11\nov12pp.htm~ --> ftp.ethanshow.com /d:/html/users/ethanshowcom/html/2000/11 nov12pp.htm~
2001.05.31 00:45 B E:\www\ethan\2000\11\nov12ppa.htm~ --> ftp.ethanshow.com /d:/html/users/ethanshowcom/html/2000/11 nov12ppa.htm~
