2004.04.29 19:31 B D:\www\EthanShow\2004\04\apr01.htm --> ftp.ethanshow.com /html/2004/04 apr01.htm
2004.04.29 19:31 B D:\www\EthanShow\2004\04\apr01a.htm --> ftp.ethanshow.com /html/2004/04 apr01a.htm
2004.04.29 19:31 B D:\www\EthanShow\2004\04\apr02.htm --> ftp.ethanshow.com /html/2004/04 apr02.htm
2004.04.29 19:31 B D:\www\EthanShow\2004\04\apr02a.htm --> ftp.ethanshow.com /html/2004/04 apr02a.htm
2004.04.29 19:31 B D:\www\EthanShow\2004\04\apr11.htm --> ftp.ethanshow.com /html/2004/04 apr11.htm
2004.04.29 19:31 B D:\www\EthanShow\2004\04\apr11a.htm --> ftp.ethanshow.com /html/2004/04 apr11a.htm
2004.04.29 19:31 B D:\www\EthanShow\2004\04\apr11b.htm --> ftp.ethanshow.com /html/2004/04 apr11b.htm
2004.04.29 19:31 B D:\www\EthanShow\2004\04\apr11ba.htm --> ftp.ethanshow.com /html/2004/04 apr11ba.htm
2004.04.29 19:31 B D:\www\EthanShow\2004\04\apr12.htm --> ftp.ethanshow.com /html/2004/04 apr12.htm
2004.04.29 19:31 B D:\www\EthanShow\2004\04\apr12a.htm --> ftp.ethanshow.com /html/2004/04 apr12a.htm
2004.04.29 19:31 B D:\www\EthanShow\2004\04\apr18.htm --> ftp.ethanshow.com /html/2004/04 apr18.htm
2004.04.29 19:31 B D:\www\EthanShow\2004\04\apr18a.htm --> ftp.ethanshow.com /html/2004/04 apr18a.htm
2004.04.29 19:32 B D:\www\EthanShow\2004\04\apr20.htm --> ftp.ethanshow.com /html/2004/04 apr20.htm
2004.04.29 19:32 B D:\www\EthanShow\2004\04\apr20a.htm --> ftp.ethanshow.com /html/2004/04 apr20a.htm
2004.04.29 19:32 B D:\www\EthanShow\2004\04\apr21.htm --> ftp.ethanshow.com /html/2004/04 apr21.htm
2004.04.29 19:32 B D:\www\EthanShow\2004\04\apr21a.htm --> ftp.ethanshow.com /html/2004/04 apr21a.htm
2004.04.29 19:32 B D:\www\EthanShow\2004\04\days.htm --> ftp.ethanshow.com /html/2004/04 days.htm
2004.04.29 19:32 B D:\www\EthanShow\2004\04\nav.htm --> ftp.ethanshow.com /html/2004/04 nav.htm
2004.04.29 19:33 B D:\www\EthanShow\2004\04\IMG_2300.JPG --> ftp.ethanshow.com /html/2004/04 IMG_2300.JPG
2004.04.29 19:33 B D:\www\EthanShow\2004\04\IMG_2300t.JPG --> ftp.ethanshow.com /html/2004/04 IMG_2300t.JPG
2004.04.29 19:33 B D:\www\EthanShow\2004\04\IMG_2309.JPG --> ftp.ethanshow.com /html/2004/04 IMG_2309.JPG
2004.04.29 19:33 B D:\www\EthanShow\2004\04\IMG_2309t.JPG --> ftp.ethanshow.com /html/2004/04 IMG_2309t.JPG
2004.04.29 19:33 B D:\www\EthanShow\2004\04\IMG_2310.JPG --> ftp.ethanshow.com /html/2004/04 IMG_2310.JPG
2004.04.29 19:33 B D:\www\EthanShow\2004\04\IMG_2310t.JPG --> ftp.ethanshow.com /html/2004/04 IMG_2310t.JPG
2004.04.29 19:33 B D:\www\EthanShow\2004\04\IMG_2311.JPG --> ftp.ethanshow.com /html/2004/04 IMG_2311.JPG
2004.04.29 19:33 B D:\www\EthanShow\2004\04\IMG_2311t.JPG --> ftp.ethanshow.com /html/2004/04 IMG_2311t.JPG
2004.04.29 19:33 B D:\www\EthanShow\2004\04\IMG_2319.JPG --> ftp.ethanshow.com /html/2004/04 IMG_2319.JPG
2004.04.29 19:33 B D:\www\EthanShow\2004\04\IMG_2319t.JPG --> ftp.ethanshow.com /html/2004/04 IMG_2319t.JPG
2004.04.29 19:34 B D:\www\EthanShow\2004\04\IMG_2321.JPG --> ftp.ethanshow.com /html/2004/04 IMG_2321.JPG
2004.04.29 19:34 B D:\www\EthanShow\2004\04\IMG_2321t.JPG --> ftp.ethanshow.com /html/2004/04 IMG_2321t.JPG
2004.04.29 19:34 B D:\www\EthanShow\2004\04\IMG_2515.JPG --> ftp.ethanshow.com /html/2004/04 IMG_2515.JPG
2004.04.29 19:34 B D:\www\EthanShow\2004\04\IMG_2515t.JPG --> ftp.ethanshow.com /html/2004/04 IMG_2515t.JPG
2004.04.29 19:34 B D:\www\EthanShow\2004\04\IMG_2518.JPG --> ftp.ethanshow.com /html/2004/04 IMG_2518.JPG
2004.04.29 19:35 B D:\www\EthanShow\2004\04\IMG_2518t.JPG --> ftp.ethanshow.com /html/2004/04 IMG_2518t.JPG
2004.04.29 19:35 B D:\www\EthanShow\2004\04\IMG_2520.JPG --> ftp.ethanshow.com /html/2004/04 IMG_2520.JPG
2004.04.29 19:35 B D:\www\EthanShow\2004\04\IMG_2520t.JPG --> ftp.ethanshow.com /html/2004/04 IMG_2520t.JPG
2004.04.29 19:36 B D:\www\EthanShow\2004\04\IMG_2523.JPG --> ftp.ethanshow.com /html/2004/04 IMG_2523.JPG
2004.04.29 19:36 B D:\www\EthanShow\2004\04\IMG_2523t.JPG --> ftp.ethanshow.com /html/2004/04 IMG_2523t.JPG
2004.04.29 19:36 B D:\www\EthanShow\2004\04\IMG_2530.JPG --> ftp.ethanshow.com /html/2004/04 IMG_2530.JPG
2004.04.29 19:36 B D:\www\EthanShow\2004\04\IMG_2530t.JPG --> ftp.ethanshow.com /html/2004/04 IMG_2530t.JPG
2004.04.29 19:36 B D:\www\EthanShow\2004\04\IMG_2536.JPG --> ftp.ethanshow.com /html/2004/04 IMG_2536.JPG
2004.04.29 19:36 B D:\www\EthanShow\2004\04\IMG_2536t.JPG --> ftp.ethanshow.com /html/2004/04 IMG_2536t.JPG
2004.04.29 19:37 B D:\www\EthanShow\2004\04\IMG_2537.JPG --> ftp.ethanshow.com /html/2004/04 IMG_2537.JPG
2004.04.29 19:37 B D:\www\EthanShow\2004\04\IMG_2537t.JPG --> ftp.ethanshow.com /html/2004/04 IMG_2537t.JPG
2004.04.29 19:38 B D:\www\EthanShow\2004\04\IMG_2539.JPG --> ftp.ethanshow.com /html/2004/04 IMG_2539.JPG
2004.04.29 19:38 B D:\www\EthanShow\2004\04\IMG_2539t.JPG --> ftp.ethanshow.com /html/2004/04 IMG_2539t.JPG
2004.04.29 19:38 B D:\www\EthanShow\2004\04\IMG_2540.JPG --> ftp.ethanshow.com /html/2004/04 IMG_2540.JPG
2004.04.29 19:38 B D:\www\EthanShow\2004\04\IMG_2540t.JPG --> ftp.ethanshow.com /html/2004/04 IMG_2540t.JPG
2004.04.29 19:38 B D:\www\EthanShow\2004\04\IMG_2545.JPG --> ftp.ethanshow.com /html/2004/04 IMG_2545.JPG
2004.04.29 19:38 B D:\www\EthanShow\2004\04\IMG_2545t.JPG --> ftp.ethanshow.com /html/2004/04 IMG_2545t.JPG
2004.04.29 19:39 B D:\www\EthanShow\2004\04\IMG_2546.JPG --> ftp.ethanshow.com /html/2004/04 IMG_2546.JPG
2004.04.29 19:39 B D:\www\EthanShow\2004\04\IMG_2546t.JPG --> ftp.ethanshow.com /html/2004/04 IMG_2546t.JPG
2004.04.29 19:40 B D:\www\EthanShow\2004\04\IMG_2548.JPG --> ftp.ethanshow.com /html/2004/04 IMG_2548.JPG
2004.04.29 19:40 B D:\www\EthanShow\2004\04\IMG_2548t.JPG --> ftp.ethanshow.com /html/2004/04 IMG_2548t.JPG
2004.04.29 19:40 B D:\www\EthanShow\2004\04\IMG_2551.JPG --> ftp.ethanshow.com /html/2004/04 IMG_2551.JPG
2004.04.29 19:40 B D:\www\EthanShow\2004\04\IMG_2551t.JPG --> ftp.ethanshow.com /html/2004/04 IMG_2551t.JPG
2004.04.29 19:41 B D:\www\EthanShow\2004\04\IMG_2554.JPG --> ftp.ethanshow.com /html/2004/04 IMG_2554.JPG
2004.04.29 19:41 B D:\www\EthanShow\2004\04\IMG_2554t.JPG --> ftp.ethanshow.com /html/2004/04 IMG_2554t.JPG
2004.04.29 19:41 B D:\www\EthanShow\2004\04\IMG_2566.JPG --> ftp.ethanshow.com /html/2004/04 IMG_2566.JPG
2004.04.29 19:41 B D:\www\EthanShow\2004\04\IMG_2566t.JPG --> ftp.ethanshow.com /html/2004/04 IMG_2566t.JPG
2004.04.29 19:42 B D:\www\EthanShow\2004\04\IMG_2569.JPG --> ftp.ethanshow.com /html/2004/04 IMG_2569.JPG
2004.04.29 19:42 B D:\www\EthanShow\2004\04\IMG_2569t.JPG --> ftp.ethanshow.com /html/2004/04 IMG_2569t.JPG
2004.04.29 19:42 B D:\www\EthanShow\2004\04\IMG_2571.JPG --> ftp.ethanshow.com /html/2004/04 IMG_2571.JPG
2004.04.29 19:42 B D:\www\EthanShow\2004\04\IMG_2571t.JPG --> ftp.ethanshow.com /html/2004/04 IMG_2571t.JPG
2004.04.29 19:44 B D:\www\EthanShow\2004\04\IMG_2573.JPG --> ftp.ethanshow.com /html/2004/04 IMG_2573.JPG
2004.04.29 20:11 B D:\www\EthanShow\2004\04\IMG_2573.JPG --> ftp.ethanshow.com /html/2004/04 IMG_2573.JPG
2004.04.29 20:11 B D:\www\EthanShow\2004\04\IMG_2573t.JPG --> ftp.ethanshow.com /html/2004/04 IMG_2573t.JPG
2004.04.29 20:11 B D:\www\EthanShow\2004\04\IMG_2574t.JPG --> ftp.ethanshow.com /html/2004/04 IMG_2574t.JPG
2004.04.29 20:12 B D:\www\EthanShow\2004\04\IMG_2581.JPG --> ftp.ethanshow.com /html/2004/04 IMG_2581.JPG
2004.04.29 20:12 B D:\www\EthanShow\2004\04\IMG_2581t.JPG --> ftp.ethanshow.com /html/2004/04 IMG_2581t.JPG
2004.04.29 20:12 B D:\www\EthanShow\2004\04\IMG_2590.JPG --> ftp.ethanshow.com /html/2004/04 IMG_2590.JPG
2004.04.29 20:12 B D:\www\EthanShow\2004\04\IMG_2590t.JPG --> ftp.ethanshow.com /html/2004/04 IMG_2590t.JPG
2004.04.29 20:12 B D:\www\EthanShow\2004\04\IMG_2598.JPG --> ftp.ethanshow.com /html/2004/04 IMG_2598.JPG
2004.04.29 20:12 B D:\www\EthanShow\2004\04\IMG_2598t.JPG --> ftp.ethanshow.com /html/2004/04 IMG_2598t.JPG
2004.04.29 20:12 B D:\www\EthanShow\2004\04\IMG_2608.JPG --> ftp.ethanshow.com /html/2004/04 IMG_2608.JPG
2004.04.29 20:13 B D:\www\EthanShow\2004\04\IMG_2608t.JPG --> ftp.ethanshow.com /html/2004/04 IMG_2608t.JPG
2004.04.29 20:13 B D:\www\EthanShow\2004\04\IMG_2610.JPG --> ftp.ethanshow.com /html/2004/04 IMG_2610.JPG
2004.04.29 20:13 B D:\www\EthanShow\2004\04\IMG_2610t.JPG --> ftp.ethanshow.com /html/2004/04 IMG_2610t.JPG
2004.04.29 20:13 B D:\www\EthanShow\2004\04\IMG_2622.JPG --> ftp.ethanshow.com /html/2004/04 IMG_2622.JPG
2004.04.29 20:13 B D:\www\EthanShow\2004\04\IMG_2622t.JPG --> ftp.ethanshow.com /html/2004/04 IMG_2622t.JPG
2004.04.29 20:13 B D:\www\EthanShow\2004\04\IMG_2624.JPG --> ftp.ethanshow.com /html/2004/04 IMG_2624.JPG
2004.04.29 20:13 B D:\www\EthanShow\2004\04\IMG_2624t.JPG --> ftp.ethanshow.com /html/2004/04 IMG_2624t.JPG
2004.04.29 20:13 B D:\www\EthanShow\2004\04\IMG_2626.JPG --> ftp.ethanshow.com /html/2004/04 IMG_2626.JPG
2004.04.29 20:13 B D:\www\EthanShow\2004\04\IMG_2626t.JPG --> ftp.ethanshow.com /html/2004/04 IMG_2626t.JPG
2004.04.29 20:14 B D:\www\EthanShow\2004\04\IMG_2633.JPG --> ftp.ethanshow.com /html/2004/04 IMG_2633.JPG
2004.04.29 20:14 B D:\www\EthanShow\2004\04\IMG_2633t.JPG --> ftp.ethanshow.com /html/2004/04 IMG_2633t.JPG
2004.04.29 20:14 B D:\www\EthanShow\2004\04\IMG_2647.JPG --> ftp.ethanshow.com /html/2004/04 IMG_2647.JPG
2004.04.29 20:14 B D:\www\EthanShow\2004\04\IMG_2647t.JPG --> ftp.ethanshow.com /html/2004/04 IMG_2647t.JPG
2004.04.29 20:15 B D:\www\EthanShow\2004\04\IMG_2657.JPG --> ftp.ethanshow.com /html/2004/04 IMG_2657.JPG
2004.04.29 20:15 B D:\www\EthanShow\2004\04\IMG_2657t.JPG --> ftp.ethanshow.com /html/2004/04 IMG_2657t.JPG
2004.04.29 20:16 B D:\www\EthanShow\2004\04\IMG_2667.JPG --> ftp.ethanshow.com /html/2004/04 IMG_2667.JPG
2004.04.29 20:16 B D:\www\EthanShow\2004\04\IMG_2667t.JPG --> ftp.ethanshow.com /html/2004/04 IMG_2667t.JPG
2004.05.02 09:11 B D:\www\EthanShow\2004\04\MVI_2322.AVI --> ftp.ethanshow.com /html/2004/04 MVI_2322.AVI
2004.05.02 09:17 B D:\www\EthanShow\2004\04\MVI_2516.AVI --> ftp.ethanshow.com /html/2004/04 MVI_2516.AVI
2004.05.02 09:29 B D:\www\EthanShow\2004\04\MVI_2525.AVI --> ftp.ethanshow.com /html/2004/04 MVI_2525.AVI
2004.05.02 09:34 B D:\www\EthanShow\2004\04\MVI_2533.AVI --> ftp.ethanshow.com /html/2004/04 MVI_2533.AVI
2004.05.02 09:47 B D:\www\EthanShow\2004\04\MVI_2541.AVI --> ftp.ethanshow.com /html/2004/04 MVI_2541.AVI
2004.05.02 09:53 B D:\www\EthanShow\2004\04\MVI_2543.AVI --> ftp.ethanshow.com /html/2004/04 MVI_2543.AVI
2004.05.02 10:07 B D:\www\EthanShow\2004\04\MVI_2587.AVI --> ftp.ethanshow.com /html/2004/04 MVI_2587.AVI
2004.05.02 10:13 B D:\www\EthanShow\2004\04\MVI_2614.AVI --> ftp.ethanshow.com /html/2004/04 MVI_2614.AVI
2004.05.02 20:25 B D:\www\EthanShow\2004\04\MVI_2322t.jpg --> ftp.ethanshow.com /html/2004/04 MVI_2322t.jpg
2004.05.02 20:25 B D:\www\EthanShow\2004\04\MVI_2516t.jpg --> ftp.ethanshow.com /html/2004/04 MVI_2516t.jpg
2004.05.02 20:25 B D:\www\EthanShow\2004\04\MVI_2525t.jpg --> ftp.ethanshow.com /html/2004/04 MVI_2525t.jpg
2004.05.02 20:25 B D:\www\EthanShow\2004\04\MVI_2533t.jpg --> ftp.ethanshow.com /html/2004/04 MVI_2533t.jpg
2004.05.02 20:25 B D:\www\EthanShow\2004\04\MVI_2541t.jpg --> ftp.ethanshow.com /html/2004/04 MVI_2541t.jpg
2004.05.02 20:25 B D:\www\EthanShow\2004\04\MVI_2543t.jpg --> ftp.ethanshow.com /html/2004/04 MVI_2543t.jpg
2004.05.02 20:25 B D:\www\EthanShow\2004\04\MVI_2587t.JPG --> ftp.ethanshow.com /html/2004/04 MVI_2587t.JPG
2004.05.02 20:25 B D:\www\EthanShow\2004\04\MVI_2614t.jpg --> ftp.ethanshow.com /html/2004/04 MVI_2614t.jpg
2004.05.02 20:29 B D:\www\EthanShow\2004\04\apr21.htm --> ftp.ethanshow.com /html/2004/04 apr21.htm
2004.05.02 20:29 B D:\www\EthanShow\2004\04\apr20.htm --> ftp.ethanshow.com /html/2004/04 apr20.htm
2004.05.02 20:29 B D:\www\EthanShow\2004\04\apr18.htm --> ftp.ethanshow.com /html/2004/04 apr18.htm
2004.05.02 20:29 B D:\www\EthanShow\2004\04\apr12.htm --> ftp.ethanshow.com /html/2004/04 apr12.htm
2004.05.02 20:29 B D:\www\EthanShow\2004\04\apr11b.htm --> ftp.ethanshow.com /html/2004/04 apr11b.htm
2004.05.02 20:29 B D:\www\EthanShow\2004\04\apr11.htm --> ftp.ethanshow.com /html/2004/04 apr11.htm
2004.05.02 20:29 A D:\www\EthanShow\2004\04\apr02.htm --> ftp.ethanshow.com /html/2004/04 apr02.htm
2004.05.02 20:29 A D:\www\EthanShow\2004\04\apr01.htm --> ftp.ethanshow.com /html/2004/04 apr01.htm
2004.05.02 20:30 B D:\www\EthanShow\2004\04\apr21.htm --> ftp.ethanshow.com /html/2004/04 apr21.htm
2004.05.02 20:30 B D:\www\EthanShow\2004\04\apr20.htm --> ftp.ethanshow.com /html/2004/04 apr20.htm
2004.05.02 20:30 B D:\www\EthanShow\2004\04\apr18.htm --> ftp.ethanshow.com /html/2004/04 apr18.htm
2004.05.02 20:30 B D:\www\EthanShow\2004\04\apr12.htm --> ftp.ethanshow.com /html/2004/04 apr12.htm
2004.05.02 20:30 B D:\www\EthanShow\2004\04\apr11b.htm --> ftp.ethanshow.com /html/2004/04 apr11b.htm
2004.05.02 20:30 B D:\www\EthanShow\2004\04\apr11.htm --> ftp.ethanshow.com /html/2004/04 apr11.htm
2004.05.02 20:30 B D:\www\EthanShow\2004\04\apr02.htm --> ftp.ethanshow.com /html/2004/04 apr02.htm
2004.05.02 20:30 B D:\www\EthanShow\2004\04\apr01.htm --> ftp.ethanshow.com /html/2004/04 apr01.htm
2004.05.02 21:29 B D:\www\EthanShow\2004\04\apr20a.htm --> ftp.ethanshow.com /html/2004/04 apr20a.htm
2004.05.02 21:29 B D:\www\EthanShow\2004\04\apr18a.htm --> ftp.ethanshow.com /html/2004/04 apr18a.htm
2004.05.02 21:29 B D:\www\EthanShow\2004\04\apr11a.htm --> ftp.ethanshow.com /html/2004/04 apr11a.htm
2004.05.02 21:30 B D:\www\EthanShow\2004\04\apr02a.htm --> ftp.ethanshow.com /html/2004/04 apr02a.htm
