2003.04.06 19:50 B D:\www\EthanShow\2003\03\134-3470_IMG.JPG --> ftp.ethanshow.com /d:/html/users/ethanshowcom/html/2003/03 134-3470_IMG.JPG
2003.04.06 19:50 B D:\www\EthanShow\2003\03\134-3470_IMGt.JPG --> ftp.ethanshow.com /d:/html/users/ethanshowcom/html/2003/03 134-3470_IMGt.JPG
2003.04.06 19:50 B D:\www\EthanShow\2003\03\134-3473_IMG.JPG --> ftp.ethanshow.com /d:/html/users/ethanshowcom/html/2003/03 134-3473_IMG.JPG
2003.04.06 19:50 B D:\www\EthanShow\2003\03\134-3473_IMGt.JPG --> ftp.ethanshow.com /d:/html/users/ethanshowcom/html/2003/03 134-3473_IMGt.JPG
2003.04.06 19:51 B D:\www\EthanShow\2003\03\134-3477_IMG.JPG --> ftp.ethanshow.com /d:/html/users/ethanshowcom/html/2003/03 134-3477_IMG.JPG
2003.04.06 19:51 B D:\www\EthanShow\2003\03\134-3477_IMGt.JPG --> ftp.ethanshow.com /d:/html/users/ethanshowcom/html/2003/03 134-3477_IMGt.JPG
2003.04.06 19:51 B D:\www\EthanShow\2003\03\134-3478_IMG.JPG --> ftp.ethanshow.com /d:/html/users/ethanshowcom/html/2003/03 134-3478_IMG.JPG
2003.04.06 20:27 B D:\www\EthanShow\2003\03\134-3470_IMG.JPG --> ftp.ethanshow.com /d:/html/users/ethanshowcom/html/2003/03 134-3470_IMG.JPG
2003.04.06 20:27 B D:\www\EthanShow\2003\03\134-3470_IMGt.JPG --> ftp.ethanshow.com /d:/html/users/ethanshowcom/html/2003/03 134-3470_IMGt.JPG
2003.04.06 20:27 B D:\www\EthanShow\2003\03\134-3473_IMG.JPG --> ftp.ethanshow.com /d:/html/users/ethanshowcom/html/2003/03 134-3473_IMG.JPG
2003.04.06 20:27 B D:\www\EthanShow\2003\03\134-3473_IMGt.JPG --> ftp.ethanshow.com /d:/html/users/ethanshowcom/html/2003/03 134-3473_IMGt.JPG
2003.04.06 20:27 B D:\www\EthanShow\2003\03\134-3477_IMG.JPG --> ftp.ethanshow.com /d:/html/users/ethanshowcom/html/2003/03 134-3477_IMG.JPG
2003.04.06 20:27 B D:\www\EthanShow\2003\03\134-3477_IMGt.JPG --> ftp.ethanshow.com /d:/html/users/ethanshowcom/html/2003/03 134-3477_IMGt.JPG
2003.04.06 20:27 B D:\www\EthanShow\2003\03\134-3478_IMG.JPG --> ftp.ethanshow.com /d:/html/users/ethanshowcom/html/2003/03 134-3478_IMG.JPG
2003.04.06 20:27 B D:\www\EthanShow\2003\03\134-3478_IMGt.JPG --> ftp.ethanshow.com /d:/html/users/ethanshowcom/html/2003/03 134-3478_IMGt.JPG
2003.04.06 20:28 B D:\www\EthanShow\2003\03\134-3479_IMG.JPG --> ftp.ethanshow.com /d:/html/users/ethanshowcom/html/2003/03 134-3479_IMG.JPG
2003.04.06 20:28 B D:\www\EthanShow\2003\03\134-3479_IMGt.JPG --> ftp.ethanshow.com /d:/html/users/ethanshowcom/html/2003/03 134-3479_IMGt.JPG
2003.04.06 20:28 B D:\www\EthanShow\2003\03\134-3482_IMG.JPG --> ftp.ethanshow.com /d:/html/users/ethanshowcom/html/2003/03 134-3482_IMG.JPG
2003.04.06 20:28 B D:\www\EthanShow\2003\03\134-3482_IMGt.JPG --> ftp.ethanshow.com /d:/html/users/ethanshowcom/html/2003/03 134-3482_IMGt.JPG
2003.04.06 20:28 B D:\www\EthanShow\2003\03\134-3484_IMG.JPG --> ftp.ethanshow.com /d:/html/users/ethanshowcom/html/2003/03 134-3484_IMG.JPG
2003.04.06 20:28 B D:\www\EthanShow\2003\03\134-3484_IMGt.JPG --> ftp.ethanshow.com /d:/html/users/ethanshowcom/html/2003/03 134-3484_IMGt.JPG
2003.04.06 20:28 B D:\www\EthanShow\2003\03\134-3487_IMG.JPG --> ftp.ethanshow.com /d:/html/users/ethanshowcom/html/2003/03 134-3487_IMG.JPG
2003.04.06 20:28 B D:\www\EthanShow\2003\03\134-3487_IMGt.JPG --> ftp.ethanshow.com /d:/html/users/ethanshowcom/html/2003/03 134-3487_IMGt.JPG
2003.04.06 20:28 B D:\www\EthanShow\2003\03\134-3488_IMG.JPG --> ftp.ethanshow.com /d:/html/users/ethanshowcom/html/2003/03 134-3488_IMG.JPG
2003.04.06 20:28 B D:\www\EthanShow\2003\03\134-3488_IMGt.JPG --> ftp.ethanshow.com /d:/html/users/ethanshowcom/html/2003/03 134-3488_IMGt.JPG
2003.04.06 20:28 B D:\www\EthanShow\2003\03\134-3489_IMG.JPG --> ftp.ethanshow.com /d:/html/users/ethanshowcom/html/2003/03 134-3489_IMG.JPG
2003.04.06 20:28 B D:\www\EthanShow\2003\03\134-3489_IMGt.JPG --> ftp.ethanshow.com /d:/html/users/ethanshowcom/html/2003/03 134-3489_IMGt.JPG
2003.04.06 20:29 B D:\www\EthanShow\2003\03\134-3491_IMG.JPG --> ftp.ethanshow.com /d:/html/users/ethanshowcom/html/2003/03 134-3491_IMG.JPG
2003.04.06 20:29 B D:\www\EthanShow\2003\03\134-3491_IMGt.JPG --> ftp.ethanshow.com /d:/html/users/ethanshowcom/html/2003/03 134-3491_IMGt.JPG
2003.04.06 20:29 B D:\www\EthanShow\2003\03\134-3492_IMG.JPG --> ftp.ethanshow.com /d:/html/users/ethanshowcom/html/2003/03 134-3492_IMG.JPG
2003.04.06 20:29 B D:\www\EthanShow\2003\03\134-3492_IMGt.JPG --> ftp.ethanshow.com /d:/html/users/ethanshowcom/html/2003/03 134-3492_IMGt.JPG
2003.04.06 20:29 B D:\www\EthanShow\2003\03\134-3496_IMG.JPG --> ftp.ethanshow.com /d:/html/users/ethanshowcom/html/2003/03 134-3496_IMG.JPG
2003.04.06 20:29 B D:\www\EthanShow\2003\03\134-3496_IMGt.JPG --> ftp.ethanshow.com /d:/html/users/ethanshowcom/html/2003/03 134-3496_IMGt.JPG
2003.04.06 20:29 B D:\www\EthanShow\2003\03\134-3497_IMG.JPG --> ftp.ethanshow.com /d:/html/users/ethanshowcom/html/2003/03 134-3497_IMG.JPG
2003.04.06 20:29 B D:\www\EthanShow\2003\03\134-3497_IMGt.JPG --> ftp.ethanshow.com /d:/html/users/ethanshowcom/html/2003/03 134-3497_IMGt.JPG
2003.04.06 20:29 B D:\www\EthanShow\2003\03\134-3499_IMG.JPG --> ftp.ethanshow.com /d:/html/users/ethanshowcom/html/2003/03 134-3499_IMG.JPG
2003.04.06 20:29 B D:\www\EthanShow\2003\03\134-3499_IMGt.JPG --> ftp.ethanshow.com /d:/html/users/ethanshowcom/html/2003/03 134-3499_IMGt.JPG
2003.04.06 20:29 B D:\www\EthanShow\2003\03\135-3501_IMG.JPG --> ftp.ethanshow.com /d:/html/users/ethanshowcom/html/2003/03 135-3501_IMG.JPG
2003.04.06 20:29 B D:\www\EthanShow\2003\03\135-3501_IMGt.JPG --> ftp.ethanshow.com /d:/html/users/ethanshowcom/html/2003/03 135-3501_IMGt.JPG
2003.04.06 20:30 B D:\www\EthanShow\2003\03\135-3505_IMG.JPG --> ftp.ethanshow.com /d:/html/users/ethanshowcom/html/2003/03 135-3505_IMG.JPG
2003.04.06 20:30 B D:\www\EthanShow\2003\03\135-3505_IMGt.JPG --> ftp.ethanshow.com /d:/html/users/ethanshowcom/html/2003/03 135-3505_IMGt.JPG
2003.04.06 20:30 B D:\www\EthanShow\2003\03\135-3506_IMG.JPG --> ftp.ethanshow.com /d:/html/users/ethanshowcom/html/2003/03 135-3506_IMG.JPG
2003.04.06 20:30 B D:\www\EthanShow\2003\03\135-3506_IMGt.JPG --> ftp.ethanshow.com /d:/html/users/ethanshowcom/html/2003/03 135-3506_IMGt.JPG
2003.04.06 20:30 B D:\www\EthanShow\2003\03\135-3511_IMG.JPG --> ftp.ethanshow.com /d:/html/users/ethanshowcom/html/2003/03 135-3511_IMG.JPG
2003.04.06 20:30 B D:\www\EthanShow\2003\03\135-3511_IMGt.JPG --> ftp.ethanshow.com /d:/html/users/ethanshowcom/html/2003/03 135-3511_IMGt.JPG
2003.04.06 20:30 B D:\www\EthanShow\2003\03\135-3512_IMG.JPG --> ftp.ethanshow.com /d:/html/users/ethanshowcom/html/2003/03 135-3512_IMG.JPG
2003.04.06 20:30 B D:\www\EthanShow\2003\03\135-3512_IMGt.JPG --> ftp.ethanshow.com /d:/html/users/ethanshowcom/html/2003/03 135-3512_IMGt.JPG
2003.04.06 20:30 B D:\www\EthanShow\2003\03\135-3513_IMG.JPG --> ftp.ethanshow.com /d:/html/users/ethanshowcom/html/2003/03 135-3513_IMG.JPG
2003.04.06 20:30 B D:\www\EthanShow\2003\03\135-3513_IMGt.JPG --> ftp.ethanshow.com /d:/html/users/ethanshowcom/html/2003/03 135-3513_IMGt.JPG
2003.04.06 20:30 B D:\www\EthanShow\2003\03\135-3514_IMG.JPG --> ftp.ethanshow.com /d:/html/users/ethanshowcom/html/2003/03 135-3514_IMG.JPG
2003.04.06 20:30 B D:\www\EthanShow\2003\03\135-3514_IMGt.JPG --> ftp.ethanshow.com /d:/html/users/ethanshowcom/html/2003/03 135-3514_IMGt.JPG
2003.04.06 20:31 B D:\www\EthanShow\2003\03\135-3523_IMG.JPG --> ftp.ethanshow.com /d:/html/users/ethanshowcom/html/2003/03 135-3523_IMG.JPG
2003.04.06 20:31 B D:\www\EthanShow\2003\03\135-3523_IMGt.JPG --> ftp.ethanshow.com /d:/html/users/ethanshowcom/html/2003/03 135-3523_IMGt.JPG
2003.04.06 20:31 B D:\www\EthanShow\2003\03\135-3527_IMG.JPG --> ftp.ethanshow.com /d:/html/users/ethanshowcom/html/2003/03 135-3527_IMG.JPG
2003.04.06 20:31 B D:\www\EthanShow\2003\03\135-3527_IMGt.JPG --> ftp.ethanshow.com /d:/html/users/ethanshowcom/html/2003/03 135-3527_IMGt.JPG
2003.04.06 20:31 B D:\www\EthanShow\2003\03\135-3533_IMG.JPG --> ftp.ethanshow.com /d:/html/users/ethanshowcom/html/2003/03 135-3533_IMG.JPG
2003.04.06 20:31 B D:\www\EthanShow\2003\03\135-3533_IMGt.JPG --> ftp.ethanshow.com /d:/html/users/ethanshowcom/html/2003/03 135-3533_IMGt.JPG
2003.04.06 20:31 B D:\www\EthanShow\2003\03\135-3539_IMG.JPG --> ftp.ethanshow.com /d:/html/users/ethanshowcom/html/2003/03 135-3539_IMG.JPG
2003.04.06 20:31 B D:\www\EthanShow\2003\03\135-3539_IMGt.JPG --> ftp.ethanshow.com /d:/html/users/ethanshowcom/html/2003/03 135-3539_IMGt.JPG
2003.04.06 20:31 B D:\www\EthanShow\2003\03\135-3540_IMG.JPG --> ftp.ethanshow.com /d:/html/users/ethanshowcom/html/2003/03 135-3540_IMG.JPG
2003.04.06 20:31 B D:\www\EthanShow\2003\03\135-3540_IMGt.JPG --> ftp.ethanshow.com /d:/html/users/ethanshowcom/html/2003/03 135-3540_IMGt.JPG
2003.04.06 20:32 B D:\www\EthanShow\2003\03\135-3542_IMG.JPG --> ftp.ethanshow.com /d:/html/users/ethanshowcom/html/2003/03 135-3542_IMG.JPG
2003.04.06 20:32 B D:\www\EthanShow\2003\03\135-3542_IMGt.JPG --> ftp.ethanshow.com /d:/html/users/ethanshowcom/html/2003/03 135-3542_IMGt.JPG
2003.04.06 20:32 B D:\www\EthanShow\2003\03\135-3550_IMG.JPG --> ftp.ethanshow.com /d:/html/users/ethanshowcom/html/2003/03 135-3550_IMG.JPG
2003.04.06 20:32 B D:\www\EthanShow\2003\03\135-3550_IMGt.JPG --> ftp.ethanshow.com /d:/html/users/ethanshowcom/html/2003/03 135-3550_IMGt.JPG
2003.04.06 20:32 B D:\www\EthanShow\2003\03\135-3551_IMG.JPG --> ftp.ethanshow.com /d:/html/users/ethanshowcom/html/2003/03 135-3551_IMG.JPG
2003.04.06 20:32 B D:\www\EthanShow\2003\03\135-3551_IMGt.JPG --> ftp.ethanshow.com /d:/html/users/ethanshowcom/html/2003/03 135-3551_IMGt.JPG
2003.04.06 20:32 B D:\www\EthanShow\2003\03\135-3553_IMG.JPG --> ftp.ethanshow.com /d:/html/users/ethanshowcom/html/2003/03 135-3553_IMG.JPG
2003.04.06 20:32 B D:\www\EthanShow\2003\03\135-3553_IMGt.JPG --> ftp.ethanshow.com /d:/html/users/ethanshowcom/html/2003/03 135-3553_IMGt.JPG
2003.04.06 20:32 B D:\www\EthanShow\2003\03\135-3556_IMG.JPG --> ftp.ethanshow.com /d:/html/users/ethanshowcom/html/2003/03 135-3556_IMG.JPG
2003.04.06 20:32 B D:\www\EthanShow\2003\03\135-3556_IMGt.JPG --> ftp.ethanshow.com /d:/html/users/ethanshowcom/html/2003/03 135-3556_IMGt.JPG
2003.04.06 20:33 B D:\www\EthanShow\2003\03\135-3559_IMG.JPG --> ftp.ethanshow.com /d:/html/users/ethanshowcom/html/2003/03 135-3559_IMG.JPG
2003.04.06 20:33 B D:\www\EthanShow\2003\03\135-3559_IMGt.JPG --> ftp.ethanshow.com /d:/html/users/ethanshowcom/html/2003/03 135-3559_IMGt.JPG
2003.04.06 20:33 B D:\www\EthanShow\2003\03\135-3564_IMG.JPG --> ftp.ethanshow.com /d:/html/users/ethanshowcom/html/2003/03 135-3564_IMG.JPG
2003.04.06 20:33 B D:\www\EthanShow\2003\03\135-3564_IMGt.JPG --> ftp.ethanshow.com /d:/html/users/ethanshowcom/html/2003/03 135-3564_IMGt.JPG
2003.04.06 20:33 B D:\www\EthanShow\2003\03\135-3566_IMG.JPG --> ftp.ethanshow.com /d:/html/users/ethanshowcom/html/2003/03 135-3566_IMG.JPG
2003.04.06 20:33 B D:\www\EthanShow\2003\03\135-3566_IMGt.JPG --> ftp.ethanshow.com /d:/html/users/ethanshowcom/html/2003/03 135-3566_IMGt.JPG
2003.04.06 20:33 B D:\www\EthanShow\2003\03\135-3571_IMG.JPG --> ftp.ethanshow.com /d:/html/users/ethanshowcom/html/2003/03 135-3571_IMG.JPG
2003.04.06 20:33 B D:\www\EthanShow\2003\03\135-3571_IMGt.JPG --> ftp.ethanshow.com /d:/html/users/ethanshowcom/html/2003/03 135-3571_IMGt.JPG
2003.04.06 20:33 B D:\www\EthanShow\2003\03\135-3573_IMG.JPG --> ftp.ethanshow.com /d:/html/users/ethanshowcom/html/2003/03 135-3573_IMG.JPG
2003.04.06 20:33 B D:\www\EthanShow\2003\03\135-3573_IMGt.JPG --> ftp.ethanshow.com /d:/html/users/ethanshowcom/html/2003/03 135-3573_IMGt.JPG
2003.04.06 20:34 B D:\www\EthanShow\2003\03\135-3574_IMG.JPG --> ftp.ethanshow.com /d:/html/users/ethanshowcom/html/2003/03 135-3574_IMG.JPG
2003.04.06 20:34 B D:\www\EthanShow\2003\03\135-3574_IMGt.JPG --> ftp.ethanshow.com /d:/html/users/ethanshowcom/html/2003/03 135-3574_IMGt.JPG
2003.04.06 20:34 B D:\www\EthanShow\2003\03\135-3583_IMG.JPG --> ftp.ethanshow.com /d:/html/users/ethanshowcom/html/2003/03 135-3583_IMG.JPG
2003.04.06 20:34 B D:\www\EthanShow\2003\03\135-3583_IMGt.JPG --> ftp.ethanshow.com /d:/html/users/ethanshowcom/html/2003/03 135-3583_IMGt.JPG
2003.04.06 20:34 B D:\www\EthanShow\2003\03\135-3585_IMG.JPG --> ftp.ethanshow.com /d:/html/users/ethanshowcom/html/2003/03 135-3585_IMG.JPG
2003.04.06 20:34 B D:\www\EthanShow\2003\03\135-3585_IMGt.JPG --> ftp.ethanshow.com /d:/html/users/ethanshowcom/html/2003/03 135-3585_IMGt.JPG
2003.04.06 20:34 B D:\www\EthanShow\2003\03\135-3586_IMG.JPG --> ftp.ethanshow.com /d:/html/users/ethanshowcom/html/2003/03 135-3586_IMG.JPG
2003.04.06 20:34 B D:\www\EthanShow\2003\03\135-3586_IMGt.JPG --> ftp.ethanshow.com /d:/html/users/ethanshowcom/html/2003/03 135-3586_IMGt.JPG
2003.04.06 20:34 B D:\www\EthanShow\2003\03\135-3587_IMG.JPG --> ftp.ethanshow.com /d:/html/users/ethanshowcom/html/2003/03 135-3587_IMG.JPG
2003.04.06 20:34 B D:\www\EthanShow\2003\03\135-3587_IMGt.JPG --> ftp.ethanshow.com /d:/html/users/ethanshowcom/html/2003/03 135-3587_IMGt.JPG
2003.04.06 20:35 B D:\www\EthanShow\2003\03\135-3590_IMG.JPG --> ftp.ethanshow.com /d:/html/users/ethanshowcom/html/2003/03 135-3590_IMG.JPG
2003.04.06 20:35 B D:\www\EthanShow\2003\03\135-3590_IMGt.JPG --> ftp.ethanshow.com /d:/html/users/ethanshowcom/html/2003/03 135-3590_IMGt.JPG
2003.04.06 20:35 B D:\www\EthanShow\2003\03\135-3591_IMG.JPG --> ftp.ethanshow.com /d:/html/users/ethanshowcom/html/2003/03 135-3591_IMG.JPG
2003.04.06 20:35 B D:\www\EthanShow\2003\03\135-3591_IMGt.JPG --> ftp.ethanshow.com /d:/html/users/ethanshowcom/html/2003/03 135-3591_IMGt.JPG
2003.04.06 20:35 B D:\www\EthanShow\2003\03\135-3594_IMG.JPG --> ftp.ethanshow.com /d:/html/users/ethanshowcom/html/2003/03 135-3594_IMG.JPG
2003.04.06 20:35 B D:\www\EthanShow\2003\03\135-3594_IMGt.JPG --> ftp.ethanshow.com /d:/html/users/ethanshowcom/html/2003/03 135-3594_IMGt.JPG
2003.04.06 20:35 B D:\www\EthanShow\2003\03\135-3595_IMG.JPG --> ftp.ethanshow.com /d:/html/users/ethanshowcom/html/2003/03 135-3595_IMG.JPG
2003.04.06 20:35 B D:\www\EthanShow\2003\03\135-3595_IMGt.JPG --> ftp.ethanshow.com /d:/html/users/ethanshowcom/html/2003/03 135-3595_IMGt.JPG
2003.04.06 20:35 B D:\www\EthanShow\2003\03\135-3599_IMG.JPG --> ftp.ethanshow.com /d:/html/users/ethanshowcom/html/2003/03 135-3599_IMG.JPG
2003.04.06 20:35 B D:\www\EthanShow\2003\03\135-3599_IMGt.JPG --> ftp.ethanshow.com /d:/html/users/ethanshowcom/html/2003/03 135-3599_IMGt.JPG
2003.04.06 20:35 B D:\www\EthanShow\2003\03\136-3603_IMG.JPG --> ftp.ethanshow.com /d:/html/users/ethanshowcom/html/2003/03 136-3603_IMG.JPG
2003.04.06 20:35 B D:\www\EthanShow\2003\03\136-3603_IMGt.JPG --> ftp.ethanshow.com /d:/html/users/ethanshowcom/html/2003/03 136-3603_IMGt.JPG
2003.04.06 20:36 B D:\www\EthanShow\2003\03\136-3606_IMG.JPG --> ftp.ethanshow.com /d:/html/users/ethanshowcom/html/2003/03 136-3606_IMG.JPG
2003.04.06 20:36 B D:\www\EthanShow\2003\03\136-3606_IMGt.JPG --> ftp.ethanshow.com /d:/html/users/ethanshowcom/html/2003/03 136-3606_IMGt.JPG
2003.04.06 20:36 B D:\www\EthanShow\2003\03\136-3609_IMG.JPG --> ftp.ethanshow.com /d:/html/users/ethanshowcom/html/2003/03 136-3609_IMG.JPG
2003.04.06 20:36 B D:\www\EthanShow\2003\03\136-3609_IMGt.JPG --> ftp.ethanshow.com /d:/html/users/ethanshowcom/html/2003/03 136-3609_IMGt.JPG
2003.04.06 20:36 B D:\www\EthanShow\2003\03\136-3611_IMG.JPG --> ftp.ethanshow.com /d:/html/users/ethanshowcom/html/2003/03 136-3611_IMG.JPG
2003.04.06 20:36 B D:\www\EthanShow\2003\03\136-3611_IMGt.JPG --> ftp.ethanshow.com /d:/html/users/ethanshowcom/html/2003/03 136-3611_IMGt.JPG
2003.04.06 20:36 B D:\www\EthanShow\2003\03\136-3631_IMG.JPG --> ftp.ethanshow.com /d:/html/users/ethanshowcom/html/2003/03 136-3631_IMG.JPG
2003.04.06 20:36 B D:\www\EthanShow\2003\03\136-3631_IMGt.JPG --> ftp.ethanshow.com /d:/html/users/ethanshowcom/html/2003/03 136-3631_IMGt.JPG
2003.04.06 20:36 B D:\www\EthanShow\2003\03\136-3633_IMG.JPG --> ftp.ethanshow.com /d:/html/users/ethanshowcom/html/2003/03 136-3633_IMG.JPG
2003.04.06 20:36 B D:\www\EthanShow\2003\03\136-3633_IMGt.JPG --> ftp.ethanshow.com /d:/html/users/ethanshowcom/html/2003/03 136-3633_IMGt.JPG
2003.04.06 20:36 B D:\www\EthanShow\2003\03\136-3644_IMG.JPG --> ftp.ethanshow.com /d:/html/users/ethanshowcom/html/2003/03 136-3644_IMG.JPG
2003.04.06 20:36 B D:\www\EthanShow\2003\03\136-3644_IMGt.JPG --> ftp.ethanshow.com /d:/html/users/ethanshowcom/html/2003/03 136-3644_IMGt.JPG
2003.04.06 20:36 B D:\www\EthanShow\2003\03\136-3651_IMG.JPG --> ftp.ethanshow.com /d:/html/users/ethanshowcom/html/2003/03 136-3651_IMG.JPG
2003.04.06 20:36 B D:\www\EthanShow\2003\03\136-3651_IMGt.JPG --> ftp.ethanshow.com /d:/html/users/ethanshowcom/html/2003/03 136-3651_IMGt.JPG
2003.04.06 20:37 B D:\www\EthanShow\2003\03\136-3655_IMG.JPG --> ftp.ethanshow.com /d:/html/users/ethanshowcom/html/2003/03 136-3655_IMG.JPG
2003.04.06 20:37 B D:\www\EthanShow\2003\03\136-3655_IMGt.JPG --> ftp.ethanshow.com /d:/html/users/ethanshowcom/html/2003/03 136-3655_IMGt.JPG
2003.04.06 20:37 B D:\www\EthanShow\2003\03\136-3659_IMG.JPG --> ftp.ethanshow.com /d:/html/users/ethanshowcom/html/2003/03 136-3659_IMG.JPG
2003.04.06 20:37 B D:\www\EthanShow\2003\03\136-3659_IMGt.JPG --> ftp.ethanshow.com /d:/html/users/ethanshowcom/html/2003/03 136-3659_IMGt.JPG
2003.04.06 20:37 B D:\www\EthanShow\2003\03\136-3668_IMG.JPG --> ftp.ethanshow.com /d:/html/users/ethanshowcom/html/2003/03 136-3668_IMG.JPG
2003.04.06 20:37 B D:\www\EthanShow\2003\03\136-3668_IMGt.JPG --> ftp.ethanshow.com /d:/html/users/ethanshowcom/html/2003/03 136-3668_IMGt.JPG
2003.04.06 20:37 B D:\www\EthanShow\2003\03\136-3669_IMG.JPG --> ftp.ethanshow.com /d:/html/users/ethanshowcom/html/2003/03 136-3669_IMG.JPG
2003.04.06 20:37 B D:\www\EthanShow\2003\03\136-3669_IMGt.JPG --> ftp.ethanshow.com /d:/html/users/ethanshowcom/html/2003/03 136-3669_IMGt.JPG
2003.04.06 20:37 B D:\www\EthanShow\2003\03\136-3671_IMG.JPG --> ftp.ethanshow.com /d:/html/users/ethanshowcom/html/2003/03 136-3671_IMG.JPG
2003.04.06 20:37 B D:\www\EthanShow\2003\03\136-3671_IMGt.JPG --> ftp.ethanshow.com /d:/html/users/ethanshowcom/html/2003/03 136-3671_IMGt.JPG
2003.04.06 20:37 B D:\www\EthanShow\2003\03\136-3673_IMG.JPG --> ftp.ethanshow.com /d:/html/users/ethanshowcom/html/2003/03 136-3673_IMG.JPG
2003.04.06 20:37 B D:\www\EthanShow\2003\03\136-3673_IMGt.JPG --> ftp.ethanshow.com /d:/html/users/ethanshowcom/html/2003/03 136-3673_IMGt.JPG
2003.04.06 20:38 B D:\www\EthanShow\2003\03\136-3675_IMG.JPG --> ftp.ethanshow.com /d:/html/users/ethanshowcom/html/2003/03 136-3675_IMG.JPG
2003.04.06 20:38 B D:\www\EthanShow\2003\03\136-3675_IMGt.JPG --> ftp.ethanshow.com /d:/html/users/ethanshowcom/html/2003/03 136-3675_IMGt.JPG
2003.04.06 20:38 B D:\www\EthanShow\2003\03\136-3676_IMG.JPG --> ftp.ethanshow.com /d:/html/users/ethanshowcom/html/2003/03 136-3676_IMG.JPG
2003.04.06 20:38 B D:\www\EthanShow\2003\03\136-3676_IMGt.JPG --> ftp.ethanshow.com /d:/html/users/ethanshowcom/html/2003/03 136-3676_IMGt.JPG
2003.04.06 20:38 B D:\www\EthanShow\2003\03\136-3683_IMG.JPG --> ftp.ethanshow.com /d:/html/users/ethanshowcom/html/2003/03 136-3683_IMG.JPG
2003.04.06 20:38 B D:\www\EthanShow\2003\03\136-3683_IMGt.JPG --> ftp.ethanshow.com /d:/html/users/ethanshowcom/html/2003/03 136-3683_IMGt.JPG
2003.04.06 20:38 B D:\www\EthanShow\2003\03\136-3690_IMG.JPG --> ftp.ethanshow.com /d:/html/users/ethanshowcom/html/2003/03 136-3690_IMG.JPG
2003.04.06 20:38 B D:\www\EthanShow\2003\03\136-3690_IMGt.JPG --> ftp.ethanshow.com /d:/html/users/ethanshowcom/html/2003/03 136-3690_IMGt.JPG
2003.04.06 20:38 B D:\www\EthanShow\2003\03\136-3693_IMG.JPG --> ftp.ethanshow.com /d:/html/users/ethanshowcom/html/2003/03 136-3693_IMG.JPG
2003.04.06 20:38 B D:\www\EthanShow\2003\03\136-3693_IMGt.JPG --> ftp.ethanshow.com /d:/html/users/ethanshowcom/html/2003/03 136-3693_IMGt.JPG
2003.04.06 20:47 A D:\www\EthanShow\2003\03\nav.htm --> ftp.ethanshow.com /d:/html/users/ethanshowcom/html/2003/03 nav.htm
2003.04.06 20:47 A D:\www\EthanShow\2003\03\mar31a.htm --> ftp.ethanshow.com /d:/html/users/ethanshowcom/html/2003/03 mar31a.htm
2003.04.06 20:47 A D:\www\EthanShow\2003\03\mar31.htm --> ftp.ethanshow.com /d:/html/users/ethanshowcom/html/2003/03 mar31.htm
2003.04.06 20:47 A D:\www\EthanShow\2003\03\mar30a.htm --> ftp.ethanshow.com /d:/html/users/ethanshowcom/html/2003/03 mar30a.htm
2003.04.06 20:47 A D:\www\EthanShow\2003\03\mar30.htm --> ftp.ethanshow.com /d:/html/users/ethanshowcom/html/2003/03 mar30.htm
2003.04.06 20:47 A D:\www\EthanShow\2003\03\mar29a.htm --> ftp.ethanshow.com /d:/html/users/ethanshowcom/html/2003/03 mar29a.htm
2003.04.06 20:47 A D:\www\EthanShow\2003\03\mar29.htm --> ftp.ethanshow.com /d:/html/users/ethanshowcom/html/2003/03 mar29.htm
2003.04.06 20:47 A D:\www\EthanShow\2003\03\mar28a.htm --> ftp.ethanshow.com /d:/html/users/ethanshowcom/html/2003/03 mar28a.htm
2003.04.06 20:47 A D:\www\EthanShow\2003\03\mar28.htm --> ftp.ethanshow.com /d:/html/users/ethanshowcom/html/2003/03 mar28.htm
2003.04.06 20:47 A D:\www\EthanShow\2003\03\mar27a.htm --> ftp.ethanshow.com /d:/html/users/ethanshowcom/html/2003/03 mar27a.htm
2003.04.06 20:47 A D:\www\EthanShow\2003\03\mar27.htm --> ftp.ethanshow.com /d:/html/users/ethanshowcom/html/2003/03 mar27.htm
2003.04.06 20:47 A D:\www\EthanShow\2003\03\mar26a.htm --> ftp.ethanshow.com /d:/html/users/ethanshowcom/html/2003/03 mar26a.htm
2003.04.06 20:47 A D:\www\EthanShow\2003\03\mar26.htm --> ftp.ethanshow.com /d:/html/users/ethanshowcom/html/2003/03 mar26.htm
2003.04.06 20:47 A D:\www\EthanShow\2003\03\mar24a.htm --> ftp.ethanshow.com /d:/html/users/ethanshowcom/html/2003/03 mar24a.htm
2003.04.06 20:47 A D:\www\EthanShow\2003\03\mar24.htm --> ftp.ethanshow.com /d:/html/users/ethanshowcom/html/2003/03 mar24.htm
2003.04.06 20:47 A D:\www\EthanShow\2003\03\mar23a.htm --> ftp.ethanshow.com /d:/html/users/ethanshowcom/html/2003/03 mar23a.htm
2003.04.06 20:47 A D:\www\EthanShow\2003\03\mar23.htm --> ftp.ethanshow.com /d:/html/users/ethanshowcom/html/2003/03 mar23.htm
2003.04.06 20:47 A D:\www\EthanShow\2003\03\mar22a.htm --> ftp.ethanshow.com /d:/html/users/ethanshowcom/html/2003/03 mar22a.htm
2003.04.06 20:47 A D:\www\EthanShow\2003\03\mar22.htm --> ftp.ethanshow.com /d:/html/users/ethanshowcom/html/2003/03 mar22.htm
2003.04.06 20:47 A D:\www\EthanShow\2003\03\mar21a.htm --> ftp.ethanshow.com /d:/html/users/ethanshowcom/html/2003/03 mar21a.htm
2003.04.06 20:47 A D:\www\EthanShow\2003\03\mar21.htm --> ftp.ethanshow.com /d:/html/users/ethanshowcom/html/2003/03 mar21.htm
2003.04.06 20:47 A D:\www\EthanShow\2003\03\mar16a.htm --> ftp.ethanshow.com /d:/html/users/ethanshowcom/html/2003/03 mar16a.htm
2003.04.06 20:47 A D:\www\EthanShow\2003\03\mar16.htm --> ftp.ethanshow.com /d:/html/users/ethanshowcom/html/2003/03 mar16.htm
2003.04.06 20:47 A D:\www\EthanShow\2003\03\mar15a.htm --> ftp.ethanshow.com /d:/html/users/ethanshowcom/html/2003/03 mar15a.htm
2003.04.06 20:47 A D:\www\EthanShow\2003\03\mar15.htm --> ftp.ethanshow.com /d:/html/users/ethanshowcom/html/2003/03 mar15.htm
2003.04.06 20:47 A D:\www\EthanShow\2003\03\mar10a.htm --> ftp.ethanshow.com /d:/html/users/ethanshowcom/html/2003/03 mar10a.htm
2003.04.06 20:47 A D:\www\EthanShow\2003\03\mar10.htm --> ftp.ethanshow.com /d:/html/users/ethanshowcom/html/2003/03 mar10.htm
2003.04.06 20:47 A D:\www\EthanShow\2003\03\mar08a.htm --> ftp.ethanshow.com /d:/html/users/ethanshowcom/html/2003/03 mar08a.htm
2003.04.06 20:47 A D:\www\EthanShow\2003\03\mar08.htm --> ftp.ethanshow.com /d:/html/users/ethanshowcom/html/2003/03 mar08.htm
2003.04.06 20:47 A D:\www\EthanShow\2003\03\mar07a.htm --> ftp.ethanshow.com /d:/html/users/ethanshowcom/html/2003/03 mar07a.htm
2003.04.06 20:47 A D:\www\EthanShow\2003\03\mar07.htm --> ftp.ethanshow.com /d:/html/users/ethanshowcom/html/2003/03 mar07.htm
2003.04.06 20:47 A D:\www\EthanShow\2003\03\mar02a.htm --> ftp.ethanshow.com /d:/html/users/ethanshowcom/html/2003/03 mar02a.htm
2003.04.06 20:47 A D:\www\EthanShow\2003\03\mar02.htm --> ftp.ethanshow.com /d:/html/users/ethanshowcom/html/2003/03 mar02.htm
2003.04.06 20:47 A D:\www\EthanShow\2003\03\mar01a.htm --> ftp.ethanshow.com /d:/html/users/ethanshowcom/html/2003/03 mar01a.htm
2003.04.06 20:47 A D:\www\EthanShow\2003\03\mar01.htm --> ftp.ethanshow.com /d:/html/users/ethanshowcom/html/2003/03 mar01.htm
2003.04.06 20:47 A D:\www\EthanShow\2003\03\days.htm --> ftp.ethanshow.com /d:/html/users/ethanshowcom/html/2003/03 days.htm
2003.04.06 20:49 B D:\www\EthanShow\2003\03\136-3693_IMG.JPG --> ftp.ethanshow.com /d:/html/users/ethanshowcom/html/2003/03 136-3693_IMG.JPG
2003.04.06 20:49 B D:\www\EthanShow\2003\03\136-3693_IMGt.JPG --> ftp.ethanshow.com /d:/html/users/ethanshowcom/html/2003/03 136-3693_IMGt.JPG
2003.04.06 20:49 B D:\www\EthanShow\2003\03\136-3696_IMG.JPG --> ftp.ethanshow.com /d:/html/users/ethanshowcom/html/2003/03 136-3696_IMG.JPG
2003.04.06 20:49 B D:\www\EthanShow\2003\03\136-3696_IMGt.JPG --> ftp.ethanshow.com /d:/html/users/ethanshowcom/html/2003/03 136-3696_IMGt.JPG
2003.04.06 20:49 B D:\www\EthanShow\2003\03\136-3697_IMG.JPG --> ftp.ethanshow.com /d:/html/users/ethanshowcom/html/2003/03 136-3697_IMG.JPG
2003.04.06 20:49 B D:\www\EthanShow\2003\03\136-3697_IMGt.JPG --> ftp.ethanshow.com /d:/html/users/ethanshowcom/html/2003/03 136-3697_IMGt.JPG
2003.04.06 20:49 B D:\www\EthanShow\2003\03\136-3698_IMG.JPG --> ftp.ethanshow.com /d:/html/users/ethanshowcom/html/2003/03 136-3698_IMG.JPG
2003.04.06 20:49 B D:\www\EthanShow\2003\03\136-3698_IMGt.JPG --> ftp.ethanshow.com /d:/html/users/ethanshowcom/html/2003/03 136-3698_IMGt.JPG
2003.04.06 20:49 B D:\www\EthanShow\2003\03\136-3699_IMG.JPG --> ftp.ethanshow.com /d:/html/users/ethanshowcom/html/2003/03 136-3699_IMG.JPG
2003.04.06 20:49 B D:\www\EthanShow\2003\03\136-3699_IMGt.JPG --> ftp.ethanshow.com /d:/html/users/ethanshowcom/html/2003/03 136-3699_IMGt.JPG
2003.04.06 20:49 B D:\www\EthanShow\2003\03\137-3706_IMG.JPG --> ftp.ethanshow.com /d:/html/users/ethanshowcom/html/2003/03 137-3706_IMG.JPG
2003.04.06 20:49 B D:\www\EthanShow\2003\03\137-3706_IMGt.JPG --> ftp.ethanshow.com /d:/html/users/ethanshowcom/html/2003/03 137-3706_IMGt.JPG
2003.04.06 21:17 B D:\www\EthanShow\2003\03\137-3751_IMG.JPG --> ftp.ethanshow.com /d:/html/users/ethanshowcom/html/2003/03 137-3751_IMG.JPG
2003.04.06 21:17 B D:\www\EthanShow\2003\03\137-3751_IMGt.JPG --> ftp.ethanshow.com /d:/html/users/ethanshowcom/html/2003/03 137-3751_IMGt.JPG
2003.04.06 21:18 B D:\www\EthanShow\2003\03\137-3753_IMG.JPG --> ftp.ethanshow.com /d:/html/users/ethanshowcom/html/2003/03 137-3753_IMG.JPG
2003.04.06 21:18 B D:\www\EthanShow\2003\03\137-3753_IMGt.JPG --> ftp.ethanshow.com /d:/html/users/ethanshowcom/html/2003/03 137-3753_IMGt.JPG
2003.04.06 21:18 B D:\www\EthanShow\2003\03\137-3768_IMG.JPG --> ftp.ethanshow.com /d:/html/users/ethanshowcom/html/2003/03 137-3768_IMG.JPG
2003.04.06 21:18 B D:\www\EthanShow\2003\03\137-3768_IMGt.JPG --> ftp.ethanshow.com /d:/html/users/ethanshowcom/html/2003/03 137-3768_IMGt.JPG
2003.04.06 21:18 B D:\www\EthanShow\2003\03\137-3771_IMG.JPG --> ftp.ethanshow.com /d:/html/users/ethanshowcom/html/2003/03 137-3771_IMG.JPG
2003.04.06 21:18 B D:\www\EthanShow\2003\03\137-3771_IMGt.JPG --> ftp.ethanshow.com /d:/html/users/ethanshowcom/html/2003/03 137-3771_IMGt.JPG
2003.04.06 21:18 B D:\www\EthanShow\2003\03\137-3787_IMG.JPG --> ftp.ethanshow.com /d:/html/users/ethanshowcom/html/2003/03 137-3787_IMG.JPG
2003.04.06 21:18 B D:\www\EthanShow\2003\03\137-3787_IMGt.JPG --> ftp.ethanshow.com /d:/html/users/ethanshowcom/html/2003/03 137-3787_IMGt.JPG
2003.04.06 21:18 B D:\www\EthanShow\2003\03\137-3791_IMG.JPG --> ftp.ethanshow.com /d:/html/users/ethanshowcom/html/2003/03 137-3791_IMG.JPG
2003.04.06 21:18 B D:\www\EthanShow\2003\03\137-3791_IMGt.JPG --> ftp.ethanshow.com /d:/html/users/ethanshowcom/html/2003/03 137-3791_IMGt.JPG
2003.04.06 21:18 B D:\www\EthanShow\2003\03\137-3792_IMG.JPG --> ftp.ethanshow.com /d:/html/users/ethanshowcom/html/2003/03 137-3792_IMG.JPG
2003.04.06 21:18 B D:\www\EthanShow\2003\03\137-3792_IMGt.JPG --> ftp.ethanshow.com /d:/html/users/ethanshowcom/html/2003/03 137-3792_IMGt.JPG
2003.04.06 21:18 B D:\www\EthanShow\2003\03\137-3793_IMG.JPG --> ftp.ethanshow.com /d:/html/users/ethanshowcom/html/2003/03 137-3793_IMG.JPG
2003.04.06 21:18 B D:\www\EthanShow\2003\03\137-3793_IMGt.JPG --> ftp.ethanshow.com /d:/html/users/ethanshowcom/html/2003/03 137-3793_IMGt.JPG
2003.04.06 21:19 B D:\www\EthanShow\2003\03\137-3797_IMG.JPG --> ftp.ethanshow.com /d:/html/users/ethanshowcom/html/2003/03 137-3797_IMG.JPG
2003.04.06 21:19 B D:\www\EthanShow\2003\03\137-3797_IMGt.JPG --> ftp.ethanshow.com /d:/html/users/ethanshowcom/html/2003/03 137-3797_IMGt.JPG
2003.04.06 21:19 B D:\www\EthanShow\2003\03\137-3799_IMG.JPG --> ftp.ethanshow.com /d:/html/users/ethanshowcom/html/2003/03 137-3799_IMG.JPG
2003.04.06 21:19 B D:\www\EthanShow\2003\03\137-3799_IMGt.JPG --> ftp.ethanshow.com /d:/html/users/ethanshowcom/html/2003/03 137-3799_IMGt.JPG
2003.04.06 21:19 B D:\www\EthanShow\2003\03\138-3801_IMG.JPG --> ftp.ethanshow.com /d:/html/users/ethanshowcom/html/2003/03 138-3801_IMG.JPG
2003.04.06 21:19 B D:\www\EthanShow\2003\03\138-3801_IMGt.JPG --> ftp.ethanshow.com /d:/html/users/ethanshowcom/html/2003/03 138-3801_IMGt.JPG
2003.04.06 21:20 B D:\www\EthanShow\2003\03\138-3803_IMG.JPG --> ftp.ethanshow.com /d:/html/users/ethanshowcom/html/2003/03 138-3803_IMG.JPG
2003.04.06 21:20 B D:\www\EthanShow\2003\03\138-3803_IMGt.JPG --> ftp.ethanshow.com /d:/html/users/ethanshowcom/html/2003/03 138-3803_IMGt.JPG
2003.04.06 21:20 B D:\www\EthanShow\2003\03\138-3809_IMG.JPG --> ftp.ethanshow.com /d:/html/users/ethanshowcom/html/2003/03 138-3809_IMG.JPG
2003.04.06 21:20 B D:\www\EthanShow\2003\03\138-3809_IMGt.JPG --> ftp.ethanshow.com /d:/html/users/ethanshowcom/html/2003/03 138-3809_IMGt.JPG
2003.04.06 21:20 B D:\www\EthanShow\2003\03\138-3810_IMG.JPG --> ftp.ethanshow.com /d:/html/users/ethanshowcom/html/2003/03 138-3810_IMG.JPG
2003.04.06 21:20 B D:\www\EthanShow\2003\03\138-3810_IMGt.JPG --> ftp.ethanshow.com /d:/html/users/ethanshowcom/html/2003/03 138-3810_IMGt.JPG
2003.04.06 21:20 B D:\www\EthanShow\2003\03\138-3819_IMG.JPG --> ftp.ethanshow.com /d:/html/users/ethanshowcom/html/2003/03 138-3819_IMG.JPG
2003.04.06 21:20 B D:\www\EthanShow\2003\03\138-3819_IMGt.JPG --> ftp.ethanshow.com /d:/html/users/ethanshowcom/html/2003/03 138-3819_IMGt.JPG
2003.04.06 21:21 B D:\www\EthanShow\2003\03\138-3820_IMG.JPG --> ftp.ethanshow.com /d:/html/users/ethanshowcom/html/2003/03 138-3820_IMG.JPG
2003.04.06 21:21 B D:\www\EthanShow\2003\03\138-3820_IMGt.JPG --> ftp.ethanshow.com /d:/html/users/ethanshowcom/html/2003/03 138-3820_IMGt.JPG
2003.04.06 21:21 B D:\www\EthanShow\2003\03\138-3822_IMG.JPG --> ftp.ethanshow.com /d:/html/users/ethanshowcom/html/2003/03 138-3822_IMG.JPG
2003.04.06 21:21 B D:\www\EthanShow\2003\03\138-3822_IMGt.JPG --> ftp.ethanshow.com /d:/html/users/ethanshowcom/html/2003/03 138-3822_IMGt.JPG
2003.04.06 21:21 B D:\www\EthanShow\2003\03\138-3829_IMG.JPG --> ftp.ethanshow.com /d:/html/users/ethanshowcom/html/2003/03 138-3829_IMG.JPG
2003.04.06 21:21 B D:\www\EthanShow\2003\03\138-3829_IMGt.JPG --> ftp.ethanshow.com /d:/html/users/ethanshowcom/html/2003/03 138-3829_IMGt.JPG
2003.04.20 20:15 A D:\www\EthanShow\2003\03\mar31.htm --> ftp.ethanshow.com /d:/html/users/ethanshowcom/html/2003/03 mar31.htm
2003.04.20 20:15 A D:\www\EthanShow\2003\03\mar30.htm --> ftp.ethanshow.com /d:/html/users/ethanshowcom/html/2003/03 mar30.htm
2003.04.20 20:15 A D:\www\EthanShow\2003\03\mar29.htm --> ftp.ethanshow.com /d:/html/users/ethanshowcom/html/2003/03 mar29.htm
2003.04.20 20:15 A D:\www\EthanShow\2003\03\mar28.htm --> ftp.ethanshow.com /d:/html/users/ethanshowcom/html/2003/03 mar28.htm
2003.04.20 20:15 A D:\www\EthanShow\2003\03\mar27.htm --> ftp.ethanshow.com /d:/html/users/ethanshowcom/html/2003/03 mar27.htm
2003.04.20 20:15 A D:\www\EthanShow\2003\03\mar26.htm --> ftp.ethanshow.com /d:/html/users/ethanshowcom/html/2003/03 mar26.htm
2003.04.20 20:15 A D:\www\EthanShow\2003\03\mar24.htm --> ftp.ethanshow.com /d:/html/users/ethanshowcom/html/2003/03 mar24.htm
2003.04.20 20:15 A D:\www\EthanShow\2003\03\mar23.htm --> ftp.ethanshow.com /d:/html/users/ethanshowcom/html/2003/03 mar23.htm
2003.04.20 20:15 A D:\www\EthanShow\2003\03\mar22.htm --> ftp.ethanshow.com /d:/html/users/ethanshowcom/html/2003/03 mar22.htm
2003.04.20 20:15 A D:\www\EthanShow\2003\03\mar21.htm --> ftp.ethanshow.com /d:/html/users/ethanshowcom/html/2003/03 mar21.htm
2003.04.20 20:15 A D:\www\EthanShow\2003\03\mar16.htm --> ftp.ethanshow.com /d:/html/users/ethanshowcom/html/2003/03 mar16.htm
2003.04.20 20:15 A D:\www\EthanShow\2003\03\mar15.htm --> ftp.ethanshow.com /d:/html/users/ethanshowcom/html/2003/03 mar15.htm
2003.04.20 20:15 A D:\www\EthanShow\2003\03\mar10.htm --> ftp.ethanshow.com /d:/html/users/ethanshowcom/html/2003/03 mar10.htm
2003.04.20 20:15 A D:\www\EthanShow\2003\03\mar08.htm --> ftp.ethanshow.com /d:/html/users/ethanshowcom/html/2003/03 mar08.htm
2003.04.20 20:15 A D:\www\EthanShow\2003\03\mar07.htm --> ftp.ethanshow.com /d:/html/users/ethanshowcom/html/2003/03 mar07.htm
2003.04.20 20:15 A D:\www\EthanShow\2003\03\mar02.htm --> ftp.ethanshow.com /d:/html/users/ethanshowcom/html/2003/03 mar02.htm
2003.04.20 20:15 A D:\www\EthanShow\2003\03\mar01.htm --> ftp.ethanshow.com /d:/html/users/ethanshowcom/html/2003/03 mar01.htm
