2001.07.02 23:57 B E:\www\EthanShow\2001\06\crib.htm --> ftp.ethanshow.com /d:/html/users/ethanshowcom/html/2001/06 crib.htm
2001.07.02 23:57 B E:\www\EthanShow\2001\06\criba.htm --> ftp.ethanshow.com /d:/html/users/ethanshowcom/html/2001/06 criba.htm
2001.07.02 23:57 B E:\www\EthanShow\2001\06\days.htm --> ftp.ethanshow.com /d:/html/users/ethanshowcom/html/2001/06 days.htm
2001.07.02 23:57 B E:\www\EthanShow\2001\06\jun01.htm --> ftp.ethanshow.com /d:/html/users/ethanshowcom/html/2001/06 jun01.htm
2001.07.02 23:57 B E:\www\EthanShow\2001\06\jun01a.htm --> ftp.ethanshow.com /d:/html/users/ethanshowcom/html/2001/06 jun01a.htm
2001.07.02 23:57 B E:\www\EthanShow\2001\06\jun03.htm --> ftp.ethanshow.com /d:/html/users/ethanshowcom/html/2001/06 jun03.htm
2001.07.02 23:57 B E:\www\EthanShow\2001\06\jun03a.htm --> ftp.ethanshow.com /d:/html/users/ethanshowcom/html/2001/06 jun03a.htm
2001.07.02 23:57 B E:\www\EthanShow\2001\06\jun04.htm --> ftp.ethanshow.com /d:/html/users/ethanshowcom/html/2001/06 jun04.htm
2001.07.02 23:57 B E:\www\EthanShow\2001\06\jun04a.htm --> ftp.ethanshow.com /d:/html/users/ethanshowcom/html/2001/06 jun04a.htm
2001.07.02 23:57 B E:\www\EthanShow\2001\06\jun08.htm --> ftp.ethanshow.com /d:/html/users/ethanshowcom/html/2001/06 jun08.htm
2001.07.02 23:57 B E:\www\EthanShow\2001\06\jun08a.htm --> ftp.ethanshow.com /d:/html/users/ethanshowcom/html/2001/06 jun08a.htm
2001.07.02 23:57 B E:\www\EthanShow\2001\06\jun09.htm --> ftp.ethanshow.com /d:/html/users/ethanshowcom/html/2001/06 jun09.htm
2001.07.02 23:57 B E:\www\EthanShow\2001\06\jun09a.htm --> ftp.ethanshow.com /d:/html/users/ethanshowcom/html/2001/06 jun09a.htm
2001.07.02 23:57 B E:\www\EthanShow\2001\06\jun10.htm --> ftp.ethanshow.com /d:/html/users/ethanshowcom/html/2001/06 jun10.htm
2001.07.02 23:57 B E:\www\EthanShow\2001\06\jun10a.htm --> ftp.ethanshow.com /d:/html/users/ethanshowcom/html/2001/06 jun10a.htm
2001.07.02 23:57 B E:\www\EthanShow\2001\06\jun13.htm --> ftp.ethanshow.com /d:/html/users/ethanshowcom/html/2001/06 jun13.htm
2001.07.02 23:57 B E:\www\EthanShow\2001\06\jun13a.htm --> ftp.ethanshow.com /d:/html/users/ethanshowcom/html/2001/06 jun13a.htm
2001.07.02 23:57 B E:\www\EthanShow\2001\06\jun15.htm --> ftp.ethanshow.com /d:/html/users/ethanshowcom/html/2001/06 jun15.htm
2001.07.02 23:57 B E:\www\EthanShow\2001\06\jun15a.htm --> ftp.ethanshow.com /d:/html/users/ethanshowcom/html/2001/06 jun15a.htm
2001.07.02 23:57 B E:\www\EthanShow\2001\06\jun16.htm --> ftp.ethanshow.com /d:/html/users/ethanshowcom/html/2001/06 jun16.htm
2001.07.02 23:58 B E:\www\EthanShow\2001\06\jun16a.htm --> ftp.ethanshow.com /d:/html/users/ethanshowcom/html/2001/06 jun16a.htm
2001.07.02 23:58 B E:\www\EthanShow\2001\06\jun17.htm --> ftp.ethanshow.com /d:/html/users/ethanshowcom/html/2001/06 jun17.htm
2001.07.02 23:58 B E:\www\EthanShow\2001\06\jun17a.htm --> ftp.ethanshow.com /d:/html/users/ethanshowcom/html/2001/06 jun17a.htm
2001.07.02 23:58 B E:\www\EthanShow\2001\06\jun18.htm --> ftp.ethanshow.com /d:/html/users/ethanshowcom/html/2001/06 jun18.htm
2001.07.02 23:58 B E:\www\EthanShow\2001\06\jun18a.htm --> ftp.ethanshow.com /d:/html/users/ethanshowcom/html/2001/06 jun18a.htm
2001.07.02 23:58 B E:\www\EthanShow\2001\06\jun19.htm --> ftp.ethanshow.com /d:/html/users/ethanshowcom/html/2001/06 jun19.htm
2001.07.02 23:58 B E:\www\EthanShow\2001\06\jun19a.htm --> ftp.ethanshow.com /d:/html/users/ethanshowcom/html/2001/06 jun19a.htm
2001.07.02 23:58 B E:\www\EthanShow\2001\06\jun21.htm --> ftp.ethanshow.com /d:/html/users/ethanshowcom/html/2001/06 jun21.htm
2001.07.02 23:58 B E:\www\EthanShow\2001\06\jun21a.htm --> ftp.ethanshow.com /d:/html/users/ethanshowcom/html/2001/06 jun21a.htm
2001.07.02 23:58 B E:\www\EthanShow\2001\06\jun22-1.htm --> ftp.ethanshow.com /d:/html/users/ethanshowcom/html/2001/06 jun22-1.htm
2001.07.02 23:58 B E:\www\EthanShow\2001\06\jun22-1a.htm --> ftp.ethanshow.com /d:/html/users/ethanshowcom/html/2001/06 jun22-1a.htm
2001.07.02 23:58 B E:\www\EthanShow\2001\06\jun22-2.htm --> ftp.ethanshow.com /d:/html/users/ethanshowcom/html/2001/06 jun22-2.htm
2001.07.02 23:58 B E:\www\EthanShow\2001\06\jun22-2a.htm --> ftp.ethanshow.com /d:/html/users/ethanshowcom/html/2001/06 jun22-2a.htm
2001.07.02 23:58 B E:\www\EthanShow\2001\06\jun23.htm --> ftp.ethanshow.com /d:/html/users/ethanshowcom/html/2001/06 jun23.htm
2001.07.02 23:58 B E:\www\EthanShow\2001\06\jun23a.htm --> ftp.ethanshow.com /d:/html/users/ethanshowcom/html/2001/06 jun23a.htm
2001.07.02 23:58 B E:\www\EthanShow\2001\06\jun27.htm --> ftp.ethanshow.com /d:/html/users/ethanshowcom/html/2001/06 jun27.htm
2001.07.02 23:58 B E:\www\EthanShow\2001\06\jun27a.htm --> ftp.ethanshow.com /d:/html/users/ethanshowcom/html/2001/06 jun27a.htm
2001.07.02 23:58 B E:\www\EthanShow\2001\06\nav.htm --> ftp.ethanshow.com /d:/html/users/ethanshowcom/html/2001/06 nav.htm
2001.07.02 23:58 B E:\www\EthanShow\2001\06\IMG_0791.JPG --> ftp.ethanshow.com /d:/html/users/ethanshowcom/html/2001/06 IMG_0791.JPG
2001.07.02 23:58 B E:\www\EthanShow\2001\06\IMG_0791t.jpg --> ftp.ethanshow.com /d:/html/users/ethanshowcom/html/2001/06 IMG_0791t.jpg
2001.07.02 23:59 B E:\www\EthanShow\2001\06\IMG_0795.JPG --> ftp.ethanshow.com /d:/html/users/ethanshowcom/html/2001/06 IMG_0795.JPG
2001.07.02 23:59 B E:\www\EthanShow\2001\06\IMG_0795t.jpg --> ftp.ethanshow.com /d:/html/users/ethanshowcom/html/2001/06 IMG_0795t.jpg
2001.07.02 23:59 B E:\www\EthanShow\2001\06\IMG_0796.JPG --> ftp.ethanshow.com /d:/html/users/ethanshowcom/html/2001/06 IMG_0796.JPG
2001.07.02 23:59 B E:\www\EthanShow\2001\06\IMG_0796t.jpg --> ftp.ethanshow.com /d:/html/users/ethanshowcom/html/2001/06 IMG_0796t.jpg
2001.07.02 23:59 B E:\www\EthanShow\2001\06\IMG_0797.JPG --> ftp.ethanshow.com /d:/html/users/ethanshowcom/html/2001/06 IMG_0797.JPG
2001.07.02 23:59 B E:\www\EthanShow\2001\06\IMG_0797t.jpg --> ftp.ethanshow.com /d:/html/users/ethanshowcom/html/2001/06 IMG_0797t.jpg
2001.07.03 00:00 B E:\www\EthanShow\2001\06\IMG_0802.JPG --> ftp.ethanshow.com /d:/html/users/ethanshowcom/html/2001/06 IMG_0802.JPG
2001.07.03 00:00 B E:\www\EthanShow\2001\06\IMG_0802t.jpg --> ftp.ethanshow.com /d:/html/users/ethanshowcom/html/2001/06 IMG_0802t.jpg
2001.07.03 00:00 B E:\www\EthanShow\2001\06\IMG_0803.JPG --> ftp.ethanshow.com /d:/html/users/ethanshowcom/html/2001/06 IMG_0803.JPG
2001.07.03 00:00 B E:\www\EthanShow\2001\06\IMG_0803t.jpg --> ftp.ethanshow.com /d:/html/users/ethanshowcom/html/2001/06 IMG_0803t.jpg
2001.07.03 00:00 B E:\www\EthanShow\2001\06\IMG_0818.JPG --> ftp.ethanshow.com /d:/html/users/ethanshowcom/html/2001/06 IMG_0818.JPG
2001.07.03 00:00 B E:\www\EthanShow\2001\06\IMG_0818t.jpg --> ftp.ethanshow.com /d:/html/users/ethanshowcom/html/2001/06 IMG_0818t.jpg
2001.07.03 00:00 B E:\www\EthanShow\2001\06\IMG_0819.JPG --> ftp.ethanshow.com /d:/html/users/ethanshowcom/html/2001/06 IMG_0819.JPG
2001.07.03 00:00 B E:\www\EthanShow\2001\06\IMG_0819t.jpg --> ftp.ethanshow.com /d:/html/users/ethanshowcom/html/2001/06 IMG_0819t.jpg
2001.07.03 00:00 B E:\www\EthanShow\2001\06\IMG_0820.JPG --> ftp.ethanshow.com /d:/html/users/ethanshowcom/html/2001/06 IMG_0820.JPG
2001.07.03 00:00 B E:\www\EthanShow\2001\06\IMG_0820t.jpg --> ftp.ethanshow.com /d:/html/users/ethanshowcom/html/2001/06 IMG_0820t.jpg
2001.07.03 00:00 B E:\www\EthanShow\2001\06\IMG_0821.JPG --> ftp.ethanshow.com /d:/html/users/ethanshowcom/html/2001/06 IMG_0821.JPG
2001.07.03 00:00 B E:\www\EthanShow\2001\06\IMG_0821t.jpg --> ftp.ethanshow.com /d:/html/users/ethanshowcom/html/2001/06 IMG_0821t.jpg
2001.07.03 00:00 B E:\www\EthanShow\2001\06\IMG_0822.JPG --> ftp.ethanshow.com /d:/html/users/ethanshowcom/html/2001/06 IMG_0822.JPG
2001.07.03 00:00 B E:\www\EthanShow\2001\06\IMG_0822t.jpg --> ftp.ethanshow.com /d:/html/users/ethanshowcom/html/2001/06 IMG_0822t.jpg
2001.07.03 00:01 B E:\www\EthanShow\2001\06\IMG_0823.JPG --> ftp.ethanshow.com /d:/html/users/ethanshowcom/html/2001/06 IMG_0823.JPG
2001.07.03 00:01 B E:\www\EthanShow\2001\06\IMG_0823t.jpg --> ftp.ethanshow.com /d:/html/users/ethanshowcom/html/2001/06 IMG_0823t.jpg
2001.07.03 00:01 B E:\www\EthanShow\2001\06\IMG_0824.JPG --> ftp.ethanshow.com /d:/html/users/ethanshowcom/html/2001/06 IMG_0824.JPG
2001.07.03 00:01 B E:\www\EthanShow\2001\06\IMG_0824t.jpg --> ftp.ethanshow.com /d:/html/users/ethanshowcom/html/2001/06 IMG_0824t.jpg
2001.07.03 00:01 B E:\www\EthanShow\2001\06\IMG_0825.JPG --> ftp.ethanshow.com /d:/html/users/ethanshowcom/html/2001/06 IMG_0825.JPG
2001.07.03 00:01 B E:\www\EthanShow\2001\06\IMG_0825t.jpg --> ftp.ethanshow.com /d:/html/users/ethanshowcom/html/2001/06 IMG_0825t.jpg
2001.07.03 00:01 B E:\www\EthanShow\2001\06\IMG_0865.JPG --> ftp.ethanshow.com /d:/html/users/ethanshowcom/html/2001/06 IMG_0865.JPG
2001.07.03 00:01 B E:\www\EthanShow\2001\06\IMG_0865t.jpg --> ftp.ethanshow.com /d:/html/users/ethanshowcom/html/2001/06 IMG_0865t.jpg
2001.07.03 00:01 B E:\www\EthanShow\2001\06\IMG_0867.JPG --> ftp.ethanshow.com /d:/html/users/ethanshowcom/html/2001/06 IMG_0867.JPG
2001.07.03 00:01 B E:\www\EthanShow\2001\06\IMG_0867t.jpg --> ftp.ethanshow.com /d:/html/users/ethanshowcom/html/2001/06 IMG_0867t.jpg
2001.07.03 00:01 B E:\www\EthanShow\2001\06\IMG_0872.JPG --> ftp.ethanshow.com /d:/html/users/ethanshowcom/html/2001/06 IMG_0872.JPG
2001.07.03 00:01 B E:\www\EthanShow\2001\06\IMG_0872t.jpg --> ftp.ethanshow.com /d:/html/users/ethanshowcom/html/2001/06 IMG_0872t.jpg
2001.07.03 00:02 B E:\www\EthanShow\2001\06\IMG_0874.JPG --> ftp.ethanshow.com /d:/html/users/ethanshowcom/html/2001/06 IMG_0874.JPG
2001.07.03 00:02 B E:\www\EthanShow\2001\06\IMG_0874t.jpg --> ftp.ethanshow.com /d:/html/users/ethanshowcom/html/2001/06 IMG_0874t.jpg
2001.07.03 00:02 B E:\www\EthanShow\2001\06\IMG_0875.JPG --> ftp.ethanshow.com /d:/html/users/ethanshowcom/html/2001/06 IMG_0875.JPG
2001.07.03 00:02 B E:\www\EthanShow\2001\06\IMG_0875t.jpg --> ftp.ethanshow.com /d:/html/users/ethanshowcom/html/2001/06 IMG_0875t.jpg
2001.07.03 00:02 B E:\www\EthanShow\2001\06\IMG_0881.JPG --> ftp.ethanshow.com /d:/html/users/ethanshowcom/html/2001/06 IMG_0881.JPG
2001.07.03 00:02 B E:\www\EthanShow\2001\06\IMG_0881t.jpg --> ftp.ethanshow.com /d:/html/users/ethanshowcom/html/2001/06 IMG_0881t.jpg
2001.07.03 00:02 B E:\www\EthanShow\2001\06\IMG_0886.JPG --> ftp.ethanshow.com /d:/html/users/ethanshowcom/html/2001/06 IMG_0886.JPG
2001.07.03 00:02 B E:\www\EthanShow\2001\06\IMG_0886t.jpg --> ftp.ethanshow.com /d:/html/users/ethanshowcom/html/2001/06 IMG_0886t.jpg
2001.07.03 00:02 B E:\www\EthanShow\2001\06\IMG_0887.JPG --> ftp.ethanshow.com /d:/html/users/ethanshowcom/html/2001/06 IMG_0887.JPG
2001.07.03 00:02 B E:\www\EthanShow\2001\06\IMG_0887t.jpg --> ftp.ethanshow.com /d:/html/users/ethanshowcom/html/2001/06 IMG_0887t.jpg
2001.07.03 00:02 B E:\www\EthanShow\2001\06\IMG_0888.JPG --> ftp.ethanshow.com /d:/html/users/ethanshowcom/html/2001/06 IMG_0888.JPG
2001.07.03 00:03 B E:\www\EthanShow\2001\06\IMG_0888t.jpg --> ftp.ethanshow.com /d:/html/users/ethanshowcom/html/2001/06 IMG_0888t.jpg
2001.07.03 00:03 B E:\www\EthanShow\2001\06\IMG_0889.JPG --> ftp.ethanshow.com /d:/html/users/ethanshowcom/html/2001/06 IMG_0889.JPG
2001.07.03 00:03 B E:\www\EthanShow\2001\06\IMG_0889t.jpg --> ftp.ethanshow.com /d:/html/users/ethanshowcom/html/2001/06 IMG_0889t.jpg
2001.07.03 00:03 B E:\www\EthanShow\2001\06\IMG_0890.JPG --> ftp.ethanshow.com /d:/html/users/ethanshowcom/html/2001/06 IMG_0890.JPG
2001.07.03 00:03 B E:\www\EthanShow\2001\06\IMG_0890t.jpg --> ftp.ethanshow.com /d:/html/users/ethanshowcom/html/2001/06 IMG_0890t.jpg
2001.07.03 00:03 B E:\www\EthanShow\2001\06\IMG_0895.JPG --> ftp.ethanshow.com /d:/html/users/ethanshowcom/html/2001/06 IMG_0895.JPG
2001.07.03 00:03 B E:\www\EthanShow\2001\06\IMG_0895t.jpg --> ftp.ethanshow.com /d:/html/users/ethanshowcom/html/2001/06 IMG_0895t.jpg
2001.07.03 00:03 B E:\www\EthanShow\2001\06\IMG_0897.JPG --> ftp.ethanshow.com /d:/html/users/ethanshowcom/html/2001/06 IMG_0897.JPG
2001.07.03 00:03 B E:\www\EthanShow\2001\06\IMG_0897t.jpg --> ftp.ethanshow.com /d:/html/users/ethanshowcom/html/2001/06 IMG_0897t.jpg
2001.07.03 00:04 B E:\www\EthanShow\2001\06\IMG_0899.JPG --> ftp.ethanshow.com /d:/html/users/ethanshowcom/html/2001/06 IMG_0899.JPG
2001.07.03 00:04 B E:\www\EthanShow\2001\06\IMG_0899t.jpg --> ftp.ethanshow.com /d:/html/users/ethanshowcom/html/2001/06 IMG_0899t.jpg
2001.07.03 00:04 B E:\www\EthanShow\2001\06\IMG_0901.JPG --> ftp.ethanshow.com /d:/html/users/ethanshowcom/html/2001/06 IMG_0901.JPG
2001.07.03 00:04 B E:\www\EthanShow\2001\06\IMG_0901t.jpg --> ftp.ethanshow.com /d:/html/users/ethanshowcom/html/2001/06 IMG_0901t.jpg
2001.07.03 00:05 B E:\www\EthanShow\2001\06\IMG_0905.JPG --> ftp.ethanshow.com /d:/html/users/ethanshowcom/html/2001/06 IMG_0905.JPG
2001.07.03 00:05 B E:\www\EthanShow\2001\06\IMG_0905t.jpg --> ftp.ethanshow.com /d:/html/users/ethanshowcom/html/2001/06 IMG_0905t.jpg
2001.07.03 00:05 B E:\www\EthanShow\2001\06\IMG_0908.JPG --> ftp.ethanshow.com /d:/html/users/ethanshowcom/html/2001/06 IMG_0908.JPG
2001.07.03 00:05 B E:\www\EthanShow\2001\06\IMG_0908t.jpg --> ftp.ethanshow.com /d:/html/users/ethanshowcom/html/2001/06 IMG_0908t.jpg
2001.07.03 00:05 B E:\www\EthanShow\2001\06\IMG_0909.JPG --> ftp.ethanshow.com /d:/html/users/ethanshowcom/html/2001/06 IMG_0909.JPG
2001.07.03 00:05 B E:\www\EthanShow\2001\06\IMG_0909t.jpg --> ftp.ethanshow.com /d:/html/users/ethanshowcom/html/2001/06 IMG_0909t.jpg
2001.07.03 00:05 B E:\www\EthanShow\2001\06\IMG_0910.JPG --> ftp.ethanshow.com /d:/html/users/ethanshowcom/html/2001/06 IMG_0910.JPG
2001.07.03 00:05 B E:\www\EthanShow\2001\06\IMG_0910t.jpg --> ftp.ethanshow.com /d:/html/users/ethanshowcom/html/2001/06 IMG_0910t.jpg
2001.07.03 00:05 B E:\www\EthanShow\2001\06\IMG_0912.JPG --> ftp.ethanshow.com /d:/html/users/ethanshowcom/html/2001/06 IMG_0912.JPG
2001.07.03 00:05 B E:\www\EthanShow\2001\06\IMG_0912t.jpg --> ftp.ethanshow.com /d:/html/users/ethanshowcom/html/2001/06 IMG_0912t.jpg
2001.07.03 00:06 B E:\www\EthanShow\2001\06\IMG_0914.JPG --> ftp.ethanshow.com /d:/html/users/ethanshowcom/html/2001/06 IMG_0914.JPG
2001.07.03 00:06 B E:\www\EthanShow\2001\06\IMG_0914t.jpg --> ftp.ethanshow.com /d:/html/users/ethanshowcom/html/2001/06 IMG_0914t.jpg
2001.07.03 00:06 B E:\www\EthanShow\2001\06\IMG_0915.JPG --> ftp.ethanshow.com /d:/html/users/ethanshowcom/html/2001/06 IMG_0915.JPG
2001.07.03 00:06 B E:\www\EthanShow\2001\06\IMG_0915t.jpg --> ftp.ethanshow.com /d:/html/users/ethanshowcom/html/2001/06 IMG_0915t.jpg
2001.07.03 00:06 B E:\www\EthanShow\2001\06\IMG_0923.JPG --> ftp.ethanshow.com /d:/html/users/ethanshowcom/html/2001/06 IMG_0923.JPG
2001.07.03 00:06 B E:\www\EthanShow\2001\06\IMG_0923t.jpg --> ftp.ethanshow.com /d:/html/users/ethanshowcom/html/2001/06 IMG_0923t.jpg
2001.07.03 00:06 B E:\www\EthanShow\2001\06\IMG_0924.JPG --> ftp.ethanshow.com /d:/html/users/ethanshowcom/html/2001/06 IMG_0924.JPG
2001.07.03 00:06 B E:\www\EthanShow\2001\06\IMG_0924t.jpg --> ftp.ethanshow.com /d:/html/users/ethanshowcom/html/2001/06 IMG_0924t.jpg
2001.07.03 00:07 B E:\www\EthanShow\2001\06\IMG_0925.JPG --> ftp.ethanshow.com /d:/html/users/ethanshowcom/html/2001/06 IMG_0925.JPG
2001.07.03 00:07 B E:\www\EthanShow\2001\06\IMG_0925t.jpg --> ftp.ethanshow.com /d:/html/users/ethanshowcom/html/2001/06 IMG_0925t.jpg
2001.07.03 00:07 B E:\www\EthanShow\2001\06\IMG_0926.JPG --> ftp.ethanshow.com /d:/html/users/ethanshowcom/html/2001/06 IMG_0926.JPG
2001.07.03 00:07 B E:\www\EthanShow\2001\06\IMG_0926t.jpg --> ftp.ethanshow.com /d:/html/users/ethanshowcom/html/2001/06 IMG_0926t.jpg
2001.07.03 00:07 B E:\www\EthanShow\2001\06\IMG_0928.JPG --> ftp.ethanshow.com /d:/html/users/ethanshowcom/html/2001/06 IMG_0928.JPG
2001.07.03 00:07 B E:\www\EthanShow\2001\06\IMG_0928t.jpg --> ftp.ethanshow.com /d:/html/users/ethanshowcom/html/2001/06 IMG_0928t.jpg
2001.07.03 00:07 B E:\www\EthanShow\2001\06\IMG_0932.JPG --> ftp.ethanshow.com /d:/html/users/ethanshowcom/html/2001/06 IMG_0932.JPG
2001.07.03 00:07 B E:\www\EthanShow\2001\06\IMG_0932t.jpg --> ftp.ethanshow.com /d:/html/users/ethanshowcom/html/2001/06 IMG_0932t.jpg
2001.07.03 00:08 B E:\www\EthanShow\2001\06\IMG_0933.JPG --> ftp.ethanshow.com /d:/html/users/ethanshowcom/html/2001/06 IMG_0933.JPG
2001.07.03 00:08 B E:\www\EthanShow\2001\06\IMG_0933t.jpg --> ftp.ethanshow.com /d:/html/users/ethanshowcom/html/2001/06 IMG_0933t.jpg
2001.07.03 00:08 B E:\www\EthanShow\2001\06\IMG_0935.JPG --> ftp.ethanshow.com /d:/html/users/ethanshowcom/html/2001/06 IMG_0935.JPG
2001.07.03 00:08 B E:\www\EthanShow\2001\06\IMG_0935t.jpg --> ftp.ethanshow.com /d:/html/users/ethanshowcom/html/2001/06 IMG_0935t.jpg
2001.07.03 00:08 B E:\www\EthanShow\2001\06\IMG_0937.JPG --> ftp.ethanshow.com /d:/html/users/ethanshowcom/html/2001/06 IMG_0937.JPG
2001.07.03 00:08 B E:\www\EthanShow\2001\06\IMG_0937t.jpg --> ftp.ethanshow.com /d:/html/users/ethanshowcom/html/2001/06 IMG_0937t.jpg
2001.07.03 00:08 B E:\www\EthanShow\2001\06\IMG_0940.JPG --> ftp.ethanshow.com /d:/html/users/ethanshowcom/html/2001/06 IMG_0940.JPG
2001.07.03 00:08 B E:\www\EthanShow\2001\06\IMG_0940t.jpg --> ftp.ethanshow.com /d:/html/users/ethanshowcom/html/2001/06 IMG_0940t.jpg
2001.07.03 00:08 B E:\www\EthanShow\2001\06\IMG_0943.JPG --> ftp.ethanshow.com /d:/html/users/ethanshowcom/html/2001/06 IMG_0943.JPG
2001.07.03 00:08 B E:\www\EthanShow\2001\06\IMG_0943t.jpg --> ftp.ethanshow.com /d:/html/users/ethanshowcom/html/2001/06 IMG_0943t.jpg
2001.07.03 00:08 B E:\www\EthanShow\2001\06\IMG_0944.JPG --> ftp.ethanshow.com /d:/html/users/ethanshowcom/html/2001/06 IMG_0944.JPG
2001.07.03 00:08 B E:\www\EthanShow\2001\06\IMG_0944t.jpg --> ftp.ethanshow.com /d:/html/users/ethanshowcom/html/2001/06 IMG_0944t.jpg
2001.07.03 00:09 B E:\www\EthanShow\2001\06\IMG_0945.JPG --> ftp.ethanshow.com /d:/html/users/ethanshowcom/html/2001/06 IMG_0945.JPG
2001.07.03 00:09 B E:\www\EthanShow\2001\06\IMG_0945t.jpg --> ftp.ethanshow.com /d:/html/users/ethanshowcom/html/2001/06 IMG_0945t.jpg
2001.07.03 00:09 B E:\www\EthanShow\2001\06\IMG_0946.JPG --> ftp.ethanshow.com /d:/html/users/ethanshowcom/html/2001/06 IMG_0946.JPG
2001.07.03 00:09 B E:\www\EthanShow\2001\06\IMG_0946t.jpg --> ftp.ethanshow.com /d:/html/users/ethanshowcom/html/2001/06 IMG_0946t.jpg
2001.07.03 00:09 B E:\www\EthanShow\2001\06\Img_0947.jpg --> ftp.ethanshow.com /d:/html/users/ethanshowcom/html/2001/06 Img_0947.jpg
2001.07.03 00:09 B E:\www\EthanShow\2001\06\IMG_0947t.jpg --> ftp.ethanshow.com /d:/html/users/ethanshowcom/html/2001/06 IMG_0947t.jpg
2001.07.03 00:09 B E:\www\EthanShow\2001\06\Img_0949.jpg --> ftp.ethanshow.com /d:/html/users/ethanshowcom/html/2001/06 Img_0949.jpg
2001.07.03 00:09 B E:\www\EthanShow\2001\06\IMG_0949t.jpg --> ftp.ethanshow.com /d:/html/users/ethanshowcom/html/2001/06 IMG_0949t.jpg
2001.07.03 00:09 B E:\www\EthanShow\2001\06\IMG_0951.JPG --> ftp.ethanshow.com /d:/html/users/ethanshowcom/html/2001/06 IMG_0951.JPG
2001.07.03 00:09 B E:\www\EthanShow\2001\06\IMG_0951t.jpg --> ftp.ethanshow.com /d:/html/users/ethanshowcom/html/2001/06 IMG_0951t.jpg
2001.07.03 00:09 B E:\www\EthanShow\2001\06\IMG_0952.JPG --> ftp.ethanshow.com /d:/html/users/ethanshowcom/html/2001/06 IMG_0952.JPG
2001.07.03 00:09 B E:\www\EthanShow\2001\06\IMG_0952t.jpg --> ftp.ethanshow.com /d:/html/users/ethanshowcom/html/2001/06 IMG_0952t.jpg
2001.07.03 00:10 B E:\www\EthanShow\2001\06\Img_0954.jpg --> ftp.ethanshow.com /d:/html/users/ethanshowcom/html/2001/06 Img_0954.jpg
2001.07.03 00:10 B E:\www\EthanShow\2001\06\IMG_0954t.jpg --> ftp.ethanshow.com /d:/html/users/ethanshowcom/html/2001/06 IMG_0954t.jpg
2001.07.03 00:10 B E:\www\EthanShow\2001\06\IMG_0957.JPG --> ftp.ethanshow.com /d:/html/users/ethanshowcom/html/2001/06 IMG_0957.JPG
2001.07.03 00:10 B E:\www\EthanShow\2001\06\IMG_0957t.jpg --> ftp.ethanshow.com /d:/html/users/ethanshowcom/html/2001/06 IMG_0957t.jpg
2001.07.03 00:10 B E:\www\EthanShow\2001\06\IMG_0959.JPG --> ftp.ethanshow.com /d:/html/users/ethanshowcom/html/2001/06 IMG_0959.JPG
2001.07.03 00:10 B E:\www\EthanShow\2001\06\IMG_0959t.jpg --> ftp.ethanshow.com /d:/html/users/ethanshowcom/html/2001/06 IMG_0959t.jpg
2001.07.03 00:10 B E:\www\EthanShow\2001\06\IMG_0960.JPG --> ftp.ethanshow.com /d:/html/users/ethanshowcom/html/2001/06 IMG_0960.JPG
2001.07.03 00:10 B E:\www\EthanShow\2001\06\IMG_0960t.jpg --> ftp.ethanshow.com /d:/html/users/ethanshowcom/html/2001/06 IMG_0960t.jpg
2001.07.03 00:10 B E:\www\EthanShow\2001\06\IMG_0963.JPG --> ftp.ethanshow.com /d:/html/users/ethanshowcom/html/2001/06 IMG_0963.JPG
2001.07.03 00:10 B E:\www\EthanShow\2001\06\IMG_0963t.jpg --> ftp.ethanshow.com /d:/html/users/ethanshowcom/html/2001/06 IMG_0963t.jpg
2001.07.03 00:10 B E:\www\EthanShow\2001\06\IMG_0964.JPG --> ftp.ethanshow.com /d:/html/users/ethanshowcom/html/2001/06 IMG_0964.JPG
2001.07.03 00:10 B E:\www\EthanShow\2001\06\IMG_0964t.jpg --> ftp.ethanshow.com /d:/html/users/ethanshowcom/html/2001/06 IMG_0964t.jpg
2001.07.03 00:11 B E:\www\EthanShow\2001\06\IMG_0965.JPG --> ftp.ethanshow.com /d:/html/users/ethanshowcom/html/2001/06 IMG_0965.JPG
2001.07.03 00:11 B E:\www\EthanShow\2001\06\IMG_0965t.jpg --> ftp.ethanshow.com /d:/html/users/ethanshowcom/html/2001/06 IMG_0965t.jpg
2001.07.03 00:11 B E:\www\EthanShow\2001\06\Img_0967.jpg --> ftp.ethanshow.com /d:/html/users/ethanshowcom/html/2001/06 Img_0967.jpg
2001.07.03 00:11 B E:\www\EthanShow\2001\06\IMG_0967t.jpg --> ftp.ethanshow.com /d:/html/users/ethanshowcom/html/2001/06 IMG_0967t.jpg
2001.07.03 00:11 B E:\www\EthanShow\2001\06\IMG_0969.JPG --> ftp.ethanshow.com /d:/html/users/ethanshowcom/html/2001/06 IMG_0969.JPG
2001.07.03 00:11 B E:\www\EthanShow\2001\06\IMG_0969t.jpg --> ftp.ethanshow.com /d:/html/users/ethanshowcom/html/2001/06 IMG_0969t.jpg
2001.07.03 00:11 B E:\www\EthanShow\2001\06\IMG_0973.JPG --> ftp.ethanshow.com /d:/html/users/ethanshowcom/html/2001/06 IMG_0973.JPG
2001.07.03 00:11 B E:\www\EthanShow\2001\06\IMG_0973t.jpg --> ftp.ethanshow.com /d:/html/users/ethanshowcom/html/2001/06 IMG_0973t.jpg
2001.07.03 00:11 B E:\www\EthanShow\2001\06\IMG_0978.JPG --> ftp.ethanshow.com /d:/html/users/ethanshowcom/html/2001/06 IMG_0978.JPG
2001.07.03 00:12 B E:\www\EthanShow\2001\06\IMG_0978t.jpg --> ftp.ethanshow.com /d:/html/users/ethanshowcom/html/2001/06 IMG_0978t.jpg
2001.07.03 00:12 B E:\www\EthanShow\2001\06\IMG_0981.JPG --> ftp.ethanshow.com /d:/html/users/ethanshowcom/html/2001/06 IMG_0981.JPG
2001.07.03 00:12 B E:\www\EthanShow\2001\06\IMG_0981t.jpg --> ftp.ethanshow.com /d:/html/users/ethanshowcom/html/2001/06 IMG_0981t.jpg
2001.07.03 00:12 B E:\www\EthanShow\2001\06\IMG_0983.JPG --> ftp.ethanshow.com /d:/html/users/ethanshowcom/html/2001/06 IMG_0983.JPG
2001.07.03 00:12 B E:\www\EthanShow\2001\06\IMG_0983t.jpg --> ftp.ethanshow.com /d:/html/users/ethanshowcom/html/2001/06 IMG_0983t.jpg
2001.07.03 00:12 B E:\www\EthanShow\2001\06\IMG_0987.JPG --> ftp.ethanshow.com /d:/html/users/ethanshowcom/html/2001/06 IMG_0987.JPG
2001.07.03 00:12 B E:\www\EthanShow\2001\06\IMG_0987t.jpg --> ftp.ethanshow.com /d:/html/users/ethanshowcom/html/2001/06 IMG_0987t.jpg
2001.07.03 00:12 B E:\www\EthanShow\2001\06\IMG_0989.JPG --> ftp.ethanshow.com /d:/html/users/ethanshowcom/html/2001/06 IMG_0989.JPG
2001.07.03 00:12 B E:\www\EthanShow\2001\06\IMG_0989t.jpg --> ftp.ethanshow.com /d:/html/users/ethanshowcom/html/2001/06 IMG_0989t.jpg
2001.07.03 00:12 B E:\www\EthanShow\2001\06\IMG_0991.JPG --> ftp.ethanshow.com /d:/html/users/ethanshowcom/html/2001/06 IMG_0991.JPG
2001.07.03 00:12 B E:\www\EthanShow\2001\06\IMG_0991t.jpg --> ftp.ethanshow.com /d:/html/users/ethanshowcom/html/2001/06 IMG_0991t.jpg
2001.07.03 00:13 B E:\www\EthanShow\2001\06\IMG_0993.JPG --> ftp.ethanshow.com /d:/html/users/ethanshowcom/html/2001/06 IMG_0993.JPG
2001.07.03 00:13 B E:\www\EthanShow\2001\06\IMG_0993t.jpg --> ftp.ethanshow.com /d:/html/users/ethanshowcom/html/2001/06 IMG_0993t.jpg
2001.07.03 00:13 B E:\www\EthanShow\2001\06\IMG_0996.JPG --> ftp.ethanshow.com /d:/html/users/ethanshowcom/html/2001/06 IMG_0996.JPG
2001.07.03 00:13 B E:\www\EthanShow\2001\06\IMG_0996t.jpg --> ftp.ethanshow.com /d:/html/users/ethanshowcom/html/2001/06 IMG_0996t.jpg
2001.07.03 00:13 B E:\www\EthanShow\2001\06\IMG_0999.JPG --> ftp.ethanshow.com /d:/html/users/ethanshowcom/html/2001/06 IMG_0999.JPG
2001.07.03 00:13 B E:\www\EthanShow\2001\06\IMG_0999t.jpg --> ftp.ethanshow.com /d:/html/users/ethanshowcom/html/2001/06 IMG_0999t.jpg
2001.07.03 00:14 B E:\www\EthanShow\2001\06\IMG_1001.JPG --> ftp.ethanshow.com /d:/html/users/ethanshowcom/html/2001/06 IMG_1001.JPG
2001.07.03 00:14 B E:\www\EthanShow\2001\06\IMG_1001t.jpg --> ftp.ethanshow.com /d:/html/users/ethanshowcom/html/2001/06 IMG_1001t.jpg
2001.07.03 00:14 B E:\www\EthanShow\2001\06\IMG_1005.JPG --> ftp.ethanshow.com /d:/html/users/ethanshowcom/html/2001/06 IMG_1005.JPG
2001.07.03 00:14 B E:\www\EthanShow\2001\06\IMG_1005t.jpg --> ftp.ethanshow.com /d:/html/users/ethanshowcom/html/2001/06 IMG_1005t.jpg
2001.07.03 00:14 B E:\www\EthanShow\2001\06\IMG_1016.JPG --> ftp.ethanshow.com /d:/html/users/ethanshowcom/html/2001/06 IMG_1016.JPG
2001.07.03 00:14 B E:\www\EthanShow\2001\06\IMG_1016t.jpg --> ftp.ethanshow.com /d:/html/users/ethanshowcom/html/2001/06 IMG_1016t.jpg
2001.07.03 00:14 B E:\www\EthanShow\2001\06\IMG_1017.JPG --> ftp.ethanshow.com /d:/html/users/ethanshowcom/html/2001/06 IMG_1017.JPG
2001.07.03 00:14 B E:\www\EthanShow\2001\06\IMG_1017t.jpg --> ftp.ethanshow.com /d:/html/users/ethanshowcom/html/2001/06 IMG_1017t.jpg
2001.07.03 00:14 B E:\www\EthanShow\2001\06\IMG_1019.JPG --> ftp.ethanshow.com /d:/html/users/ethanshowcom/html/2001/06 IMG_1019.JPG
2001.07.03 00:15 B E:\www\EthanShow\2001\06\IMG_1019t.jpg --> ftp.ethanshow.com /d:/html/users/ethanshowcom/html/2001/06 IMG_1019t.jpg
2001.07.03 00:15 B E:\www\EthanShow\2001\06\IMG_1027.JPG --> ftp.ethanshow.com /d:/html/users/ethanshowcom/html/2001/06 IMG_1027.JPG
2001.07.03 00:15 B E:\www\EthanShow\2001\06\IMG_1027t.jpg --> ftp.ethanshow.com /d:/html/users/ethanshowcom/html/2001/06 IMG_1027t.jpg
2001.07.03 00:15 B E:\www\EthanShow\2001\06\IMG_1031.JPG --> ftp.ethanshow.com /d:/html/users/ethanshowcom/html/2001/06 IMG_1031.JPG
2001.07.03 00:15 B E:\www\EthanShow\2001\06\IMG_1031t.jpg --> ftp.ethanshow.com /d:/html/users/ethanshowcom/html/2001/06 IMG_1031t.jpg
2001.07.03 00:15 B E:\www\EthanShow\2001\06\IMG_1041.JPG --> ftp.ethanshow.com /d:/html/users/ethanshowcom/html/2001/06 IMG_1041.JPG
2001.07.03 00:15 B E:\www\EthanShow\2001\06\IMG_1041t.jpg --> ftp.ethanshow.com /d:/html/users/ethanshowcom/html/2001/06 IMG_1041t.jpg
2001.07.03 00:15 B E:\www\EthanShow\2001\06\IMG_1042.JPG --> ftp.ethanshow.com /d:/html/users/ethanshowcom/html/2001/06 IMG_1042.JPG
2001.07.03 00:15 B E:\www\EthanShow\2001\06\IMG_1042t.jpg --> ftp.ethanshow.com /d:/html/users/ethanshowcom/html/2001/06 IMG_1042t.jpg
2001.07.03 00:16 B E:\www\EthanShow\2001\06\IMG_1044.JPG --> ftp.ethanshow.com /d:/html/users/ethanshowcom/html/2001/06 IMG_1044.JPG
2001.07.03 00:16 B E:\www\EthanShow\2001\06\IMG_1044t.jpg --> ftp.ethanshow.com /d:/html/users/ethanshowcom/html/2001/06 IMG_1044t.jpg
2001.07.03 00:16 B E:\www\EthanShow\2001\06\IMG_1046.JPG --> ftp.ethanshow.com /d:/html/users/ethanshowcom/html/2001/06 IMG_1046.JPG
2001.07.03 00:16 B E:\www\EthanShow\2001\06\IMG_1046t.jpg --> ftp.ethanshow.com /d:/html/users/ethanshowcom/html/2001/06 IMG_1046t.jpg
2001.07.03 00:16 B E:\www\EthanShow\2001\06\IMG_1050.JPG --> ftp.ethanshow.com /d:/html/users/ethanshowcom/html/2001/06 IMG_1050.JPG
2001.07.03 00:16 B E:\www\EthanShow\2001\06\IMG_1050t.jpg --> ftp.ethanshow.com /d:/html/users/ethanshowcom/html/2001/06 IMG_1050t.jpg
2001.07.03 00:16 B E:\www\EthanShow\2001\06\Img_1054.jpg --> ftp.ethanshow.com /d:/html/users/ethanshowcom/html/2001/06 Img_1054.jpg
2001.07.03 00:16 B E:\www\EthanShow\2001\06\IMG_1054t.jpg --> ftp.ethanshow.com /d:/html/users/ethanshowcom/html/2001/06 IMG_1054t.jpg
2001.07.03 00:16 B E:\www\EthanShow\2001\06\Img_1065.jpg --> ftp.ethanshow.com /d:/html/users/ethanshowcom/html/2001/06 Img_1065.jpg
2001.07.03 00:16 B E:\www\EthanShow\2001\06\IMG_1065t.jpg --> ftp.ethanshow.com /d:/html/users/ethanshowcom/html/2001/06 IMG_1065t.jpg
2001.07.03 00:17 B E:\www\EthanShow\2001\06\Img_1069.jpg --> ftp.ethanshow.com /d:/html/users/ethanshowcom/html/2001/06 Img_1069.jpg
2001.07.03 00:17 B E:\www\EthanShow\2001\06\IMG_1069t.jpg --> ftp.ethanshow.com /d:/html/users/ethanshowcom/html/2001/06 IMG_1069t.jpg
2001.07.03 00:17 B E:\www\EthanShow\2001\06\Img_1072.jpg --> ftp.ethanshow.com /d:/html/users/ethanshowcom/html/2001/06 Img_1072.jpg
2001.07.03 00:17 B E:\www\EthanShow\2001\06\IMG_1072t.jpg --> ftp.ethanshow.com /d:/html/users/ethanshowcom/html/2001/06 IMG_1072t.jpg
2001.07.03 00:17 B E:\www\EthanShow\2001\06\Img_1078.jpg --> ftp.ethanshow.com /d:/html/users/ethanshowcom/html/2001/06 Img_1078.jpg
2001.07.03 00:17 B E:\www\EthanShow\2001\06\IMG_1078t.jpg --> ftp.ethanshow.com /d:/html/users/ethanshowcom/html/2001/06 IMG_1078t.jpg
2001.07.03 00:17 B E:\www\EthanShow\2001\06\Img_1079.jpg --> ftp.ethanshow.com /d:/html/users/ethanshowcom/html/2001/06 Img_1079.jpg
2001.07.03 00:17 B E:\www\EthanShow\2001\06\IMG_1079t.jpg --> ftp.ethanshow.com /d:/html/users/ethanshowcom/html/2001/06 IMG_1079t.jpg
2001.07.03 00:17 B E:\www\EthanShow\2001\06\Img_1081.jpg --> ftp.ethanshow.com /d:/html/users/ethanshowcom/html/2001/06 Img_1081.jpg
2001.07.03 00:17 B E:\www\EthanShow\2001\06\IMG_1081t.jpg --> ftp.ethanshow.com /d:/html/users/ethanshowcom/html/2001/06 IMG_1081t.jpg
2001.07.03 00:17 B E:\www\EthanShow\2001\06\Img_1083.jpg --> ftp.ethanshow.com /d:/html/users/ethanshowcom/html/2001/06 Img_1083.jpg
2001.07.03 00:17 B E:\www\EthanShow\2001\06\IMG_1083t.jpg --> ftp.ethanshow.com /d:/html/users/ethanshowcom/html/2001/06 IMG_1083t.jpg
