2001.05.17 08:03 B E:\www\ethan\2000\05\000.jpg --> ftp.ethanshow.com /d:/html/users/ethanshowcom/html/2000/05 000.jpg
2001.05.17 08:03 B E:\www\ethan\2000\05\000t.jpg --> ftp.ethanshow.com /d:/html/users/ethanshowcom/html/2000/05 000t.jpg
2001.05.17 08:03 B E:\www\ethan\2000\05\002.jpg --> ftp.ethanshow.com /d:/html/users/ethanshowcom/html/2000/05 002.jpg
2001.05.17 08:03 B E:\www\ethan\2000\05\002t.jpg --> ftp.ethanshow.com /d:/html/users/ethanshowcom/html/2000/05 002t.jpg
2001.05.17 08:03 B E:\www\ethan\2000\05\003.jpg --> ftp.ethanshow.com /d:/html/users/ethanshowcom/html/2000/05 003.jpg
2001.05.17 08:03 B E:\www\ethan\2000\05\003t.jpg --> ftp.ethanshow.com /d:/html/users/ethanshowcom/html/2000/05 003t.jpg
2001.05.17 08:03 B E:\www\ethan\2000\05\004.jpg --> ftp.ethanshow.com /d:/html/users/ethanshowcom/html/2000/05 004.jpg
2001.05.17 08:03 B E:\www\ethan\2000\05\004t.jpg --> ftp.ethanshow.com /d:/html/users/ethanshowcom/html/2000/05 004t.jpg
2001.05.17 08:03 B E:\www\ethan\2000\05\006.jpg --> ftp.ethanshow.com /d:/html/users/ethanshowcom/html/2000/05 006.jpg
2001.05.17 08:03 B E:\www\ethan\2000\05\006t.jpg --> ftp.ethanshow.com /d:/html/users/ethanshowcom/html/2000/05 006t.jpg
2001.05.17 08:03 B E:\www\ethan\2000\05\010.jpg --> ftp.ethanshow.com /d:/html/users/ethanshowcom/html/2000/05 010.jpg
2001.05.17 08:03 B E:\www\ethan\2000\05\010t.jpg --> ftp.ethanshow.com /d:/html/users/ethanshowcom/html/2000/05 010t.jpg
2001.05.17 08:04 B E:\www\ethan\2000\05\013.jpg --> ftp.ethanshow.com /d:/html/users/ethanshowcom/html/2000/05 013.jpg
2001.05.17 08:04 B E:\www\ethan\2000\05\013t.jpg --> ftp.ethanshow.com /d:/html/users/ethanshowcom/html/2000/05 013t.jpg
2001.05.17 08:04 B E:\www\ethan\2000\05\016.jpg --> ftp.ethanshow.com /d:/html/users/ethanshowcom/html/2000/05 016.jpg
2001.05.17 08:04 B E:\www\ethan\2000\05\016t.jpg --> ftp.ethanshow.com /d:/html/users/ethanshowcom/html/2000/05 016t.jpg
2001.05.17 08:04 B E:\www\ethan\2000\05\019.jpg --> ftp.ethanshow.com /d:/html/users/ethanshowcom/html/2000/05 019.jpg
2001.05.17 08:04 B E:\www\ethan\2000\05\019t.jpg --> ftp.ethanshow.com /d:/html/users/ethanshowcom/html/2000/05 019t.jpg
2001.05.17 08:04 B E:\www\ethan\2000\05\020.jpg --> ftp.ethanshow.com /d:/html/users/ethanshowcom/html/2000/05 020.jpg
2001.05.17 08:04 B E:\www\ethan\2000\05\020t.jpg --> ftp.ethanshow.com /d:/html/users/ethanshowcom/html/2000/05 020t.jpg
2001.05.17 08:04 B E:\www\ethan\2000\05\021.jpg --> ftp.ethanshow.com /d:/html/users/ethanshowcom/html/2000/05 021.jpg
2001.05.17 08:04 B E:\www\ethan\2000\05\021t.jpg --> ftp.ethanshow.com /d:/html/users/ethanshowcom/html/2000/05 021t.jpg
2001.05.17 08:04 B E:\www\ethan\2000\05\100.jpg --> ftp.ethanshow.com /d:/html/users/ethanshowcom/html/2000/05 100.jpg
2001.05.17 08:04 B E:\www\ethan\2000\05\100t.jpg --> ftp.ethanshow.com /d:/html/users/ethanshowcom/html/2000/05 100t.jpg
2001.05.17 08:04 B E:\www\ethan\2000\05\101.jpg --> ftp.ethanshow.com /d:/html/users/ethanshowcom/html/2000/05 101.jpg
2001.05.17 08:05 B E:\www\ethan\2000\05\101t.jpg --> ftp.ethanshow.com /d:/html/users/ethanshowcom/html/2000/05 101t.jpg
2001.05.17 08:05 B E:\www\ethan\2000\05\102.jpg --> ftp.ethanshow.com /d:/html/users/ethanshowcom/html/2000/05 102.jpg
2001.05.17 08:05 B E:\www\ethan\2000\05\102t.jpg --> ftp.ethanshow.com /d:/html/users/ethanshowcom/html/2000/05 102t.jpg
2001.05.17 08:05 B E:\www\ethan\2000\05\104.jpg --> ftp.ethanshow.com /d:/html/users/ethanshowcom/html/2000/05 104.jpg
2001.05.17 08:05 B E:\www\ethan\2000\05\104t.jpg --> ftp.ethanshow.com /d:/html/users/ethanshowcom/html/2000/05 104t.jpg
2001.05.17 08:05 B E:\www\ethan\2000\05\105.jpg --> ftp.ethanshow.com /d:/html/users/ethanshowcom/html/2000/05 105.jpg
2001.05.17 08:05 B E:\www\ethan\2000\05\105t.jpg --> ftp.ethanshow.com /d:/html/users/ethanshowcom/html/2000/05 105t.jpg
2001.05.17 08:05 B E:\www\ethan\2000\05\106.jpg --> ftp.ethanshow.com /d:/html/users/ethanshowcom/html/2000/05 106.jpg
2001.05.17 08:05 B E:\www\ethan\2000\05\106t.jpg --> ftp.ethanshow.com /d:/html/users/ethanshowcom/html/2000/05 106t.jpg
2001.05.17 08:05 B E:\www\ethan\2000\05\200.jpg --> ftp.ethanshow.com /d:/html/users/ethanshowcom/html/2000/05 200.jpg
2001.05.17 08:05 B E:\www\ethan\2000\05\200t.jpg --> ftp.ethanshow.com /d:/html/users/ethanshowcom/html/2000/05 200t.jpg
2001.05.17 08:05 B E:\www\ethan\2000\05\205.jpg --> ftp.ethanshow.com /d:/html/users/ethanshowcom/html/2000/05 205.jpg
2001.05.17 08:05 B E:\www\ethan\2000\05\205t.jpg --> ftp.ethanshow.com /d:/html/users/ethanshowcom/html/2000/05 205t.jpg
2001.05.17 08:05 B E:\www\ethan\2000\05\207b.jpg --> ftp.ethanshow.com /d:/html/users/ethanshowcom/html/2000/05 207b.jpg
2001.05.17 08:05 B E:\www\ethan\2000\05\207t.jpg --> ftp.ethanshow.com /d:/html/users/ethanshowcom/html/2000/05 207t.jpg
2001.05.17 08:06 B E:\www\ethan\2000\05\208.jpg --> ftp.ethanshow.com /d:/html/users/ethanshowcom/html/2000/05 208.jpg
2001.05.17 08:06 B E:\www\ethan\2000\05\208t.jpg --> ftp.ethanshow.com /d:/html/users/ethanshowcom/html/2000/05 208t.jpg
2001.05.17 08:06 B E:\www\ethan\2000\05\210.jpg --> ftp.ethanshow.com /d:/html/users/ethanshowcom/html/2000/05 210.jpg
2001.05.17 08:06 B E:\www\ethan\2000\05\210t.jpg --> ftp.ethanshow.com /d:/html/users/ethanshowcom/html/2000/05 210t.jpg
2001.05.17 08:06 B E:\www\ethan\2000\05\212b.jpg --> ftp.ethanshow.com /d:/html/users/ethanshowcom/html/2000/05 212b.jpg
2001.05.17 08:06 B E:\www\ethan\2000\05\212t.jpg --> ftp.ethanshow.com /d:/html/users/ethanshowcom/html/2000/05 212t.jpg
2001.05.17 08:06 B E:\www\ethan\2000\05\300.jpg --> ftp.ethanshow.com /d:/html/users/ethanshowcom/html/2000/05 300.jpg
2001.05.17 08:06 B E:\www\ethan\2000\05\300t.jpg --> ftp.ethanshow.com /d:/html/users/ethanshowcom/html/2000/05 300t.jpg
2001.05.17 08:06 B E:\www\ethan\2000\05\301.jpg --> ftp.ethanshow.com /d:/html/users/ethanshowcom/html/2000/05 301.jpg
2001.05.17 08:06 B E:\www\ethan\2000\05\301t.jpg --> ftp.ethanshow.com /d:/html/users/ethanshowcom/html/2000/05 301t.jpg
2001.05.17 08:06 B E:\www\ethan\2000\05\303.jpg --> ftp.ethanshow.com /d:/html/users/ethanshowcom/html/2000/05 303.jpg
2001.05.17 08:06 B E:\www\ethan\2000\05\303t.jpg --> ftp.ethanshow.com /d:/html/users/ethanshowcom/html/2000/05 303t.jpg
2001.05.17 08:06 B E:\www\ethan\2000\05\304.jpg --> ftp.ethanshow.com /d:/html/users/ethanshowcom/html/2000/05 304.jpg
2001.05.17 08:06 B E:\www\ethan\2000\05\304t.jpg --> ftp.ethanshow.com /d:/html/users/ethanshowcom/html/2000/05 304t.jpg
2001.05.17 08:06 B E:\www\ethan\2000\05\305.jpg --> ftp.ethanshow.com /d:/html/users/ethanshowcom/html/2000/05 305.jpg
2001.05.17 08:06 B E:\www\ethan\2000\05\305t.jpg --> ftp.ethanshow.com /d:/html/users/ethanshowcom/html/2000/05 305t.jpg
2001.05.17 08:07 B E:\www\ethan\2000\05\306.jpg --> ftp.ethanshow.com /d:/html/users/ethanshowcom/html/2000/05 306.jpg
2001.05.17 08:07 B E:\www\ethan\2000\05\306t.jpg --> ftp.ethanshow.com /d:/html/users/ethanshowcom/html/2000/05 306t.jpg
2001.05.17 08:07 B E:\www\ethan\2000\05\307.jpg --> ftp.ethanshow.com /d:/html/users/ethanshowcom/html/2000/05 307.jpg
2001.05.17 08:07 B E:\www\ethan\2000\05\307t.jpg --> ftp.ethanshow.com /d:/html/users/ethanshowcom/html/2000/05 307t.jpg
2001.05.17 08:07 B E:\www\ethan\2000\05\308.jpg --> ftp.ethanshow.com /d:/html/users/ethanshowcom/html/2000/05 308.jpg
2001.05.17 08:07 B E:\www\ethan\2000\05\308t.jpg --> ftp.ethanshow.com /d:/html/users/ethanshowcom/html/2000/05 308t.jpg
2001.05.17 08:07 B E:\www\ethan\2000\05\310.jpg --> ftp.ethanshow.com /d:/html/users/ethanshowcom/html/2000/05 310.jpg
2001.05.17 08:07 B E:\www\ethan\2000\05\310t.jpg --> ftp.ethanshow.com /d:/html/users/ethanshowcom/html/2000/05 310t.jpg
2001.05.17 08:07 B E:\www\ethan\2000\05\313.jpg --> ftp.ethanshow.com /d:/html/users/ethanshowcom/html/2000/05 313.jpg
2001.05.17 08:07 B E:\www\ethan\2000\05\313t.jpg --> ftp.ethanshow.com /d:/html/users/ethanshowcom/html/2000/05 313t.jpg
2001.05.17 08:07 B E:\www\ethan\2000\05\450.jpg --> ftp.ethanshow.com /d:/html/users/ethanshowcom/html/2000/05 450.jpg
2001.05.17 08:07 B E:\www\ethan\2000\05\450t.jpg --> ftp.ethanshow.com /d:/html/users/ethanshowcom/html/2000/05 450t.jpg
2001.05.17 08:08 B E:\www\ethan\2000\05\451.jpg --> ftp.ethanshow.com /d:/html/users/ethanshowcom/html/2000/05 451.jpg
2001.05.17 08:08 B E:\www\ethan\2000\05\451t.jpg --> ftp.ethanshow.com /d:/html/users/ethanshowcom/html/2000/05 451t.jpg
2001.05.17 08:08 B E:\www\ethan\2000\05\days.htm --> ftp.ethanshow.com /d:/html/users/ethanshowcom/html/2000/05 days.htm
2001.05.17 08:08 B E:\www\ethan\2000\05\may01.htm --> ftp.ethanshow.com /d:/html/users/ethanshowcom/html/2000/05 may01.htm
2001.05.17 08:08 B E:\www\ethan\2000\05\may01a.htm --> ftp.ethanshow.com /d:/html/users/ethanshowcom/html/2000/05 may01a.htm
2001.05.17 08:08 B E:\www\ethan\2000\05\may02.htm --> ftp.ethanshow.com /d:/html/users/ethanshowcom/html/2000/05 may02.htm
2001.05.17 08:08 B E:\www\ethan\2000\05\may02a.htm --> ftp.ethanshow.com /d:/html/users/ethanshowcom/html/2000/05 may02a.htm
2001.05.17 08:08 B E:\www\ethan\2000\05\may07.htm --> ftp.ethanshow.com /d:/html/users/ethanshowcom/html/2000/05 may07.htm
2001.05.17 08:08 B E:\www\ethan\2000\05\may07a.htm --> ftp.ethanshow.com /d:/html/users/ethanshowcom/html/2000/05 may07a.htm
2001.05.17 08:08 B E:\www\ethan\2000\05\may14.htm --> ftp.ethanshow.com /d:/html/users/ethanshowcom/html/2000/05 may14.htm
2001.05.17 08:08 B E:\www\ethan\2000\05\may14a.htm --> ftp.ethanshow.com /d:/html/users/ethanshowcom/html/2000/05 may14a.htm
2001.05.17 08:08 B E:\www\ethan\2000\05\may15.htm --> ftp.ethanshow.com /d:/html/users/ethanshowcom/html/2000/05 may15.htm
2001.05.17 08:08 B E:\www\ethan\2000\05\may15a.htm --> ftp.ethanshow.com /d:/html/users/ethanshowcom/html/2000/05 may15a.htm
2001.05.17 08:08 B E:\www\ethan\2000\05\may16.htm --> ftp.ethanshow.com /d:/html/users/ethanshowcom/html/2000/05 may16.htm
2001.05.17 08:08 B E:\www\ethan\2000\05\may16a.htm --> ftp.ethanshow.com /d:/html/users/ethanshowcom/html/2000/05 may16a.htm
2001.05.17 08:08 B E:\www\ethan\2000\05\may17.htm --> ftp.ethanshow.com /d:/html/users/ethanshowcom/html/2000/05 may17.htm
2001.05.17 08:08 B E:\www\ethan\2000\05\may17a.htm --> ftp.ethanshow.com /d:/html/users/ethanshowcom/html/2000/05 may17a.htm
2001.05.17 08:08 B E:\www\ethan\2000\05\may18.htm --> ftp.ethanshow.com /d:/html/users/ethanshowcom/html/2000/05 may18.htm
2001.05.17 08:08 B E:\www\ethan\2000\05\may18a.htm --> ftp.ethanshow.com /d:/html/users/ethanshowcom/html/2000/05 may18a.htm
2001.05.17 08:08 B E:\www\ethan\2000\05\may28.htm --> ftp.ethanshow.com /d:/html/users/ethanshowcom/html/2000/05 may28.htm
2001.05.17 08:08 B E:\www\ethan\2000\05\may28a.htm --> ftp.ethanshow.com /d:/html/users/ethanshowcom/html/2000/05 may28a.htm
2001.05.17 08:08 B E:\www\ethan\2000\05\may31.htm --> ftp.ethanshow.com /d:/html/users/ethanshowcom/html/2000/05 may31.htm
2001.05.17 08:08 B E:\www\ethan\2000\05\may31a.htm --> ftp.ethanshow.com /d:/html/users/ethanshowcom/html/2000/05 may31a.htm
2001.05.17 08:08 B E:\www\ethan\2000\05\nav.htm --> ftp.ethanshow.com /d:/html/users/ethanshowcom/html/2000/05 nav.htm
