2001.05.16 23:16 B E:\www\ethan\2001\04\apr08-1.htm --> ftp.ethanshow.com /d:/html/users/ethanshowcom/html/2001/04 apr08-1.htm
2001.05.16 23:16 B E:\www\ethan\2001\04\apr08-1.htm~ --> ftp.ethanshow.com /d:/html/users/ethanshowcom/html/2001/04 apr08-1.htm~
2001.05.16 23:17 B E:\www\ethan\2001\04\apr08-2.htm --> ftp.ethanshow.com /d:/html/users/ethanshowcom/html/2001/04 apr08-2.htm
2001.05.16 23:17 B E:\www\ethan\2001\04\apr08-3.htm --> ftp.ethanshow.com /d:/html/users/ethanshowcom/html/2001/04 apr08-3.htm
2001.05.16 23:17 B E:\www\ethan\2001\04\apr08-4.htm --> ftp.ethanshow.com /d:/html/users/ethanshowcom/html/2001/04 apr08-4.htm
2001.05.16 23:17 B E:\www\ethan\2001\04\apr08-4.htm~ --> ftp.ethanshow.com /d:/html/users/ethanshowcom/html/2001/04 apr08-4.htm~
2001.05.16 23:17 B E:\www\ethan\2001\04\apr21.htm --> ftp.ethanshow.com /d:/html/users/ethanshowcom/html/2001/04 apr21.htm
2001.05.16 23:17 B E:\www\ethan\2001\04\apr24.htm --> ftp.ethanshow.com /d:/html/users/ethanshowcom/html/2001/04 apr24.htm
2001.05.16 23:17 B E:\www\ethan\2001\04\apr24a.htm --> ftp.ethanshow.com /d:/html/users/ethanshowcom/html/2001/04 apr24a.htm
2001.05.16 23:17 B E:\www\ethan\2001\04\days.htm --> ftp.ethanshow.com /d:/html/users/ethanshowcom/html/2001/04 days.htm
2001.05.16 23:17 B E:\www\ethan\2001\04\IMG_0612t.jpg --> ftp.ethanshow.com /d:/html/users/ethanshowcom/html/2001/04 IMG_0612t.jpg
2001.05.16 23:17 B E:\www\ethan\2001\04\IMG_0613t.jpg --> ftp.ethanshow.com /d:/html/users/ethanshowcom/html/2001/04 IMG_0613t.jpg
2001.05.16 23:17 B E:\www\ethan\2001\04\IMG_0614t.jpg --> ftp.ethanshow.com /d:/html/users/ethanshowcom/html/2001/04 IMG_0614t.jpg
2001.05.16 23:17 B E:\www\ethan\2001\04\IMG_0618t.jpg --> ftp.ethanshow.com /d:/html/users/ethanshowcom/html/2001/04 IMG_0618t.jpg
2001.05.16 23:17 B E:\www\ethan\2001\04\IMG_0620t.jpg --> ftp.ethanshow.com /d:/html/users/ethanshowcom/html/2001/04 IMG_0620t.jpg
2001.05.16 23:17 B E:\www\ethan\2001\04\IMG_0622t.jpg --> ftp.ethanshow.com /d:/html/users/ethanshowcom/html/2001/04 IMG_0622t.jpg
2001.05.16 23:17 B E:\www\ethan\2001\04\IMG_0623t.jpg --> ftp.ethanshow.com /d:/html/users/ethanshowcom/html/2001/04 IMG_0623t.jpg
2001.05.16 23:17 B E:\www\ethan\2001\04\IMG_0624t.jpg --> ftp.ethanshow.com /d:/html/users/ethanshowcom/html/2001/04 IMG_0624t.jpg
2001.05.16 23:17 B E:\www\ethan\2001\04\IMG_0626t.jpg --> ftp.ethanshow.com /d:/html/users/ethanshowcom/html/2001/04 IMG_0626t.jpg
2001.05.16 23:17 B E:\www\ethan\2001\04\IMG_0628t.jpg --> ftp.ethanshow.com /d:/html/users/ethanshowcom/html/2001/04 IMG_0628t.jpg
