2004.04.27 21:28 B D:\www\EthanShow\2004\03\days.htm --> ftp.ethanshow.com /html/2004 days.htm
2004.04.27 21:28 B D:\www\EthanShow\2004\03\mar04.htm --> ftp.ethanshow.com /html/2004 mar04.htm
2004.04.27 21:28 B D:\www\EthanShow\2004\03\mar04a.htm --> ftp.ethanshow.com /html/2004 mar04a.htm
2004.04.27 21:28 B D:\www\EthanShow\2004\03\mar06.htm --> ftp.ethanshow.com /html/2004 mar06.htm
2004.04.27 21:28 B D:\www\EthanShow\2004\03\mar06a.htm --> ftp.ethanshow.com /html/2004 mar06a.htm
2004.04.27 21:28 B D:\www\EthanShow\2004\03\days.htm --> ftp.ethanshow.com /html/2004/03 days.htm
2004.04.27 21:28 B D:\www\EthanShow\2004\03\mar04.htm --> ftp.ethanshow.com /html/2004/03 mar04.htm
2004.04.27 21:28 B D:\www\EthanShow\2004\03\mar04a.htm --> ftp.ethanshow.com /html/2004/03 mar04a.htm
2004.04.27 21:28 B D:\www\EthanShow\2004\03\mar06.htm --> ftp.ethanshow.com /html/2004/03 mar06.htm
2004.04.27 21:29 B D:\www\EthanShow\2004\03\mar06a.htm --> ftp.ethanshow.com /html/2004/03 mar06a.htm
2004.04.27 21:29 B D:\www\EthanShow\2004\03\mar07.htm --> ftp.ethanshow.com /html/2004/03 mar07.htm
2004.04.27 21:29 B D:\www\EthanShow\2004\03\mar07a.htm --> ftp.ethanshow.com /html/2004/03 mar07a.htm
2004.04.27 21:29 B D:\www\EthanShow\2004\03\mar09.htm --> ftp.ethanshow.com /html/2004/03 mar09.htm
2004.04.27 21:29 B D:\www\EthanShow\2004\03\mar09a.htm --> ftp.ethanshow.com /html/2004/03 mar09a.htm
2004.04.27 21:29 B D:\www\EthanShow\2004\03\mar10.htm --> ftp.ethanshow.com /html/2004/03 mar10.htm
2004.04.27 21:29 B D:\www\EthanShow\2004\03\mar10a.htm --> ftp.ethanshow.com /html/2004/03 mar10a.htm
2004.04.27 21:29 B D:\www\EthanShow\2004\03\mar11.htm --> ftp.ethanshow.com /html/2004/03 mar11.htm
2004.04.27 21:29 B D:\www\EthanShow\2004\03\mar11a.htm --> ftp.ethanshow.com /html/2004/03 mar11a.htm
2004.04.27 21:29 B D:\www\EthanShow\2004\03\mar12.htm --> ftp.ethanshow.com /html/2004/03 mar12.htm
2004.04.27 21:29 B D:\www\EthanShow\2004\03\mar12a.htm --> ftp.ethanshow.com /html/2004/03 mar12a.htm
2004.04.27 21:29 B D:\www\EthanShow\2004\03\mar13.htm --> ftp.ethanshow.com /html/2004/03 mar13.htm
2004.04.27 21:29 B D:\www\EthanShow\2004\03\mar13a.htm --> ftp.ethanshow.com /html/2004/03 mar13a.htm
2004.04.27 21:29 B D:\www\EthanShow\2004\03\mar14.htm --> ftp.ethanshow.com /html/2004/03 mar14.htm
2004.04.27 21:29 B D:\www\EthanShow\2004\03\mar14a.htm --> ftp.ethanshow.com /html/2004/03 mar14a.htm
2004.04.27 21:29 B D:\www\EthanShow\2004\03\mar16.htm --> ftp.ethanshow.com /html/2004/03 mar16.htm
2004.04.27 21:29 B D:\www\EthanShow\2004\03\mar16a.htm --> ftp.ethanshow.com /html/2004/03 mar16a.htm
2004.04.27 21:29 B D:\www\EthanShow\2004\03\mar17.htm --> ftp.ethanshow.com /html/2004/03 mar17.htm
2004.04.27 21:29 B D:\www\EthanShow\2004\03\mar17a.htm --> ftp.ethanshow.com /html/2004/03 mar17a.htm
2004.04.27 21:29 B D:\www\EthanShow\2004\03\mar19.htm --> ftp.ethanshow.com /html/2004/03 mar19.htm
2004.04.27 21:29 B D:\www\EthanShow\2004\03\mar19a.htm --> ftp.ethanshow.com /html/2004/03 mar19a.htm
2004.04.27 21:29 B D:\www\EthanShow\2004\03\mar20.htm --> ftp.ethanshow.com /html/2004/03 mar20.htm
2004.04.27 21:29 B D:\www\EthanShow\2004\03\mar20a.htm --> ftp.ethanshow.com /html/2004/03 mar20a.htm
2004.04.27 21:29 B D:\www\EthanShow\2004\03\mar21.htm --> ftp.ethanshow.com /html/2004/03 mar21.htm
2004.04.27 21:29 B D:\www\EthanShow\2004\03\mar21a.htm --> ftp.ethanshow.com /html/2004/03 mar21a.htm
2004.04.27 21:29 B D:\www\EthanShow\2004\03\mar23.htm --> ftp.ethanshow.com /html/2004/03 mar23.htm
2004.04.27 21:29 B D:\www\EthanShow\2004\03\mar23a.htm --> ftp.ethanshow.com /html/2004/03 mar23a.htm
2004.04.27 21:29 B D:\www\EthanShow\2004\03\mar24.htm --> ftp.ethanshow.com /html/2004/03 mar24.htm
2004.04.27 21:29 B D:\www\EthanShow\2004\03\mar24a.htm --> ftp.ethanshow.com /html/2004/03 mar24a.htm
2004.04.27 21:29 B D:\www\EthanShow\2004\03\mar26.htm --> ftp.ethanshow.com /html/2004/03 mar26.htm
2004.04.27 21:29 B D:\www\EthanShow\2004\03\mar26a.htm --> ftp.ethanshow.com /html/2004/03 mar26a.htm
2004.04.27 21:29 B D:\www\EthanShow\2004\03\mar31.htm --> ftp.ethanshow.com /html/2004/03 mar31.htm
2004.04.27 21:29 B D:\www\EthanShow\2004\03\mar31a.htm --> ftp.ethanshow.com /html/2004/03 mar31a.htm
2004.04.27 21:29 B D:\www\EthanShow\2004\03\nav.htm --> ftp.ethanshow.com /html/2004/03 nav.htm
2004.04.27 21:30 B D:\www\EthanShow\2004\03\IMG_1872.JPG --> ftp.ethanshow.com /html/2004/03 IMG_1872.JPG
2004.04.27 21:30 B D:\www\EthanShow\2004\03\IMG_1872t.JPG --> ftp.ethanshow.com /html/2004/03 IMG_1872t.JPG
2004.04.27 21:30 B D:\www\EthanShow\2004\03\IMG_1875.JPG --> ftp.ethanshow.com /html/2004/03 IMG_1875.JPG
2004.04.27 21:30 B D:\www\EthanShow\2004\03\IMG_1875t.JPG --> ftp.ethanshow.com /html/2004/03 IMG_1875t.JPG
2004.04.27 21:30 B D:\www\EthanShow\2004\03\IMG_1878.JPG --> ftp.ethanshow.com /html/2004/03 IMG_1878.JPG
2004.04.27 21:30 B D:\www\EthanShow\2004\03\IMG_1878t.JPG --> ftp.ethanshow.com /html/2004/03 IMG_1878t.JPG
2004.04.27 21:30 B D:\www\EthanShow\2004\03\IMG_1883.JPG --> ftp.ethanshow.com /html/2004/03 IMG_1883.JPG
2004.04.27 21:31 B D:\www\EthanShow\2004\03\IMG_1883t.JPG --> ftp.ethanshow.com /html/2004/03 IMG_1883t.JPG
2004.04.27 21:31 B D:\www\EthanShow\2004\03\IMG_1895.JPG --> ftp.ethanshow.com /html/2004/03 IMG_1895.JPG
2004.04.27 21:31 B D:\www\EthanShow\2004\03\IMG_1895t.JPG --> ftp.ethanshow.com /html/2004/03 IMG_1895t.JPG
2004.04.27 21:53 B D:\www\EthanShow\2004\03\MVI_1911.AVI --> ftp.ethanshow.com /html/2004/03 MVI_1911.AVI
2004.04.27 22:05 B D:\www\EthanShow\2004\03\IMG_1902.JPG --> ftp.ethanshow.com /html/2004/03 IMG_1902.JPG
2004.04.27 22:05 B D:\www\EthanShow\2004\03\IMG_1902t.JPG --> ftp.ethanshow.com /html/2004/03 IMG_1902t.JPG
2004.04.27 22:05 B D:\www\EthanShow\2004\03\IMG_1918.JPG --> ftp.ethanshow.com /html/2004/03 IMG_1918.JPG
2004.04.27 22:05 B D:\www\EthanShow\2004\03\IMG_1918t.JPG --> ftp.ethanshow.com /html/2004/03 IMG_1918t.JPG
2004.04.27 22:06 B D:\www\EthanShow\2004\03\IMG_1924.JPG --> ftp.ethanshow.com /html/2004/03 IMG_1924.JPG
2004.04.27 22:06 B D:\www\EthanShow\2004\03\IMG_1924t.JPG --> ftp.ethanshow.com /html/2004/03 IMG_1924t.JPG
2004.04.27 22:06 B D:\www\EthanShow\2004\03\IMG_1925.JPG --> ftp.ethanshow.com /html/2004/03 IMG_1925.JPG
2004.04.27 22:06 B D:\www\EthanShow\2004\03\IMG_1925t.JPG --> ftp.ethanshow.com /html/2004/03 IMG_1925t.JPG
2004.04.27 22:06 B D:\www\EthanShow\2004\03\IMG_1930.JPG --> ftp.ethanshow.com /html/2004/03 IMG_1930.JPG
2004.04.27 22:09 B D:\www\EthanShow\2004\03\IMG_1930t.JPG --> ftp.ethanshow.com /html/2004/03 IMG_1930t.JPG
2004.04.27 22:09 B D:\www\EthanShow\2004\03\IMG_1931.JPG --> ftp.ethanshow.com /html/2004/03 IMG_1931.JPG
2004.04.27 22:09 B D:\www\EthanShow\2004\03\IMG_1931t.JPG --> ftp.ethanshow.com /html/2004/03 IMG_1931t.JPG
2004.04.27 22:10 B D:\www\EthanShow\2004\03\IMG_1933.JPG --> ftp.ethanshow.com /html/2004/03 IMG_1933.JPG
2004.04.27 22:10 B D:\www\EthanShow\2004\03\IMG_1933t.JPG --> ftp.ethanshow.com /html/2004/03 IMG_1933t.JPG
2004.04.27 22:10 B D:\www\EthanShow\2004\03\IMG_1935b.jpg --> ftp.ethanshow.com /html/2004/03 IMG_1935b.jpg
2004.04.27 22:10 B D:\www\EthanShow\2004\03\IMG_1935bt.jpg --> ftp.ethanshow.com /html/2004/03 IMG_1935bt.jpg
2004.04.27 22:11 B D:\www\EthanShow\2004\03\IMG_1936.JPG --> ftp.ethanshow.com /html/2004/03 IMG_1936.JPG
2004.04.27 22:11 B D:\www\EthanShow\2004\03\IMG_1936t.JPG --> ftp.ethanshow.com /html/2004/03 IMG_1936t.JPG
2004.04.27 22:11 B D:\www\EthanShow\2004\03\IMG_1937b.jpg --> ftp.ethanshow.com /html/2004/03 IMG_1937b.jpg
2004.04.27 22:11 B D:\www\EthanShow\2004\03\IMG_1937bt.jpg --> ftp.ethanshow.com /html/2004/03 IMG_1937bt.jpg
2004.04.27 22:12 B D:\www\EthanShow\2004\03\IMG_1941.JPG --> ftp.ethanshow.com /html/2004/03 IMG_1941.JPG
2004.04.27 22:12 B D:\www\EthanShow\2004\03\IMG_1941t.JPG --> ftp.ethanshow.com /html/2004/03 IMG_1941t.JPG
2004.04.27 22:12 B D:\www\EthanShow\2004\03\IMG_1950.JPG --> ftp.ethanshow.com /html/2004/03 IMG_1950.JPG
2004.04.27 22:12 B D:\www\EthanShow\2004\03\IMG_1950t.JPG --> ftp.ethanshow.com /html/2004/03 IMG_1950t.JPG
2004.04.27 22:12 B D:\www\EthanShow\2004\03\IMG_1954b.jpg --> ftp.ethanshow.com /html/2004/03 IMG_1954b.jpg
2004.04.27 22:15 B D:\www\EthanShow\2004\03\IMG_1954bt.jpg --> ftp.ethanshow.com /html/2004/03 IMG_1954bt.jpg
2004.04.27 22:15 B D:\www\EthanShow\2004\03\IMG_1972.JPG --> ftp.ethanshow.com /html/2004/03 IMG_1972.JPG
2004.04.27 22:15 B D:\www\EthanShow\2004\03\IMG_1972t.JPG --> ftp.ethanshow.com /html/2004/03 IMG_1972t.JPG
2004.04.27 22:16 B D:\www\EthanShow\2004\03\IMG_1974.JPG --> ftp.ethanshow.com /html/2004/03 IMG_1974.JPG
2004.04.27 22:16 B D:\www\EthanShow\2004\03\IMG_1974t.JPG --> ftp.ethanshow.com /html/2004/03 IMG_1974t.JPG
2004.04.27 22:16 B D:\www\EthanShow\2004\03\IMG_1981b.jpg --> ftp.ethanshow.com /html/2004/03 IMG_1981b.jpg
2004.04.27 22:16 B D:\www\EthanShow\2004\03\IMG_1981bt.jpg --> ftp.ethanshow.com /html/2004/03 IMG_1981bt.jpg
2004.04.27 22:19 B D:\www\EthanShow\2004\03\IMG_2000.JPG --> ftp.ethanshow.com /html/2004/03 IMG_2000.JPG
2004.04.27 22:19 B D:\www\EthanShow\2004\03\IMG_2000t.JPG --> ftp.ethanshow.com /html/2004/03 IMG_2000t.JPG
2004.04.27 22:20 B D:\www\EthanShow\2004\03\IMG_2003.JPG --> ftp.ethanshow.com /html/2004/03 IMG_2003.JPG
2004.04.27 22:20 B D:\www\EthanShow\2004\03\IMG_2003t.JPG --> ftp.ethanshow.com /html/2004/03 IMG_2003t.JPG
2004.04.27 22:20 B D:\www\EthanShow\2004\03\IMG_2004.JPG --> ftp.ethanshow.com /html/2004/03 IMG_2004.JPG
2004.04.27 22:20 B D:\www\EthanShow\2004\03\IMG_2004t.JPG --> ftp.ethanshow.com /html/2004/03 IMG_2004t.JPG
2004.04.27 22:21 B D:\www\EthanShow\2004\03\IMG_2010.JPG --> ftp.ethanshow.com /html/2004/03 IMG_2010.JPG
2004.04.27 22:21 B D:\www\EthanShow\2004\03\IMG_2010t.JPG --> ftp.ethanshow.com /html/2004/03 IMG_2010t.JPG
2004.04.27 22:21 B D:\www\EthanShow\2004\03\IMG_2012.JPG --> ftp.ethanshow.com /html/2004/03 IMG_2012.JPG
2004.04.27 22:21 B D:\www\EthanShow\2004\03\IMG_2012t.JPG --> ftp.ethanshow.com /html/2004/03 IMG_2012t.JPG
2004.04.27 22:21 B D:\www\EthanShow\2004\03\IMG_2021.JPG --> ftp.ethanshow.com /html/2004/03 IMG_2021.JPG
2004.04.27 22:21 B D:\www\EthanShow\2004\03\IMG_2021t.JPG --> ftp.ethanshow.com /html/2004/03 IMG_2021t.JPG
2004.04.27 22:21 B D:\www\EthanShow\2004\03\IMG_2024.JPG --> ftp.ethanshow.com /html/2004/03 IMG_2024.JPG
2004.04.27 22:22 B D:\www\EthanShow\2004\03\IMG_2024t.JPG --> ftp.ethanshow.com /html/2004/03 IMG_2024t.JPG
2004.04.27 22:22 B D:\www\EthanShow\2004\03\IMG_2025.JPG --> ftp.ethanshow.com /html/2004/03 IMG_2025.JPG
2004.04.27 22:22 B D:\www\EthanShow\2004\03\IMG_2025t.JPG --> ftp.ethanshow.com /html/2004/03 IMG_2025t.JPG
2004.04.27 22:22 B D:\www\EthanShow\2004\03\IMG_2029.JPG --> ftp.ethanshow.com /html/2004/03 IMG_2029.JPG
2004.04.27 22:22 B D:\www\EthanShow\2004\03\IMG_2029t.JPG --> ftp.ethanshow.com /html/2004/03 IMG_2029t.JPG
2004.04.27 22:22 B D:\www\EthanShow\2004\03\IMG_2030.JPG --> ftp.ethanshow.com /html/2004/03 IMG_2030.JPG
2004.04.27 22:22 B D:\www\EthanShow\2004\03\IMG_2030t.JPG --> ftp.ethanshow.com /html/2004/03 IMG_2030t.JPG
2004.04.27 22:23 B D:\www\EthanShow\2004\03\IMG_2031.JPG --> ftp.ethanshow.com /html/2004/03 IMG_2031.JPG
2004.04.27 22:23 B D:\www\EthanShow\2004\03\IMG_2031t.JPG --> ftp.ethanshow.com /html/2004/03 IMG_2031t.JPG
2004.04.27 22:23 B D:\www\EthanShow\2004\03\IMG_2032.JPG --> ftp.ethanshow.com /html/2004/03 IMG_2032.JPG
2004.04.27 22:23 B D:\www\EthanShow\2004\03\IMG_2032t.JPG --> ftp.ethanshow.com /html/2004/03 IMG_2032t.JPG
2004.04.27 22:24 B D:\www\EthanShow\2004\03\IMG_2033.JPG --> ftp.ethanshow.com /html/2004/03 IMG_2033.JPG
2004.04.27 22:24 B D:\www\EthanShow\2004\03\IMG_2033t.JPG --> ftp.ethanshow.com /html/2004/03 IMG_2033t.JPG
2004.04.27 22:24 B D:\www\EthanShow\2004\03\IMG_2034.JPG --> ftp.ethanshow.com /html/2004/03 IMG_2034.JPG
2004.04.27 22:24 B D:\www\EthanShow\2004\03\IMG_2034t.JPG --> ftp.ethanshow.com /html/2004/03 IMG_2034t.JPG
2004.04.27 22:24 B D:\www\EthanShow\2004\03\IMG_2042b.jpg --> ftp.ethanshow.com /html/2004/03 IMG_2042b.jpg
2004.04.27 22:24 B D:\www\EthanShow\2004\03\IMG_2042bt.jpg --> ftp.ethanshow.com /html/2004/03 IMG_2042bt.jpg
2004.04.27 22:55 B D:\www\EthanShow\2004\03\IMG_2045.JPG --> ftp.ethanshow.com /html/2004/03 IMG_2045.JPG
2004.04.27 22:55 B D:\www\EthanShow\2004\03\IMG_2045t.JPG --> ftp.ethanshow.com /html/2004/03 IMG_2045t.JPG
2004.04.27 22:55 B D:\www\EthanShow\2004\03\IMG_2057.JPG --> ftp.ethanshow.com /html/2004/03 IMG_2057.JPG
2004.04.27 22:55 B D:\www\EthanShow\2004\03\IMG_2057t.JPG --> ftp.ethanshow.com /html/2004/03 IMG_2057t.JPG
2004.04.27 22:55 B D:\www\EthanShow\2004\03\IMG_2062.JPG --> ftp.ethanshow.com /html/2004/03 IMG_2062.JPG
2004.04.27 22:56 B D:\www\EthanShow\2004\03\IMG_2062t.JPG --> ftp.ethanshow.com /html/2004/03 IMG_2062t.JPG
2004.04.27 22:56 B D:\www\EthanShow\2004\03\IMG_2063.JPG --> ftp.ethanshow.com /html/2004/03 IMG_2063.JPG
2004.04.27 22:56 B D:\www\EthanShow\2004\03\IMG_2063t.JPG --> ftp.ethanshow.com /html/2004/03 IMG_2063t.JPG
2004.04.27 22:56 B D:\www\EthanShow\2004\03\IMG_2065.JPG --> ftp.ethanshow.com /html/2004/03 IMG_2065.JPG
2004.04.27 22:56 B D:\www\EthanShow\2004\03\IMG_2065t.JPG --> ftp.ethanshow.com /html/2004/03 IMG_2065t.JPG
2004.04.27 22:56 B D:\www\EthanShow\2004\03\IMG_2068.JPG --> ftp.ethanshow.com /html/2004/03 IMG_2068.JPG
2004.04.27 22:57 B D:\www\EthanShow\2004\03\IMG_2068t.JPG --> ftp.ethanshow.com /html/2004/03 IMG_2068t.JPG
2004.04.27 22:57 B D:\www\EthanShow\2004\03\IMG_2075.JPG --> ftp.ethanshow.com /html/2004/03 IMG_2075.JPG
2004.04.27 22:57 B D:\www\EthanShow\2004\03\IMG_2075t.JPG --> ftp.ethanshow.com /html/2004/03 IMG_2075t.JPG
2004.04.27 22:57 B D:\www\EthanShow\2004\03\IMG_2079.JPG --> ftp.ethanshow.com /html/2004/03 IMG_2079.JPG
2004.04.27 22:57 B D:\www\EthanShow\2004\03\IMG_2079t.JPG --> ftp.ethanshow.com /html/2004/03 IMG_2079t.JPG
2004.04.27 22:59 B D:\www\EthanShow\2004\03\IMG_2080.JPG --> ftp.ethanshow.com /html/2004/03 IMG_2080.JPG
2004.04.27 22:59 B D:\www\EthanShow\2004\03\IMG_2080t.JPG --> ftp.ethanshow.com /html/2004/03 IMG_2080t.JPG
2004.04.27 22:59 B D:\www\EthanShow\2004\03\IMG_2085.JPG --> ftp.ethanshow.com /html/2004/03 IMG_2085.JPG
2004.04.27 22:59 B D:\www\EthanShow\2004\03\IMG_2085t.JPG --> ftp.ethanshow.com /html/2004/03 IMG_2085t.JPG
2004.04.27 23:00 B D:\www\EthanShow\2004\03\IMG_2087.JPG --> ftp.ethanshow.com /html/2004/03 IMG_2087.JPG
2004.04.27 23:00 B D:\www\EthanShow\2004\03\IMG_2087t.JPG --> ftp.ethanshow.com /html/2004/03 IMG_2087t.JPG
2004.04.27 23:00 B D:\www\EthanShow\2004\03\IMG_2090.JPG --> ftp.ethanshow.com /html/2004/03 IMG_2090.JPG
2004.04.27 23:00 B D:\www\EthanShow\2004\03\IMG_2090t.JPG --> ftp.ethanshow.com /html/2004/03 IMG_2090t.JPG
2004.04.27 23:00 B D:\www\EthanShow\2004\03\IMG_2092b.jpg --> ftp.ethanshow.com /html/2004/03 IMG_2092b.jpg
2004.04.27 23:00 B D:\www\EthanShow\2004\03\IMG_2092bt.jpg --> ftp.ethanshow.com /html/2004/03 IMG_2092bt.jpg
2004.04.27 23:01 B D:\www\EthanShow\2004\03\IMG_2095.JPG --> ftp.ethanshow.com /html/2004/03 IMG_2095.JPG
2004.04.27 23:01 B D:\www\EthanShow\2004\03\IMG_2095t.JPG --> ftp.ethanshow.com /html/2004/03 IMG_2095t.JPG
2004.04.27 23:01 B D:\www\EthanShow\2004\03\IMG_2103.JPG --> ftp.ethanshow.com /html/2004/03 IMG_2103.JPG
2004.04.27 23:01 B D:\www\EthanShow\2004\03\IMG_2103t.JPG --> ftp.ethanshow.com /html/2004/03 IMG_2103t.JPG
2004.04.27 23:01 B D:\www\EthanShow\2004\03\IMG_2105.JPG --> ftp.ethanshow.com /html/2004/03 IMG_2105.JPG
2004.04.27 23:01 B D:\www\EthanShow\2004\03\IMG_2105t.JPG --> ftp.ethanshow.com /html/2004/03 IMG_2105t.JPG
2004.04.27 23:01 B D:\www\EthanShow\2004\03\IMG_2111.JPG --> ftp.ethanshow.com /html/2004/03 IMG_2111.JPG
2004.04.27 23:01 B D:\www\EthanShow\2004\03\IMG_2111t.JPG --> ftp.ethanshow.com /html/2004/03 IMG_2111t.JPG
2004.04.27 23:02 B D:\www\EthanShow\2004\03\IMG_2124.JPG --> ftp.ethanshow.com /html/2004/03 IMG_2124.JPG
2004.04.27 23:02 B D:\www\EthanShow\2004\03\IMG_2124t.JPG --> ftp.ethanshow.com /html/2004/03 IMG_2124t.JPG
2004.04.27 23:02 B D:\www\EthanShow\2004\03\IMG_2127.JPG --> ftp.ethanshow.com /html/2004/03 IMG_2127.JPG
2004.04.27 23:02 B D:\www\EthanShow\2004\03\IMG_2127t.JPG --> ftp.ethanshow.com /html/2004/03 IMG_2127t.JPG
2004.04.27 23:02 B D:\www\EthanShow\2004\03\IMG_2133.JPG --> ftp.ethanshow.com /html/2004/03 IMG_2133.JPG
2004.04.27 23:02 B D:\www\EthanShow\2004\03\IMG_2133t.JPG --> ftp.ethanshow.com /html/2004/03 IMG_2133t.JPG
2004.04.27 23:02 B D:\www\EthanShow\2004\03\IMG_2146.JPG --> ftp.ethanshow.com /html/2004/03 IMG_2146.JPG
2004.04.27 23:03 B D:\www\EthanShow\2004\03\IMG_2146t.JPG --> ftp.ethanshow.com /html/2004/03 IMG_2146t.JPG
2004.04.27 23:03 B D:\www\EthanShow\2004\03\IMG_2147b.jpg --> ftp.ethanshow.com /html/2004/03 IMG_2147b.jpg
2004.04.27 23:03 B D:\www\EthanShow\2004\03\IMG_2147bt.jpg --> ftp.ethanshow.com /html/2004/03 IMG_2147bt.jpg
2004.04.27 23:03 B D:\www\EthanShow\2004\03\IMG_2149.JPG --> ftp.ethanshow.com /html/2004/03 IMG_2149.JPG
2004.04.27 23:03 B D:\www\EthanShow\2004\03\IMG_2149t.JPG --> ftp.ethanshow.com /html/2004/03 IMG_2149t.JPG
2004.04.27 23:05 B D:\www\EthanShow\2004\03\IMG_2158.JPG --> ftp.ethanshow.com /html/2004/03 IMG_2158.JPG
2004.04.27 23:05 B D:\www\EthanShow\2004\03\IMG_2158t.JPG --> ftp.ethanshow.com /html/2004/03 IMG_2158t.JPG
2004.04.27 23:46 B D:\www\EthanShow\2004\03\IMG_2162.JPG --> ftp.ethanshow.com /html/2004/03 IMG_2162.JPG
2004.04.27 23:46 B D:\www\EthanShow\2004\03\IMG_2162t.JPG --> ftp.ethanshow.com /html/2004/03 IMG_2162t.JPG
2004.04.27 23:46 B D:\www\EthanShow\2004\03\IMG_2164.JPG --> ftp.ethanshow.com /html/2004/03 IMG_2164.JPG
2004.04.27 23:46 B D:\www\EthanShow\2004\03\IMG_2164t.JPG --> ftp.ethanshow.com /html/2004/03 IMG_2164t.JPG
2004.04.27 23:46 B D:\www\EthanShow\2004\03\IMG_2166.JPG --> ftp.ethanshow.com /html/2004/03 IMG_2166.JPG
2004.04.27 23:46 B D:\www\EthanShow\2004\03\IMG_2166t.JPG --> ftp.ethanshow.com /html/2004/03 IMG_2166t.JPG
2004.04.27 23:53 B D:\www\EthanShow\2004\03\MVI_2298.AVI --> ftp.ethanshow.com /html/2004/03 MVI_2298.AVI
2004.04.27 23:53 B D:\www\EthanShow\2004\03\MVI_2298t.jpg --> ftp.ethanshow.com /html/2004/03 MVI_2298t.jpg
2004.04.27 23:55 B D:\www\EthanShow\2004\03\IMG_2174.JPG --> ftp.ethanshow.com /html/2004/03 IMG_2174.JPG
2004.04.27 23:55 B D:\www\EthanShow\2004\03\IMG_2174t.JPG --> ftp.ethanshow.com /html/2004/03 IMG_2174t.JPG
2004.04.27 23:58 B D:\www\EthanShow\2004\03\IMG_2177.JPG --> ftp.ethanshow.com /html/2004/03 IMG_2177.JPG
2004.04.27 23:58 B D:\www\EthanShow\2004\03\IMG_2177t.JPG --> ftp.ethanshow.com /html/2004/03 IMG_2177t.JPG
2004.04.27 23:58 B D:\www\EthanShow\2004\03\IMG_2181.JPG --> ftp.ethanshow.com /html/2004/03 IMG_2181.JPG
2004.04.27 23:58 B D:\www\EthanShow\2004\03\IMG_2181t.JPG --> ftp.ethanshow.com /html/2004/03 IMG_2181t.JPG
2004.04.27 23:58 B D:\www\EthanShow\2004\03\IMG_2186.JPG --> ftp.ethanshow.com /html/2004/03 IMG_2186.JPG
2004.04.27 23:58 B D:\www\EthanShow\2004\03\IMG_2186t.JPG --> ftp.ethanshow.com /html/2004/03 IMG_2186t.JPG
2004.04.27 23:58 B D:\www\EthanShow\2004\03\IMG_2195.JPG --> ftp.ethanshow.com /html/2004/03 IMG_2195.JPG
2004.04.27 23:58 B D:\www\EthanShow\2004\03\IMG_2195t.JPG --> ftp.ethanshow.com /html/2004/03 IMG_2195t.JPG
2004.04.27 23:58 B D:\www\EthanShow\2004\03\IMG_2214.JPG --> ftp.ethanshow.com /html/2004/03 IMG_2214.JPG
2004.04.27 23:58 B D:\www\EthanShow\2004\03\IMG_2214t.JPG --> ftp.ethanshow.com /html/2004/03 IMG_2214t.JPG
2004.04.27 23:59 B D:\www\EthanShow\2004\03\IMG_2219.JPG --> ftp.ethanshow.com /html/2004/03 IMG_2219.JPG
2004.04.27 23:59 B D:\www\EthanShow\2004\03\IMG_2219t.JPG --> ftp.ethanshow.com /html/2004/03 IMG_2219t.JPG
2004.04.27 23:59 B D:\www\EthanShow\2004\03\IMG_2225.JPG --> ftp.ethanshow.com /html/2004/03 IMG_2225.JPG
2004.04.27 23:59 B D:\www\EthanShow\2004\03\IMG_2225t.JPG --> ftp.ethanshow.com /html/2004/03 IMG_2225t.JPG
2004.04.27 23:59 B D:\www\EthanShow\2004\03\IMG_2253.JPG --> ftp.ethanshow.com /html/2004/03 IMG_2253.JPG
2004.04.28 00:00 B D:\www\EthanShow\2004\03\IMG_2253t.JPG --> ftp.ethanshow.com /html/2004/03 IMG_2253t.JPG
2004.04.28 00:00 B D:\www\EthanShow\2004\03\IMG_2281.JPG --> ftp.ethanshow.com /html/2004/03 IMG_2281.JPG
2004.04.28 00:00 B D:\www\EthanShow\2004\03\IMG_2281t.JPG --> ftp.ethanshow.com /html/2004/03 IMG_2281t.JPG
2004.04.28 00:00 B D:\www\EthanShow\2004\03\IMG_2282.JPG --> ftp.ethanshow.com /html/2004/03 IMG_2282.JPG
2004.04.28 00:00 B D:\www\EthanShow\2004\03\IMG_2282t.JPG --> ftp.ethanshow.com /html/2004/03 IMG_2282t.JPG
2004.04.28 00:00 B D:\www\EthanShow\2004\03\IMG_2284.JPG --> ftp.ethanshow.com /html/2004/03 IMG_2284.JPG
2004.04.28 00:00 B D:\www\EthanShow\2004\03\IMG_2284t.JPG --> ftp.ethanshow.com /html/2004/03 IMG_2284t.JPG
2004.04.28 00:00 B D:\www\EthanShow\2004\03\IMG_2288.JPG --> ftp.ethanshow.com /html/2004/03 IMG_2288.JPG
2004.04.28 00:00 B D:\www\EthanShow\2004\03\IMG_2288t.JPG --> ftp.ethanshow.com /html/2004/03 IMG_2288t.JPG
2004.04.28 00:00 B D:\www\EthanShow\2004\03\IMG_2291b.jpg --> ftp.ethanshow.com /html/2004/03 IMG_2291b.jpg
2004.04.28 00:00 B D:\www\EthanShow\2004\03\IMG_2291bt.jpg --> ftp.ethanshow.com /html/2004/03 IMG_2291bt.jpg
2004.04.28 00:00 B D:\www\EthanShow\2004\03\IMG_2294.JPG --> ftp.ethanshow.com /html/2004/03 IMG_2294.JPG
2004.04.28 00:01 B D:\www\EthanShow\2004\03\IMG_2294t.JPG --> ftp.ethanshow.com /html/2004/03 IMG_2294t.JPG
2004.04.28 00:01 B D:\www\EthanShow\2004\03\IMG_2297.JPG --> ftp.ethanshow.com /html/2004/03 IMG_2297.JPG
2004.04.28 00:01 B D:\www\EthanShow\2004\03\IMG_2297t.JPG --> ftp.ethanshow.com /html/2004/03 IMG_2297t.JPG
2004.04.28 00:01 B D:\www\EthanShow\2004\03\IMG_2299b.jpg --> ftp.ethanshow.com /html/2004/03 IMG_2299b.jpg
2004.04.28 00:01 B D:\www\EthanShow\2004\03\IMG_2299bt.jpg --> ftp.ethanshow.com /html/2004/03 IMG_2299bt.jpg
2004.04.28 00:02 B D:\www\EthanShow\2004\03\MVI_1911t.jpg --> ftp.ethanshow.com /html/2004/03 MVI_1911t.jpg
2004.04.28 00:02 B D:\www\EthanShow\2004\03\MVI_1921t.jpg --> ftp.ethanshow.com /html/2004/03 MVI_1921t.jpg
2004.04.28 00:02 B D:\www\EthanShow\2004\03\MVI_1928t.jpg --> ftp.ethanshow.com /html/2004/03 MVI_1928t.jpg
2004.04.28 00:02 B D:\www\EthanShow\2004\03\MVI_1932t.jpg --> ftp.ethanshow.com /html/2004/03 MVI_1932t.jpg
2004.04.28 00:02 B D:\www\EthanShow\2004\03\MVI_1934t.jpg --> ftp.ethanshow.com /html/2004/03 MVI_1934t.jpg
2004.04.28 00:02 B D:\www\EthanShow\2004\03\MVI_1940t.jpg --> ftp.ethanshow.com /html/2004/03 MVI_1940t.jpg
2004.04.28 00:02 B D:\www\EthanShow\2004\03\MVI_1946t.jpg --> ftp.ethanshow.com /html/2004/03 MVI_1946t.jpg
2004.04.28 00:02 B D:\www\EthanShow\2004\03\MVI_1976t.jpg --> ftp.ethanshow.com /html/2004/03 MVI_1976t.jpg
2004.04.28 00:02 B D:\www\EthanShow\2004\03\MVI_1977t.jpg --> ftp.ethanshow.com /html/2004/03 MVI_1977t.jpg
2004.04.28 00:02 B D:\www\EthanShow\2004\03\MVI_2026t.jpg --> ftp.ethanshow.com /html/2004/03 MVI_2026t.jpg
2004.04.28 00:02 B D:\www\EthanShow\2004\03\MVI_2089t.jpg --> ftp.ethanshow.com /html/2004/03 MVI_2089t.jpg
2004.04.28 00:02 B D:\www\EthanShow\2004\03\MVI_2101t.jpg --> ftp.ethanshow.com /html/2004/03 MVI_2101t.jpg
2004.04.28 00:02 B D:\www\EthanShow\2004\03\MVI_2104t.jpg --> ftp.ethanshow.com /html/2004/03 MVI_2104t.jpg
2004.04.28 00:02 B D:\www\EthanShow\2004\03\MVI_2113t.jpg --> ftp.ethanshow.com /html/2004/03 MVI_2113t.jpg
2004.04.28 00:02 B D:\www\EthanShow\2004\03\MVI_2116t.jpg --> ftp.ethanshow.com /html/2004/03 MVI_2116t.jpg
2004.04.28 00:02 B D:\www\EthanShow\2004\03\MVI_2130t.jpg --> ftp.ethanshow.com /html/2004/03 MVI_2130t.jpg
2004.04.28 00:02 B D:\www\EthanShow\2004\03\MVI_2227t.jpg --> ftp.ethanshow.com /html/2004/03 MVI_2227t.jpg
2004.04.28 00:02 B D:\www\EthanShow\2004\03\MVI_2290t.jpg --> ftp.ethanshow.com /html/2004/03 MVI_2290t.jpg
2004.04.28 00:02 B D:\www\EthanShow\2004\03\MVI_2298t.jpg --> ftp.ethanshow.com /html/2004/03 MVI_2298t.jpg
2004.04.28 00:04 B D:\www\EthanShow\2004\03\nav.htm --> ftp.ethanshow.com /html/2004/03 nav.htm
2004.04.28 00:05 B D:\www\EthanShow\2004\03\days.htm --> ftp.ethanshow.com /html/2004/03 days.htm
2004.04.28 00:05 B D:\www\EthanShow\2004\03\mar04.htm --> ftp.ethanshow.com /html/2004/03 mar04.htm
2004.04.28 00:05 B D:\www\EthanShow\2004\03\mar04a.htm --> ftp.ethanshow.com /html/2004/03 mar04a.htm
2004.04.28 00:05 B D:\www\EthanShow\2004\03\mar06.htm --> ftp.ethanshow.com /html/2004/03 mar06.htm
2004.04.28 00:05 B D:\www\EthanShow\2004\03\mar06a.htm --> ftp.ethanshow.com /html/2004/03 mar06a.htm
2004.04.28 00:05 B D:\www\EthanShow\2004\03\mar07.htm --> ftp.ethanshow.com /html/2004/03 mar07.htm
2004.04.28 00:05 B D:\www\EthanShow\2004\03\mar07a.htm --> ftp.ethanshow.com /html/2004/03 mar07a.htm
2004.04.28 00:05 B D:\www\EthanShow\2004\03\mar09.htm --> ftp.ethanshow.com /html/2004/03 mar09.htm
2004.04.28 00:05 B D:\www\EthanShow\2004\03\mar09a.htm --> ftp.ethanshow.com /html/2004/03 mar09a.htm
2004.04.28 00:05 B D:\www\EthanShow\2004\03\mar10.htm --> ftp.ethanshow.com /html/2004/03 mar10.htm
2004.04.28 00:05 B D:\www\EthanShow\2004\03\mar10a.htm --> ftp.ethanshow.com /html/2004/03 mar10a.htm
2004.04.28 00:05 B D:\www\EthanShow\2004\03\mar11.htm --> ftp.ethanshow.com /html/2004/03 mar11.htm
2004.04.28 00:05 B D:\www\EthanShow\2004\03\mar11a.htm --> ftp.ethanshow.com /html/2004/03 mar11a.htm
2004.04.28 00:05 B D:\www\EthanShow\2004\03\mar12.htm --> ftp.ethanshow.com /html/2004/03 mar12.htm
2004.04.28 00:05 B D:\www\EthanShow\2004\03\mar12a.htm --> ftp.ethanshow.com /html/2004/03 mar12a.htm
2004.04.28 00:05 B D:\www\EthanShow\2004\03\mar13.htm --> ftp.ethanshow.com /html/2004/03 mar13.htm
2004.04.28 00:05 B D:\www\EthanShow\2004\03\mar13a.htm --> ftp.ethanshow.com /html/2004/03 mar13a.htm
2004.04.28 00:05 B D:\www\EthanShow\2004\03\mar14.htm --> ftp.ethanshow.com /html/2004/03 mar14.htm
2004.04.28 00:05 B D:\www\EthanShow\2004\03\mar14a.htm --> ftp.ethanshow.com /html/2004/03 mar14a.htm
2004.04.28 00:05 B D:\www\EthanShow\2004\03\mar16.htm --> ftp.ethanshow.com /html/2004/03 mar16.htm
2004.04.28 00:05 B D:\www\EthanShow\2004\03\mar16a.htm --> ftp.ethanshow.com /html/2004/03 mar16a.htm
2004.04.28 00:05 B D:\www\EthanShow\2004\03\mar17.htm --> ftp.ethanshow.com /html/2004/03 mar17.htm
2004.04.28 00:05 B D:\www\EthanShow\2004\03\mar17a.htm --> ftp.ethanshow.com /html/2004/03 mar17a.htm
2004.04.28 00:05 B D:\www\EthanShow\2004\03\mar19.htm --> ftp.ethanshow.com /html/2004/03 mar19.htm
2004.04.28 00:05 B D:\www\EthanShow\2004\03\mar19a.htm --> ftp.ethanshow.com /html/2004/03 mar19a.htm
2004.04.28 00:05 B D:\www\EthanShow\2004\03\mar20.htm --> ftp.ethanshow.com /html/2004/03 mar20.htm
2004.04.28 00:05 B D:\www\EthanShow\2004\03\mar20a.htm --> ftp.ethanshow.com /html/2004/03 mar20a.htm
2004.04.28 00:05 B D:\www\EthanShow\2004\03\mar21.htm --> ftp.ethanshow.com /html/2004/03 mar21.htm
2004.04.28 00:05 B D:\www\EthanShow\2004\03\mar21a.htm --> ftp.ethanshow.com /html/2004/03 mar21a.htm
2004.04.28 00:05 B D:\www\EthanShow\2004\03\mar23.htm --> ftp.ethanshow.com /html/2004/03 mar23.htm
2004.04.28 00:05 B D:\www\EthanShow\2004\03\mar23a.htm --> ftp.ethanshow.com /html/2004/03 mar23a.htm
2004.04.28 00:05 B D:\www\EthanShow\2004\03\mar24.htm --> ftp.ethanshow.com /html/2004/03 mar24.htm
2004.04.28 00:05 B D:\www\EthanShow\2004\03\mar24a.htm --> ftp.ethanshow.com /html/2004/03 mar24a.htm
2004.04.28 00:05 B D:\www\EthanShow\2004\03\mar26.htm --> ftp.ethanshow.com /html/2004/03 mar26.htm
2004.04.28 00:05 B D:\www\EthanShow\2004\03\mar26a.htm --> ftp.ethanshow.com /html/2004/03 mar26a.htm
2004.04.28 00:05 B D:\www\EthanShow\2004\03\mar31.htm --> ftp.ethanshow.com /html/2004/03 mar31.htm
2004.04.28 00:05 B D:\www\EthanShow\2004\03\mar31a.htm --> ftp.ethanshow.com /html/2004/03 mar31a.htm
2004.05.01 20:26 B D:\www\EthanShow\2004\03\MVI_2290.AVI --> ftp.ethanshow.com /html/2004/03 MVI_2290.AVI
2004.05.01 20:57 B D:\www\EthanShow\2004\03\MVI_2227.AVI --> ftp.ethanshow.com /html/2004/03 MVI_2227.AVI
2004.05.01 21:20 B D:\www\EthanShow\2004\03\MVI_2113.AVI --> ftp.ethanshow.com /html/2004/03 MVI_2113.AVI
2004.05.01 21:46 B D:\www\EthanShow\2004\03\MVI_2116.AVI --> ftp.ethanshow.com /html/2004/03 MVI_2116.AVI
2004.05.01 21:59 B D:\www\EthanShow\2004\03\MVI_2130.AVI --> ftp.ethanshow.com /html/2004/03 MVI_2130.AVI
2004.05.01 22:04 B D:\www\EthanShow\2004\03\MVI_2101.AVI --> ftp.ethanshow.com /html/2004/03 MVI_2101.AVI
2004.05.01 22:34 B D:\www\EthanShow\2004\03\MVI_2104.AVI --> ftp.ethanshow.com /html/2004/03 MVI_2104.AVI
2004.05.02 08:19 B D:\www\EthanShow\2004\03\MVI_2026.AVI --> ftp.ethanshow.com /html/2004/03 MVI_2026.AVI
2004.05.02 08:22 B D:\www\EthanShow\2004\03\MVI_2089.AVI --> ftp.ethanshow.com /html/2004/03 MVI_2089.AVI
2004.05.02 08:29 B D:\www\EthanShow\2004\03\MVI_1911.AVI --> ftp.ethanshow.com /html/2004/03 MVI_1911.AVI
2004.05.02 08:34 B D:\www\EthanShow\2004\03\MVI_1921.AVI --> ftp.ethanshow.com /html/2004/03 MVI_1921.AVI
2004.05.02 08:36 B D:\www\EthanShow\2004\03\MVI_1928.AVI --> ftp.ethanshow.com /html/2004/03 MVI_1928.AVI
2004.05.02 08:39 B D:\www\EthanShow\2004\03\MVI_1932.AVI --> ftp.ethanshow.com /html/2004/03 MVI_1932.AVI
2004.05.02 08:42 B D:\www\EthanShow\2004\03\MVI_1934.AVI --> ftp.ethanshow.com /html/2004/03 MVI_1934.AVI
2004.05.02 08:47 B D:\www\EthanShow\2004\03\MVI_1940.AVI --> ftp.ethanshow.com /html/2004/03 MVI_1940.AVI
2004.05.02 08:51 B D:\www\EthanShow\2004\03\MVI_1946.AVI --> ftp.ethanshow.com /html/2004/03 MVI_1946.AVI
2004.05.02 08:58 B D:\www\EthanShow\2004\03\MVI_1976.AVI --> ftp.ethanshow.com /html/2004/03 MVI_1976.AVI
2004.05.02 09:05 B D:\www\EthanShow\2004\03\MVI_1977.AVI --> ftp.ethanshow.com /html/2004/03 MVI_1977.AVI
2004.05.02 21:28 B D:\www\EthanShow\2004\03\mar31.htm --> ftp.ethanshow.com /html/2004/03 mar31.htm
2004.05.02 21:28 B D:\www\EthanShow\2004\03\mar23.htm --> ftp.ethanshow.com /html/2004/03 mar23.htm
2004.05.02 21:28 B D:\www\EthanShow\2004\03\mar21.htm --> ftp.ethanshow.com /html/2004/03 mar21.htm
2004.05.02 21:28 B D:\www\EthanShow\2004\03\mar20.htm --> ftp.ethanshow.com /html/2004/03 mar20.htm
2004.05.02 21:28 B D:\www\EthanShow\2004\03\mar19.htm --> ftp.ethanshow.com /html/2004/03 mar19.htm
2004.05.02 21:28 B D:\www\EthanShow\2004\03\mar17.htm --> ftp.ethanshow.com /html/2004/03 mar17.htm
2004.05.02 21:28 B D:\www\EthanShow\2004\03\mar16.htm --> ftp.ethanshow.com /html/2004/03 mar16.htm
2004.05.02 21:28 B D:\www\EthanShow\2004\03\mar13.htm --> ftp.ethanshow.com /html/2004/03 mar13.htm
2004.05.02 21:28 B D:\www\EthanShow\2004\03\mar12.htm --> ftp.ethanshow.com /html/2004/03 mar12.htm
2004.05.02 21:28 B D:\www\EthanShow\2004\03\mar11.htm --> ftp.ethanshow.com /html/2004/03 mar11.htm
2004.05.02 21:28 B D:\www\EthanShow\2004\03\mar10.htm --> ftp.ethanshow.com /html/2004/03 mar10.htm
2004.05.02 21:28 B D:\www\EthanShow\2004\03\mar09.htm --> ftp.ethanshow.com /html/2004/03 mar09.htm
2004.05.02 21:28 B D:\www\EthanShow\2004\03\mar07.htm --> ftp.ethanshow.com /html/2004/03 mar07.htm
2004.05.02 21:28 B D:\www\EthanShow\2004\03\mar06.htm --> ftp.ethanshow.com /html/2004/03 mar06.htm
2004.05.02 21:28 B D:\www\EthanShow\2004\03\mar31a.htm --> ftp.ethanshow.com /html/2004/03 mar31a.htm
2004.05.02 21:28 B D:\www\EthanShow\2004\03\mar26a.htm --> ftp.ethanshow.com /html/2004/03 mar26a.htm
2004.05.02 21:28 B D:\www\EthanShow\2004\03\mar21a.htm --> ftp.ethanshow.com /html/2004/03 mar21a.htm
2004.05.02 21:28 B D:\www\EthanShow\2004\03\mar20a.htm --> ftp.ethanshow.com /html/2004/03 mar20a.htm
2004.05.02 21:28 B D:\www\EthanShow\2004\03\mar19a.htm --> ftp.ethanshow.com /html/2004/03 mar19a.htm
2004.05.02 21:28 B D:\www\EthanShow\2004\03\mar13a.htm --> ftp.ethanshow.com /html/2004/03 mar13a.htm
2004.05.02 21:28 B D:\www\EthanShow\2004\03\mar11a.htm --> ftp.ethanshow.com /html/2004/03 mar11a.htm
2004.05.02 21:28 B D:\www\EthanShow\2004\03\mar10a.htm --> ftp.ethanshow.com /html/2004/03 mar10a.htm
2004.05.02 21:29 B D:\www\EthanShow\2004\03\MVI_2101t.jpg --> ftp.ethanshow.com /html/2004/03 MVI_2101t.jpg
