2001.05.17 00:45 B E:\www\ethan\2000\02\003.jpg --> ftp.ethanshow.com /d:/html/users/ethanshowcom/html/2000/02 003.jpg
2001.05.17 00:45 B E:\www\ethan\2000\02\003t.jpg --> ftp.ethanshow.com /d:/html/users/ethanshowcom/html/2000/02 003t.jpg
2001.05.17 00:45 B E:\www\ethan\2000\02\004.jpg --> ftp.ethanshow.com /d:/html/users/ethanshowcom/html/2000/02 004.jpg
2001.05.17 00:45 B E:\www\ethan\2000\02\004t.jpg --> ftp.ethanshow.com /d:/html/users/ethanshowcom/html/2000/02 004t.jpg
2001.05.17 00:45 B E:\www\ethan\2000\02\050a.jpg --> ftp.ethanshow.com /d:/html/users/ethanshowcom/html/2000/02 050a.jpg
2001.05.17 00:45 B E:\www\ethan\2000\02\050t.jpg --> ftp.ethanshow.com /d:/html/users/ethanshowcom/html/2000/02 050t.jpg
2001.05.17 00:46 B E:\www\ethan\2000\02\052.jpg --> ftp.ethanshow.com /d:/html/users/ethanshowcom/html/2000/02 052.jpg
2001.05.17 00:46 B E:\www\ethan\2000\02\052t.jpg --> ftp.ethanshow.com /d:/html/users/ethanshowcom/html/2000/02 052t.jpg
2001.05.17 00:46 B E:\www\ethan\2000\02\054.jpg --> ftp.ethanshow.com /d:/html/users/ethanshowcom/html/2000/02 054.jpg
2001.05.17 00:46 B E:\www\ethan\2000\02\054t.jpg --> ftp.ethanshow.com /d:/html/users/ethanshowcom/html/2000/02 054t.jpg
2001.05.17 00:46 B E:\www\ethan\2000\02\056.jpg --> ftp.ethanshow.com /d:/html/users/ethanshowcom/html/2000/02 056.jpg
2001.05.17 00:46 B E:\www\ethan\2000\02\056t.jpg --> ftp.ethanshow.com /d:/html/users/ethanshowcom/html/2000/02 056t.jpg
2001.05.17 00:46 B E:\www\ethan\2000\02\057.jpg --> ftp.ethanshow.com /d:/html/users/ethanshowcom/html/2000/02 057.jpg
2001.05.17 00:46 B E:\www\ethan\2000\02\057t.jpg --> ftp.ethanshow.com /d:/html/users/ethanshowcom/html/2000/02 057t.jpg
2001.05.17 00:46 B E:\www\ethan\2000\02\059.jpg --> ftp.ethanshow.com /d:/html/users/ethanshowcom/html/2000/02 059.jpg
2001.05.17 00:46 B E:\www\ethan\2000\02\059t.jpg --> ftp.ethanshow.com /d:/html/users/ethanshowcom/html/2000/02 059t.jpg
2001.05.17 00:46 B E:\www\ethan\2000\02\062.jpg --> ftp.ethanshow.com /d:/html/users/ethanshowcom/html/2000/02 062.jpg
2001.05.17 00:46 B E:\www\ethan\2000\02\062t.jpg --> ftp.ethanshow.com /d:/html/users/ethanshowcom/html/2000/02 062t.jpg
2001.05.17 00:46 B E:\www\ethan\2000\02\063.jpg --> ftp.ethanshow.com /d:/html/users/ethanshowcom/html/2000/02 063.jpg
2001.05.17 00:46 B E:\www\ethan\2000\02\063t.jpg --> ftp.ethanshow.com /d:/html/users/ethanshowcom/html/2000/02 063t.jpg
2001.05.17 00:46 B E:\www\ethan\2000\02\064.jpg --> ftp.ethanshow.com /d:/html/users/ethanshowcom/html/2000/02 064.jpg
2001.05.17 00:46 B E:\www\ethan\2000\02\064t.jpg --> ftp.ethanshow.com /d:/html/users/ethanshowcom/html/2000/02 064t.jpg
2001.05.17 00:46 B E:\www\ethan\2000\02\065.jpg --> ftp.ethanshow.com /d:/html/users/ethanshowcom/html/2000/02 065.jpg
2001.05.17 00:46 B E:\www\ethan\2000\02\065t.jpg --> ftp.ethanshow.com /d:/html/users/ethanshowcom/html/2000/02 065t.jpg
2001.05.17 00:47 B E:\www\ethan\2000\02\068.jpg --> ftp.ethanshow.com /d:/html/users/ethanshowcom/html/2000/02 068.jpg
2001.05.17 00:47 B E:\www\ethan\2000\02\068t.jpg --> ftp.ethanshow.com /d:/html/users/ethanshowcom/html/2000/02 068t.jpg
2001.05.17 00:47 B E:\www\ethan\2000\02\069.jpg --> ftp.ethanshow.com /d:/html/users/ethanshowcom/html/2000/02 069.jpg
2001.05.17 00:47 B E:\www\ethan\2000\02\069t.jpg --> ftp.ethanshow.com /d:/html/users/ethanshowcom/html/2000/02 069t.jpg
2001.05.17 00:47 B E:\www\ethan\2000\02\070.jpg --> ftp.ethanshow.com /d:/html/users/ethanshowcom/html/2000/02 070.jpg
2001.05.17 00:47 B E:\www\ethan\2000\02\070t.jpg --> ftp.ethanshow.com /d:/html/users/ethanshowcom/html/2000/02 070t.jpg
2001.05.17 00:47 B E:\www\ethan\2000\02\071.jpg --> ftp.ethanshow.com /d:/html/users/ethanshowcom/html/2000/02 071.jpg
2001.05.17 00:47 B E:\www\ethan\2000\02\071t.jpg --> ftp.ethanshow.com /d:/html/users/ethanshowcom/html/2000/02 071t.jpg
2001.05.17 00:47 B E:\www\ethan\2000\02\072.jpg --> ftp.ethanshow.com /d:/html/users/ethanshowcom/html/2000/02 072.jpg
2001.05.17 00:47 B E:\www\ethan\2000\02\072t.jpg --> ftp.ethanshow.com /d:/html/users/ethanshowcom/html/2000/02 072t.jpg
2001.05.17 00:47 B E:\www\ethan\2000\02\073.jpg --> ftp.ethanshow.com /d:/html/users/ethanshowcom/html/2000/02 073.jpg
2001.05.17 00:47 B E:\www\ethan\2000\02\073t.jpg --> ftp.ethanshow.com /d:/html/users/ethanshowcom/html/2000/02 073t.jpg
2001.05.17 00:47 B E:\www\ethan\2000\02\074.jpg --> ftp.ethanshow.com /d:/html/users/ethanshowcom/html/2000/02 074.jpg
2001.05.17 00:47 B E:\www\ethan\2000\02\074t.jpg --> ftp.ethanshow.com /d:/html/users/ethanshowcom/html/2000/02 074t.jpg
2001.05.17 00:47 B E:\www\ethan\2000\02\101.JPG --> ftp.ethanshow.com /d:/html/users/ethanshowcom/html/2000/02 101.JPG
2001.05.17 00:48 B E:\www\ethan\2000\02\101t.jpg --> ftp.ethanshow.com /d:/html/users/ethanshowcom/html/2000/02 101t.jpg
2001.05.17 00:48 B E:\www\ethan\2000\02\102.JPG --> ftp.ethanshow.com /d:/html/users/ethanshowcom/html/2000/02 102.JPG
2001.05.17 00:48 B E:\www\ethan\2000\02\102t.jpg --> ftp.ethanshow.com /d:/html/users/ethanshowcom/html/2000/02 102t.jpg
2001.05.17 00:48 B E:\www\ethan\2000\02\107.JPG --> ftp.ethanshow.com /d:/html/users/ethanshowcom/html/2000/02 107.JPG
2001.05.17 00:48 B E:\www\ethan\2000\02\107t.jpg --> ftp.ethanshow.com /d:/html/users/ethanshowcom/html/2000/02 107t.jpg
2001.05.17 00:48 B E:\www\ethan\2000\02\108.JPG --> ftp.ethanshow.com /d:/html/users/ethanshowcom/html/2000/02 108.JPG
2001.05.17 00:48 B E:\www\ethan\2000\02\108t.jpg --> ftp.ethanshow.com /d:/html/users/ethanshowcom/html/2000/02 108t.jpg
2001.05.17 00:48 B E:\www\ethan\2000\02\109.JPG --> ftp.ethanshow.com /d:/html/users/ethanshowcom/html/2000/02 109.JPG
2001.05.17 00:48 B E:\www\ethan\2000\02\109t.jpg --> ftp.ethanshow.com /d:/html/users/ethanshowcom/html/2000/02 109t.jpg
2001.05.17 00:48 B E:\www\ethan\2000\02\110.JPG --> ftp.ethanshow.com /d:/html/users/ethanshowcom/html/2000/02 110.JPG
2001.05.17 00:48 B E:\www\ethan\2000\02\110t.jpg --> ftp.ethanshow.com /d:/html/users/ethanshowcom/html/2000/02 110t.jpg
2001.05.17 00:48 B E:\www\ethan\2000\02\112.JPG --> ftp.ethanshow.com /d:/html/users/ethanshowcom/html/2000/02 112.JPG
2001.05.17 00:48 B E:\www\ethan\2000\02\112t.jpg --> ftp.ethanshow.com /d:/html/users/ethanshowcom/html/2000/02 112t.jpg
2001.05.17 00:48 B E:\www\ethan\2000\02\113.JPG --> ftp.ethanshow.com /d:/html/users/ethanshowcom/html/2000/02 113.JPG
2001.05.17 00:48 B E:\www\ethan\2000\02\113t.jpg --> ftp.ethanshow.com /d:/html/users/ethanshowcom/html/2000/02 113t.jpg
2001.05.17 00:48 B E:\www\ethan\2000\02\114.JPG --> ftp.ethanshow.com /d:/html/users/ethanshowcom/html/2000/02 114.JPG
2001.05.17 00:48 B E:\www\ethan\2000\02\114t.jpg --> ftp.ethanshow.com /d:/html/users/ethanshowcom/html/2000/02 114t.jpg
2001.05.17 00:49 B E:\www\ethan\2000\02\116.JPG --> ftp.ethanshow.com /d:/html/users/ethanshowcom/html/2000/02 116.JPG
2001.05.17 00:49 B E:\www\ethan\2000\02\116t.jpg --> ftp.ethanshow.com /d:/html/users/ethanshowcom/html/2000/02 116t.jpg
2001.05.17 00:49 B E:\www\ethan\2000\02\121.JPG --> ftp.ethanshow.com /d:/html/users/ethanshowcom/html/2000/02 121.JPG
2001.05.17 00:49 B E:\www\ethan\2000\02\121t.jpg --> ftp.ethanshow.com /d:/html/users/ethanshowcom/html/2000/02 121t.jpg
2001.05.17 00:49 B E:\www\ethan\2000\02\123.JPG --> ftp.ethanshow.com /d:/html/users/ethanshowcom/html/2000/02 123.JPG
2001.05.17 00:49 B E:\www\ethan\2000\02\123t.jpg --> ftp.ethanshow.com /d:/html/users/ethanshowcom/html/2000/02 123t.jpg
2001.05.17 00:49 B E:\www\ethan\2000\02\125.JPG --> ftp.ethanshow.com /d:/html/users/ethanshowcom/html/2000/02 125.JPG
2001.05.17 00:49 B E:\www\ethan\2000\02\125t.jpg --> ftp.ethanshow.com /d:/html/users/ethanshowcom/html/2000/02 125t.jpg
2001.05.17 00:49 B E:\www\ethan\2000\02\126.JPG --> ftp.ethanshow.com /d:/html/users/ethanshowcom/html/2000/02 126.JPG
2001.05.17 00:49 B E:\www\ethan\2000\02\126t.jpg --> ftp.ethanshow.com /d:/html/users/ethanshowcom/html/2000/02 126t.jpg
2001.05.17 00:49 B E:\www\ethan\2000\02\127.JPG --> ftp.ethanshow.com /d:/html/users/ethanshowcom/html/2000/02 127.JPG
2001.05.17 00:49 B E:\www\ethan\2000\02\127t.jpg --> ftp.ethanshow.com /d:/html/users/ethanshowcom/html/2000/02 127t.jpg
2001.05.17 00:49 B E:\www\ethan\2000\02\129.JPG --> ftp.ethanshow.com /d:/html/users/ethanshowcom/html/2000/02 129.JPG
2001.05.17 00:49 B E:\www\ethan\2000\02\129t.jpg --> ftp.ethanshow.com /d:/html/users/ethanshowcom/html/2000/02 129t.jpg
2001.05.17 00:49 B E:\www\ethan\2000\02\131.JPG --> ftp.ethanshow.com /d:/html/users/ethanshowcom/html/2000/02 131.JPG
2001.05.17 00:49 B E:\www\ethan\2000\02\131t.jpg --> ftp.ethanshow.com /d:/html/users/ethanshowcom/html/2000/02 131t.jpg
2001.05.17 00:49 B E:\www\ethan\2000\02\132.JPG --> ftp.ethanshow.com /d:/html/users/ethanshowcom/html/2000/02 132.JPG
2001.05.17 00:50 B E:\www\ethan\2000\02\132t.jpg --> ftp.ethanshow.com /d:/html/users/ethanshowcom/html/2000/02 132t.jpg
2001.05.17 00:50 B E:\www\ethan\2000\02\136.JPG --> ftp.ethanshow.com /d:/html/users/ethanshowcom/html/2000/02 136.JPG
2001.05.17 00:50 B E:\www\ethan\2000\02\136t.jpg --> ftp.ethanshow.com /d:/html/users/ethanshowcom/html/2000/02 136t.jpg
2001.05.17 00:50 B E:\www\ethan\2000\02\138.JPG --> ftp.ethanshow.com /d:/html/users/ethanshowcom/html/2000/02 138.JPG
2001.05.17 00:50 B E:\www\ethan\2000\02\138t.jpg --> ftp.ethanshow.com /d:/html/users/ethanshowcom/html/2000/02 138t.jpg
2001.05.17 00:50 B E:\www\ethan\2000\02\141.JPG --> ftp.ethanshow.com /d:/html/users/ethanshowcom/html/2000/02 141.JPG
2001.05.17 00:50 B E:\www\ethan\2000\02\141t.jpg --> ftp.ethanshow.com /d:/html/users/ethanshowcom/html/2000/02 141t.jpg
2001.05.17 00:50 B E:\www\ethan\2000\02\146.JPG --> ftp.ethanshow.com /d:/html/users/ethanshowcom/html/2000/02 146.JPG
2001.05.17 00:50 B E:\www\ethan\2000\02\146t.jpg --> ftp.ethanshow.com /d:/html/users/ethanshowcom/html/2000/02 146t.jpg
2001.05.17 00:50 B E:\www\ethan\2000\02\148.JPG --> ftp.ethanshow.com /d:/html/users/ethanshowcom/html/2000/02 148.JPG
2001.05.17 00:50 B E:\www\ethan\2000\02\148t.jpg --> ftp.ethanshow.com /d:/html/users/ethanshowcom/html/2000/02 148t.jpg
2001.05.17 00:50 B E:\www\ethan\2000\02\151.JPG --> ftp.ethanshow.com /d:/html/users/ethanshowcom/html/2000/02 151.JPG
2001.05.17 00:50 B E:\www\ethan\2000\02\151t.jpg --> ftp.ethanshow.com /d:/html/users/ethanshowcom/html/2000/02 151t.jpg
2001.05.17 00:51 B E:\www\ethan\2000\02\200.jpg --> ftp.ethanshow.com /d:/html/users/ethanshowcom/html/2000/02 200.jpg
2001.05.17 00:51 B E:\www\ethan\2000\02\200t.jpg --> ftp.ethanshow.com /d:/html/users/ethanshowcom/html/2000/02 200t.jpg
2001.05.17 00:51 B E:\www\ethan\2000\02\201.jpg --> ftp.ethanshow.com /d:/html/users/ethanshowcom/html/2000/02 201.jpg
2001.05.17 00:51 B E:\www\ethan\2000\02\201t.jpg --> ftp.ethanshow.com /d:/html/users/ethanshowcom/html/2000/02 201t.jpg
2001.05.17 00:51 B E:\www\ethan\2000\02\203.jpg --> ftp.ethanshow.com /d:/html/users/ethanshowcom/html/2000/02 203.jpg
2001.05.17 00:51 B E:\www\ethan\2000\02\203t.jpg --> ftp.ethanshow.com /d:/html/users/ethanshowcom/html/2000/02 203t.jpg
2001.05.17 00:53 B E:\www\ethan\2000\02\205.jpg --> ftp.ethanshow.com /d:/html/users/ethanshowcom/html/2000/02 205.jpg
2001.05.17 00:53 B E:\www\ethan\2000\02\205t.jpg --> ftp.ethanshow.com /d:/html/users/ethanshowcom/html/2000/02 205t.jpg
2001.05.17 00:53 B E:\www\ethan\2000\02\210.jpg --> ftp.ethanshow.com /d:/html/users/ethanshowcom/html/2000/02 210.jpg
2001.05.17 00:53 B E:\www\ethan\2000\02\210t.jpg --> ftp.ethanshow.com /d:/html/users/ethanshowcom/html/2000/02 210t.jpg
2001.05.17 00:53 B E:\www\ethan\2000\02\211.jpg --> ftp.ethanshow.com /d:/html/users/ethanshowcom/html/2000/02 211.jpg
2001.05.17 00:54 B E:\www\ethan\2000\02\211t.jpg --> ftp.ethanshow.com /d:/html/users/ethanshowcom/html/2000/02 211t.jpg
2001.05.17 00:54 B E:\www\ethan\2000\02\213.jpg --> ftp.ethanshow.com /d:/html/users/ethanshowcom/html/2000/02 213.jpg
2001.05.17 00:54 B E:\www\ethan\2000\02\213t.jpg --> ftp.ethanshow.com /d:/html/users/ethanshowcom/html/2000/02 213t.jpg
2001.05.17 00:54 B E:\www\ethan\2000\02\214.jpg --> ftp.ethanshow.com /d:/html/users/ethanshowcom/html/2000/02 214.jpg
2001.05.17 00:54 B E:\www\ethan\2000\02\214t.jpg --> ftp.ethanshow.com /d:/html/users/ethanshowcom/html/2000/02 214t.jpg
2001.05.17 00:54 B E:\www\ethan\2000\02\218.jpg --> ftp.ethanshow.com /d:/html/users/ethanshowcom/html/2000/02 218.jpg
2001.05.17 00:54 B E:\www\ethan\2000\02\218t.jpg --> ftp.ethanshow.com /d:/html/users/ethanshowcom/html/2000/02 218t.jpg
2001.05.17 00:54 B E:\www\ethan\2000\02\219.jpg --> ftp.ethanshow.com /d:/html/users/ethanshowcom/html/2000/02 219.jpg
2001.05.17 00:54 B E:\www\ethan\2000\02\219t.jpg --> ftp.ethanshow.com /d:/html/users/ethanshowcom/html/2000/02 219t.jpg
2001.05.17 00:54 B E:\www\ethan\2000\02\220.jpg --> ftp.ethanshow.com /d:/html/users/ethanshowcom/html/2000/02 220.jpg
2001.05.17 00:54 B E:\www\ethan\2000\02\220t.jpg --> ftp.ethanshow.com /d:/html/users/ethanshowcom/html/2000/02 220t.jpg
2001.05.17 00:54 B E:\www\ethan\2000\02\221.jpg --> ftp.ethanshow.com /d:/html/users/ethanshowcom/html/2000/02 221.jpg
2001.05.17 00:54 B E:\www\ethan\2000\02\221t.jpg --> ftp.ethanshow.com /d:/html/users/ethanshowcom/html/2000/02 221t.jpg
2001.05.17 00:54 B E:\www\ethan\2000\02\226.jpg --> ftp.ethanshow.com /d:/html/users/ethanshowcom/html/2000/02 226.jpg
2001.05.17 00:54 B E:\www\ethan\2000\02\226t.jpg --> ftp.ethanshow.com /d:/html/users/ethanshowcom/html/2000/02 226t.jpg
2001.05.17 00:55 B E:\www\ethan\2000\02\227.jpg --> ftp.ethanshow.com /d:/html/users/ethanshowcom/html/2000/02 227.jpg
2001.05.17 00:55 B E:\www\ethan\2000\02\227t.jpg --> ftp.ethanshow.com /d:/html/users/ethanshowcom/html/2000/02 227t.jpg
2001.05.17 00:55 B E:\www\ethan\2000\02\228.jpg --> ftp.ethanshow.com /d:/html/users/ethanshowcom/html/2000/02 228.jpg
2001.05.17 00:55 B E:\www\ethan\2000\02\228t.jpg --> ftp.ethanshow.com /d:/html/users/ethanshowcom/html/2000/02 228t.jpg
2001.05.17 00:55 B E:\www\ethan\2000\02\229.jpg --> ftp.ethanshow.com /d:/html/users/ethanshowcom/html/2000/02 229.jpg
2001.05.17 00:55 B E:\www\ethan\2000\02\229t.jpg --> ftp.ethanshow.com /d:/html/users/ethanshowcom/html/2000/02 229t.jpg
2001.05.17 00:55 B E:\www\ethan\2000\02\230.jpg --> ftp.ethanshow.com /d:/html/users/ethanshowcom/html/2000/02 230.jpg
2001.05.17 00:55 B E:\www\ethan\2000\02\230t.jpg --> ftp.ethanshow.com /d:/html/users/ethanshowcom/html/2000/02 230t.jpg
2001.05.17 00:55 B E:\www\ethan\2000\02\231.jpg --> ftp.ethanshow.com /d:/html/users/ethanshowcom/html/2000/02 231.jpg
2001.05.17 00:55 B E:\www\ethan\2000\02\231t.jpg --> ftp.ethanshow.com /d:/html/users/ethanshowcom/html/2000/02 231t.jpg
2001.05.17 00:55 B E:\www\ethan\2000\02\232.jpg --> ftp.ethanshow.com /d:/html/users/ethanshowcom/html/2000/02 232.jpg
2001.05.17 00:55 B E:\www\ethan\2000\02\232t.jpg --> ftp.ethanshow.com /d:/html/users/ethanshowcom/html/2000/02 232t.jpg
2001.05.17 00:55 B E:\www\ethan\2000\02\233a.jpg --> ftp.ethanshow.com /d:/html/users/ethanshowcom/html/2000/02 233a.jpg
2001.05.17 00:55 B E:\www\ethan\2000\02\233t.jpg --> ftp.ethanshow.com /d:/html/users/ethanshowcom/html/2000/02 233t.jpg
2001.05.17 00:56 B E:\www\ethan\2000\02\234.jpg --> ftp.ethanshow.com /d:/html/users/ethanshowcom/html/2000/02 234.jpg
2001.05.17 00:56 B E:\www\ethan\2000\02\234t.jpg --> ftp.ethanshow.com /d:/html/users/ethanshowcom/html/2000/02 234t.jpg
2001.05.17 00:56 B E:\www\ethan\2000\02\235.jpg --> ftp.ethanshow.com /d:/html/users/ethanshowcom/html/2000/02 235.jpg
2001.05.17 00:56 B E:\www\ethan\2000\02\235t.jpg --> ftp.ethanshow.com /d:/html/users/ethanshowcom/html/2000/02 235t.jpg
2001.05.17 00:56 B E:\www\ethan\2000\02\236.jpg --> ftp.ethanshow.com /d:/html/users/ethanshowcom/html/2000/02 236.jpg
2001.05.17 00:56 B E:\www\ethan\2000\02\236t.jpg --> ftp.ethanshow.com /d:/html/users/ethanshowcom/html/2000/02 236t.jpg
2001.05.17 00:56 B E:\www\ethan\2000\02\239.jpg --> ftp.ethanshow.com /d:/html/users/ethanshowcom/html/2000/02 239.jpg
2001.05.17 00:56 B E:\www\ethan\2000\02\239t.jpg --> ftp.ethanshow.com /d:/html/users/ethanshowcom/html/2000/02 239t.jpg
2001.05.17 00:56 B E:\www\ethan\2000\02\240.jpg --> ftp.ethanshow.com /d:/html/users/ethanshowcom/html/2000/02 240.jpg
2001.05.17 00:56 B E:\www\ethan\2000\02\240t.jpg --> ftp.ethanshow.com /d:/html/users/ethanshowcom/html/2000/02 240t.jpg
2001.05.17 00:56 B E:\www\ethan\2000\02\241.jpg --> ftp.ethanshow.com /d:/html/users/ethanshowcom/html/2000/02 241.jpg
2001.05.17 00:56 B E:\www\ethan\2000\02\241t.jpg --> ftp.ethanshow.com /d:/html/users/ethanshowcom/html/2000/02 241t.jpg
2001.05.17 00:56 B E:\www\ethan\2000\02\242.jpg --> ftp.ethanshow.com /d:/html/users/ethanshowcom/html/2000/02 242.jpg
2001.05.17 00:56 B E:\www\ethan\2000\02\242t.jpg --> ftp.ethanshow.com /d:/html/users/ethanshowcom/html/2000/02 242t.jpg
2001.05.17 00:56 B E:\www\ethan\2000\02\243.jpg --> ftp.ethanshow.com /d:/html/users/ethanshowcom/html/2000/02 243.jpg
2001.05.17 00:56 B E:\www\ethan\2000\02\243t.jpg --> ftp.ethanshow.com /d:/html/users/ethanshowcom/html/2000/02 243t.jpg
2001.05.17 00:56 B E:\www\ethan\2000\02\247.jpg --> ftp.ethanshow.com /d:/html/users/ethanshowcom/html/2000/02 247.jpg
2001.05.17 00:57 B E:\www\ethan\2000\02\247t.jpg --> ftp.ethanshow.com /d:/html/users/ethanshowcom/html/2000/02 247t.jpg
2001.05.17 00:57 B E:\www\ethan\2000\02\250.jpg --> ftp.ethanshow.com /d:/html/users/ethanshowcom/html/2000/02 250.jpg
2001.05.17 00:57 B E:\www\ethan\2000\02\250t.jpg --> ftp.ethanshow.com /d:/html/users/ethanshowcom/html/2000/02 250t.jpg
2001.05.17 00:57 B E:\www\ethan\2000\02\251.jpg --> ftp.ethanshow.com /d:/html/users/ethanshowcom/html/2000/02 251.jpg
2001.05.17 00:57 B E:\www\ethan\2000\02\251t.jpg --> ftp.ethanshow.com /d:/html/users/ethanshowcom/html/2000/02 251t.jpg
2001.05.17 00:57 B E:\www\ethan\2000\02\253.jpg --> ftp.ethanshow.com /d:/html/users/ethanshowcom/html/2000/02 253.jpg
2001.05.17 00:57 B E:\www\ethan\2000\02\253t.jpg --> ftp.ethanshow.com /d:/html/users/ethanshowcom/html/2000/02 253t.jpg
2001.05.17 00:57 B E:\www\ethan\2000\02\256.jpg --> ftp.ethanshow.com /d:/html/users/ethanshowcom/html/2000/02 256.jpg
2001.05.17 00:57 B E:\www\ethan\2000\02\256t.jpg --> ftp.ethanshow.com /d:/html/users/ethanshowcom/html/2000/02 256t.jpg
2001.05.17 00:57 B E:\www\ethan\2000\02\265.jpg --> ftp.ethanshow.com /d:/html/users/ethanshowcom/html/2000/02 265.jpg
2001.05.17 00:57 B E:\www\ethan\2000\02\265t.jpg --> ftp.ethanshow.com /d:/html/users/ethanshowcom/html/2000/02 265t.jpg
2001.05.17 00:57 B E:\www\ethan\2000\02\266.jpg --> ftp.ethanshow.com /d:/html/users/ethanshowcom/html/2000/02 266.jpg
2001.05.17 00:57 B E:\www\ethan\2000\02\266t.jpg --> ftp.ethanshow.com /d:/html/users/ethanshowcom/html/2000/02 266t.jpg
2001.05.17 00:57 B E:\www\ethan\2000\02\267.jpg --> ftp.ethanshow.com /d:/html/users/ethanshowcom/html/2000/02 267.jpg
2001.05.17 00:57 B E:\www\ethan\2000\02\267t.jpg --> ftp.ethanshow.com /d:/html/users/ethanshowcom/html/2000/02 267t.jpg
2001.05.17 00:57 B E:\www\ethan\2000\02\271.jpg --> ftp.ethanshow.com /d:/html/users/ethanshowcom/html/2000/02 271.jpg
2001.05.17 00:57 B E:\www\ethan\2000\02\271t.jpg --> ftp.ethanshow.com /d:/html/users/ethanshowcom/html/2000/02 271t.jpg
2001.05.17 00:57 B E:\www\ethan\2000\02\272.jpg --> ftp.ethanshow.com /d:/html/users/ethanshowcom/html/2000/02 272.jpg
2001.05.17 00:57 B E:\www\ethan\2000\02\272t.jpg --> ftp.ethanshow.com /d:/html/users/ethanshowcom/html/2000/02 272t.jpg
2001.05.17 00:58 B E:\www\ethan\2000\02\273.jpg --> ftp.ethanshow.com /d:/html/users/ethanshowcom/html/2000/02 273.jpg
2001.05.17 00:58 B E:\www\ethan\2000\02\273t.jpg --> ftp.ethanshow.com /d:/html/users/ethanshowcom/html/2000/02 273t.jpg
2001.05.17 00:58 B E:\www\ethan\2000\02\277.jpg --> ftp.ethanshow.com /d:/html/users/ethanshowcom/html/2000/02 277.jpg
2001.05.17 00:58 B E:\www\ethan\2000\02\277t.jpg --> ftp.ethanshow.com /d:/html/users/ethanshowcom/html/2000/02 277t.jpg
2001.05.17 00:58 B E:\www\ethan\2000\02\278.jpg --> ftp.ethanshow.com /d:/html/users/ethanshowcom/html/2000/02 278.jpg
2001.05.17 00:58 B E:\www\ethan\2000\02\278t.jpg --> ftp.ethanshow.com /d:/html/users/ethanshowcom/html/2000/02 278t.jpg
2001.05.17 00:58 B E:\www\ethan\2000\02\279.jpg --> ftp.ethanshow.com /d:/html/users/ethanshowcom/html/2000/02 279.jpg
2001.05.17 00:58 B E:\www\ethan\2000\02\279t.jpg --> ftp.ethanshow.com /d:/html/users/ethanshowcom/html/2000/02 279t.jpg
2001.05.17 00:58 B E:\www\ethan\2000\02\280.jpg --> ftp.ethanshow.com /d:/html/users/ethanshowcom/html/2000/02 280.jpg
2001.05.17 00:58 B E:\www\ethan\2000\02\280t.jpg --> ftp.ethanshow.com /d:/html/users/ethanshowcom/html/2000/02 280t.jpg
2001.05.17 00:58 B E:\www\ethan\2000\02\281.jpg --> ftp.ethanshow.com /d:/html/users/ethanshowcom/html/2000/02 281.jpg
2001.05.17 00:58 B E:\www\ethan\2000\02\281t.jpg --> ftp.ethanshow.com /d:/html/users/ethanshowcom/html/2000/02 281t.jpg
2001.05.17 00:58 B E:\www\ethan\2000\02\282.jpg --> ftp.ethanshow.com /d:/html/users/ethanshowcom/html/2000/02 282.jpg
2001.05.17 00:58 B E:\www\ethan\2000\02\282t.jpg --> ftp.ethanshow.com /d:/html/users/ethanshowcom/html/2000/02 282t.jpg
2001.05.17 00:59 B E:\www\ethan\2000\02\283.jpg --> ftp.ethanshow.com /d:/html/users/ethanshowcom/html/2000/02 283.jpg
2001.05.17 00:59 B E:\www\ethan\2000\02\283t.jpg --> ftp.ethanshow.com /d:/html/users/ethanshowcom/html/2000/02 283t.jpg
2001.05.17 00:59 B E:\www\ethan\2000\02\302.jpg --> ftp.ethanshow.com /d:/html/users/ethanshowcom/html/2000/02 302.jpg
2001.05.17 00:59 B E:\www\ethan\2000\02\302t.jpg --> ftp.ethanshow.com /d:/html/users/ethanshowcom/html/2000/02 302t.jpg
2001.05.17 00:59 B E:\www\ethan\2000\02\303.jpg --> ftp.ethanshow.com /d:/html/users/ethanshowcom/html/2000/02 303.jpg
2001.05.17 00:59 B E:\www\ethan\2000\02\303t.jpg --> ftp.ethanshow.com /d:/html/users/ethanshowcom/html/2000/02 303t.jpg
2001.05.17 00:59 B E:\www\ethan\2000\02\days.htm --> ftp.ethanshow.com /d:/html/users/ethanshowcom/html/2000/02 days.htm
2001.05.17 00:59 B E:\www\ethan\2000\02\feb01.htm --> ftp.ethanshow.com /d:/html/users/ethanshowcom/html/2000/02 feb01.htm
2001.05.17 00:59 B E:\www\ethan\2000\02\feb01a.htm --> ftp.ethanshow.com /d:/html/users/ethanshowcom/html/2000/02 feb01a.htm
2001.05.17 00:59 B E:\www\ethan\2000\02\feb02.htm --> ftp.ethanshow.com /d:/html/users/ethanshowcom/html/2000/02 feb02.htm
2001.05.17 00:59 B E:\www\ethan\2000\02\feb03.htm --> ftp.ethanshow.com /d:/html/users/ethanshowcom/html/2000/02 feb03.htm
2001.05.17 00:59 B E:\www\ethan\2000\02\feb03a.htm --> ftp.ethanshow.com /d:/html/users/ethanshowcom/html/2000/02 feb03a.htm
2001.05.17 00:59 B E:\www\ethan\2000\02\feb04.htm --> ftp.ethanshow.com /d:/html/users/ethanshowcom/html/2000/02 feb04.htm
2001.05.17 00:59 B E:\www\ethan\2000\02\feb04a.htm --> ftp.ethanshow.com /d:/html/users/ethanshowcom/html/2000/02 feb04a.htm
2001.05.17 00:59 B E:\www\ethan\2000\02\feb05.htm --> ftp.ethanshow.com /d:/html/users/ethanshowcom/html/2000/02 feb05.htm
2001.05.17 00:59 B E:\www\ethan\2000\02\feb05a.htm --> ftp.ethanshow.com /d:/html/users/ethanshowcom/html/2000/02 feb05a.htm
2001.05.17 00:59 B E:\www\ethan\2000\02\feb07.htm --> ftp.ethanshow.com /d:/html/users/ethanshowcom/html/2000/02 feb07.htm
2001.05.17 00:59 B E:\www\ethan\2000\02\feb07a.htm --> ftp.ethanshow.com /d:/html/users/ethanshowcom/html/2000/02 feb07a.htm
2001.05.17 00:59 B E:\www\ethan\2000\02\feb08.htm --> ftp.ethanshow.com /d:/html/users/ethanshowcom/html/2000/02 feb08.htm
2001.05.17 00:59 B E:\www\ethan\2000\02\feb08a.htm --> ftp.ethanshow.com /d:/html/users/ethanshowcom/html/2000/02 feb08a.htm
2001.05.17 00:59 B E:\www\ethan\2000\02\feb09.htm --> ftp.ethanshow.com /d:/html/users/ethanshowcom/html/2000/02 feb09.htm
2001.05.17 00:59 B E:\www\ethan\2000\02\feb09a.htm --> ftp.ethanshow.com /d:/html/users/ethanshowcom/html/2000/02 feb09a.htm
2001.05.17 00:59 B E:\www\ethan\2000\02\feb10.htm --> ftp.ethanshow.com /d:/html/users/ethanshowcom/html/2000/02 feb10.htm
2001.05.17 00:59 B E:\www\ethan\2000\02\feb10a.htm --> ftp.ethanshow.com /d:/html/users/ethanshowcom/html/2000/02 feb10a.htm
2001.05.17 00:59 B E:\www\ethan\2000\02\feb11.htm --> ftp.ethanshow.com /d:/html/users/ethanshowcom/html/2000/02 feb11.htm
2001.05.17 00:59 B E:\www\ethan\2000\02\feb11a.htm --> ftp.ethanshow.com /d:/html/users/ethanshowcom/html/2000/02 feb11a.htm
2001.05.17 00:59 B E:\www\ethan\2000\02\feb12.htm --> ftp.ethanshow.com /d:/html/users/ethanshowcom/html/2000/02 feb12.htm
2001.05.17 00:59 B E:\www\ethan\2000\02\feb12a.htm --> ftp.ethanshow.com /d:/html/users/ethanshowcom/html/2000/02 feb12a.htm
2001.05.17 00:59 B E:\www\ethan\2000\02\feb13.htm --> ftp.ethanshow.com /d:/html/users/ethanshowcom/html/2000/02 feb13.htm
2001.05.17 00:59 B E:\www\ethan\2000\02\feb13a.htm --> ftp.ethanshow.com /d:/html/users/ethanshowcom/html/2000/02 feb13a.htm
2001.05.17 00:59 B E:\www\ethan\2000\02\feb14.htm --> ftp.ethanshow.com /d:/html/users/ethanshowcom/html/2000/02 feb14.htm
2001.05.17 00:59 B E:\www\ethan\2000\02\feb14a.htm --> ftp.ethanshow.com /d:/html/users/ethanshowcom/html/2000/02 feb14a.htm
2001.05.17 00:59 B E:\www\ethan\2000\02\feb15.htm --> ftp.ethanshow.com /d:/html/users/ethanshowcom/html/2000/02 feb15.htm
2001.05.17 00:59 B E:\www\ethan\2000\02\feb15a.htm --> ftp.ethanshow.com /d:/html/users/ethanshowcom/html/2000/02 feb15a.htm
2001.05.17 00:59 B E:\www\ethan\2000\02\feb16.htm --> ftp.ethanshow.com /d:/html/users/ethanshowcom/html/2000/02 feb16.htm
2001.05.17 01:00 B E:\www\ethan\2000\02\feb16a.htm --> ftp.ethanshow.com /d:/html/users/ethanshowcom/html/2000/02 feb16a.htm
2001.05.17 01:00 B E:\www\ethan\2000\02\feb17.htm --> ftp.ethanshow.com /d:/html/users/ethanshowcom/html/2000/02 feb17.htm
2001.05.17 01:00 B E:\www\ethan\2000\02\feb17a.htm --> ftp.ethanshow.com /d:/html/users/ethanshowcom/html/2000/02 feb17a.htm
2001.05.17 01:00 B E:\www\ethan\2000\02\feb18.htm --> ftp.ethanshow.com /d:/html/users/ethanshowcom/html/2000/02 feb18.htm
2001.05.17 01:00 B E:\www\ethan\2000\02\feb18a.htm --> ftp.ethanshow.com /d:/html/users/ethanshowcom/html/2000/02 feb18a.htm
2001.05.17 01:00 B E:\www\ethan\2000\02\feb19.htm --> ftp.ethanshow.com /d:/html/users/ethanshowcom/html/2000/02 feb19.htm
2001.05.17 01:00 B E:\www\ethan\2000\02\feb19a.htm --> ftp.ethanshow.com /d:/html/users/ethanshowcom/html/2000/02 feb19a.htm
2001.05.17 01:00 B E:\www\ethan\2000\02\feb20.htm --> ftp.ethanshow.com /d:/html/users/ethanshowcom/html/2000/02 feb20.htm
2001.05.17 01:00 B E:\www\ethan\2000\02\feb20a.htm --> ftp.ethanshow.com /d:/html/users/ethanshowcom/html/2000/02 feb20a.htm
2001.05.17 01:00 B E:\www\ethan\2000\02\feb21.htm --> ftp.ethanshow.com /d:/html/users/ethanshowcom/html/2000/02 feb21.htm
2001.05.17 01:00 B E:\www\ethan\2000\02\feb21a.htm --> ftp.ethanshow.com /d:/html/users/ethanshowcom/html/2000/02 feb21a.htm
2001.05.17 01:00 B E:\www\ethan\2000\02\feb22.htm --> ftp.ethanshow.com /d:/html/users/ethanshowcom/html/2000/02 feb22.htm
2001.05.17 01:00 B E:\www\ethan\2000\02\feb22a.htm --> ftp.ethanshow.com /d:/html/users/ethanshowcom/html/2000/02 feb22a.htm
2001.05.17 01:00 B E:\www\ethan\2000\02\feb23.htm --> ftp.ethanshow.com /d:/html/users/ethanshowcom/html/2000/02 feb23.htm
2001.05.17 01:00 B E:\www\ethan\2000\02\feb23a.htm --> ftp.ethanshow.com /d:/html/users/ethanshowcom/html/2000/02 feb23a.htm
2001.05.17 01:00 B E:\www\ethan\2000\02\feb24.htm --> ftp.ethanshow.com /d:/html/users/ethanshowcom/html/2000/02 feb24.htm
2001.05.17 01:00 B E:\www\ethan\2000\02\feb24a.htm --> ftp.ethanshow.com /d:/html/users/ethanshowcom/html/2000/02 feb24a.htm
2001.05.17 01:00 B E:\www\ethan\2000\02\feb25.htm --> ftp.ethanshow.com /d:/html/users/ethanshowcom/html/2000/02 feb25.htm
2001.05.17 01:00 B E:\www\ethan\2000\02\feb25a.htm --> ftp.ethanshow.com /d:/html/users/ethanshowcom/html/2000/02 feb25a.htm
2001.05.17 01:00 B E:\www\ethan\2000\02\feb27.htm --> ftp.ethanshow.com /d:/html/users/ethanshowcom/html/2000/02 feb27.htm
2001.05.17 01:00 B E:\www\ethan\2000\02\feb27a.htm --> ftp.ethanshow.com /d:/html/users/ethanshowcom/html/2000/02 feb27a.htm
2001.05.17 01:00 B E:\www\ethan\2000\02\N2TX.GIF --> ftp.ethanshow.com /d:/html/users/ethanshowcom/html/2000/02 N2TX.GIF
2001.05.17 01:00 B E:\www\ethan\2000\02\N2TX.JPG --> ftp.ethanshow.com /d:/html/users/ethanshowcom/html/2000/02 N2TX.JPG
2001.05.17 01:00 B E:\www\ethan\2000\02\nav.htm --> ftp.ethanshow.com /d:/html/users/ethanshowcom/html/2000/02 nav.htm
