2001.05.16 23:09 B E:\www\ethan\2001\03\days.htm --> ftp.ethanshow.com /d:/html/users/ethanshowcom/html/2001/03 days.htm
2001.05.16 23:09 B E:\www\ethan\2001\03\days.htm~ --> ftp.ethanshow.com /d:/html/users/ethanshowcom/html/2001/03 days.htm~
2001.05.16 23:10 B E:\www\ethan\2001\03\IMG_0401.JPG --> ftp.ethanshow.com /d:/html/users/ethanshowcom/html/2001/03 IMG_0401.JPG
2001.05.16 23:10 B E:\www\ethan\2001\03\Img_0401t.jpg --> ftp.ethanshow.com /d:/html/users/ethanshowcom/html/2001/03 Img_0401t.jpg
2001.05.16 23:10 B E:\www\ethan\2001\03\IMG_0403.JPG --> ftp.ethanshow.com /d:/html/users/ethanshowcom/html/2001/03 IMG_0403.JPG
2001.05.16 23:10 B E:\www\ethan\2001\03\Img_0403t.jpg --> ftp.ethanshow.com /d:/html/users/ethanshowcom/html/2001/03 Img_0403t.jpg
2001.05.16 23:10 B E:\www\ethan\2001\03\IMG_0410.JPG --> ftp.ethanshow.com /d:/html/users/ethanshowcom/html/2001/03 IMG_0410.JPG
2001.05.16 23:10 B E:\www\ethan\2001\03\Img_0410t.jpg --> ftp.ethanshow.com /d:/html/users/ethanshowcom/html/2001/03 Img_0410t.jpg
2001.05.16 23:10 B E:\www\ethan\2001\03\IMG_0411.JPG --> ftp.ethanshow.com /d:/html/users/ethanshowcom/html/2001/03 IMG_0411.JPG
2001.05.16 23:10 B E:\www\ethan\2001\03\Img_0411t.jpg --> ftp.ethanshow.com /d:/html/users/ethanshowcom/html/2001/03 Img_0411t.jpg
2001.05.16 23:10 B E:\www\ethan\2001\03\IMG_0412.JPG --> ftp.ethanshow.com /d:/html/users/ethanshowcom/html/2001/03 IMG_0412.JPG
2001.05.16 23:11 B E:\www\ethan\2001\03\Img_0412t.jpg --> ftp.ethanshow.com /d:/html/users/ethanshowcom/html/2001/03 Img_0412t.jpg
2001.05.16 23:11 B E:\www\ethan\2001\03\IMG_0413.JPG --> ftp.ethanshow.com /d:/html/users/ethanshowcom/html/2001/03 IMG_0413.JPG
2001.05.16 23:11 B E:\www\ethan\2001\03\Img_0413t.jpg --> ftp.ethanshow.com /d:/html/users/ethanshowcom/html/2001/03 Img_0413t.jpg
2001.05.16 23:11 B E:\www\ethan\2001\03\IMG_0419.JPG --> ftp.ethanshow.com /d:/html/users/ethanshowcom/html/2001/03 IMG_0419.JPG
2001.05.16 23:11 B E:\www\ethan\2001\03\Img_0419t.jpg --> ftp.ethanshow.com /d:/html/users/ethanshowcom/html/2001/03 Img_0419t.jpg
2001.05.16 23:11 B E:\www\ethan\2001\03\IMG_0421.JPG --> ftp.ethanshow.com /d:/html/users/ethanshowcom/html/2001/03 IMG_0421.JPG
2001.05.16 23:11 B E:\www\ethan\2001\03\Img_0421t.jpg --> ftp.ethanshow.com /d:/html/users/ethanshowcom/html/2001/03 Img_0421t.jpg
2001.05.16 23:11 B E:\www\ethan\2001\03\IMG_0427.JPG --> ftp.ethanshow.com /d:/html/users/ethanshowcom/html/2001/03 IMG_0427.JPG
2001.05.16 23:11 B E:\www\ethan\2001\03\Img_0427t.jpg --> ftp.ethanshow.com /d:/html/users/ethanshowcom/html/2001/03 Img_0427t.jpg
2001.05.16 23:11 B E:\www\ethan\2001\03\IMG_0432.JPG --> ftp.ethanshow.com /d:/html/users/ethanshowcom/html/2001/03 IMG_0432.JPG
2001.05.16 23:11 B E:\www\ethan\2001\03\Img_0432t.jpg --> ftp.ethanshow.com /d:/html/users/ethanshowcom/html/2001/03 Img_0432t.jpg
2001.05.16 23:12 B E:\www\ethan\2001\03\IMG_0434.JPG --> ftp.ethanshow.com /d:/html/users/ethanshowcom/html/2001/03 IMG_0434.JPG
2001.05.16 23:12 B E:\www\ethan\2001\03\Img_0434t.jpg --> ftp.ethanshow.com /d:/html/users/ethanshowcom/html/2001/03 Img_0434t.jpg
2001.05.16 23:12 B E:\www\ethan\2001\03\IMG_0436.JPG --> ftp.ethanshow.com /d:/html/users/ethanshowcom/html/2001/03 IMG_0436.JPG
2001.05.16 23:12 B E:\www\ethan\2001\03\Img_0436t.jpg --> ftp.ethanshow.com /d:/html/users/ethanshowcom/html/2001/03 Img_0436t.jpg
2001.05.16 23:12 B E:\www\ethan\2001\03\IMG_0440.JPG --> ftp.ethanshow.com /d:/html/users/ethanshowcom/html/2001/03 IMG_0440.JPG
2001.05.16 23:12 B E:\www\ethan\2001\03\Img_0440t.jpg --> ftp.ethanshow.com /d:/html/users/ethanshowcom/html/2001/03 Img_0440t.jpg
2001.05.16 23:12 B E:\www\ethan\2001\03\IMG_0443.JPG --> ftp.ethanshow.com /d:/html/users/ethanshowcom/html/2001/03 IMG_0443.JPG
2001.05.16 23:12 B E:\www\ethan\2001\03\Img_0443t.jpg --> ftp.ethanshow.com /d:/html/users/ethanshowcom/html/2001/03 Img_0443t.jpg
2001.05.16 23:12 B E:\www\ethan\2001\03\IMG_0447.JPG --> ftp.ethanshow.com /d:/html/users/ethanshowcom/html/2001/03 IMG_0447.JPG
2001.05.16 23:12 B E:\www\ethan\2001\03\Img_0447t.jpg --> ftp.ethanshow.com /d:/html/users/ethanshowcom/html/2001/03 Img_0447t.jpg
2001.05.16 23:13 B E:\www\ethan\2001\03\IMG_0449.JPG --> ftp.ethanshow.com /d:/html/users/ethanshowcom/html/2001/03 IMG_0449.JPG
2001.05.16 23:13 B E:\www\ethan\2001\03\Img_0449t.jpg --> ftp.ethanshow.com /d:/html/users/ethanshowcom/html/2001/03 Img_0449t.jpg
2001.05.16 23:13 B E:\www\ethan\2001\03\IMG_0451.JPG --> ftp.ethanshow.com /d:/html/users/ethanshowcom/html/2001/03 IMG_0451.JPG
2001.05.16 23:13 B E:\www\ethan\2001\03\Img_0451t.jpg --> ftp.ethanshow.com /d:/html/users/ethanshowcom/html/2001/03 Img_0451t.jpg
2001.05.16 23:13 B E:\www\ethan\2001\03\IMG_0453.JPG --> ftp.ethanshow.com /d:/html/users/ethanshowcom/html/2001/03 IMG_0453.JPG
2001.05.16 23:13 B E:\www\ethan\2001\03\Img_0453t.jpg --> ftp.ethanshow.com /d:/html/users/ethanshowcom/html/2001/03 Img_0453t.jpg
2001.05.16 23:13 B E:\www\ethan\2001\03\IMG_0457.JPG --> ftp.ethanshow.com /d:/html/users/ethanshowcom/html/2001/03 IMG_0457.JPG
2001.05.16 23:13 B E:\www\ethan\2001\03\Img_0457t.jpg --> ftp.ethanshow.com /d:/html/users/ethanshowcom/html/2001/03 Img_0457t.jpg
2001.05.16 23:13 B E:\www\ethan\2001\03\IMG_0458.JPG --> ftp.ethanshow.com /d:/html/users/ethanshowcom/html/2001/03 IMG_0458.JPG
2001.05.16 23:13 B E:\www\ethan\2001\03\Img_0458t.jpg --> ftp.ethanshow.com /d:/html/users/ethanshowcom/html/2001/03 Img_0458t.jpg
2001.05.16 23:14 B E:\www\ethan\2001\03\IMG_0459.JPG --> ftp.ethanshow.com /d:/html/users/ethanshowcom/html/2001/03 IMG_0459.JPG
2001.05.16 23:14 B E:\www\ethan\2001\03\Img_0459t.jpg --> ftp.ethanshow.com /d:/html/users/ethanshowcom/html/2001/03 Img_0459t.jpg
2001.05.16 23:14 B E:\www\ethan\2001\03\IMG_0461.JPG --> ftp.ethanshow.com /d:/html/users/ethanshowcom/html/2001/03 IMG_0461.JPG
2001.05.16 23:14 B E:\www\ethan\2001\03\Img_0461t.jpg --> ftp.ethanshow.com /d:/html/users/ethanshowcom/html/2001/03 Img_0461t.jpg
2001.05.16 23:14 B E:\www\ethan\2001\03\IMG_0462.JPG --> ftp.ethanshow.com /d:/html/users/ethanshowcom/html/2001/03 IMG_0462.JPG
2001.05.16 23:14 B E:\www\ethan\2001\03\Img_0462t.jpg --> ftp.ethanshow.com /d:/html/users/ethanshowcom/html/2001/03 Img_0462t.jpg
2001.05.16 23:14 B E:\www\ethan\2001\03\IMG_0464.JPG --> ftp.ethanshow.com /d:/html/users/ethanshowcom/html/2001/03 IMG_0464.JPG
2001.05.16 23:14 B E:\www\ethan\2001\03\Img_0464t.jpg --> ftp.ethanshow.com /d:/html/users/ethanshowcom/html/2001/03 Img_0464t.jpg
2001.05.16 23:14 B E:\www\ethan\2001\03\IMG_0469.JPG --> ftp.ethanshow.com /d:/html/users/ethanshowcom/html/2001/03 IMG_0469.JPG
2001.05.16 23:14 B E:\www\ethan\2001\03\Img_0469t.jpg --> ftp.ethanshow.com /d:/html/users/ethanshowcom/html/2001/03 Img_0469t.jpg
2001.05.16 23:14 B E:\www\ethan\2001\03\IMG_0472.JPG --> ftp.ethanshow.com /d:/html/users/ethanshowcom/html/2001/03 IMG_0472.JPG
2001.05.16 23:14 B E:\www\ethan\2001\03\Img_0472t.jpg --> ftp.ethanshow.com /d:/html/users/ethanshowcom/html/2001/03 Img_0472t.jpg
2001.05.16 23:15 B E:\www\ethan\2001\03\IMG_0477.JPG --> ftp.ethanshow.com /d:/html/users/ethanshowcom/html/2001/03 IMG_0477.JPG
2001.05.16 23:15 B E:\www\ethan\2001\03\Img_0477t.jpg --> ftp.ethanshow.com /d:/html/users/ethanshowcom/html/2001/03 Img_0477t.jpg
2001.05.16 23:15 B E:\www\ethan\2001\03\IMG_0478.JPG --> ftp.ethanshow.com /d:/html/users/ethanshowcom/html/2001/03 IMG_0478.JPG
2001.05.16 23:15 B E:\www\ethan\2001\03\Img_0478t.jpg --> ftp.ethanshow.com /d:/html/users/ethanshowcom/html/2001/03 Img_0478t.jpg
2001.05.16 23:15 B E:\www\ethan\2001\03\IMG_0485.JPG --> ftp.ethanshow.com /d:/html/users/ethanshowcom/html/2001/03 IMG_0485.JPG
2001.05.16 23:15 B E:\www\ethan\2001\03\Img_0485t.jpg --> ftp.ethanshow.com /d:/html/users/ethanshowcom/html/2001/03 Img_0485t.jpg
2001.05.16 23:15 B E:\www\ethan\2001\03\IMG_0489.JPG --> ftp.ethanshow.com /d:/html/users/ethanshowcom/html/2001/03 IMG_0489.JPG
2001.05.16 23:15 B E:\www\ethan\2001\03\Img_0489t.jpg --> ftp.ethanshow.com /d:/html/users/ethanshowcom/html/2001/03 Img_0489t.jpg
2001.05.16 23:15 B E:\www\ethan\2001\03\IMG_0490.JPG --> ftp.ethanshow.com /d:/html/users/ethanshowcom/html/2001/03 IMG_0490.JPG
2001.05.16 23:15 B E:\www\ethan\2001\03\Img_0490t.jpg --> ftp.ethanshow.com /d:/html/users/ethanshowcom/html/2001/03 Img_0490t.jpg
2001.05.16 23:15 B E:\www\ethan\2001\03\IMG_0495.JPG --> ftp.ethanshow.com /d:/html/users/ethanshowcom/html/2001/03 IMG_0495.JPG
2001.05.16 23:15 B E:\www\ethan\2001\03\Img_0495t.jpg --> ftp.ethanshow.com /d:/html/users/ethanshowcom/html/2001/03 Img_0495t.jpg
2001.05.16 23:16 B E:\www\ethan\2001\03\IMG_0497.JPG --> ftp.ethanshow.com /d:/html/users/ethanshowcom/html/2001/03 IMG_0497.JPG
2001.05.16 23:16 B E:\www\ethan\2001\03\Img_0497t.jpg --> ftp.ethanshow.com /d:/html/users/ethanshowcom/html/2001/03 Img_0497t.jpg
2001.05.16 23:16 B E:\www\ethan\2001\03\IMG_0498.JPG --> ftp.ethanshow.com /d:/html/users/ethanshowcom/html/2001/03 IMG_0498.JPG
2001.05.16 23:16 B E:\www\ethan\2001\03\Img_0498t.jpg --> ftp.ethanshow.com /d:/html/users/ethanshowcom/html/2001/03 Img_0498t.jpg
2001.05.16 23:16 B E:\www\ethan\2001\03\mar02.htm --> ftp.ethanshow.com /d:/html/users/ethanshowcom/html/2001/03 mar02.htm
2001.05.16 23:16 B E:\www\ethan\2001\03\mar02.htm~ --> ftp.ethanshow.com /d:/html/users/ethanshowcom/html/2001/03 mar02.htm~
2001.05.16 23:16 B E:\www\ethan\2001\03\mar02a.htm --> ftp.ethanshow.com /d:/html/users/ethanshowcom/html/2001/03 mar02a.htm
2001.05.16 23:16 B E:\www\ethan\2001\03\mar05.htm --> ftp.ethanshow.com /d:/html/users/ethanshowcom/html/2001/03 mar05.htm
2001.05.16 23:16 B E:\www\ethan\2001\03\mar05.htm~ --> ftp.ethanshow.com /d:/html/users/ethanshowcom/html/2001/03 mar05.htm~
2001.05.16 23:16 B E:\www\ethan\2001\03\mar05a.htm --> ftp.ethanshow.com /d:/html/users/ethanshowcom/html/2001/03 mar05a.htm
2001.05.16 23:16 B E:\www\ethan\2001\03\mar10.htm --> ftp.ethanshow.com /d:/html/users/ethanshowcom/html/2001/03 mar10.htm
2001.05.16 23:16 B E:\www\ethan\2001\03\mar10.htm~ --> ftp.ethanshow.com /d:/html/users/ethanshowcom/html/2001/03 mar10.htm~
2001.05.16 23:16 B E:\www\ethan\2001\03\mar10a.htm --> ftp.ethanshow.com /d:/html/users/ethanshowcom/html/2001/03 mar10a.htm
2001.05.16 23:16 B E:\www\ethan\2001\03\mar17.htm --> ftp.ethanshow.com /d:/html/users/ethanshowcom/html/2001/03 mar17.htm
2001.05.16 23:16 B E:\www\ethan\2001\03\mar17.htm~ --> ftp.ethanshow.com /d:/html/users/ethanshowcom/html/2001/03 mar17.htm~
2001.05.16 23:16 B E:\www\ethan\2001\03\mar17a.htm --> ftp.ethanshow.com /d:/html/users/ethanshowcom/html/2001/03 mar17a.htm
2001.05.16 23:16 B E:\www\ethan\2001\03\mar18.htm --> ftp.ethanshow.com /d:/html/users/ethanshowcom/html/2001/03 mar18.htm
2001.05.16 23:16 B E:\www\ethan\2001\03\mar18.htm~ --> ftp.ethanshow.com /d:/html/users/ethanshowcom/html/2001/03 mar18.htm~
2001.05.16 23:16 B E:\www\ethan\2001\03\mar18a.htm --> ftp.ethanshow.com /d:/html/users/ethanshowcom/html/2001/03 mar18a.htm
2001.05.16 23:16 B E:\www\ethan\2001\03\mar24.htm --> ftp.ethanshow.com /d:/html/users/ethanshowcom/html/2001/03 mar24.htm
2001.05.16 23:16 B E:\www\ethan\2001\03\mar24.htm~ --> ftp.ethanshow.com /d:/html/users/ethanshowcom/html/2001/03 mar24.htm~
2001.05.16 23:16 B E:\www\ethan\2001\03\mar24a.htm --> ftp.ethanshow.com /d:/html/users/ethanshowcom/html/2001/03 mar24a.htm
2001.05.16 23:16 B E:\www\ethan\2001\03\mar29.htm --> ftp.ethanshow.com /d:/html/users/ethanshowcom/html/2001/03 mar29.htm
2001.05.16 23:16 B E:\www\ethan\2001\03\mar29.htm~ --> ftp.ethanshow.com /d:/html/users/ethanshowcom/html/2001/03 mar29.htm~
2001.05.16 23:16 B E:\www\ethan\2001\03\mar29a.htm --> ftp.ethanshow.com /d:/html/users/ethanshowcom/html/2001/03 mar29a.htm
2001.05.16 23:16 B E:\www\ethan\2001\03\mar30.htm --> ftp.ethanshow.com /d:/html/users/ethanshowcom/html/2001/03 mar30.htm
2001.05.16 23:16 B E:\www\ethan\2001\03\mar30.htm~ --> ftp.ethanshow.com /d:/html/users/ethanshowcom/html/2001/03 mar30.htm~
2001.05.16 23:16 B E:\www\ethan\2001\03\mar30a.htm --> ftp.ethanshow.com /d:/html/users/ethanshowcom/html/2001/03 mar30a.htm
2001.05.16 23:16 B E:\www\ethan\2001\03\nav.htm --> ftp.ethanshow.com /d:/html/users/ethanshowcom/html/2001/03 nav.htm
