2001.05.17 00:36 B E:\www\ethan\2000\01\01.JPG --> ftp.ethanshow.com /d:/html/users/ethanshowcom/html/2000/01 01.JPG
2001.05.17 00:36 B E:\www\ethan\2000\01\01T.JPG --> ftp.ethanshow.com /d:/html/users/ethanshowcom/html/2000/01 01T.JPG
2001.05.17 00:36 B E:\www\ethan\2000\01\04.JPG --> ftp.ethanshow.com /d:/html/users/ethanshowcom/html/2000/01 04.JPG
2001.05.17 00:36 B E:\www\ethan\2000\01\04T.JPG --> ftp.ethanshow.com /d:/html/users/ethanshowcom/html/2000/01 04T.JPG
2001.05.17 00:36 B E:\www\ethan\2000\01\05.JPG --> ftp.ethanshow.com /d:/html/users/ethanshowcom/html/2000/01 05.JPG
2001.05.17 00:36 B E:\www\ethan\2000\01\05T.JPG --> ftp.ethanshow.com /d:/html/users/ethanshowcom/html/2000/01 05T.JPG
2001.05.17 00:37 B E:\www\ethan\2000\01\06.JPG --> ftp.ethanshow.com /d:/html/users/ethanshowcom/html/2000/01 06.JPG
2001.05.17 00:37 B E:\www\ethan\2000\01\06T.JPG --> ftp.ethanshow.com /d:/html/users/ethanshowcom/html/2000/01 06T.JPG
2001.05.17 00:37 B E:\www\ethan\2000\01\102.jpg --> ftp.ethanshow.com /d:/html/users/ethanshowcom/html/2000/01 102.jpg
2001.05.17 00:37 B E:\www\ethan\2000\01\102T.JPG --> ftp.ethanshow.com /d:/html/users/ethanshowcom/html/2000/01 102T.JPG
2001.05.17 00:37 B E:\www\ethan\2000\01\103.jpg --> ftp.ethanshow.com /d:/html/users/ethanshowcom/html/2000/01 103.jpg
2001.05.17 00:37 B E:\www\ethan\2000\01\103T.JPG --> ftp.ethanshow.com /d:/html/users/ethanshowcom/html/2000/01 103T.JPG
2001.05.17 00:37 B E:\www\ethan\2000\01\108.jpg --> ftp.ethanshow.com /d:/html/users/ethanshowcom/html/2000/01 108.jpg
2001.05.17 00:37 B E:\www\ethan\2000\01\108T.JPG --> ftp.ethanshow.com /d:/html/users/ethanshowcom/html/2000/01 108T.JPG
2001.05.17 00:37 B E:\www\ethan\2000\01\109.jpg --> ftp.ethanshow.com /d:/html/users/ethanshowcom/html/2000/01 109.jpg
2001.05.17 00:37 B E:\www\ethan\2000\01\109T.JPG --> ftp.ethanshow.com /d:/html/users/ethanshowcom/html/2000/01 109T.JPG
2001.05.17 00:37 B E:\www\ethan\2000\01\11.JPG --> ftp.ethanshow.com /d:/html/users/ethanshowcom/html/2000/01 11.JPG
2001.05.17 00:37 B E:\www\ethan\2000\01\110.jpg --> ftp.ethanshow.com /d:/html/users/ethanshowcom/html/2000/01 110.jpg
2001.05.17 00:37 B E:\www\ethan\2000\01\110T.JPG --> ftp.ethanshow.com /d:/html/users/ethanshowcom/html/2000/01 110T.JPG
2001.05.17 00:37 B E:\www\ethan\2000\01\113.jpg --> ftp.ethanshow.com /d:/html/users/ethanshowcom/html/2000/01 113.jpg
2001.05.17 00:37 B E:\www\ethan\2000\01\113T.JPG --> ftp.ethanshow.com /d:/html/users/ethanshowcom/html/2000/01 113T.JPG
2001.05.17 00:37 B E:\www\ethan\2000\01\11T.JPG --> ftp.ethanshow.com /d:/html/users/ethanshowcom/html/2000/01 11T.JPG
2001.05.17 00:37 B E:\www\ethan\2000\01\121.jpg --> ftp.ethanshow.com /d:/html/users/ethanshowcom/html/2000/01 121.jpg
2001.05.17 00:37 B E:\www\ethan\2000\01\121T.JPG --> ftp.ethanshow.com /d:/html/users/ethanshowcom/html/2000/01 121T.JPG
2001.05.17 00:37 B E:\www\ethan\2000\01\124.jpg --> ftp.ethanshow.com /d:/html/users/ethanshowcom/html/2000/01 124.jpg
2001.05.17 00:37 B E:\www\ethan\2000\01\124T.JPG --> ftp.ethanshow.com /d:/html/users/ethanshowcom/html/2000/01 124T.JPG
2001.05.17 00:37 B E:\www\ethan\2000\01\125.jpg --> ftp.ethanshow.com /d:/html/users/ethanshowcom/html/2000/01 125.jpg
2001.05.17 00:37 B E:\www\ethan\2000\01\125T.JPG --> ftp.ethanshow.com /d:/html/users/ethanshowcom/html/2000/01 125T.JPG
2001.05.17 00:37 B E:\www\ethan\2000\01\128.jpg --> ftp.ethanshow.com /d:/html/users/ethanshowcom/html/2000/01 128.jpg
2001.05.17 00:37 B E:\www\ethan\2000\01\128T.JPG --> ftp.ethanshow.com /d:/html/users/ethanshowcom/html/2000/01 128T.JPG
2001.05.17 00:37 B E:\www\ethan\2000\01\129.jpg --> ftp.ethanshow.com /d:/html/users/ethanshowcom/html/2000/01 129.jpg
2001.05.17 00:38 B E:\www\ethan\2000\01\129T.JPG --> ftp.ethanshow.com /d:/html/users/ethanshowcom/html/2000/01 129T.JPG
2001.05.17 00:38 B E:\www\ethan\2000\01\130.jpg --> ftp.ethanshow.com /d:/html/users/ethanshowcom/html/2000/01 130.jpg
2001.05.17 00:38 B E:\www\ethan\2000\01\130T.JPG --> ftp.ethanshow.com /d:/html/users/ethanshowcom/html/2000/01 130T.JPG
2001.05.17 00:38 B E:\www\ethan\2000\01\14.JPG --> ftp.ethanshow.com /d:/html/users/ethanshowcom/html/2000/01 14.JPG
2001.05.17 00:38 B E:\www\ethan\2000\01\140.jpg --> ftp.ethanshow.com /d:/html/users/ethanshowcom/html/2000/01 140.jpg
2001.05.17 00:38 B E:\www\ethan\2000\01\140T.JPG --> ftp.ethanshow.com /d:/html/users/ethanshowcom/html/2000/01 140T.JPG
2001.05.17 00:38 B E:\www\ethan\2000\01\141.jpg --> ftp.ethanshow.com /d:/html/users/ethanshowcom/html/2000/01 141.jpg
2001.05.17 00:38 B E:\www\ethan\2000\01\141T.JPG --> ftp.ethanshow.com /d:/html/users/ethanshowcom/html/2000/01 141T.JPG
2001.05.17 00:38 B E:\www\ethan\2000\01\14T.JPG --> ftp.ethanshow.com /d:/html/users/ethanshowcom/html/2000/01 14T.JPG
2001.05.17 00:38 B E:\www\ethan\2000\01\152.jpg --> ftp.ethanshow.com /d:/html/users/ethanshowcom/html/2000/01 152.jpg
2001.05.17 00:38 B E:\www\ethan\2000\01\152T.JPG --> ftp.ethanshow.com /d:/html/users/ethanshowcom/html/2000/01 152T.JPG
2001.05.17 00:38 B E:\www\ethan\2000\01\153.jpg --> ftp.ethanshow.com /d:/html/users/ethanshowcom/html/2000/01 153.jpg
2001.05.17 00:38 B E:\www\ethan\2000\01\153T.JPG --> ftp.ethanshow.com /d:/html/users/ethanshowcom/html/2000/01 153T.JPG
2001.05.17 00:38 B E:\www\ethan\2000\01\154.jpg --> ftp.ethanshow.com /d:/html/users/ethanshowcom/html/2000/01 154.jpg
2001.05.17 00:38 B E:\www\ethan\2000\01\154T.JPG --> ftp.ethanshow.com /d:/html/users/ethanshowcom/html/2000/01 154T.JPG
2001.05.17 00:38 B E:\www\ethan\2000\01\157.jpg --> ftp.ethanshow.com /d:/html/users/ethanshowcom/html/2000/01 157.jpg
2001.05.17 00:38 B E:\www\ethan\2000\01\157T.JPG --> ftp.ethanshow.com /d:/html/users/ethanshowcom/html/2000/01 157T.JPG
2001.05.17 00:38 B E:\www\ethan\2000\01\160.jpg --> ftp.ethanshow.com /d:/html/users/ethanshowcom/html/2000/01 160.jpg
2001.05.17 00:38 B E:\www\ethan\2000\01\160T.JPG --> ftp.ethanshow.com /d:/html/users/ethanshowcom/html/2000/01 160T.JPG
2001.05.17 00:38 B E:\www\ethan\2000\01\161.jpg --> ftp.ethanshow.com /d:/html/users/ethanshowcom/html/2000/01 161.jpg
2001.05.17 00:38 B E:\www\ethan\2000\01\161T.JPG --> ftp.ethanshow.com /d:/html/users/ethanshowcom/html/2000/01 161T.JPG
2001.05.17 00:38 B E:\www\ethan\2000\01\170.jpg --> ftp.ethanshow.com /d:/html/users/ethanshowcom/html/2000/01 170.jpg
2001.05.17 00:38 B E:\www\ethan\2000\01\170T.JPG --> ftp.ethanshow.com /d:/html/users/ethanshowcom/html/2000/01 170T.JPG
2001.05.17 00:39 B E:\www\ethan\2000\01\18.JPG --> ftp.ethanshow.com /d:/html/users/ethanshowcom/html/2000/01 18.JPG
2001.05.17 00:39 B E:\www\ethan\2000\01\180.jpg --> ftp.ethanshow.com /d:/html/users/ethanshowcom/html/2000/01 180.jpg
2001.05.17 00:39 B E:\www\ethan\2000\01\180T.JPG --> ftp.ethanshow.com /d:/html/users/ethanshowcom/html/2000/01 180T.JPG
2001.05.17 00:39 B E:\www\ethan\2000\01\181.jpg --> ftp.ethanshow.com /d:/html/users/ethanshowcom/html/2000/01 181.jpg
2001.05.17 00:39 B E:\www\ethan\2000\01\181T.JPG --> ftp.ethanshow.com /d:/html/users/ethanshowcom/html/2000/01 181T.JPG
2001.05.17 00:39 B E:\www\ethan\2000\01\182.jpg --> ftp.ethanshow.com /d:/html/users/ethanshowcom/html/2000/01 182.jpg
2001.05.17 00:39 B E:\www\ethan\2000\01\182T.JPG --> ftp.ethanshow.com /d:/html/users/ethanshowcom/html/2000/01 182T.JPG
2001.05.17 00:39 B E:\www\ethan\2000\01\184.jpg --> ftp.ethanshow.com /d:/html/users/ethanshowcom/html/2000/01 184.jpg
2001.05.17 00:39 B E:\www\ethan\2000\01\184T.JPG --> ftp.ethanshow.com /d:/html/users/ethanshowcom/html/2000/01 184T.JPG
2001.05.17 00:39 B E:\www\ethan\2000\01\185.jpg --> ftp.ethanshow.com /d:/html/users/ethanshowcom/html/2000/01 185.jpg
2001.05.17 00:39 B E:\www\ethan\2000\01\185T.JPG --> ftp.ethanshow.com /d:/html/users/ethanshowcom/html/2000/01 185T.JPG
2001.05.17 00:39 B E:\www\ethan\2000\01\186.jpg --> ftp.ethanshow.com /d:/html/users/ethanshowcom/html/2000/01 186.jpg
2001.05.17 00:39 B E:\www\ethan\2000\01\186T.JPG --> ftp.ethanshow.com /d:/html/users/ethanshowcom/html/2000/01 186T.JPG
2001.05.17 00:39 B E:\www\ethan\2000\01\18T.JPG --> ftp.ethanshow.com /d:/html/users/ethanshowcom/html/2000/01 18T.JPG
2001.05.17 00:39 B E:\www\ethan\2000\01\19.JPG --> ftp.ethanshow.com /d:/html/users/ethanshowcom/html/2000/01 19.JPG
2001.05.17 00:39 B E:\www\ethan\2000\01\190.jpg --> ftp.ethanshow.com /d:/html/users/ethanshowcom/html/2000/01 190.jpg
2001.05.17 00:39 B E:\www\ethan\2000\01\190T.JPG --> ftp.ethanshow.com /d:/html/users/ethanshowcom/html/2000/01 190T.JPG
2001.05.17 00:39 B E:\www\ethan\2000\01\19T.JPG --> ftp.ethanshow.com /d:/html/users/ethanshowcom/html/2000/01 19T.JPG
2001.05.17 00:39 B E:\www\ethan\2000\01\20.JPG --> ftp.ethanshow.com /d:/html/users/ethanshowcom/html/2000/01 20.JPG
2001.05.17 00:39 B E:\www\ethan\2000\01\20T.JPG --> ftp.ethanshow.com /d:/html/users/ethanshowcom/html/2000/01 20T.JPG
2001.05.17 00:40 B E:\www\ethan\2000\01\22.JPG --> ftp.ethanshow.com /d:/html/users/ethanshowcom/html/2000/01 22.JPG
2001.05.17 00:40 B E:\www\ethan\2000\01\22T.JPG --> ftp.ethanshow.com /d:/html/users/ethanshowcom/html/2000/01 22T.JPG
2001.05.17 00:40 B E:\www\ethan\2000\01\25.JPG --> ftp.ethanshow.com /d:/html/users/ethanshowcom/html/2000/01 25.JPG
2001.05.17 00:40 B E:\www\ethan\2000\01\25T.JPG --> ftp.ethanshow.com /d:/html/users/ethanshowcom/html/2000/01 25T.JPG
2001.05.17 00:40 B E:\www\ethan\2000\01\30.JPG --> ftp.ethanshow.com /d:/html/users/ethanshowcom/html/2000/01 30.JPG
2001.05.17 00:40 B E:\www\ethan\2000\01\30T.JPG --> ftp.ethanshow.com /d:/html/users/ethanshowcom/html/2000/01 30T.JPG
2001.05.17 00:40 B E:\www\ethan\2000\01\32.JPG --> ftp.ethanshow.com /d:/html/users/ethanshowcom/html/2000/01 32.JPG
2001.05.17 00:40 B E:\www\ethan\2000\01\32T.JPG --> ftp.ethanshow.com /d:/html/users/ethanshowcom/html/2000/01 32T.JPG
2001.05.17 00:40 B E:\www\ethan\2000\01\33.JPG --> ftp.ethanshow.com /d:/html/users/ethanshowcom/html/2000/01 33.JPG
2001.05.17 00:40 B E:\www\ethan\2000\01\33T.JPG --> ftp.ethanshow.com /d:/html/users/ethanshowcom/html/2000/01 33T.JPG
2001.05.17 00:40 B E:\www\ethan\2000\01\34.JPG --> ftp.ethanshow.com /d:/html/users/ethanshowcom/html/2000/01 34.JPG
2001.05.17 00:40 B E:\www\ethan\2000\01\34T.JPG --> ftp.ethanshow.com /d:/html/users/ethanshowcom/html/2000/01 34T.JPG
2001.05.17 00:40 B E:\www\ethan\2000\01\35.JPG --> ftp.ethanshow.com /d:/html/users/ethanshowcom/html/2000/01 35.JPG
2001.05.17 00:40 B E:\www\ethan\2000\01\35T.JPG --> ftp.ethanshow.com /d:/html/users/ethanshowcom/html/2000/01 35T.JPG
2001.05.17 00:40 B E:\www\ethan\2000\01\36.JPG --> ftp.ethanshow.com /d:/html/users/ethanshowcom/html/2000/01 36.JPG
2001.05.17 00:40 B E:\www\ethan\2000\01\36T.JPG --> ftp.ethanshow.com /d:/html/users/ethanshowcom/html/2000/01 36T.JPG
2001.05.17 00:40 B E:\www\ethan\2000\01\38.JPG --> ftp.ethanshow.com /d:/html/users/ethanshowcom/html/2000/01 38.JPG
2001.05.17 00:40 B E:\www\ethan\2000\01\38T.JPG --> ftp.ethanshow.com /d:/html/users/ethanshowcom/html/2000/01 38T.JPG
2001.05.17 00:41 B E:\www\ethan\2000\01\41.JPG --> ftp.ethanshow.com /d:/html/users/ethanshowcom/html/2000/01 41.JPG
2001.05.17 00:41 B E:\www\ethan\2000\01\41T.JPG --> ftp.ethanshow.com /d:/html/users/ethanshowcom/html/2000/01 41T.JPG
2001.05.17 00:41 B E:\www\ethan\2000\01\43.JPG --> ftp.ethanshow.com /d:/html/users/ethanshowcom/html/2000/01 43.JPG
2001.05.17 00:41 B E:\www\ethan\2000\01\43T.JPG --> ftp.ethanshow.com /d:/html/users/ethanshowcom/html/2000/01 43T.JPG
2001.05.17 00:41 B E:\www\ethan\2000\01\50.JPG --> ftp.ethanshow.com /d:/html/users/ethanshowcom/html/2000/01 50.JPG
2001.05.17 00:41 B E:\www\ethan\2000\01\50T.JPG --> ftp.ethanshow.com /d:/html/users/ethanshowcom/html/2000/01 50T.JPG
2001.05.17 00:41 B E:\www\ethan\2000\01\52.JPG --> ftp.ethanshow.com /d:/html/users/ethanshowcom/html/2000/01 52.JPG
2001.05.17 00:41 B E:\www\ethan\2000\01\52T.JPG --> ftp.ethanshow.com /d:/html/users/ethanshowcom/html/2000/01 52T.JPG
2001.05.17 00:41 B E:\www\ethan\2000\01\55.JPG --> ftp.ethanshow.com /d:/html/users/ethanshowcom/html/2000/01 55.JPG
2001.05.17 00:41 B E:\www\ethan\2000\01\55T.JPG --> ftp.ethanshow.com /d:/html/users/ethanshowcom/html/2000/01 55T.JPG
2001.05.17 00:41 B E:\www\ethan\2000\01\57.JPG --> ftp.ethanshow.com /d:/html/users/ethanshowcom/html/2000/01 57.JPG
2001.05.17 00:41 B E:\www\ethan\2000\01\57T.JPG --> ftp.ethanshow.com /d:/html/users/ethanshowcom/html/2000/01 57T.JPG
2001.05.17 00:41 B E:\www\ethan\2000\01\59.JPG --> ftp.ethanshow.com /d:/html/users/ethanshowcom/html/2000/01 59.JPG
2001.05.17 00:41 B E:\www\ethan\2000\01\59T.JPG --> ftp.ethanshow.com /d:/html/users/ethanshowcom/html/2000/01 59T.JPG
2001.05.17 00:41 B E:\www\ethan\2000\01\61.JPG --> ftp.ethanshow.com /d:/html/users/ethanshowcom/html/2000/01 61.JPG
2001.05.17 00:41 B E:\www\ethan\2000\01\61T.JPG --> ftp.ethanshow.com /d:/html/users/ethanshowcom/html/2000/01 61T.JPG
2001.05.17 00:41 B E:\www\ethan\2000\01\62.JPG --> ftp.ethanshow.com /d:/html/users/ethanshowcom/html/2000/01 62.JPG
2001.05.17 00:42 B E:\www\ethan\2000\01\62T.JPG --> ftp.ethanshow.com /d:/html/users/ethanshowcom/html/2000/01 62T.JPG
2001.05.17 00:42 B E:\www\ethan\2000\01\63.JPG --> ftp.ethanshow.com /d:/html/users/ethanshowcom/html/2000/01 63.JPG
2001.05.17 00:42 B E:\www\ethan\2000\01\63T.JPG --> ftp.ethanshow.com /d:/html/users/ethanshowcom/html/2000/01 63T.JPG
2001.05.17 00:42 B E:\www\ethan\2000\01\64.JPG --> ftp.ethanshow.com /d:/html/users/ethanshowcom/html/2000/01 64.JPG
2001.05.17 00:42 B E:\www\ethan\2000\01\64T.JPG --> ftp.ethanshow.com /d:/html/users/ethanshowcom/html/2000/01 64T.JPG
2001.05.17 00:42 B E:\www\ethan\2000\01\68.JPG --> ftp.ethanshow.com /d:/html/users/ethanshowcom/html/2000/01 68.JPG
2001.05.17 00:42 B E:\www\ethan\2000\01\68T.JPG --> ftp.ethanshow.com /d:/html/users/ethanshowcom/html/2000/01 68T.JPG
2001.05.17 00:42 B E:\www\ethan\2000\01\72.JPG --> ftp.ethanshow.com /d:/html/users/ethanshowcom/html/2000/01 72.JPG
2001.05.17 00:42 B E:\www\ethan\2000\01\72T.JPG --> ftp.ethanshow.com /d:/html/users/ethanshowcom/html/2000/01 72T.JPG
2001.05.17 00:42 B E:\www\ethan\2000\01\73.JPG --> ftp.ethanshow.com /d:/html/users/ethanshowcom/html/2000/01 73.JPG
2001.05.17 00:42 B E:\www\ethan\2000\01\73T.JPG --> ftp.ethanshow.com /d:/html/users/ethanshowcom/html/2000/01 73T.JPG
2001.05.17 00:42 B E:\www\ethan\2000\01\74.JPG --> ftp.ethanshow.com /d:/html/users/ethanshowcom/html/2000/01 74.JPG
2001.05.17 00:42 B E:\www\ethan\2000\01\74T.JPG --> ftp.ethanshow.com /d:/html/users/ethanshowcom/html/2000/01 74T.JPG
2001.05.17 00:42 B E:\www\ethan\2000\01\75.JPG --> ftp.ethanshow.com /d:/html/users/ethanshowcom/html/2000/01 75.JPG
2001.05.17 00:42 B E:\www\ethan\2000\01\75T.JPG --> ftp.ethanshow.com /d:/html/users/ethanshowcom/html/2000/01 75T.JPG
2001.05.17 00:43 B E:\www\ethan\2000\01\81.JPG --> ftp.ethanshow.com /d:/html/users/ethanshowcom/html/2000/01 81.JPG
2001.05.17 00:43 B E:\www\ethan\2000\01\81T.JPG --> ftp.ethanshow.com /d:/html/users/ethanshowcom/html/2000/01 81T.JPG
2001.05.17 00:43 B E:\www\ethan\2000\01\82.JPG --> ftp.ethanshow.com /d:/html/users/ethanshowcom/html/2000/01 82.JPG
2001.05.17 00:43 B E:\www\ethan\2000\01\82T.JPG --> ftp.ethanshow.com /d:/html/users/ethanshowcom/html/2000/01 82T.JPG
2001.05.17 00:43 B E:\www\ethan\2000\01\83.JPG --> ftp.ethanshow.com /d:/html/users/ethanshowcom/html/2000/01 83.JPG
2001.05.17 00:43 B E:\www\ethan\2000\01\83T.JPG --> ftp.ethanshow.com /d:/html/users/ethanshowcom/html/2000/01 83T.JPG
2001.05.17 00:43 B E:\www\ethan\2000\01\84.JPG --> ftp.ethanshow.com /d:/html/users/ethanshowcom/html/2000/01 84.JPG
2001.05.17 00:43 B E:\www\ethan\2000\01\84T.JPG --> ftp.ethanshow.com /d:/html/users/ethanshowcom/html/2000/01 84T.JPG
2001.05.17 00:43 B E:\www\ethan\2000\01\85.JPG --> ftp.ethanshow.com /d:/html/users/ethanshowcom/html/2000/01 85.JPG
2001.05.17 00:43 B E:\www\ethan\2000\01\85T.JPG --> ftp.ethanshow.com /d:/html/users/ethanshowcom/html/2000/01 85T.JPG
2001.05.17 00:43 B E:\www\ethan\2000\01\87.JPG --> ftp.ethanshow.com /d:/html/users/ethanshowcom/html/2000/01 87.JPG
2001.05.17 00:43 B E:\www\ethan\2000\01\87T.JPG --> ftp.ethanshow.com /d:/html/users/ethanshowcom/html/2000/01 87T.JPG
2001.05.17 00:43 B E:\www\ethan\2000\01\89.JPG --> ftp.ethanshow.com /d:/html/users/ethanshowcom/html/2000/01 89.JPG
2001.05.17 00:43 B E:\www\ethan\2000\01\89T.JPG --> ftp.ethanshow.com /d:/html/users/ethanshowcom/html/2000/01 89T.JPG
2001.05.17 00:43 B E:\www\ethan\2000\01\90.JPG --> ftp.ethanshow.com /d:/html/users/ethanshowcom/html/2000/01 90.JPG
2001.05.17 00:43 B E:\www\ethan\2000\01\90T.JPG --> ftp.ethanshow.com /d:/html/users/ethanshowcom/html/2000/01 90T.JPG
2001.05.17 00:43 B E:\www\ethan\2000\01\91.JPG --> ftp.ethanshow.com /d:/html/users/ethanshowcom/html/2000/01 91.JPG
2001.05.17 00:43 B E:\www\ethan\2000\01\91T.JPG --> ftp.ethanshow.com /d:/html/users/ethanshowcom/html/2000/01 91T.JPG
2001.05.17 00:44 B E:\www\ethan\2000\01\92.JPG --> ftp.ethanshow.com /d:/html/users/ethanshowcom/html/2000/01 92.JPG
2001.05.17 00:44 B E:\www\ethan\2000\01\92T.JPG --> ftp.ethanshow.com /d:/html/users/ethanshowcom/html/2000/01 92T.JPG
2001.05.17 00:44 B E:\www\ethan\2000\01\93.JPG --> ftp.ethanshow.com /d:/html/users/ethanshowcom/html/2000/01 93.JPG
2001.05.17 00:44 B E:\www\ethan\2000\01\93T.JPG --> ftp.ethanshow.com /d:/html/users/ethanshowcom/html/2000/01 93T.JPG
2001.05.17 00:44 B E:\www\ethan\2000\01\95.JPG --> ftp.ethanshow.com /d:/html/users/ethanshowcom/html/2000/01 95.JPG
2001.05.17 00:44 B E:\www\ethan\2000\01\95T.JPG --> ftp.ethanshow.com /d:/html/users/ethanshowcom/html/2000/01 95T.JPG
2001.05.17 00:44 B E:\www\ethan\2000\01\COPY.CSH --> ftp.ethanshow.com /d:/html/users/ethanshowcom/html/2000/01 COPY.CSH
2001.05.17 00:44 B E:\www\ethan\2000\01\days.htm --> ftp.ethanshow.com /d:/html/users/ethanshowcom/html/2000/01 days.htm
2001.05.17 00:44 B E:\www\ethan\2000\01\JAN01.HTM --> ftp.ethanshow.com /d:/html/users/ethanshowcom/html/2000/01 JAN01.HTM
2001.05.17 00:44 B E:\www\ethan\2000\01\JAN01A.HTM --> ftp.ethanshow.com /d:/html/users/ethanshowcom/html/2000/01 JAN01A.HTM
2001.05.17 00:44 B E:\www\ethan\2000\01\JAN02.HTM --> ftp.ethanshow.com /d:/html/users/ethanshowcom/html/2000/01 JAN02.HTM
2001.05.17 00:44 B E:\www\ethan\2000\01\JAN02A.HTM --> ftp.ethanshow.com /d:/html/users/ethanshowcom/html/2000/01 JAN02A.HTM
2001.05.17 00:44 B E:\www\ethan\2000\01\JAN03.HTM --> ftp.ethanshow.com /d:/html/users/ethanshowcom/html/2000/01 JAN03.HTM
2001.05.17 00:44 B E:\www\ethan\2000\01\JAN03A.HTM --> ftp.ethanshow.com /d:/html/users/ethanshowcom/html/2000/01 JAN03A.HTM
2001.05.17 00:44 B E:\www\ethan\2000\01\JAN04.HTM --> ftp.ethanshow.com /d:/html/users/ethanshowcom/html/2000/01 JAN04.HTM
2001.05.17 00:44 B E:\www\ethan\2000\01\JAN04A.HTM --> ftp.ethanshow.com /d:/html/users/ethanshowcom/html/2000/01 JAN04A.HTM
2001.05.17 00:44 B E:\www\ethan\2000\01\JAN05.HTM --> ftp.ethanshow.com /d:/html/users/ethanshowcom/html/2000/01 JAN05.HTM
2001.05.17 00:44 B E:\www\ethan\2000\01\JAN05A.HTM --> ftp.ethanshow.com /d:/html/users/ethanshowcom/html/2000/01 JAN05A.HTM
2001.05.17 00:44 B E:\www\ethan\2000\01\JAN06.HTM --> ftp.ethanshow.com /d:/html/users/ethanshowcom/html/2000/01 JAN06.HTM
2001.05.17 00:44 B E:\www\ethan\2000\01\JAN06A.HTM --> ftp.ethanshow.com /d:/html/users/ethanshowcom/html/2000/01 JAN06A.HTM
2001.05.17 00:44 B E:\www\ethan\2000\01\JAN07.HTM --> ftp.ethanshow.com /d:/html/users/ethanshowcom/html/2000/01 JAN07.HTM
2001.05.17 00:44 B E:\www\ethan\2000\01\JAN07A.HTM --> ftp.ethanshow.com /d:/html/users/ethanshowcom/html/2000/01 JAN07A.HTM
2001.05.17 00:44 B E:\www\ethan\2000\01\JAN08.HTM --> ftp.ethanshow.com /d:/html/users/ethanshowcom/html/2000/01 JAN08.HTM
2001.05.17 00:44 B E:\www\ethan\2000\01\JAN08A.HTM --> ftp.ethanshow.com /d:/html/users/ethanshowcom/html/2000/01 JAN08A.HTM
2001.05.17 00:44 B E:\www\ethan\2000\01\JAN09.HTM --> ftp.ethanshow.com /d:/html/users/ethanshowcom/html/2000/01 JAN09.HTM
2001.05.17 00:44 B E:\www\ethan\2000\01\JAN09A.HTM --> ftp.ethanshow.com /d:/html/users/ethanshowcom/html/2000/01 JAN09A.HTM
2001.05.17 00:44 B E:\www\ethan\2000\01\JAN10.HTM --> ftp.ethanshow.com /d:/html/users/ethanshowcom/html/2000/01 JAN10.HTM
2001.05.17 00:44 B E:\www\ethan\2000\01\JAN10A.HTM --> ftp.ethanshow.com /d:/html/users/ethanshowcom/html/2000/01 JAN10A.HTM
2001.05.17 00:44 B E:\www\ethan\2000\01\JAN11.HTM --> ftp.ethanshow.com /d:/html/users/ethanshowcom/html/2000/01 JAN11.HTM
2001.05.17 00:44 B E:\www\ethan\2000\01\JAN11A.HTM --> ftp.ethanshow.com /d:/html/users/ethanshowcom/html/2000/01 JAN11A.HTM
2001.05.17 00:44 B E:\www\ethan\2000\01\JAN12.HTM --> ftp.ethanshow.com /d:/html/users/ethanshowcom/html/2000/01 JAN12.HTM
2001.05.17 00:44 B E:\www\ethan\2000\01\JAN12A.HTM --> ftp.ethanshow.com /d:/html/users/ethanshowcom/html/2000/01 JAN12A.HTM
2001.05.17 00:44 B E:\www\ethan\2000\01\JAN13.HTM --> ftp.ethanshow.com /d:/html/users/ethanshowcom/html/2000/01 JAN13.HTM
2001.05.17 00:44 B E:\www\ethan\2000\01\JAN13A.HTM --> ftp.ethanshow.com /d:/html/users/ethanshowcom/html/2000/01 JAN13A.HTM
2001.05.17 00:44 B E:\www\ethan\2000\01\JAN14.HTM --> ftp.ethanshow.com /d:/html/users/ethanshowcom/html/2000/01 JAN14.HTM
2001.05.17 00:44 B E:\www\ethan\2000\01\JAN14A.HTM --> ftp.ethanshow.com /d:/html/users/ethanshowcom/html/2000/01 JAN14A.HTM
2001.05.17 00:44 B E:\www\ethan\2000\01\JAN15.HTM --> ftp.ethanshow.com /d:/html/users/ethanshowcom/html/2000/01 JAN15.HTM
2001.05.17 00:44 B E:\www\ethan\2000\01\JAN15A.HTM --> ftp.ethanshow.com /d:/html/users/ethanshowcom/html/2000/01 JAN15A.HTM
2001.05.17 00:44 B E:\www\ethan\2000\01\JAN16.HTM --> ftp.ethanshow.com /d:/html/users/ethanshowcom/html/2000/01 JAN16.HTM
2001.05.17 00:44 B E:\www\ethan\2000\01\JAN16A.HTM --> ftp.ethanshow.com /d:/html/users/ethanshowcom/html/2000/01 JAN16A.HTM
2001.05.17 00:44 B E:\www\ethan\2000\01\JAN17.HTM --> ftp.ethanshow.com /d:/html/users/ethanshowcom/html/2000/01 JAN17.HTM
2001.05.17 00:45 B E:\www\ethan\2000\01\JAN17A.HTM --> ftp.ethanshow.com /d:/html/users/ethanshowcom/html/2000/01 JAN17A.HTM
2001.05.17 00:45 B E:\www\ethan\2000\01\JAN18.HTM --> ftp.ethanshow.com /d:/html/users/ethanshowcom/html/2000/01 JAN18.HTM
2001.05.17 00:45 B E:\www\ethan\2000\01\JAN18A.HTM --> ftp.ethanshow.com /d:/html/users/ethanshowcom/html/2000/01 JAN18A.HTM
2001.05.17 00:45 B E:\www\ethan\2000\01\JAN19.HTM --> ftp.ethanshow.com /d:/html/users/ethanshowcom/html/2000/01 JAN19.HTM
2001.05.17 00:45 B E:\www\ethan\2000\01\JAN19A.HTM --> ftp.ethanshow.com /d:/html/users/ethanshowcom/html/2000/01 JAN19A.HTM
2001.05.17 00:45 B E:\www\ethan\2000\01\JAN20.HTM --> ftp.ethanshow.com /d:/html/users/ethanshowcom/html/2000/01 JAN20.HTM
2001.05.17 00:45 B E:\www\ethan\2000\01\JAN20A.HTM --> ftp.ethanshow.com /d:/html/users/ethanshowcom/html/2000/01 JAN20A.HTM
2001.05.17 00:45 B E:\www\ethan\2000\01\JAN21.HTM --> ftp.ethanshow.com /d:/html/users/ethanshowcom/html/2000/01 JAN21.HTM
2001.05.17 00:45 B E:\www\ethan\2000\01\JAN21A.HTM --> ftp.ethanshow.com /d:/html/users/ethanshowcom/html/2000/01 JAN21A.HTM
2001.05.17 00:45 B E:\www\ethan\2000\01\JAN22.HTM --> ftp.ethanshow.com /d:/html/users/ethanshowcom/html/2000/01 JAN22.HTM
2001.05.17 00:45 B E:\www\ethan\2000\01\JAN22A.HTM --> ftp.ethanshow.com /d:/html/users/ethanshowcom/html/2000/01 JAN22A.HTM
2001.05.17 00:45 B E:\www\ethan\2000\01\JAN23.HTM --> ftp.ethanshow.com /d:/html/users/ethanshowcom/html/2000/01 JAN23.HTM
2001.05.17 00:45 B E:\www\ethan\2000\01\JAN23A.HTM --> ftp.ethanshow.com /d:/html/users/ethanshowcom/html/2000/01 JAN23A.HTM
2001.05.17 00:45 B E:\www\ethan\2000\01\JAN24.HTM --> ftp.ethanshow.com /d:/html/users/ethanshowcom/html/2000/01 JAN24.HTM
2001.05.17 00:45 B E:\www\ethan\2000\01\JAN24A.HTM --> ftp.ethanshow.com /d:/html/users/ethanshowcom/html/2000/01 JAN24A.HTM
2001.05.17 00:45 B E:\www\ethan\2000\01\JAN25.HTM --> ftp.ethanshow.com /d:/html/users/ethanshowcom/html/2000/01 JAN25.HTM
2001.05.17 00:45 B E:\www\ethan\2000\01\JAN25A.HTM --> ftp.ethanshow.com /d:/html/users/ethanshowcom/html/2000/01 JAN25A.HTM
2001.05.17 00:45 B E:\www\ethan\2000\01\JAN26.HTM --> ftp.ethanshow.com /d:/html/users/ethanshowcom/html/2000/01 JAN26.HTM
2001.05.17 00:45 B E:\www\ethan\2000\01\JAN26A.HTM --> ftp.ethanshow.com /d:/html/users/ethanshowcom/html/2000/01 JAN26A.HTM
2001.05.17 00:45 B E:\www\ethan\2000\01\JAN27.HTM --> ftp.ethanshow.com /d:/html/users/ethanshowcom/html/2000/01 JAN27.HTM
2001.05.17 00:45 B E:\www\ethan\2000\01\JAN27A.HTM --> ftp.ethanshow.com /d:/html/users/ethanshowcom/html/2000/01 JAN27A.HTM
2001.05.17 00:45 B E:\www\ethan\2000\01\JAN28.HTM --> ftp.ethanshow.com /d:/html/users/ethanshowcom/html/2000/01 JAN28.HTM
2001.05.17 00:45 B E:\www\ethan\2000\01\JAN28A.HTM --> ftp.ethanshow.com /d:/html/users/ethanshowcom/html/2000/01 JAN28A.HTM
2001.05.17 00:45 B E:\www\ethan\2000\01\JAN29.HTM --> ftp.ethanshow.com /d:/html/users/ethanshowcom/html/2000/01 JAN29.HTM
2001.05.17 00:45 B E:\www\ethan\2000\01\JAN29A.HTM --> ftp.ethanshow.com /d:/html/users/ethanshowcom/html/2000/01 JAN29A.HTM
2001.05.17 00:45 B E:\www\ethan\2000\01\JAN30.HTM --> ftp.ethanshow.com /d:/html/users/ethanshowcom/html/2000/01 JAN30.HTM
2001.05.17 00:45 B E:\www\ethan\2000\01\JAN30A.HTM --> ftp.ethanshow.com /d:/html/users/ethanshowcom/html/2000/01 JAN30A.HTM
2001.05.17 00:45 B E:\www\ethan\2000\01\JAN31.HTM --> ftp.ethanshow.com /d:/html/users/ethanshowcom/html/2000/01 JAN31.HTM
2001.05.17 00:45 B E:\www\ethan\2000\01\JAN31A.HTM --> ftp.ethanshow.com /d:/html/users/ethanshowcom/html/2000/01 JAN31A.HTM
2001.05.17 00:45 B E:\www\ethan\2000\01\nav.htm --> ftp.ethanshow.com /d:/html/users/ethanshowcom/html/2000/01 nav.htm
2001.05.17 00:45 B E:\www\ethan\2000\01\XV.CSH --> ftp.ethanshow.com /d:/html/users/ethanshowcom/html/2000/01 XV.CSH
