2001.05.16 23:49 B E:\www\ethan\1999\12\000.jpg --> ftp.ethanshow.com /d:/html/users/ethanshowcom/html/1999/12 000.jpg
2001.05.16 23:49 B E:\www\ethan\1999\12\000t.jpg --> ftp.ethanshow.com /d:/html/users/ethanshowcom/html/1999/12 000t.jpg
2001.05.16 23:49 B E:\www\ethan\1999\12\002.jpg --> ftp.ethanshow.com /d:/html/users/ethanshowcom/html/1999/12 002.jpg
2001.05.16 23:49 B E:\www\ethan\1999\12\002t.jpg --> ftp.ethanshow.com /d:/html/users/ethanshowcom/html/1999/12 002t.jpg
2001.05.16 23:49 B E:\www\ethan\1999\12\008.jpg --> ftp.ethanshow.com /d:/html/users/ethanshowcom/html/1999/12 008.jpg
2001.05.16 23:49 B E:\www\ethan\1999\12\008t.jpg --> ftp.ethanshow.com /d:/html/users/ethanshowcom/html/1999/12 008t.jpg
2001.05.16 23:49 B E:\www\ethan\1999\12\010.jpg --> ftp.ethanshow.com /d:/html/users/ethanshowcom/html/1999/12 010.jpg
2001.05.16 23:49 B E:\www\ethan\1999\12\010t.jpg --> ftp.ethanshow.com /d:/html/users/ethanshowcom/html/1999/12 010t.jpg
2001.05.16 23:49 B E:\www\ethan\1999\12\014.jpg --> ftp.ethanshow.com /d:/html/users/ethanshowcom/html/1999/12 014.jpg
2001.05.16 23:49 B E:\www\ethan\1999\12\014t.jpg --> ftp.ethanshow.com /d:/html/users/ethanshowcom/html/1999/12 014t.jpg
2001.05.16 23:49 B E:\www\ethan\1999\12\015.jpg --> ftp.ethanshow.com /d:/html/users/ethanshowcom/html/1999/12 015.jpg
2001.05.16 23:49 B E:\www\ethan\1999\12\015t.jpg --> ftp.ethanshow.com /d:/html/users/ethanshowcom/html/1999/12 015t.jpg
2001.05.16 23:49 B E:\www\ethan\1999\12\021.jpg --> ftp.ethanshow.com /d:/html/users/ethanshowcom/html/1999/12 021.jpg
2001.05.16 23:49 B E:\www\ethan\1999\12\021t.jpg --> ftp.ethanshow.com /d:/html/users/ethanshowcom/html/1999/12 021t.jpg
2001.05.16 23:49 B E:\www\ethan\1999\12\026.jpg --> ftp.ethanshow.com /d:/html/users/ethanshowcom/html/1999/12 026.jpg
2001.05.16 23:49 B E:\www\ethan\1999\12\026t.jpg --> ftp.ethanshow.com /d:/html/users/ethanshowcom/html/1999/12 026t.jpg
2001.05.16 23:50 B E:\www\ethan\1999\12\028.jpg --> ftp.ethanshow.com /d:/html/users/ethanshowcom/html/1999/12 028.jpg
2001.05.16 23:50 B E:\www\ethan\1999\12\028t.jpg --> ftp.ethanshow.com /d:/html/users/ethanshowcom/html/1999/12 028t.jpg
2001.05.16 23:50 B E:\www\ethan\1999\12\029.jpg --> ftp.ethanshow.com /d:/html/users/ethanshowcom/html/1999/12 029.jpg
2001.05.16 23:50 B E:\www\ethan\1999\12\029t.jpg --> ftp.ethanshow.com /d:/html/users/ethanshowcom/html/1999/12 029t.jpg
2001.05.16 23:50 B E:\www\ethan\1999\12\031.jpg --> ftp.ethanshow.com /d:/html/users/ethanshowcom/html/1999/12 031.jpg
2001.05.16 23:50 B E:\www\ethan\1999\12\031t.jpg --> ftp.ethanshow.com /d:/html/users/ethanshowcom/html/1999/12 031t.jpg
2001.05.16 23:50 B E:\www\ethan\1999\12\033.jpg --> ftp.ethanshow.com /d:/html/users/ethanshowcom/html/1999/12 033.jpg
2001.05.16 23:50 B E:\www\ethan\1999\12\033t.jpg --> ftp.ethanshow.com /d:/html/users/ethanshowcom/html/1999/12 033t.jpg
2001.05.16 23:50 B E:\www\ethan\1999\12\035.jpg --> ftp.ethanshow.com /d:/html/users/ethanshowcom/html/1999/12 035.jpg
2001.05.16 23:50 B E:\www\ethan\1999\12\035t.jpg --> ftp.ethanshow.com /d:/html/users/ethanshowcom/html/1999/12 035t.jpg
2001.05.16 23:50 B E:\www\ethan\1999\12\039.jpg --> ftp.ethanshow.com /d:/html/users/ethanshowcom/html/1999/12 039.jpg
2001.05.16 23:50 B E:\www\ethan\1999\12\039t.jpg --> ftp.ethanshow.com /d:/html/users/ethanshowcom/html/1999/12 039t.jpg
2001.05.16 23:50 B E:\www\ethan\1999\12\041.jpg --> ftp.ethanshow.com /d:/html/users/ethanshowcom/html/1999/12 041.jpg
2001.05.16 23:50 B E:\www\ethan\1999\12\041t.jpg --> ftp.ethanshow.com /d:/html/users/ethanshowcom/html/1999/12 041t.jpg
2001.05.16 23:50 B E:\www\ethan\1999\12\051.jpg --> ftp.ethanshow.com /d:/html/users/ethanshowcom/html/1999/12 051.jpg
2001.05.16 23:50 B E:\www\ethan\1999\12\051t.jpg --> ftp.ethanshow.com /d:/html/users/ethanshowcom/html/1999/12 051t.jpg
2001.05.16 23:50 B E:\www\ethan\1999\12\054.jpg --> ftp.ethanshow.com /d:/html/users/ethanshowcom/html/1999/12 054.jpg
2001.05.16 23:50 B E:\www\ethan\1999\12\054t.jpg --> ftp.ethanshow.com /d:/html/users/ethanshowcom/html/1999/12 054t.jpg
2001.05.16 23:50 B E:\www\ethan\1999\12\059.jpg --> ftp.ethanshow.com /d:/html/users/ethanshowcom/html/1999/12 059.jpg
2001.05.16 23:50 B E:\www\ethan\1999\12\059t.jpg --> ftp.ethanshow.com /d:/html/users/ethanshowcom/html/1999/12 059t.jpg
2001.05.16 23:50 B E:\www\ethan\1999\12\061.jpg --> ftp.ethanshow.com /d:/html/users/ethanshowcom/html/1999/12 061.jpg
2001.05.16 23:51 B E:\www\ethan\1999\12\061t.jpg --> ftp.ethanshow.com /d:/html/users/ethanshowcom/html/1999/12 061t.jpg
2001.05.16 23:51 B E:\www\ethan\1999\12\062.jpg --> ftp.ethanshow.com /d:/html/users/ethanshowcom/html/1999/12 062.jpg
2001.05.16 23:51 B E:\www\ethan\1999\12\062t.jpg --> ftp.ethanshow.com /d:/html/users/ethanshowcom/html/1999/12 062t.jpg
2001.05.16 23:51 B E:\www\ethan\1999\12\064.jpg --> ftp.ethanshow.com /d:/html/users/ethanshowcom/html/1999/12 064.jpg
2001.05.16 23:51 B E:\www\ethan\1999\12\064t.jpg --> ftp.ethanshow.com /d:/html/users/ethanshowcom/html/1999/12 064t.jpg
2001.05.16 23:51 B E:\www\ethan\1999\12\065.jpg --> ftp.ethanshow.com /d:/html/users/ethanshowcom/html/1999/12 065.jpg
2001.05.16 23:51 B E:\www\ethan\1999\12\065t.jpg --> ftp.ethanshow.com /d:/html/users/ethanshowcom/html/1999/12 065t.jpg
2001.05.16 23:51 B E:\www\ethan\1999\12\066.jpg --> ftp.ethanshow.com /d:/html/users/ethanshowcom/html/1999/12 066.jpg
2001.05.16 23:51 B E:\www\ethan\1999\12\066t.jpg --> ftp.ethanshow.com /d:/html/users/ethanshowcom/html/1999/12 066t.jpg
2001.05.16 23:51 B E:\www\ethan\1999\12\067.jpg --> ftp.ethanshow.com /d:/html/users/ethanshowcom/html/1999/12 067.jpg
2001.05.16 23:51 B E:\www\ethan\1999\12\067t.jpg --> ftp.ethanshow.com /d:/html/users/ethanshowcom/html/1999/12 067t.jpg
2001.05.16 23:51 B E:\www\ethan\1999\12\068.jpg --> ftp.ethanshow.com /d:/html/users/ethanshowcom/html/1999/12 068.jpg
2001.05.16 23:51 B E:\www\ethan\1999\12\068t.jpg --> ftp.ethanshow.com /d:/html/users/ethanshowcom/html/1999/12 068t.jpg
2001.05.16 23:51 B E:\www\ethan\1999\12\070.jpg --> ftp.ethanshow.com /d:/html/users/ethanshowcom/html/1999/12 070.jpg
2001.05.16 23:51 B E:\www\ethan\1999\12\070t.jpg --> ftp.ethanshow.com /d:/html/users/ethanshowcom/html/1999/12 070t.jpg
2001.05.16 23:51 B E:\www\ethan\1999\12\080.jpg --> ftp.ethanshow.com /d:/html/users/ethanshowcom/html/1999/12 080.jpg
2001.05.16 23:51 B E:\www\ethan\1999\12\080t.jpg --> ftp.ethanshow.com /d:/html/users/ethanshowcom/html/1999/12 080t.jpg
2001.05.16 23:51 B E:\www\ethan\1999\12\081.jpg --> ftp.ethanshow.com /d:/html/users/ethanshowcom/html/1999/12 081.jpg
2001.05.16 23:51 B E:\www\ethan\1999\12\081t.jpg --> ftp.ethanshow.com /d:/html/users/ethanshowcom/html/1999/12 081t.jpg
2001.05.16 23:51 B E:\www\ethan\1999\12\092.jpg --> ftp.ethanshow.com /d:/html/users/ethanshowcom/html/1999/12 092.jpg
2001.05.16 23:51 B E:\www\ethan\1999\12\092t.jpg --> ftp.ethanshow.com /d:/html/users/ethanshowcom/html/1999/12 092t.jpg
2001.05.16 23:51 B E:\www\ethan\1999\12\100.jpg --> ftp.ethanshow.com /d:/html/users/ethanshowcom/html/1999/12 100.jpg
2001.05.16 23:51 B E:\www\ethan\1999\12\100t.jpg --> ftp.ethanshow.com /d:/html/users/ethanshowcom/html/1999/12 100t.jpg
2001.05.16 23:51 B E:\www\ethan\1999\12\110.jpg --> ftp.ethanshow.com /d:/html/users/ethanshowcom/html/1999/12 110.jpg
2001.05.16 23:51 B E:\www\ethan\1999\12\110t.jpg --> ftp.ethanshow.com /d:/html/users/ethanshowcom/html/1999/12 110t.jpg
2001.05.16 23:52 B E:\www\ethan\1999\12\113.jpg --> ftp.ethanshow.com /d:/html/users/ethanshowcom/html/1999/12 113.jpg
2001.05.16 23:52 B E:\www\ethan\1999\12\113t.jpg --> ftp.ethanshow.com /d:/html/users/ethanshowcom/html/1999/12 113t.jpg
2001.05.16 23:52 B E:\www\ethan\1999\12\114.jpg --> ftp.ethanshow.com /d:/html/users/ethanshowcom/html/1999/12 114.jpg
2001.05.16 23:52 B E:\www\ethan\1999\12\114t.jpg --> ftp.ethanshow.com /d:/html/users/ethanshowcom/html/1999/12 114t.jpg
2001.05.16 23:52 B E:\www\ethan\1999\12\116.jpg --> ftp.ethanshow.com /d:/html/users/ethanshowcom/html/1999/12 116.jpg
2001.05.16 23:52 B E:\www\ethan\1999\12\116t.jpg --> ftp.ethanshow.com /d:/html/users/ethanshowcom/html/1999/12 116t.jpg
2001.05.16 23:52 B E:\www\ethan\1999\12\120.jpg --> ftp.ethanshow.com /d:/html/users/ethanshowcom/html/1999/12 120.jpg
2001.05.16 23:52 B E:\www\ethan\1999\12\120t.jpg --> ftp.ethanshow.com /d:/html/users/ethanshowcom/html/1999/12 120t.jpg
2001.05.16 23:52 B E:\www\ethan\1999\12\122.jpg --> ftp.ethanshow.com /d:/html/users/ethanshowcom/html/1999/12 122.jpg
2001.05.16 23:52 B E:\www\ethan\1999\12\122t.jpg --> ftp.ethanshow.com /d:/html/users/ethanshowcom/html/1999/12 122t.jpg
2001.05.16 23:52 B E:\www\ethan\1999\12\123.jpg --> ftp.ethanshow.com /d:/html/users/ethanshowcom/html/1999/12 123.jpg
2001.05.16 23:52 B E:\www\ethan\1999\12\123t.jpg --> ftp.ethanshow.com /d:/html/users/ethanshowcom/html/1999/12 123t.jpg
2001.05.16 23:52 B E:\www\ethan\1999\12\124.jpg --> ftp.ethanshow.com /d:/html/users/ethanshowcom/html/1999/12 124.jpg
2001.05.16 23:52 B E:\www\ethan\1999\12\124b.jpg --> ftp.ethanshow.com /d:/html/users/ethanshowcom/html/1999/12 124b.jpg
2001.05.16 23:52 B E:\www\ethan\1999\12\126.jpg --> ftp.ethanshow.com /d:/html/users/ethanshowcom/html/1999/12 126.jpg
2001.05.16 23:52 B E:\www\ethan\1999\12\126t.jpg --> ftp.ethanshow.com /d:/html/users/ethanshowcom/html/1999/12 126t.jpg
2001.05.16 23:52 B E:\www\ethan\1999\12\132.jpg --> ftp.ethanshow.com /d:/html/users/ethanshowcom/html/1999/12 132.jpg
2001.05.16 23:52 B E:\www\ethan\1999\12\132t.jpg --> ftp.ethanshow.com /d:/html/users/ethanshowcom/html/1999/12 132t.jpg
2001.05.16 23:52 B E:\www\ethan\1999\12\134.jpg --> ftp.ethanshow.com /d:/html/users/ethanshowcom/html/1999/12 134.jpg
2001.05.16 23:52 B E:\www\ethan\1999\12\134t.jpg --> ftp.ethanshow.com /d:/html/users/ethanshowcom/html/1999/12 134t.jpg
2001.05.16 23:52 B E:\www\ethan\1999\12\135.jpg --> ftp.ethanshow.com /d:/html/users/ethanshowcom/html/1999/12 135.jpg
2001.05.16 23:52 B E:\www\ethan\1999\12\135t.jpg --> ftp.ethanshow.com /d:/html/users/ethanshowcom/html/1999/12 135t.jpg
2001.05.16 23:53 B E:\www\ethan\1999\12\137.jpg --> ftp.ethanshow.com /d:/html/users/ethanshowcom/html/1999/12 137.jpg
2001.05.16 23:53 B E:\www\ethan\1999\12\137t.jpg --> ftp.ethanshow.com /d:/html/users/ethanshowcom/html/1999/12 137t.jpg
2001.05.16 23:53 B E:\www\ethan\1999\12\144.jpg --> ftp.ethanshow.com /d:/html/users/ethanshowcom/html/1999/12 144.jpg
2001.05.16 23:53 B E:\www\ethan\1999\12\144t.jpg --> ftp.ethanshow.com /d:/html/users/ethanshowcom/html/1999/12 144t.jpg
2001.05.16 23:53 B E:\www\ethan\1999\12\145.jpg --> ftp.ethanshow.com /d:/html/users/ethanshowcom/html/1999/12 145.jpg
2001.05.16 23:53 B E:\www\ethan\1999\12\145t.jpg --> ftp.ethanshow.com /d:/html/users/ethanshowcom/html/1999/12 145t.jpg
2001.05.16 23:53 B E:\www\ethan\1999\12\146.jpg --> ftp.ethanshow.com /d:/html/users/ethanshowcom/html/1999/12 146.jpg
2001.05.16 23:53 B E:\www\ethan\1999\12\146t.jpg --> ftp.ethanshow.com /d:/html/users/ethanshowcom/html/1999/12 146t.jpg
2001.05.16 23:53 B E:\www\ethan\1999\12\147.jpg --> ftp.ethanshow.com /d:/html/users/ethanshowcom/html/1999/12 147.jpg
2001.05.16 23:53 B E:\www\ethan\1999\12\147t.jpg --> ftp.ethanshow.com /d:/html/users/ethanshowcom/html/1999/12 147t.jpg
2001.05.16 23:53 B E:\www\ethan\1999\12\151.jpg --> ftp.ethanshow.com /d:/html/users/ethanshowcom/html/1999/12 151.jpg
2001.05.16 23:53 B E:\www\ethan\1999\12\151t.jpg --> ftp.ethanshow.com /d:/html/users/ethanshowcom/html/1999/12 151t.jpg
2001.05.16 23:53 B E:\www\ethan\1999\12\161.jpg --> ftp.ethanshow.com /d:/html/users/ethanshowcom/html/1999/12 161.jpg
2001.05.16 23:53 B E:\www\ethan\1999\12\161t.jpg --> ftp.ethanshow.com /d:/html/users/ethanshowcom/html/1999/12 161t.jpg
2001.05.16 23:53 B E:\www\ethan\1999\12\162.jpg --> ftp.ethanshow.com /d:/html/users/ethanshowcom/html/1999/12 162.jpg
2001.05.16 23:53 B E:\www\ethan\1999\12\162t.jpg --> ftp.ethanshow.com /d:/html/users/ethanshowcom/html/1999/12 162t.jpg
2001.05.16 23:53 B E:\www\ethan\1999\12\167.jpg --> ftp.ethanshow.com /d:/html/users/ethanshowcom/html/1999/12 167.jpg
2001.05.16 23:53 B E:\www\ethan\1999\12\167t.jpg --> ftp.ethanshow.com /d:/html/users/ethanshowcom/html/1999/12 167t.jpg
2001.05.16 23:53 B E:\www\ethan\1999\12\168.jpg --> ftp.ethanshow.com /d:/html/users/ethanshowcom/html/1999/12 168.jpg
2001.05.16 23:53 B E:\www\ethan\1999\12\168t.jpg --> ftp.ethanshow.com /d:/html/users/ethanshowcom/html/1999/12 168t.jpg
2001.05.16 23:53 B E:\www\ethan\1999\12\169.jpg --> ftp.ethanshow.com /d:/html/users/ethanshowcom/html/1999/12 169.jpg
2001.05.16 23:54 B E:\www\ethan\1999\12\169T.JPG --> ftp.ethanshow.com /d:/html/users/ethanshowcom/html/1999/12 169T.JPG
2001.05.16 23:54 B E:\www\ethan\1999\12\171.jpg --> ftp.ethanshow.com /d:/html/users/ethanshowcom/html/1999/12 171.jpg
2001.05.16 23:54 B E:\www\ethan\1999\12\171t.jpg --> ftp.ethanshow.com /d:/html/users/ethanshowcom/html/1999/12 171t.jpg
2001.05.16 23:54 B E:\www\ethan\1999\12\172.jpg --> ftp.ethanshow.com /d:/html/users/ethanshowcom/html/1999/12 172.jpg
2001.05.16 23:54 B E:\www\ethan\1999\12\172t.jpg --> ftp.ethanshow.com /d:/html/users/ethanshowcom/html/1999/12 172t.jpg
2001.05.16 23:54 B E:\www\ethan\1999\12\173.jpg --> ftp.ethanshow.com /d:/html/users/ethanshowcom/html/1999/12 173.jpg
2001.05.16 23:54 B E:\www\ethan\1999\12\173t.jpg --> ftp.ethanshow.com /d:/html/users/ethanshowcom/html/1999/12 173t.jpg
2001.05.16 23:54 B E:\www\ethan\1999\12\175.jpg --> ftp.ethanshow.com /d:/html/users/ethanshowcom/html/1999/12 175.jpg
2001.05.16 23:54 B E:\www\ethan\1999\12\175t.jpg --> ftp.ethanshow.com /d:/html/users/ethanshowcom/html/1999/12 175t.jpg
2001.05.16 23:54 B E:\www\ethan\1999\12\176.jpg --> ftp.ethanshow.com /d:/html/users/ethanshowcom/html/1999/12 176.jpg
2001.05.16 23:54 B E:\www\ethan\1999\12\176t.jpg --> ftp.ethanshow.com /d:/html/users/ethanshowcom/html/1999/12 176t.jpg
2001.05.16 23:54 B E:\www\ethan\1999\12\178.jpg --> ftp.ethanshow.com /d:/html/users/ethanshowcom/html/1999/12 178.jpg
2001.05.16 23:54 B E:\www\ethan\1999\12\178t.jpg --> ftp.ethanshow.com /d:/html/users/ethanshowcom/html/1999/12 178t.jpg
2001.05.16 23:54 B E:\www\ethan\1999\12\183.jpg --> ftp.ethanshow.com /d:/html/users/ethanshowcom/html/1999/12 183.jpg
2001.05.16 23:54 B E:\www\ethan\1999\12\183t.jpg --> ftp.ethanshow.com /d:/html/users/ethanshowcom/html/1999/12 183t.jpg
2001.05.16 23:54 B E:\www\ethan\1999\12\191.jpg --> ftp.ethanshow.com /d:/html/users/ethanshowcom/html/1999/12 191.jpg
2001.05.16 23:54 B E:\www\ethan\1999\12\191t.jpg --> ftp.ethanshow.com /d:/html/users/ethanshowcom/html/1999/12 191t.jpg
2001.05.16 23:54 B E:\www\ethan\1999\12\197.jpg --> ftp.ethanshow.com /d:/html/users/ethanshowcom/html/1999/12 197.jpg
2001.05.16 23:54 B E:\www\ethan\1999\12\197t.jpg --> ftp.ethanshow.com /d:/html/users/ethanshowcom/html/1999/12 197t.jpg
2001.05.16 23:54 B E:\www\ethan\1999\12\200.jpg --> ftp.ethanshow.com /d:/html/users/ethanshowcom/html/1999/12 200.jpg
2001.05.16 23:54 B E:\www\ethan\1999\12\200t.jpg --> ftp.ethanshow.com /d:/html/users/ethanshowcom/html/1999/12 200t.jpg
2001.05.16 23:54 B E:\www\ethan\1999\12\205.jpg --> ftp.ethanshow.com /d:/html/users/ethanshowcom/html/1999/12 205.jpg
2001.05.16 23:55 B E:\www\ethan\1999\12\205t.jpg --> ftp.ethanshow.com /d:/html/users/ethanshowcom/html/1999/12 205t.jpg
2001.05.16 23:55 B E:\www\ethan\1999\12\210.jpg --> ftp.ethanshow.com /d:/html/users/ethanshowcom/html/1999/12 210.jpg
2001.05.16 23:55 B E:\www\ethan\1999\12\210t.jpg --> ftp.ethanshow.com /d:/html/users/ethanshowcom/html/1999/12 210t.jpg
2001.05.16 23:55 B E:\www\ethan\1999\12\212.jpg --> ftp.ethanshow.com /d:/html/users/ethanshowcom/html/1999/12 212.jpg
2001.05.16 23:55 B E:\www\ethan\1999\12\212t.jpg --> ftp.ethanshow.com /d:/html/users/ethanshowcom/html/1999/12 212t.jpg
2001.05.16 23:55 B E:\www\ethan\1999\12\216.jpg --> ftp.ethanshow.com /d:/html/users/ethanshowcom/html/1999/12 216.jpg
2001.05.16 23:55 B E:\www\ethan\1999\12\216t.jpg --> ftp.ethanshow.com /d:/html/users/ethanshowcom/html/1999/12 216t.jpg
2001.05.16 23:55 B E:\www\ethan\1999\12\222.jpg --> ftp.ethanshow.com /d:/html/users/ethanshowcom/html/1999/12 222.jpg
2001.05.16 23:55 B E:\www\ethan\1999\12\222t.jpg --> ftp.ethanshow.com /d:/html/users/ethanshowcom/html/1999/12 222t.jpg
2001.05.16 23:55 B E:\www\ethan\1999\12\223.jpg --> ftp.ethanshow.com /d:/html/users/ethanshowcom/html/1999/12 223.jpg
2001.05.16 23:55 B E:\www\ethan\1999\12\223t.jpg --> ftp.ethanshow.com /d:/html/users/ethanshowcom/html/1999/12 223t.jpg
2001.05.16 23:55 B E:\www\ethan\1999\12\230.jpg --> ftp.ethanshow.com /d:/html/users/ethanshowcom/html/1999/12 230.jpg
2001.05.16 23:55 B E:\www\ethan\1999\12\230t.jpg --> ftp.ethanshow.com /d:/html/users/ethanshowcom/html/1999/12 230t.jpg
2001.05.16 23:55 B E:\www\ethan\1999\12\231.jpg --> ftp.ethanshow.com /d:/html/users/ethanshowcom/html/1999/12 231.jpg
2001.05.16 23:55 B E:\www\ethan\1999\12\231t.jpg --> ftp.ethanshow.com /d:/html/users/ethanshowcom/html/1999/12 231t.jpg
2001.05.16 23:55 B E:\www\ethan\1999\12\240.jpg --> ftp.ethanshow.com /d:/html/users/ethanshowcom/html/1999/12 240.jpg
2001.05.16 23:55 B E:\www\ethan\1999\12\240t.jpg --> ftp.ethanshow.com /d:/html/users/ethanshowcom/html/1999/12 240t.jpg
2001.05.16 23:55 B E:\www\ethan\1999\12\242.jpg --> ftp.ethanshow.com /d:/html/users/ethanshowcom/html/1999/12 242.jpg
2001.05.16 23:55 B E:\www\ethan\1999\12\242t.jpg --> ftp.ethanshow.com /d:/html/users/ethanshowcom/html/1999/12 242t.jpg
2001.05.16 23:55 B E:\www\ethan\1999\12\243.jpg --> ftp.ethanshow.com /d:/html/users/ethanshowcom/html/1999/12 243.jpg
2001.05.16 23:55 B E:\www\ethan\1999\12\243t.jpg --> ftp.ethanshow.com /d:/html/users/ethanshowcom/html/1999/12 243t.jpg
2001.05.16 23:55 B E:\www\ethan\1999\12\244.jpg --> ftp.ethanshow.com /d:/html/users/ethanshowcom/html/1999/12 244.jpg
2001.05.16 23:55 B E:\www\ethan\1999\12\244t.jpg --> ftp.ethanshow.com /d:/html/users/ethanshowcom/html/1999/12 244t.jpg
2001.05.16 23:56 B E:\www\ethan\1999\12\253.jpg --> ftp.ethanshow.com /d:/html/users/ethanshowcom/html/1999/12 253.jpg
2001.05.16 23:56 B E:\www\ethan\1999\12\253t.jpg --> ftp.ethanshow.com /d:/html/users/ethanshowcom/html/1999/12 253t.jpg
2001.05.16 23:56 B E:\www\ethan\1999\12\259.jpg --> ftp.ethanshow.com /d:/html/users/ethanshowcom/html/1999/12 259.jpg
2001.05.16 23:56 B E:\www\ethan\1999\12\259t.jpg --> ftp.ethanshow.com /d:/html/users/ethanshowcom/html/1999/12 259t.jpg
2001.05.16 23:56 B E:\www\ethan\1999\12\270.jpg --> ftp.ethanshow.com /d:/html/users/ethanshowcom/html/1999/12 270.jpg
2001.05.16 23:56 B E:\www\ethan\1999\12\270t.jpg --> ftp.ethanshow.com /d:/html/users/ethanshowcom/html/1999/12 270t.jpg
2001.05.16 23:56 B E:\www\ethan\1999\12\272.jpg --> ftp.ethanshow.com /d:/html/users/ethanshowcom/html/1999/12 272.jpg
2001.05.16 23:56 B E:\www\ethan\1999\12\272t.jpg --> ftp.ethanshow.com /d:/html/users/ethanshowcom/html/1999/12 272t.jpg
2001.05.16 23:56 B E:\www\ethan\1999\12\274.jpg --> ftp.ethanshow.com /d:/html/users/ethanshowcom/html/1999/12 274.jpg
2001.05.16 23:56 B E:\www\ethan\1999\12\274t.jpg --> ftp.ethanshow.com /d:/html/users/ethanshowcom/html/1999/12 274t.jpg
2001.05.16 23:56 B E:\www\ethan\1999\12\279.jpg --> ftp.ethanshow.com /d:/html/users/ethanshowcom/html/1999/12 279.jpg
2001.05.16 23:56 B E:\www\ethan\1999\12\279t.jpg --> ftp.ethanshow.com /d:/html/users/ethanshowcom/html/1999/12 279t.jpg
2001.05.16 23:56 B E:\www\ethan\1999\12\281.JPG --> ftp.ethanshow.com /d:/html/users/ethanshowcom/html/1999/12 281.JPG
2001.05.16 23:56 B E:\www\ethan\1999\12\281T.JPG --> ftp.ethanshow.com /d:/html/users/ethanshowcom/html/1999/12 281T.JPG
2001.05.16 23:56 B E:\www\ethan\1999\12\283.jpg --> ftp.ethanshow.com /d:/html/users/ethanshowcom/html/1999/12 283.jpg
2001.05.16 23:56 B E:\www\ethan\1999\12\283t.jpg --> ftp.ethanshow.com /d:/html/users/ethanshowcom/html/1999/12 283t.jpg
2001.05.16 23:56 B E:\www\ethan\1999\12\285.jpg --> ftp.ethanshow.com /d:/html/users/ethanshowcom/html/1999/12 285.jpg
2001.05.16 23:56 B E:\www\ethan\1999\12\285t.jpg --> ftp.ethanshow.com /d:/html/users/ethanshowcom/html/1999/12 285t.jpg
2001.05.16 23:56 B E:\www\ethan\1999\12\286.jpg --> ftp.ethanshow.com /d:/html/users/ethanshowcom/html/1999/12 286.jpg
2001.05.16 23:56 B E:\www\ethan\1999\12\286t.jpg --> ftp.ethanshow.com /d:/html/users/ethanshowcom/html/1999/12 286t.jpg
2001.05.16 23:56 B E:\www\ethan\1999\12\289.jpg --> ftp.ethanshow.com /d:/html/users/ethanshowcom/html/1999/12 289.jpg
2001.05.16 23:56 B E:\www\ethan\1999\12\289t.jpg --> ftp.ethanshow.com /d:/html/users/ethanshowcom/html/1999/12 289t.jpg
2001.05.16 23:56 B E:\www\ethan\1999\12\290.jpg --> ftp.ethanshow.com /d:/html/users/ethanshowcom/html/1999/12 290.jpg
2001.05.16 23:56 B E:\www\ethan\1999\12\290t.jpg --> ftp.ethanshow.com /d:/html/users/ethanshowcom/html/1999/12 290t.jpg
2001.05.16 23:56 B E:\www\ethan\1999\12\days.htm --> ftp.ethanshow.com /d:/html/users/ethanshowcom/html/1999/12 days.htm
2001.05.16 23:57 B E:\www\ethan\1999\12\dec01.htm --> ftp.ethanshow.com /d:/html/users/ethanshowcom/html/1999/12 dec01.htm
2001.05.16 23:57 B E:\www\ethan\1999\12\dec01a.htm --> ftp.ethanshow.com /d:/html/users/ethanshowcom/html/1999/12 dec01a.htm
2001.05.16 23:57 B E:\www\ethan\1999\12\dec02.htm --> ftp.ethanshow.com /d:/html/users/ethanshowcom/html/1999/12 dec02.htm
2001.05.16 23:57 B E:\www\ethan\1999\12\dec02a.htm --> ftp.ethanshow.com /d:/html/users/ethanshowcom/html/1999/12 dec02a.htm
2001.05.16 23:57 B E:\www\ethan\1999\12\dec03.htm --> ftp.ethanshow.com /d:/html/users/ethanshowcom/html/1999/12 dec03.htm
2001.05.16 23:57 B E:\www\ethan\1999\12\dec03a.htm --> ftp.ethanshow.com /d:/html/users/ethanshowcom/html/1999/12 dec03a.htm
2001.05.16 23:57 B E:\www\ethan\1999\12\dec04.htm --> ftp.ethanshow.com /d:/html/users/ethanshowcom/html/1999/12 dec04.htm
2001.05.16 23:57 B E:\www\ethan\1999\12\dec04a.htm --> ftp.ethanshow.com /d:/html/users/ethanshowcom/html/1999/12 dec04a.htm
2001.05.16 23:57 B E:\www\ethan\1999\12\DEC05.HTM --> ftp.ethanshow.com /d:/html/users/ethanshowcom/html/1999/12 DEC05.HTM
2001.05.16 23:57 B E:\www\ethan\1999\12\DEC05A.HTM --> ftp.ethanshow.com /d:/html/users/ethanshowcom/html/1999/12 DEC05A.HTM
2001.05.16 23:57 B E:\www\ethan\1999\12\DEC06.HTM --> ftp.ethanshow.com /d:/html/users/ethanshowcom/html/1999/12 DEC06.HTM
2001.05.16 23:57 B E:\www\ethan\1999\12\DEC06A.HTM --> ftp.ethanshow.com /d:/html/users/ethanshowcom/html/1999/12 DEC06A.HTM
2001.05.16 23:57 B E:\www\ethan\1999\12\DEC07.HTM --> ftp.ethanshow.com /d:/html/users/ethanshowcom/html/1999/12 DEC07.HTM
2001.05.16 23:57 B E:\www\ethan\1999\12\DEC07A.HTM --> ftp.ethanshow.com /d:/html/users/ethanshowcom/html/1999/12 DEC07A.HTM
2001.05.16 23:57 B E:\www\ethan\1999\12\DEC08.HTM --> ftp.ethanshow.com /d:/html/users/ethanshowcom/html/1999/12 DEC08.HTM
2001.05.16 23:57 B E:\www\ethan\1999\12\DEC08A.HTM --> ftp.ethanshow.com /d:/html/users/ethanshowcom/html/1999/12 DEC08A.HTM
2001.05.16 23:57 B E:\www\ethan\1999\12\DEC09.HTM --> ftp.ethanshow.com /d:/html/users/ethanshowcom/html/1999/12 DEC09.HTM
2001.05.16 23:57 B E:\www\ethan\1999\12\DEC09A.HTM --> ftp.ethanshow.com /d:/html/users/ethanshowcom/html/1999/12 DEC09A.HTM
2001.05.16 23:57 B E:\www\ethan\1999\12\DEC10.HTM --> ftp.ethanshow.com /d:/html/users/ethanshowcom/html/1999/12 DEC10.HTM
2001.05.16 23:57 B E:\www\ethan\1999\12\DEC10A.HTM --> ftp.ethanshow.com /d:/html/users/ethanshowcom/html/1999/12 DEC10A.HTM
2001.05.16 23:57 B E:\www\ethan\1999\12\DEC11.HTM --> ftp.ethanshow.com /d:/html/users/ethanshowcom/html/1999/12 DEC11.HTM
2001.05.16 23:57 B E:\www\ethan\1999\12\DEC11A.HTM --> ftp.ethanshow.com /d:/html/users/ethanshowcom/html/1999/12 DEC11A.HTM
2001.05.16 23:57 B E:\www\ethan\1999\12\DEC12.HTM --> ftp.ethanshow.com /d:/html/users/ethanshowcom/html/1999/12 DEC12.HTM
2001.05.16 23:57 B E:\www\ethan\1999\12\DEC12A.HTM --> ftp.ethanshow.com /d:/html/users/ethanshowcom/html/1999/12 DEC12A.HTM
2001.05.16 23:57 B E:\www\ethan\1999\12\DEC13.HTM --> ftp.ethanshow.com /d:/html/users/ethanshowcom/html/1999/12 DEC13.HTM
2001.05.16 23:57 B E:\www\ethan\1999\12\DEC13A.HTM --> ftp.ethanshow.com /d:/html/users/ethanshowcom/html/1999/12 DEC13A.HTM
2001.05.16 23:57 B E:\www\ethan\1999\12\DEC14.HTM --> ftp.ethanshow.com /d:/html/users/ethanshowcom/html/1999/12 DEC14.HTM
2001.05.16 23:57 B E:\www\ethan\1999\12\DEC14A.HTM --> ftp.ethanshow.com /d:/html/users/ethanshowcom/html/1999/12 DEC14A.HTM
2001.05.16 23:57 B E:\www\ethan\1999\12\DEC15.HTM --> ftp.ethanshow.com /d:/html/users/ethanshowcom/html/1999/12 DEC15.HTM
2001.05.16 23:57 B E:\www\ethan\1999\12\DEC15A.HTM --> ftp.ethanshow.com /d:/html/users/ethanshowcom/html/1999/12 DEC15A.HTM
2001.05.16 23:57 B E:\www\ethan\1999\12\DEC16.HTM --> ftp.ethanshow.com /d:/html/users/ethanshowcom/html/1999/12 DEC16.HTM
2001.05.16 23:57 B E:\www\ethan\1999\12\DEC16A.HTM --> ftp.ethanshow.com /d:/html/users/ethanshowcom/html/1999/12 DEC16A.HTM
2001.05.16 23:57 B E:\www\ethan\1999\12\DEC17.HTM --> ftp.ethanshow.com /d:/html/users/ethanshowcom/html/1999/12 DEC17.HTM
2001.05.16 23:57 B E:\www\ethan\1999\12\DEC17A.HTM --> ftp.ethanshow.com /d:/html/users/ethanshowcom/html/1999/12 DEC17A.HTM
2001.05.16 23:57 B E:\www\ethan\1999\12\DEC18.HTM --> ftp.ethanshow.com /d:/html/users/ethanshowcom/html/1999/12 DEC18.HTM
2001.05.16 23:57 B E:\www\ethan\1999\12\DEC18A.HTM --> ftp.ethanshow.com /d:/html/users/ethanshowcom/html/1999/12 DEC18A.HTM
2001.05.16 23:57 B E:\www\ethan\1999\12\DEC19.HTM --> ftp.ethanshow.com /d:/html/users/ethanshowcom/html/1999/12 DEC19.HTM
2001.05.16 23:57 B E:\www\ethan\1999\12\DEC19A.HTM --> ftp.ethanshow.com /d:/html/users/ethanshowcom/html/1999/12 DEC19A.HTM
2001.05.16 23:57 B E:\www\ethan\1999\12\DEC20.HTM --> ftp.ethanshow.com /d:/html/users/ethanshowcom/html/1999/12 DEC20.HTM
2001.05.16 23:57 B E:\www\ethan\1999\12\DEC20A.HTM --> ftp.ethanshow.com /d:/html/users/ethanshowcom/html/1999/12 DEC20A.HTM
2001.05.16 23:57 B E:\www\ethan\1999\12\DEC21.HTM --> ftp.ethanshow.com /d:/html/users/ethanshowcom/html/1999/12 DEC21.HTM
2001.05.16 23:57 B E:\www\ethan\1999\12\DEC21A.HTM --> ftp.ethanshow.com /d:/html/users/ethanshowcom/html/1999/12 DEC21A.HTM
2001.05.16 23:57 B E:\www\ethan\1999\12\DEC22.HTM --> ftp.ethanshow.com /d:/html/users/ethanshowcom/html/1999/12 DEC22.HTM
2001.05.16 23:57 B E:\www\ethan\1999\12\DEC22A.HTM --> ftp.ethanshow.com /d:/html/users/ethanshowcom/html/1999/12 DEC22A.HTM
2001.05.16 23:57 B E:\www\ethan\1999\12\DEC23.HTM --> ftp.ethanshow.com /d:/html/users/ethanshowcom/html/1999/12 DEC23.HTM
2001.05.16 23:57 B E:\www\ethan\1999\12\DEC23A.HTM --> ftp.ethanshow.com /d:/html/users/ethanshowcom/html/1999/12 DEC23A.HTM
2001.05.16 23:57 B E:\www\ethan\1999\12\DEC24.HTM --> ftp.ethanshow.com /d:/html/users/ethanshowcom/html/1999/12 DEC24.HTM
2001.05.16 23:57 B E:\www\ethan\1999\12\DEC24A.HTM --> ftp.ethanshow.com /d:/html/users/ethanshowcom/html/1999/12 DEC24A.HTM
2001.05.16 23:57 B E:\www\ethan\1999\12\DEC25.HTM --> ftp.ethanshow.com /d:/html/users/ethanshowcom/html/1999/12 DEC25.HTM
2001.05.16 23:58 B E:\www\ethan\1999\12\DEC25A.HTM --> ftp.ethanshow.com /d:/html/users/ethanshowcom/html/1999/12 DEC25A.HTM
2001.05.16 23:58 B E:\www\ethan\1999\12\DEC26.HTM --> ftp.ethanshow.com /d:/html/users/ethanshowcom/html/1999/12 DEC26.HTM
2001.05.16 23:58 B E:\www\ethan\1999\12\DEC26A.HTM --> ftp.ethanshow.com /d:/html/users/ethanshowcom/html/1999/12 DEC26A.HTM
2001.05.16 23:58 B E:\www\ethan\1999\12\DEC27.HTM --> ftp.ethanshow.com /d:/html/users/ethanshowcom/html/1999/12 DEC27.HTM
2001.05.16 23:58 B E:\www\ethan\1999\12\DEC27A.HTM --> ftp.ethanshow.com /d:/html/users/ethanshowcom/html/1999/12 DEC27A.HTM
2001.05.16 23:58 B E:\www\ethan\1999\12\DEC28.HTM --> ftp.ethanshow.com /d:/html/users/ethanshowcom/html/1999/12 DEC28.HTM
2001.05.16 23:58 B E:\www\ethan\1999\12\DEC28A.HTM --> ftp.ethanshow.com /d:/html/users/ethanshowcom/html/1999/12 DEC28A.HTM
2001.05.16 23:58 B E:\www\ethan\1999\12\DEC29.HTM --> ftp.ethanshow.com /d:/html/users/ethanshowcom/html/1999/12 DEC29.HTM
2001.05.16 23:58 B E:\www\ethan\1999\12\DEC29A.HTM --> ftp.ethanshow.com /d:/html/users/ethanshowcom/html/1999/12 DEC29A.HTM
2001.05.16 23:58 B E:\www\ethan\1999\12\DEC30.HTM --> ftp.ethanshow.com /d:/html/users/ethanshowcom/html/1999/12 DEC30.HTM
2001.05.16 23:58 B E:\www\ethan\1999\12\DEC30A.HTM --> ftp.ethanshow.com /d:/html/users/ethanshowcom/html/1999/12 DEC30A.HTM
2001.05.16 23:58 B E:\www\ethan\1999\12\DEC31.HTM --> ftp.ethanshow.com /d:/html/users/ethanshowcom/html/1999/12 DEC31.HTM
2001.05.16 23:58 B E:\www\ethan\1999\12\DEC31A.HTM --> ftp.ethanshow.com /d:/html/users/ethanshowcom/html/1999/12 DEC31A.HTM
2001.05.16 23:58 B E:\www\ethan\1999\12\nav.htm --> ftp.ethanshow.com /d:/html/users/ethanshowcom/html/1999/12 nav.htm
2001.05.16 23:58 B E:\www\ethan\1999\12\NOTES.TXT --> ftp.ethanshow.com /d:/html/users/ethanshowcom/html/1999/12 NOTES.TXT
