2001.05.31 00:00 B E:\www\ethan\2000\07\102.jpg --> ftp.ethanshow.com /d:/html/users/ethanshowcom/html/2000/07 102.jpg
2001.05.31 00:00 B E:\www\ethan\2000\07\102t.jpg --> ftp.ethanshow.com /d:/html/users/ethanshowcom/html/2000/07 102t.jpg
2001.05.31 00:00 B E:\www\ethan\2000\07\103.jpg --> ftp.ethanshow.com /d:/html/users/ethanshowcom/html/2000/07 103.jpg
2001.05.31 00:00 B E:\www\ethan\2000\07\103t.jpg --> ftp.ethanshow.com /d:/html/users/ethanshowcom/html/2000/07 103t.jpg
2001.05.31 00:00 B E:\www\ethan\2000\07\104.jpg --> ftp.ethanshow.com /d:/html/users/ethanshowcom/html/2000/07 104.jpg
2001.05.31 00:00 B E:\www\ethan\2000\07\104t.jpg --> ftp.ethanshow.com /d:/html/users/ethanshowcom/html/2000/07 104t.jpg
2001.05.31 00:00 B E:\www\ethan\2000\07\105.jpg --> ftp.ethanshow.com /d:/html/users/ethanshowcom/html/2000/07 105.jpg
2001.05.31 00:00 B E:\www\ethan\2000\07\105t.jpg --> ftp.ethanshow.com /d:/html/users/ethanshowcom/html/2000/07 105t.jpg
2001.05.31 00:01 B E:\www\ethan\2000\07\106.jpg --> ftp.ethanshow.com /d:/html/users/ethanshowcom/html/2000/07 106.jpg
2001.05.31 00:01 B E:\www\ethan\2000\07\106t.jpg --> ftp.ethanshow.com /d:/html/users/ethanshowcom/html/2000/07 106t.jpg
2001.05.31 00:01 B E:\www\ethan\2000\07\107.jpg --> ftp.ethanshow.com /d:/html/users/ethanshowcom/html/2000/07 107.jpg
2001.05.31 00:01 B E:\www\ethan\2000\07\107t.jpg --> ftp.ethanshow.com /d:/html/users/ethanshowcom/html/2000/07 107t.jpg
2001.05.31 00:01 B E:\www\ethan\2000\07\109.jpg --> ftp.ethanshow.com /d:/html/users/ethanshowcom/html/2000/07 109.jpg
2001.05.31 00:01 B E:\www\ethan\2000\07\109t.jpg --> ftp.ethanshow.com /d:/html/users/ethanshowcom/html/2000/07 109t.jpg
2001.05.31 00:01 B E:\www\ethan\2000\07\110.jpg --> ftp.ethanshow.com /d:/html/users/ethanshowcom/html/2000/07 110.jpg
2001.05.31 00:01 B E:\www\ethan\2000\07\110t.jpg --> ftp.ethanshow.com /d:/html/users/ethanshowcom/html/2000/07 110t.jpg
2001.05.31 00:01 B E:\www\ethan\2000\07\111.jpg --> ftp.ethanshow.com /d:/html/users/ethanshowcom/html/2000/07 111.jpg
2001.05.31 00:01 B E:\www\ethan\2000\07\111t.jpg --> ftp.ethanshow.com /d:/html/users/ethanshowcom/html/2000/07 111t.jpg
2001.05.31 00:01 B E:\www\ethan\2000\07\201.jpg --> ftp.ethanshow.com /d:/html/users/ethanshowcom/html/2000/07 201.jpg
2001.05.31 00:01 B E:\www\ethan\2000\07\201t.jpg --> ftp.ethanshow.com /d:/html/users/ethanshowcom/html/2000/07 201t.jpg
2001.05.31 00:01 B E:\www\ethan\2000\07\202.jpg --> ftp.ethanshow.com /d:/html/users/ethanshowcom/html/2000/07 202.jpg
2001.05.31 00:01 B E:\www\ethan\2000\07\202t.jpg --> ftp.ethanshow.com /d:/html/users/ethanshowcom/html/2000/07 202t.jpg
2001.05.31 00:02 B E:\www\ethan\2000\07\203.jpg --> ftp.ethanshow.com /d:/html/users/ethanshowcom/html/2000/07 203.jpg
2001.05.31 00:02 B E:\www\ethan\2000\07\203t.jpg --> ftp.ethanshow.com /d:/html/users/ethanshowcom/html/2000/07 203t.jpg
2001.05.31 00:02 B E:\www\ethan\2000\07\204.jpg --> ftp.ethanshow.com /d:/html/users/ethanshowcom/html/2000/07 204.jpg
2001.05.31 00:02 B E:\www\ethan\2000\07\204t.jpg --> ftp.ethanshow.com /d:/html/users/ethanshowcom/html/2000/07 204t.jpg
2001.05.31 00:02 B E:\www\ethan\2000\07\215.jpg --> ftp.ethanshow.com /d:/html/users/ethanshowcom/html/2000/07 215.jpg
2001.05.31 00:02 B E:\www\ethan\2000\07\215t.jpg --> ftp.ethanshow.com /d:/html/users/ethanshowcom/html/2000/07 215t.jpg
2001.05.31 00:02 B E:\www\ethan\2000\07\216.jpg --> ftp.ethanshow.com /d:/html/users/ethanshowcom/html/2000/07 216.jpg
2001.05.31 00:02 B E:\www\ethan\2000\07\216t.jpg --> ftp.ethanshow.com /d:/html/users/ethanshowcom/html/2000/07 216t.jpg
2001.05.31 00:02 B E:\www\ethan\2000\07\217.jpg --> ftp.ethanshow.com /d:/html/users/ethanshowcom/html/2000/07 217.jpg
2001.05.31 00:02 B E:\www\ethan\2000\07\217t.jpg --> ftp.ethanshow.com /d:/html/users/ethanshowcom/html/2000/07 217t.jpg
2001.05.31 00:02 B E:\www\ethan\2000\07\218.jpg --> ftp.ethanshow.com /d:/html/users/ethanshowcom/html/2000/07 218.jpg
2001.05.31 00:02 B E:\www\ethan\2000\07\218t.jpg --> ftp.ethanshow.com /d:/html/users/ethanshowcom/html/2000/07 218t.jpg
2001.05.31 00:02 B E:\www\ethan\2000\07\220.jpg --> ftp.ethanshow.com /d:/html/users/ethanshowcom/html/2000/07 220.jpg
2001.05.31 00:02 B E:\www\ethan\2000\07\220t.jpg --> ftp.ethanshow.com /d:/html/users/ethanshowcom/html/2000/07 220t.jpg
2001.05.31 00:02 B E:\www\ethan\2000\07\221.jpg --> ftp.ethanshow.com /d:/html/users/ethanshowcom/html/2000/07 221.jpg
2001.05.31 00:02 B E:\www\ethan\2000\07\221t.jpg --> ftp.ethanshow.com /d:/html/users/ethanshowcom/html/2000/07 221t.jpg
2001.05.31 00:03 B E:\www\ethan\2000\07\225.jpg --> ftp.ethanshow.com /d:/html/users/ethanshowcom/html/2000/07 225.jpg
2001.05.31 00:03 B E:\www\ethan\2000\07\225t.jpg --> ftp.ethanshow.com /d:/html/users/ethanshowcom/html/2000/07 225t.jpg
2001.05.31 00:03 B E:\www\ethan\2000\07\226.jpg --> ftp.ethanshow.com /d:/html/users/ethanshowcom/html/2000/07 226.jpg
2001.05.31 00:03 B E:\www\ethan\2000\07\226t.jpg --> ftp.ethanshow.com /d:/html/users/ethanshowcom/html/2000/07 226t.jpg
2001.05.31 00:03 B E:\www\ethan\2000\07\227.jpg --> ftp.ethanshow.com /d:/html/users/ethanshowcom/html/2000/07 227.jpg
2001.05.31 00:03 B E:\www\ethan\2000\07\227t.jpg --> ftp.ethanshow.com /d:/html/users/ethanshowcom/html/2000/07 227t.jpg
2001.05.31 00:03 B E:\www\ethan\2000\07\230.jpg --> ftp.ethanshow.com /d:/html/users/ethanshowcom/html/2000/07 230.jpg
2001.05.31 00:03 B E:\www\ethan\2000\07\230t.jpg --> ftp.ethanshow.com /d:/html/users/ethanshowcom/html/2000/07 230t.jpg
2001.05.31 00:03 B E:\www\ethan\2000\07\232.jpg --> ftp.ethanshow.com /d:/html/users/ethanshowcom/html/2000/07 232.jpg
2001.05.31 00:03 B E:\www\ethan\2000\07\232t.jpg --> ftp.ethanshow.com /d:/html/users/ethanshowcom/html/2000/07 232t.jpg
2001.05.31 00:03 B E:\www\ethan\2000\07\238.jpg --> ftp.ethanshow.com /d:/html/users/ethanshowcom/html/2000/07 238.jpg
2001.05.31 00:03 B E:\www\ethan\2000\07\238t.jpg --> ftp.ethanshow.com /d:/html/users/ethanshowcom/html/2000/07 238t.jpg
2001.05.31 00:03 B E:\www\ethan\2000\07\248.jpg --> ftp.ethanshow.com /d:/html/users/ethanshowcom/html/2000/07 248.jpg
2001.05.31 00:03 B E:\www\ethan\2000\07\248t.jpg --> ftp.ethanshow.com /d:/html/users/ethanshowcom/html/2000/07 248t.jpg
2001.05.31 00:04 B E:\www\ethan\2000\07\249.jpg --> ftp.ethanshow.com /d:/html/users/ethanshowcom/html/2000/07 249.jpg
2001.05.31 00:04 B E:\www\ethan\2000\07\249t.jpg --> ftp.ethanshow.com /d:/html/users/ethanshowcom/html/2000/07 249t.jpg
2001.05.31 00:04 B E:\www\ethan\2000\07\250.jpg --> ftp.ethanshow.com /d:/html/users/ethanshowcom/html/2000/07 250.jpg
2001.05.31 00:04 B E:\www\ethan\2000\07\250t.jpg --> ftp.ethanshow.com /d:/html/users/ethanshowcom/html/2000/07 250t.jpg
2001.05.31 00:04 B E:\www\ethan\2000\07\260.jpg --> ftp.ethanshow.com /d:/html/users/ethanshowcom/html/2000/07 260.jpg
2001.05.31 00:04 B E:\www\ethan\2000\07\260t.jpg --> ftp.ethanshow.com /d:/html/users/ethanshowcom/html/2000/07 260t.jpg
2001.05.31 00:04 B E:\www\ethan\2000\07\261.jpg --> ftp.ethanshow.com /d:/html/users/ethanshowcom/html/2000/07 261.jpg
2001.05.31 00:04 B E:\www\ethan\2000\07\261t.jpg --> ftp.ethanshow.com /d:/html/users/ethanshowcom/html/2000/07 261t.jpg
2001.05.31 00:04 B E:\www\ethan\2000\07\262.jpg --> ftp.ethanshow.com /d:/html/users/ethanshowcom/html/2000/07 262.jpg
2001.05.31 00:04 B E:\www\ethan\2000\07\262t.jpg --> ftp.ethanshow.com /d:/html/users/ethanshowcom/html/2000/07 262t.jpg
2001.05.31 00:04 B E:\www\ethan\2000\07\300.jpg --> ftp.ethanshow.com /d:/html/users/ethanshowcom/html/2000/07 300.jpg
2001.05.31 00:04 B E:\www\ethan\2000\07\300t.jpg --> ftp.ethanshow.com /d:/html/users/ethanshowcom/html/2000/07 300t.jpg
2001.05.31 00:05 B E:\www\ethan\2000\07\301.jpg --> ftp.ethanshow.com /d:/html/users/ethanshowcom/html/2000/07 301.jpg
2001.05.31 00:05 B E:\www\ethan\2000\07\301t.jpg --> ftp.ethanshow.com /d:/html/users/ethanshowcom/html/2000/07 301t.jpg
2001.05.31 00:05 B E:\www\ethan\2000\07\304.jpg --> ftp.ethanshow.com /d:/html/users/ethanshowcom/html/2000/07 304.jpg
2001.05.31 00:05 B E:\www\ethan\2000\07\304t.jpg --> ftp.ethanshow.com /d:/html/users/ethanshowcom/html/2000/07 304t.jpg
2001.05.31 00:05 B E:\www\ethan\2000\07\305.jpg --> ftp.ethanshow.com /d:/html/users/ethanshowcom/html/2000/07 305.jpg
2001.05.31 00:05 B E:\www\ethan\2000\07\305t.jpg --> ftp.ethanshow.com /d:/html/users/ethanshowcom/html/2000/07 305t.jpg
2001.05.31 00:05 B E:\www\ethan\2000\07\307.jpg --> ftp.ethanshow.com /d:/html/users/ethanshowcom/html/2000/07 307.jpg
2001.05.31 00:05 B E:\www\ethan\2000\07\307t.jpg --> ftp.ethanshow.com /d:/html/users/ethanshowcom/html/2000/07 307t.jpg
2001.05.31 00:05 B E:\www\ethan\2000\07\308.jpg --> ftp.ethanshow.com /d:/html/users/ethanshowcom/html/2000/07 308.jpg
2001.05.31 00:05 B E:\www\ethan\2000\07\308t.jpg --> ftp.ethanshow.com /d:/html/users/ethanshowcom/html/2000/07 308t.jpg
2001.05.31 00:05 B E:\www\ethan\2000\07\309.jpg --> ftp.ethanshow.com /d:/html/users/ethanshowcom/html/2000/07 309.jpg
2001.05.31 00:05 B E:\www\ethan\2000\07\309t.jpg --> ftp.ethanshow.com /d:/html/users/ethanshowcom/html/2000/07 309t.jpg
2001.05.31 00:05 B E:\www\ethan\2000\07\401.jpg --> ftp.ethanshow.com /d:/html/users/ethanshowcom/html/2000/07 401.jpg
2001.05.31 00:06 B E:\www\ethan\2000\07\401t.jpg --> ftp.ethanshow.com /d:/html/users/ethanshowcom/html/2000/07 401t.jpg
2001.05.31 00:06 B E:\www\ethan\2000\07\402.jpg --> ftp.ethanshow.com /d:/html/users/ethanshowcom/html/2000/07 402.jpg
2001.05.31 00:06 B E:\www\ethan\2000\07\402t.jpg --> ftp.ethanshow.com /d:/html/users/ethanshowcom/html/2000/07 402t.jpg
2001.05.31 00:06 B E:\www\ethan\2000\07\403.jpg --> ftp.ethanshow.com /d:/html/users/ethanshowcom/html/2000/07 403.jpg
2001.05.31 00:06 B E:\www\ethan\2000\07\403t.jpg --> ftp.ethanshow.com /d:/html/users/ethanshowcom/html/2000/07 403t.jpg
2001.05.31 00:06 B E:\www\ethan\2000\07\404.jpg --> ftp.ethanshow.com /d:/html/users/ethanshowcom/html/2000/07 404.jpg
2001.05.31 00:06 B E:\www\ethan\2000\07\404t.jpg --> ftp.ethanshow.com /d:/html/users/ethanshowcom/html/2000/07 404t.jpg
2001.05.31 00:06 B E:\www\ethan\2000\07\410.jpg --> ftp.ethanshow.com /d:/html/users/ethanshowcom/html/2000/07 410.jpg
2001.05.31 00:06 B E:\www\ethan\2000\07\410t.jpg --> ftp.ethanshow.com /d:/html/users/ethanshowcom/html/2000/07 410t.jpg
2001.05.31 00:06 B E:\www\ethan\2000\07\411.jpg --> ftp.ethanshow.com /d:/html/users/ethanshowcom/html/2000/07 411.jpg
2001.05.31 00:06 B E:\www\ethan\2000\07\411t.jpg --> ftp.ethanshow.com /d:/html/users/ethanshowcom/html/2000/07 411t.jpg
2001.05.31 00:06 B E:\www\ethan\2000\07\413.jpg --> ftp.ethanshow.com /d:/html/users/ethanshowcom/html/2000/07 413.jpg
2001.05.31 00:06 B E:\www\ethan\2000\07\413t.jpg --> ftp.ethanshow.com /d:/html/users/ethanshowcom/html/2000/07 413t.jpg
2001.05.31 00:06 B E:\www\ethan\2000\07\415.jpg --> ftp.ethanshow.com /d:/html/users/ethanshowcom/html/2000/07 415.jpg
2001.05.31 00:06 B E:\www\ethan\2000\07\415t.jpg --> ftp.ethanshow.com /d:/html/users/ethanshowcom/html/2000/07 415t.jpg
2001.05.31 00:07 B E:\www\ethan\2000\07\416.jpg --> ftp.ethanshow.com /d:/html/users/ethanshowcom/html/2000/07 416.jpg
2001.05.31 00:07 B E:\www\ethan\2000\07\416t.jpg --> ftp.ethanshow.com /d:/html/users/ethanshowcom/html/2000/07 416t.jpg
2001.05.31 00:07 B E:\www\ethan\2000\07\417.jpg --> ftp.ethanshow.com /d:/html/users/ethanshowcom/html/2000/07 417.jpg
2001.05.31 00:07 B E:\www\ethan\2000\07\417t.jpg --> ftp.ethanshow.com /d:/html/users/ethanshowcom/html/2000/07 417t.jpg
2001.05.31 00:07 B E:\www\ethan\2000\07\418.jpg --> ftp.ethanshow.com /d:/html/users/ethanshowcom/html/2000/07 418.jpg
2001.05.31 00:07 B E:\www\ethan\2000\07\418t.jpg --> ftp.ethanshow.com /d:/html/users/ethanshowcom/html/2000/07 418t.jpg
2001.05.31 00:07 B E:\www\ethan\2000\07\421.jpg --> ftp.ethanshow.com /d:/html/users/ethanshowcom/html/2000/07 421.jpg
2001.05.31 00:07 B E:\www\ethan\2000\07\421t.jpg --> ftp.ethanshow.com /d:/html/users/ethanshowcom/html/2000/07 421t.jpg
2001.05.31 00:07 B E:\www\ethan\2000\07\423.jpg --> ftp.ethanshow.com /d:/html/users/ethanshowcom/html/2000/07 423.jpg
2001.05.31 00:07 B E:\www\ethan\2000\07\423t.jpg --> ftp.ethanshow.com /d:/html/users/ethanshowcom/html/2000/07 423t.jpg
2001.05.31 00:07 B E:\www\ethan\2000\07\425.jpg --> ftp.ethanshow.com /d:/html/users/ethanshowcom/html/2000/07 425.jpg
2001.05.31 00:07 B E:\www\ethan\2000\07\425t.jpg --> ftp.ethanshow.com /d:/html/users/ethanshowcom/html/2000/07 425t.jpg
2001.05.31 00:07 B E:\www\ethan\2000\07\427.jpg --> ftp.ethanshow.com /d:/html/users/ethanshowcom/html/2000/07 427.jpg
2001.05.31 00:07 B E:\www\ethan\2000\07\427t.jpg --> ftp.ethanshow.com /d:/html/users/ethanshowcom/html/2000/07 427t.jpg
2001.05.31 00:08 B E:\www\ethan\2000\07\429.jpg --> ftp.ethanshow.com /d:/html/users/ethanshowcom/html/2000/07 429.jpg
2001.05.31 00:08 B E:\www\ethan\2000\07\429t.jpg --> ftp.ethanshow.com /d:/html/users/ethanshowcom/html/2000/07 429t.jpg
2001.05.31 00:08 B E:\www\ethan\2000\07\430.jpg --> ftp.ethanshow.com /d:/html/users/ethanshowcom/html/2000/07 430.jpg
2001.05.31 00:08 B E:\www\ethan\2000\07\430t.jpg --> ftp.ethanshow.com /d:/html/users/ethanshowcom/html/2000/07 430t.jpg
2001.05.31 00:08 B E:\www\ethan\2000\07\432.jpg --> ftp.ethanshow.com /d:/html/users/ethanshowcom/html/2000/07 432.jpg
2001.05.31 00:08 B E:\www\ethan\2000\07\432t.jpg --> ftp.ethanshow.com /d:/html/users/ethanshowcom/html/2000/07 432t.jpg
2001.05.31 00:08 B E:\www\ethan\2000\07\433.jpg --> ftp.ethanshow.com /d:/html/users/ethanshowcom/html/2000/07 433.jpg
2001.05.31 00:08 B E:\www\ethan\2000\07\433t.jpg --> ftp.ethanshow.com /d:/html/users/ethanshowcom/html/2000/07 433t.jpg
2001.05.31 00:08 B E:\www\ethan\2000\07\434.jpg --> ftp.ethanshow.com /d:/html/users/ethanshowcom/html/2000/07 434.jpg
2001.05.31 00:08 B E:\www\ethan\2000\07\434t.jpg --> ftp.ethanshow.com /d:/html/users/ethanshowcom/html/2000/07 434t.jpg
2001.05.31 00:08 B E:\www\ethan\2000\07\435.jpg --> ftp.ethanshow.com /d:/html/users/ethanshowcom/html/2000/07 435.jpg
2001.05.31 00:08 B E:\www\ethan\2000\07\435t.jpg --> ftp.ethanshow.com /d:/html/users/ethanshowcom/html/2000/07 435t.jpg
2001.05.31 00:08 B E:\www\ethan\2000\07\436.jpg --> ftp.ethanshow.com /d:/html/users/ethanshowcom/html/2000/07 436.jpg
2001.05.31 00:08 B E:\www\ethan\2000\07\436t.jpg --> ftp.ethanshow.com /d:/html/users/ethanshowcom/html/2000/07 436t.jpg
2001.05.31 00:08 B E:\www\ethan\2000\07\442.jpg --> ftp.ethanshow.com /d:/html/users/ethanshowcom/html/2000/07 442.jpg
2001.05.31 00:09 B E:\www\ethan\2000\07\442t.jpg --> ftp.ethanshow.com /d:/html/users/ethanshowcom/html/2000/07 442t.jpg
2001.05.31 00:09 B E:\www\ethan\2000\07\500.jpg --> ftp.ethanshow.com /d:/html/users/ethanshowcom/html/2000/07 500.jpg
2001.05.31 00:09 B E:\www\ethan\2000\07\500t.jpg --> ftp.ethanshow.com /d:/html/users/ethanshowcom/html/2000/07 500t.jpg
2001.05.31 00:09 B E:\www\ethan\2000\07\502.jpg --> ftp.ethanshow.com /d:/html/users/ethanshowcom/html/2000/07 502.jpg
2001.05.31 00:09 B E:\www\ethan\2000\07\502t.jpg --> ftp.ethanshow.com /d:/html/users/ethanshowcom/html/2000/07 502t.jpg
2001.05.31 00:09 B E:\www\ethan\2000\07\505.jpg --> ftp.ethanshow.com /d:/html/users/ethanshowcom/html/2000/07 505.jpg
2001.05.31 00:09 B E:\www\ethan\2000\07\505t.jpg --> ftp.ethanshow.com /d:/html/users/ethanshowcom/html/2000/07 505t.jpg
2001.05.31 00:09 B E:\www\ethan\2000\07\506.jpg --> ftp.ethanshow.com /d:/html/users/ethanshowcom/html/2000/07 506.jpg
2001.05.31 00:09 B E:\www\ethan\2000\07\506t.jpg --> ftp.ethanshow.com /d:/html/users/ethanshowcom/html/2000/07 506t.jpg
2001.05.31 00:09 B E:\www\ethan\2000\07\507.jpg --> ftp.ethanshow.com /d:/html/users/ethanshowcom/html/2000/07 507.jpg
2001.05.31 00:09 B E:\www\ethan\2000\07\507t.jpg --> ftp.ethanshow.com /d:/html/users/ethanshowcom/html/2000/07 507t.jpg
2001.05.31 00:09 B E:\www\ethan\2000\07\508.jpg --> ftp.ethanshow.com /d:/html/users/ethanshowcom/html/2000/07 508.jpg
2001.05.31 00:09 B E:\www\ethan\2000\07\508t.jpg --> ftp.ethanshow.com /d:/html/users/ethanshowcom/html/2000/07 508t.jpg
2001.05.31 00:10 B E:\www\ethan\2000\07\511.jpg --> ftp.ethanshow.com /d:/html/users/ethanshowcom/html/2000/07 511.jpg
2001.05.31 00:10 B E:\www\ethan\2000\07\511t.jpg --> ftp.ethanshow.com /d:/html/users/ethanshowcom/html/2000/07 511t.jpg
2001.05.31 00:10 B E:\www\ethan\2000\07\513.jpg --> ftp.ethanshow.com /d:/html/users/ethanshowcom/html/2000/07 513.jpg
2001.05.31 00:10 B E:\www\ethan\2000\07\513t.jpg --> ftp.ethanshow.com /d:/html/users/ethanshowcom/html/2000/07 513t.jpg
2001.05.31 00:10 B E:\www\ethan\2000\07\517.jpg --> ftp.ethanshow.com /d:/html/users/ethanshowcom/html/2000/07 517.jpg
2001.05.31 00:10 B E:\www\ethan\2000\07\517t.jpg --> ftp.ethanshow.com /d:/html/users/ethanshowcom/html/2000/07 517t.jpg
2001.05.31 00:10 B E:\www\ethan\2000\07\523.jpg --> ftp.ethanshow.com /d:/html/users/ethanshowcom/html/2000/07 523.jpg
2001.05.31 00:10 B E:\www\ethan\2000\07\523t.jpg --> ftp.ethanshow.com /d:/html/users/ethanshowcom/html/2000/07 523t.jpg
2001.05.31 00:10 B E:\www\ethan\2000\07\524.jpg --> ftp.ethanshow.com /d:/html/users/ethanshowcom/html/2000/07 524.jpg
2001.05.31 00:10 B E:\www\ethan\2000\07\524t.jpg --> ftp.ethanshow.com /d:/html/users/ethanshowcom/html/2000/07 524t.jpg
2001.05.31 00:10 B E:\www\ethan\2000\07\527.jpg --> ftp.ethanshow.com /d:/html/users/ethanshowcom/html/2000/07 527.jpg
2001.05.31 00:10 B E:\www\ethan\2000\07\527t.jpg --> ftp.ethanshow.com /d:/html/users/ethanshowcom/html/2000/07 527t.jpg
2001.05.31 00:10 B E:\www\ethan\2000\07\528.jpg --> ftp.ethanshow.com /d:/html/users/ethanshowcom/html/2000/07 528.jpg
2001.05.31 00:10 B E:\www\ethan\2000\07\528t.jpg --> ftp.ethanshow.com /d:/html/users/ethanshowcom/html/2000/07 528t.jpg
2001.05.31 00:11 B E:\www\ethan\2000\07\529.jpg --> ftp.ethanshow.com /d:/html/users/ethanshowcom/html/2000/07 529.jpg
2001.05.31 00:11 B E:\www\ethan\2000\07\529t.jpg --> ftp.ethanshow.com /d:/html/users/ethanshowcom/html/2000/07 529t.jpg
2001.05.31 00:11 B E:\www\ethan\2000\07\536.jpg --> ftp.ethanshow.com /d:/html/users/ethanshowcom/html/2000/07 536.jpg
2001.05.31 00:11 B E:\www\ethan\2000\07\536t.jpg --> ftp.ethanshow.com /d:/html/users/ethanshowcom/html/2000/07 536t.jpg
2001.05.31 00:11 B E:\www\ethan\2000\07\600.jpg --> ftp.ethanshow.com /d:/html/users/ethanshowcom/html/2000/07 600.jpg
2001.05.31 00:11 B E:\www\ethan\2000\07\600t.jpg --> ftp.ethanshow.com /d:/html/users/ethanshowcom/html/2000/07 600t.jpg
2001.05.31 00:11 B E:\www\ethan\2000\07\601.jpg --> ftp.ethanshow.com /d:/html/users/ethanshowcom/html/2000/07 601.jpg
2001.05.31 00:11 B E:\www\ethan\2000\07\601t.jpg --> ftp.ethanshow.com /d:/html/users/ethanshowcom/html/2000/07 601t.jpg
2001.05.31 00:11 B E:\www\ethan\2000\07\602.jpg --> ftp.ethanshow.com /d:/html/users/ethanshowcom/html/2000/07 602.jpg
2001.05.31 00:11 B E:\www\ethan\2000\07\602t.jpg --> ftp.ethanshow.com /d:/html/users/ethanshowcom/html/2000/07 602t.jpg
2001.05.31 00:11 B E:\www\ethan\2000\07\603.jpg --> ftp.ethanshow.com /d:/html/users/ethanshowcom/html/2000/07 603.jpg
2001.05.31 00:11 B E:\www\ethan\2000\07\603t.jpg --> ftp.ethanshow.com /d:/html/users/ethanshowcom/html/2000/07 603t.jpg
2001.05.31 00:11 B E:\www\ethan\2000\07\605.jpg --> ftp.ethanshow.com /d:/html/users/ethanshowcom/html/2000/07 605.jpg
2001.05.31 00:11 B E:\www\ethan\2000\07\605t.jpg --> ftp.ethanshow.com /d:/html/users/ethanshowcom/html/2000/07 605t.jpg
2001.05.31 00:11 B E:\www\ethan\2000\07\606.jpg --> ftp.ethanshow.com /d:/html/users/ethanshowcom/html/2000/07 606.jpg
2001.05.31 00:12 B E:\www\ethan\2000\07\606t.jpg --> ftp.ethanshow.com /d:/html/users/ethanshowcom/html/2000/07 606t.jpg
2001.05.31 00:12 B E:\www\ethan\2000\07\607.jpg --> ftp.ethanshow.com /d:/html/users/ethanshowcom/html/2000/07 607.jpg
2001.05.31 00:12 B E:\www\ethan\2000\07\607t.jpg --> ftp.ethanshow.com /d:/html/users/ethanshowcom/html/2000/07 607t.jpg
2001.05.31 00:12 B E:\www\ethan\2000\07\608.jpg --> ftp.ethanshow.com /d:/html/users/ethanshowcom/html/2000/07 608.jpg
2001.05.31 00:12 B E:\www\ethan\2000\07\608t.jpg --> ftp.ethanshow.com /d:/html/users/ethanshowcom/html/2000/07 608t.jpg
2001.05.31 00:12 B E:\www\ethan\2000\07\609.jpg --> ftp.ethanshow.com /d:/html/users/ethanshowcom/html/2000/07 609.jpg
2001.05.31 00:12 B E:\www\ethan\2000\07\609t.jpg --> ftp.ethanshow.com /d:/html/users/ethanshowcom/html/2000/07 609t.jpg
2001.05.31 00:12 B E:\www\ethan\2000\07\610.jpg --> ftp.ethanshow.com /d:/html/users/ethanshowcom/html/2000/07 610.jpg
2001.05.31 00:12 B E:\www\ethan\2000\07\610t.jpg --> ftp.ethanshow.com /d:/html/users/ethanshowcom/html/2000/07 610t.jpg
2001.05.31 00:12 B E:\www\ethan\2000\07\612.jpg --> ftp.ethanshow.com /d:/html/users/ethanshowcom/html/2000/07 612.jpg
2001.05.31 00:12 B E:\www\ethan\2000\07\612t.jpg --> ftp.ethanshow.com /d:/html/users/ethanshowcom/html/2000/07 612t.jpg
2001.05.31 00:13 B E:\www\ethan\2000\07\616.jpg --> ftp.ethanshow.com /d:/html/users/ethanshowcom/html/2000/07 616.jpg
2001.05.31 00:13 B E:\www\ethan\2000\07\616t.jpg --> ftp.ethanshow.com /d:/html/users/ethanshowcom/html/2000/07 616t.jpg
2001.05.31 00:13 B E:\www\ethan\2000\07\618.jpg --> ftp.ethanshow.com /d:/html/users/ethanshowcom/html/2000/07 618.jpg
2001.05.31 00:13 B E:\www\ethan\2000\07\618t.jpg --> ftp.ethanshow.com /d:/html/users/ethanshowcom/html/2000/07 618t.jpg
2001.05.31 00:13 B E:\www\ethan\2000\07\619.jpg --> ftp.ethanshow.com /d:/html/users/ethanshowcom/html/2000/07 619.jpg
2001.05.31 00:13 B E:\www\ethan\2000\07\619t.jpg --> ftp.ethanshow.com /d:/html/users/ethanshowcom/html/2000/07 619t.jpg
2001.05.31 00:13 B E:\www\ethan\2000\07\620.jpg --> ftp.ethanshow.com /d:/html/users/ethanshowcom/html/2000/07 620.jpg
2001.05.31 00:13 B E:\www\ethan\2000\07\620t.jpg --> ftp.ethanshow.com /d:/html/users/ethanshowcom/html/2000/07 620t.jpg
2001.05.31 00:13 B E:\www\ethan\2000\07\622.jpg --> ftp.ethanshow.com /d:/html/users/ethanshowcom/html/2000/07 622.jpg
2001.05.31 00:13 B E:\www\ethan\2000\07\622t.jpg --> ftp.ethanshow.com /d:/html/users/ethanshowcom/html/2000/07 622t.jpg
2001.05.31 00:13 B E:\www\ethan\2000\07\days.htm --> ftp.ethanshow.com /d:/html/users/ethanshowcom/html/2000/07 days.htm
2001.05.31 00:13 B E:\www\ethan\2000\07\jul01.htm --> ftp.ethanshow.com /d:/html/users/ethanshowcom/html/2000/07 jul01.htm
2001.05.31 00:13 B E:\www\ethan\2000\07\jul01a.htm --> ftp.ethanshow.com /d:/html/users/ethanshowcom/html/2000/07 jul01a.htm
2001.05.31 00:13 B E:\www\ethan\2000\07\jul02.htm --> ftp.ethanshow.com /d:/html/users/ethanshowcom/html/2000/07 jul02.htm
2001.05.31 00:13 B E:\www\ethan\2000\07\jul02a.htm --> ftp.ethanshow.com /d:/html/users/ethanshowcom/html/2000/07 jul02a.htm
2001.05.31 00:13 B E:\www\ethan\2000\07\jul03.htm --> ftp.ethanshow.com /d:/html/users/ethanshowcom/html/2000/07 jul03.htm
2001.05.31 00:13 B E:\www\ethan\2000\07\jul03a.htm --> ftp.ethanshow.com /d:/html/users/ethanshowcom/html/2000/07 jul03a.htm
2001.05.31 00:14 B E:\www\ethan\2000\07\jul13.htm --> ftp.ethanshow.com /d:/html/users/ethanshowcom/html/2000/07 jul13.htm
2001.05.31 00:14 B E:\www\ethan\2000\07\jul13a.htm --> ftp.ethanshow.com /d:/html/users/ethanshowcom/html/2000/07 jul13a.htm
2001.05.31 00:14 B E:\www\ethan\2000\07\jul15.htm --> ftp.ethanshow.com /d:/html/users/ethanshowcom/html/2000/07 jul15.htm
2001.05.31 00:14 B E:\www\ethan\2000\07\jul15a.htm --> ftp.ethanshow.com /d:/html/users/ethanshowcom/html/2000/07 jul15a.htm
2001.05.31 00:14 B E:\www\ethan\2000\07\jul16.htm --> ftp.ethanshow.com /d:/html/users/ethanshowcom/html/2000/07 jul16.htm
2001.05.31 00:14 B E:\www\ethan\2000\07\jul16a.htm --> ftp.ethanshow.com /d:/html/users/ethanshowcom/html/2000/07 jul16a.htm
2001.05.31 00:14 B E:\www\ethan\2000\07\jul17.htm --> ftp.ethanshow.com /d:/html/users/ethanshowcom/html/2000/07 jul17.htm
2001.05.31 00:14 B E:\www\ethan\2000\07\jul17a.htm --> ftp.ethanshow.com /d:/html/users/ethanshowcom/html/2000/07 jul17a.htm
2001.05.31 00:14 B E:\www\ethan\2000\07\jul22.htm --> ftp.ethanshow.com /d:/html/users/ethanshowcom/html/2000/07 jul22.htm
2001.05.31 00:14 B E:\www\ethan\2000\07\jul22a.htm --> ftp.ethanshow.com /d:/html/users/ethanshowcom/html/2000/07 jul22a.htm
2001.05.31 00:14 B E:\www\ethan\2000\07\jul23.htm --> ftp.ethanshow.com /d:/html/users/ethanshowcom/html/2000/07 jul23.htm
2001.05.31 00:14 B E:\www\ethan\2000\07\jul23a.htm --> ftp.ethanshow.com /d:/html/users/ethanshowcom/html/2000/07 jul23a.htm
2001.05.31 00:14 B E:\www\ethan\2000\07\jul24.htm --> ftp.ethanshow.com /d:/html/users/ethanshowcom/html/2000/07 jul24.htm
2001.05.31 00:14 B E:\www\ethan\2000\07\jul24a.htm --> ftp.ethanshow.com /d:/html/users/ethanshowcom/html/2000/07 jul24a.htm
2001.05.31 00:14 B E:\www\ethan\2000\07\jul25.htm --> ftp.ethanshow.com /d:/html/users/ethanshowcom/html/2000/07 jul25.htm
2001.05.31 00:14 B E:\www\ethan\2000\07\jul25a.htm --> ftp.ethanshow.com /d:/html/users/ethanshowcom/html/2000/07 jul25a.htm
2001.05.31 00:14 B E:\www\ethan\2000\07\jul27.htm --> ftp.ethanshow.com /d:/html/users/ethanshowcom/html/2000/07 jul27.htm
2001.05.31 00:14 B E:\www\ethan\2000\07\jul27a.htm --> ftp.ethanshow.com /d:/html/users/ethanshowcom/html/2000/07 jul27a.htm
2001.05.31 00:14 B E:\www\ethan\2000\07\jul29.htm --> ftp.ethanshow.com /d:/html/users/ethanshowcom/html/2000/07 jul29.htm
2001.05.31 00:14 B E:\www\ethan\2000\07\jul29a.htm --> ftp.ethanshow.com /d:/html/users/ethanshowcom/html/2000/07 jul29a.htm
2001.05.31 00:14 B E:\www\ethan\2000\07\jul30.htm --> ftp.ethanshow.com /d:/html/users/ethanshowcom/html/2000/07 jul30.htm
2001.05.31 00:14 B E:\www\ethan\2000\07\jul30a.htm --> ftp.ethanshow.com /d:/html/users/ethanshowcom/html/2000/07 jul30a.htm
2001.05.31 00:14 B E:\www\ethan\2000\07\nav.htm --> ftp.ethanshow.com /d:/html/users/ethanshowcom/html/2000/07 nav.htm
2001.05.31 00:14 B E:\www\ethan\2000\07\wmelon.htm --> ftp.ethanshow.com /d:/html/users/ethanshowcom/html/2000/07 wmelon.htm
2001.05.31 00:14 B E:\www\ethan\2000\07\wmelona.htm --> ftp.ethanshow.com /d:/html/users/ethanshowcom/html/2000/07 wmelona.htm
