2001.03.07 21:13 B E:\www\ethan\images\apr.jpg --> home.chello.no /public_html/ethan/images apr.jpg
2001.03.07 21:13 B E:\www\ethan\images\apr_on.jpg --> home.chello.no /public_html/ethan/images apr_on.jpg
2001.03.07 21:13 B E:\www\ethan\images\aug.jpg --> home.chello.no /public_html/ethan/images aug.jpg
2001.03.07 21:13 B E:\www\ethan\images\aug_on.jpg --> home.chello.no /public_html/ethan/images aug_on.jpg
2001.03.07 21:13 B E:\www\ethan\images\dec.jpg --> home.chello.no /public_html/ethan/images dec.jpg
2001.03.07 21:13 B E:\www\ethan\images\dec_on.jpg --> home.chello.no /public_html/ethan/images dec_on.jpg
2001.03.07 21:13 B E:\www\ethan\images\feb.jpg --> home.chello.no /public_html/ethan/images feb.jpg
2001.03.07 21:13 B E:\www\ethan\images\feb_on.jpg --> home.chello.no /public_html/ethan/images feb_on.jpg
2001.03.07 21:13 B E:\www\ethan\images\jan.jpg --> home.chello.no /public_html/ethan/images jan.jpg
2001.03.07 21:13 B E:\www\ethan\images\jan_on.jpg --> home.chello.no /public_html/ethan/images jan_on.jpg
2001.03.07 21:13 B E:\www\ethan\images\jul.jpg --> home.chello.no /public_html/ethan/images jul.jpg
2001.03.07 21:13 B E:\www\ethan\images\jul_on.jpg --> home.chello.no /public_html/ethan/images jul_on.jpg
2001.03.07 21:13 B E:\www\ethan\images\jun.jpg --> home.chello.no /public_html/ethan/images jun.jpg
2001.03.07 21:13 B E:\www\ethan\images\jun_on.jpg --> home.chello.no /public_html/ethan/images jun_on.jpg
2001.03.07 21:13 B E:\www\ethan\images\mar.jpg --> home.chello.no /public_html/ethan/images mar.jpg
2001.03.07 21:13 B E:\www\ethan\images\mar_on.jpg --> home.chello.no /public_html/ethan/images mar_on.jpg
2001.03.07 21:13 B E:\www\ethan\images\may.jpg --> home.chello.no /public_html/ethan/images may.jpg
2001.03.07 21:13 B E:\www\ethan\images\may_on.jpg --> home.chello.no /public_html/ethan/images may_on.jpg
2001.03.07 21:13 B E:\www\ethan\images\nov.jpg --> home.chello.no /public_html/ethan/images nov.jpg
2001.03.07 21:13 B E:\www\ethan\images\nov_on.jpg --> home.chello.no /public_html/ethan/images nov_on.jpg
2001.03.07 21:13 B E:\www\ethan\images\oct.jpg --> home.chello.no /public_html/ethan/images oct.jpg
2001.03.07 21:13 B E:\www\ethan\images\oct_on.jpg --> home.chello.no /public_html/ethan/images oct_on.jpg
2001.03.07 21:13 B E:\www\ethan\images\sep.jpg --> home.chello.no /public_html/ethan/images sep.jpg
2001.03.07 21:13 B E:\www\ethan\images\sep_on.jpg --> home.chello.no /public_html/ethan/images sep_on.jpg
2001.03.07 21:13 B E:\www\ethan\images\title.jpg --> home.chello.no /public_html/ethan/images title.jpg
2001.03.07 21:13 B E:\www\ethan\images\title2.jpg --> home.chello.no /public_html/ethan/images title2.jpg
2001.05.16 22:33 B E:\www\ethan\images\01.png --> ftp.ethanshow.com /d:/html/users/ethanshowcom/html/images 01.png
2001.05.16 22:33 B E:\www\ethan\images\01o.png --> ftp.ethanshow.com /d:/html/users/ethanshowcom/html/images 01o.png
2001.05.16 22:33 B E:\www\ethan\images\02.png --> ftp.ethanshow.com /d:/html/users/ethanshowcom/html/images 02.png
2001.05.16 22:33 B E:\www\ethan\images\02o.png --> ftp.ethanshow.com /d:/html/users/ethanshowcom/html/images 02o.png
2001.05.16 22:33 B E:\www\ethan\images\03.PNG --> ftp.ethanshow.com /d:/html/users/ethanshowcom/html/images 03.PNG
2001.05.16 22:33 B E:\www\ethan\images\03o.PNG --> ftp.ethanshow.com /d:/html/users/ethanshowcom/html/images 03o.PNG
2001.05.16 22:33 B E:\www\ethan\images\04.PNG --> ftp.ethanshow.com /d:/html/users/ethanshowcom/html/images 04.PNG
2001.05.16 22:33 B E:\www\ethan\images\04o.PNG --> ftp.ethanshow.com /d:/html/users/ethanshowcom/html/images 04o.PNG
2001.05.16 22:33 B E:\www\ethan\images\05.PNG --> ftp.ethanshow.com /d:/html/users/ethanshowcom/html/images 05.PNG
2001.05.16 22:33 B E:\www\ethan\images\05o.PNG --> ftp.ethanshow.com /d:/html/users/ethanshowcom/html/images 05o.PNG
2001.05.16 22:33 B E:\www\ethan\images\10.png --> ftp.ethanshow.com /d:/html/users/ethanshowcom/html/images 10.png
2001.05.16 22:33 B E:\www\ethan\images\10o.png --> ftp.ethanshow.com /d:/html/users/ethanshowcom/html/images 10o.png
2001.05.16 22:33 B E:\www\ethan\images\11.png --> ftp.ethanshow.com /d:/html/users/ethanshowcom/html/images 11.png
2001.05.16 22:33 B E:\www\ethan\images\11o.png --> ftp.ethanshow.com /d:/html/users/ethanshowcom/html/images 11o.png
2001.05.16 22:33 B E:\www\ethan\images\28.png --> ftp.ethanshow.com /d:/html/users/ethanshowcom/html/images 28.png
2001.05.16 22:33 B E:\www\ethan\images\28o.png --> ftp.ethanshow.com /d:/html/users/ethanshowcom/html/images 28o.png
2001.05.16 22:33 B E:\www\ethan\images\3.PNG --> ftp.ethanshow.com /d:/html/users/ethanshowcom/html/images 3.PNG
2001.05.16 22:33 B E:\www\ethan\images\apr.jpg --> ftp.ethanshow.com /d:/html/users/ethanshowcom/html/images apr.jpg
2001.05.16 22:33 B E:\www\ethan\images\apr.PNG --> ftp.ethanshow.com /d:/html/users/ethanshowcom/html/images apr.PNG
2001.05.16 22:33 B E:\www\ethan\images\apr_on.jpg --> ftp.ethanshow.com /d:/html/users/ethanshowcom/html/images apr_on.jpg
2001.05.16 22:34 B E:\www\ethan\images\apr_on.PNG --> ftp.ethanshow.com /d:/html/users/ethanshowcom/html/images apr_on.PNG
2001.05.16 22:34 B E:\www\ethan\images\aug.jpg --> ftp.ethanshow.com /d:/html/users/ethanshowcom/html/images aug.jpg
2001.05.16 22:34 B E:\www\ethan\images\aug.PNG --> ftp.ethanshow.com /d:/html/users/ethanshowcom/html/images aug.PNG
2001.05.16 22:34 B E:\www\ethan\images\aug_on.jpg --> ftp.ethanshow.com /d:/html/users/ethanshowcom/html/images aug_on.jpg
2001.05.16 22:34 B E:\www\ethan\images\aug_on.PNG --> ftp.ethanshow.com /d:/html/users/ethanshowcom/html/images aug_on.PNG
2001.05.16 22:34 B E:\www\ethan\images\day.UFO --> ftp.ethanshow.com /d:/html/users/ethanshowcom/html/images day.UFO
2001.05.16 22:34 B E:\www\ethan\images\days_test.htm --> ftp.ethanshow.com /d:/html/users/ethanshowcom/html/images days_test.htm
2001.05.16 22:34 B E:\www\ethan\images\dec.jpg --> ftp.ethanshow.com /d:/html/users/ethanshowcom/html/images dec.jpg
2001.05.16 22:34 B E:\www\ethan\images\dec.PNG --> ftp.ethanshow.com /d:/html/users/ethanshowcom/html/images dec.PNG
2001.05.16 22:34 B E:\www\ethan\images\dec_on.jpg --> ftp.ethanshow.com /d:/html/users/ethanshowcom/html/images dec_on.jpg
2001.05.16 22:34 B E:\www\ethan\images\dec_on.PNG --> ftp.ethanshow.com /d:/html/users/ethanshowcom/html/images dec_on.PNG
2001.05.16 22:34 B E:\www\ethan\images\feb.jpg --> ftp.ethanshow.com /d:/html/users/ethanshowcom/html/images feb.jpg
2001.05.16 22:34 B E:\www\ethan\images\feb.PNG --> ftp.ethanshow.com /d:/html/users/ethanshowcom/html/images feb.PNG
2001.05.16 22:34 B E:\www\ethan\images\feb_on.jpg --> ftp.ethanshow.com /d:/html/users/ethanshowcom/html/images feb_on.jpg
2001.05.16 22:34 B E:\www\ethan\images\feb_on.PNG --> ftp.ethanshow.com /d:/html/users/ethanshowcom/html/images feb_on.PNG
2001.05.16 22:34 B E:\www\ethan\images\home.gif --> ftp.ethanshow.com /d:/html/users/ethanshowcom/html/images home.gif
2001.05.16 22:34 B E:\www\ethan\images\jan.jpg --> ftp.ethanshow.com /d:/html/users/ethanshowcom/html/images jan.jpg
2001.05.16 22:34 B E:\www\ethan\images\jan.PNG --> ftp.ethanshow.com /d:/html/users/ethanshowcom/html/images jan.PNG
2001.05.16 22:34 B E:\www\ethan\images\jan_on.jpg --> ftp.ethanshow.com /d:/html/users/ethanshowcom/html/images jan_on.jpg
2001.05.16 22:34 B E:\www\ethan\images\jan_on.PNG --> ftp.ethanshow.com /d:/html/users/ethanshowcom/html/images jan_on.PNG
2001.05.16 22:34 B E:\www\ethan\images\jan_on.UPI --> ftp.ethanshow.com /d:/html/users/ethanshowcom/html/images jan_on.UPI
2001.05.16 22:34 B E:\www\ethan\images\jul.jpg --> ftp.ethanshow.com /d:/html/users/ethanshowcom/html/images jul.jpg
2001.05.16 22:34 B E:\www\ethan\images\jul.PNG --> ftp.ethanshow.com /d:/html/users/ethanshowcom/html/images jul.PNG
2001.05.16 22:34 B E:\www\ethan\images\jul_on.jpg --> ftp.ethanshow.com /d:/html/users/ethanshowcom/html/images jul_on.jpg
2001.05.16 22:34 B E:\www\ethan\images\jul_on.PNG --> ftp.ethanshow.com /d:/html/users/ethanshowcom/html/images jul_on.PNG
2001.05.16 22:34 B E:\www\ethan\images\jun.jpg --> ftp.ethanshow.com /d:/html/users/ethanshowcom/html/images jun.jpg
2001.05.16 22:34 B E:\www\ethan\images\jun.PNG --> ftp.ethanshow.com /d:/html/users/ethanshowcom/html/images jun.PNG
2001.05.16 22:34 B E:\www\ethan\images\jun_on.jpg --> ftp.ethanshow.com /d:/html/users/ethanshowcom/html/images jun_on.jpg
2001.05.16 22:34 B E:\www\ethan\images\jun_on.PNG --> ftp.ethanshow.com /d:/html/users/ethanshowcom/html/images jun_on.PNG
2001.05.16 22:35 B E:\www\ethan\images\mar.jpg --> ftp.ethanshow.com /d:/html/users/ethanshowcom/html/images mar.jpg
2001.05.16 22:35 B E:\www\ethan\images\mar.PNG --> ftp.ethanshow.com /d:/html/users/ethanshowcom/html/images mar.PNG
2001.05.16 22:35 B E:\www\ethan\images\mar_on.jpg --> ftp.ethanshow.com /d:/html/users/ethanshowcom/html/images mar_on.jpg
2001.05.16 22:35 B E:\www\ethan\images\mar_on.PNG --> ftp.ethanshow.com /d:/html/users/ethanshowcom/html/images mar_on.PNG
2001.05.16 22:35 B E:\www\ethan\images\may.jpg --> ftp.ethanshow.com /d:/html/users/ethanshowcom/html/images may.jpg
2001.05.16 22:35 B E:\www\ethan\images\may.PNG --> ftp.ethanshow.com /d:/html/users/ethanshowcom/html/images may.PNG
2001.05.16 22:35 B E:\www\ethan\images\may_on.jpg --> ftp.ethanshow.com /d:/html/users/ethanshowcom/html/images may_on.jpg
2001.05.16 22:35 B E:\www\ethan\images\may_on.PNG --> ftp.ethanshow.com /d:/html/users/ethanshowcom/html/images may_on.PNG
2001.05.16 22:35 B E:\www\ethan\images\month.UPI --> ftp.ethanshow.com /d:/html/users/ethanshowcom/html/images month.UPI
2001.05.16 22:35 B E:\www\ethan\images\new.gif --> ftp.ethanshow.com /d:/html/users/ethanshowcom/html/images new.gif
2001.05.16 22:35 B E:\www\ethan\images\next.gif --> ftp.ethanshow.com /d:/html/users/ethanshowcom/html/images next.gif
2001.05.16 22:35 B E:\www\ethan\images\nov.jpg --> ftp.ethanshow.com /d:/html/users/ethanshowcom/html/images nov.jpg
2001.05.16 22:35 B E:\www\ethan\images\nov.PNG --> ftp.ethanshow.com /d:/html/users/ethanshowcom/html/images nov.PNG
2001.05.16 22:35 B E:\www\ethan\images\nov_on.jpg --> ftp.ethanshow.com /d:/html/users/ethanshowcom/html/images nov_on.jpg
2001.05.16 22:35 B E:\www\ethan\images\nov_on.PNG --> ftp.ethanshow.com /d:/html/users/ethanshowcom/html/images nov_on.PNG
2001.05.16 22:35 B E:\www\ethan\images\oct.jpg --> ftp.ethanshow.com /d:/html/users/ethanshowcom/html/images oct.jpg
2001.05.16 22:35 B E:\www\ethan\images\oct.PNG --> ftp.ethanshow.com /d:/html/users/ethanshowcom/html/images oct.PNG
2001.05.16 22:35 B E:\www\ethan\images\oct_on.jpg --> ftp.ethanshow.com /d:/html/users/ethanshowcom/html/images oct_on.jpg
2001.05.16 22:35 B E:\www\ethan\images\oct_on.PNG --> ftp.ethanshow.com /d:/html/users/ethanshowcom/html/images oct_on.PNG
2001.05.16 22:35 B E:\www\ethan\images\prev.gif --> ftp.ethanshow.com /d:/html/users/ethanshowcom/html/images prev.gif
2001.05.16 22:35 B E:\www\ethan\images\sep.jpg --> ftp.ethanshow.com /d:/html/users/ethanshowcom/html/images sep.jpg
2001.05.16 22:35 B E:\www\ethan\images\sep.PNG --> ftp.ethanshow.com /d:/html/users/ethanshowcom/html/images sep.PNG
2001.05.16 22:35 B E:\www\ethan\images\sep_on.jpg --> ftp.ethanshow.com /d:/html/users/ethanshowcom/html/images sep_on.jpg
2001.05.16 22:35 B E:\www\ethan\images\sep_on.PNG --> ftp.ethanshow.com /d:/html/users/ethanshowcom/html/images sep_on.PNG
2001.05.16 22:35 B E:\www\ethan\images\title.jpg --> ftp.ethanshow.com /d:/html/users/ethanshowcom/html/images title.jpg
2001.05.16 22:35 B E:\www\ethan\images\title.png --> ftp.ethanshow.com /d:/html/users/ethanshowcom/html/images title.png
2001.05.16 22:36 B E:\www\ethan\images\title.UPI --> ftp.ethanshow.com /d:/html/users/ethanshowcom/html/images title.UPI
2001.05.16 22:36 B E:\www\ethan\images\title2.jpg --> ftp.ethanshow.com /d:/html/users/ethanshowcom/html/images title2.jpg
2001.05.16 22:36 B E:\www\ethan\images\title2.png --> ftp.ethanshow.com /d:/html/users/ethanshowcom/html/images title2.png
2001.05.16 22:36 B E:\www\ethan\images\title2.UFO --> ftp.ethanshow.com /d:/html/users/ethanshowcom/html/images title2.UFO
2001.05.16 22:36 B E:\www\ethan\images\whatsnew.gif --> ftp.ethanshow.com /d:/html/users/ethanshowcom/html/images whatsnew.gif
2003.04.06 10:58 B D:\www\EthanShow\images\02.jpg --> ftp.ethanshow.com /d:/html/users/ethanshowcom/html/images 02.jpg
2003.04.06 10:58 B D:\www\EthanShow\images\02.psd --> ftp.ethanshow.com /d:/html/users/ethanshowcom/html/images 02.psd
2003.04.06 10:58 B D:\www\EthanShow\images\02_on.jpg --> ftp.ethanshow.com /d:/html/users/ethanshowcom/html/images 02_on.jpg
2003.04.06 10:58 B D:\www\EthanShow\images\aug.PNG --> ftp.ethanshow.com /d:/html/users/ethanshowcom/html/images aug.PNG
2003.04.06 10:58 B D:\www\EthanShow\images\aug_on.PNG --> ftp.ethanshow.com /d:/html/users/ethanshowcom/html/images aug_on.PNG
2003.04.06 10:58 B D:\www\EthanShow\images\cart.gif --> ftp.ethanshow.com /d:/html/users/ethanshowcom/html/images cart.gif
2003.04.06 10:58 B D:\www\EthanShow\images\dec.PNG --> ftp.ethanshow.com /d:/html/users/ethanshowcom/html/images dec.PNG
2003.04.06 10:58 B D:\www\EthanShow\images\dec_on.PNG --> ftp.ethanshow.com /d:/html/users/ethanshowcom/html/images dec_on.PNG
2003.04.06 10:58 B D:\www\EthanShow\images\face.jpg --> ftp.ethanshow.com /d:/html/users/ethanshowcom/html/images face.jpg
2003.04.06 10:58 B D:\www\EthanShow\images\face010330.jpg --> ftp.ethanshow.com /d:/html/users/ethanshowcom/html/images face010330.jpg
2003.04.06 10:58 B D:\www\EthanShow\images\face04.jpg --> ftp.ethanshow.com /d:/html/users/ethanshowcom/html/images face04.jpg
2003.04.06 10:58 B D:\www\EthanShow\images\face2.jpg --> ftp.ethanshow.com /d:/html/users/ethanshowcom/html/images face2.jpg
2003.04.06 10:58 B D:\www\EthanShow\images\face20010627.jpg --> ftp.ethanshow.com /d:/html/users/ethanshowcom/html/images face20010627.jpg
2003.04.06 10:58 B D:\www\EthanShow\images\face3.jpg --> ftp.ethanshow.com /d:/html/users/ethanshowcom/html/images face3.jpg
2003.04.06 10:58 B D:\www\EthanShow\images\face991128.jpg --> ftp.ethanshow.com /d:/html/users/ethanshowcom/html/images face991128.jpg
2003.04.06 10:58 B D:\www\EthanShow\images\face991222.jpg --> ftp.ethanshow.com /d:/html/users/ethanshowcom/html/images face991222.jpg
2003.04.06 10:58 B D:\www\EthanShow\images\home.gif --> ftp.ethanshow.com /d:/html/users/ethanshowcom/html/images home.gif
2003.04.06 10:58 B D:\www\EthanShow\images\jul.PNG --> ftp.ethanshow.com /d:/html/users/ethanshowcom/html/images jul.PNG
2003.04.06 10:58 B D:\www\EthanShow\images\jul_on.PNG --> ftp.ethanshow.com /d:/html/users/ethanshowcom/html/images jul_on.PNG
2003.04.06 10:58 B D:\www\EthanShow\images\jun.PNG --> ftp.ethanshow.com /d:/html/users/ethanshowcom/html/images jun.PNG
2003.04.06 12:08 B D:\www\EthanShow\images\99_on.jpg --> ftp.ethanshow.com /d:/html/users/ethanshowcom/html/images 99_on.jpg
2003.04.06 12:08 B D:\www\EthanShow\images\03_on.jpg --> ftp.ethanshow.com /d:/html/users/ethanshowcom/html/images 03_on.jpg
2003.04.06 12:08 B D:\www\EthanShow\images\01_on.jpg --> ftp.ethanshow.com /d:/html/users/ethanshowcom/html/images 01_on.jpg
2003.04.06 12:08 B D:\www\EthanShow\images\00_on.jpg --> ftp.ethanshow.com /d:/html/users/ethanshowcom/html/images 00_on.jpg
2003.04.06 12:08 B D:\www\EthanShow\images\99.jpg --> ftp.ethanshow.com /d:/html/users/ethanshowcom/html/images 99.jpg
2003.04.06 12:08 B D:\www\EthanShow\images\03.jpg --> ftp.ethanshow.com /d:/html/users/ethanshowcom/html/images 03.jpg
2003.04.06 12:08 B D:\www\EthanShow\images\01.jpg --> ftp.ethanshow.com /d:/html/users/ethanshowcom/html/images 01.jpg
2003.04.06 12:08 B D:\www\EthanShow\images\00.jpg --> ftp.ethanshow.com /d:/html/users/ethanshowcom/html/images 00.jpg
2003.04.06 12:08 B D:\www\EthanShow\images\2003.psd --> ftp.ethanshow.com /d:/html/users/ethanshowcom/html/images 2003.psd
2003.04.06 12:08 B D:\www\EthanShow\images\2003.jpg --> ftp.ethanshow.com /d:/html/users/ethanshowcom/html/images 2003.jpg
2003.04.06 12:08 B D:\www\EthanShow\images\1999.jpg --> ftp.ethanshow.com /d:/html/users/ethanshowcom/html/images 1999.jpg
2003.04.06 12:08 B D:\www\EthanShow\images\2000.jpg --> ftp.ethanshow.com /d:/html/users/ethanshowcom/html/images 2000.jpg
2003.04.06 12:08 B D:\www\EthanShow\images\1999.psd --> ftp.ethanshow.com /d:/html/users/ethanshowcom/html/images 1999.psd
2003.04.06 12:08 B D:\www\EthanShow\images\2000.psd --> ftp.ethanshow.com /d:/html/users/ethanshowcom/html/images 2000.psd
2003.04.06 12:08 B D:\www\EthanShow\images\2001.psd --> ftp.ethanshow.com /d:/html/users/ethanshowcom/html/images 2001.psd
2003.04.06 12:08 B D:\www\EthanShow\images\2001.jpg --> ftp.ethanshow.com /d:/html/users/ethanshowcom/html/images 2001.jpg
2003.04.06 12:08 B D:\www\EthanShow\images\2002.jpg --> ftp.ethanshow.com /d:/html/users/ethanshowcom/html/images 2002.jpg
2003.04.06 12:18 B D:\www\EthanShow\images\00.jpg --> ftp.ethanshow.com /d:/html/users/ethanshowcom/html/images 00.jpg
2003.04.06 12:18 B D:\www\EthanShow\images\00_on.jpg --> ftp.ethanshow.com /d:/html/users/ethanshowcom/html/images 00_on.jpg
2003.04.06 12:18 B D:\www\EthanShow\images\01.jpg --> ftp.ethanshow.com /d:/html/users/ethanshowcom/html/images 01.jpg
2003.04.06 12:18 B D:\www\EthanShow\images\01_on.jpg --> ftp.ethanshow.com /d:/html/users/ethanshowcom/html/images 01_on.jpg
2003.04.06 12:18 B D:\www\EthanShow\images\02.jpg --> ftp.ethanshow.com /d:/html/users/ethanshowcom/html/images 02.jpg
2003.04.06 12:18 B D:\www\EthanShow\images\02_on.jpg --> ftp.ethanshow.com /d:/html/users/ethanshowcom/html/images 02_on.jpg
2003.04.06 12:18 B D:\www\EthanShow\images\03.jpg --> ftp.ethanshow.com /d:/html/users/ethanshowcom/html/images 03.jpg
2003.04.06 12:18 B D:\www\EthanShow\images\03_on.jpg --> ftp.ethanshow.com /d:/html/users/ethanshowcom/html/images 03_on.jpg
2003.04.06 12:18 B D:\www\EthanShow\images\1999.jpg --> ftp.ethanshow.com /d:/html/users/ethanshowcom/html/images 1999.jpg
2003.04.06 12:18 B D:\www\EthanShow\images\1999.psd --> ftp.ethanshow.com /d:/html/users/ethanshowcom/html/images 1999.psd
2003.04.06 12:18 B D:\www\EthanShow\images\2000.jpg --> ftp.ethanshow.com /d:/html/users/ethanshowcom/html/images 2000.jpg
2003.04.06 12:18 B D:\www\EthanShow\images\2000.psd --> ftp.ethanshow.com /d:/html/users/ethanshowcom/html/images 2000.psd
2003.04.06 12:18 B D:\www\EthanShow\images\2001.jpg --> ftp.ethanshow.com /d:/html/users/ethanshowcom/html/images 2001.jpg
2003.04.06 12:18 B D:\www\EthanShow\images\2001.psd --> ftp.ethanshow.com /d:/html/users/ethanshowcom/html/images 2001.psd
2003.04.06 12:18 B D:\www\EthanShow\images\2002.jpg --> ftp.ethanshow.com /d:/html/users/ethanshowcom/html/images 2002.jpg
2003.04.06 12:19 B D:\www\EthanShow\images\2002.psd --> ftp.ethanshow.com /d:/html/users/ethanshowcom/html/images 2002.psd
2003.04.06 12:19 B D:\www\EthanShow\images\2003.jpg --> ftp.ethanshow.com /d:/html/users/ethanshowcom/html/images 2003.jpg
2003.04.06 12:19 B D:\www\EthanShow\images\2003.psd --> ftp.ethanshow.com /d:/html/users/ethanshowcom/html/images 2003.psd
2003.04.06 12:19 B D:\www\EthanShow\images\99.jpg --> ftp.ethanshow.com /d:/html/users/ethanshowcom/html/images 99.jpg
2003.04.06 12:19 B D:\www\EthanShow\images\99_on.jpg --> ftp.ethanshow.com /d:/html/users/ethanshowcom/html/images 99_on.jpg
2003.04.06 12:23 B D:\www\EthanShow\images\00.jpg --> ftp.ethanshow.com /d:/html/users/ethanshowcom/html/images 00.jpg
2003.04.06 12:23 B D:\www\EthanShow\images\00_on.jpg --> ftp.ethanshow.com /d:/html/users/ethanshowcom/html/images 00_on.jpg
2003.04.06 12:23 B D:\www\EthanShow\images\01.jpg --> ftp.ethanshow.com /d:/html/users/ethanshowcom/html/images 01.jpg
2003.04.06 12:23 B D:\www\EthanShow\images\01_on.jpg --> ftp.ethanshow.com /d:/html/users/ethanshowcom/html/images 01_on.jpg
2003.04.06 21:22 B D:\www\EthanShow\images\faces030321.jpg --> ftp.ethanshow.com /d:/html/users/ethanshowcom/html/images faces030321.jpg
2003.04.06 21:22 B D:\www\EthanShow\images\face030301.jpg --> ftp.ethanshow.com /d:/html/users/ethanshowcom/html/images face030301.jpg
2003.04.06 21:22 B D:\www\EthanShow\images\face021101.jpg --> ftp.ethanshow.com /d:/html/users/ethanshowcom/html/images face021101.jpg
