2001.05.31 00:51 B E:\www\ethan\2001\01\days.htm --> ftp.ethanshow.com /d:/html/users/ethanshowcom/html/2001/01 days.htm
2001.05.31 00:51 B E:\www\ethan\2001\01\IMG_0094.JPG --> ftp.ethanshow.com /d:/html/users/ethanshowcom/html/2001/01 IMG_0094.JPG
2001.05.31 00:51 B E:\www\ethan\2001\01\IMG_0094t.jpg --> ftp.ethanshow.com /d:/html/users/ethanshowcom/html/2001/01 IMG_0094t.jpg
2001.05.31 00:51 B E:\www\ethan\2001\01\IMG_0096.JPG --> ftp.ethanshow.com /d:/html/users/ethanshowcom/html/2001/01 IMG_0096.JPG
2001.05.31 00:51 B E:\www\ethan\2001\01\IMG_0096t.jpg --> ftp.ethanshow.com /d:/html/users/ethanshowcom/html/2001/01 IMG_0096t.jpg
2001.05.31 00:51 B E:\www\ethan\2001\01\IMG_0097.JPG --> ftp.ethanshow.com /d:/html/users/ethanshowcom/html/2001/01 IMG_0097.JPG
2001.05.31 00:51 B E:\www\ethan\2001\01\IMG_0097t.jpg --> ftp.ethanshow.com /d:/html/users/ethanshowcom/html/2001/01 IMG_0097t.jpg
2001.05.31 00:51 B E:\www\ethan\2001\01\IMG_0103.JPG --> ftp.ethanshow.com /d:/html/users/ethanshowcom/html/2001/01 IMG_0103.JPG
2001.05.31 00:51 B E:\www\ethan\2001\01\IMG_0103t.jpg --> ftp.ethanshow.com /d:/html/users/ethanshowcom/html/2001/01 IMG_0103t.jpg
2001.05.31 00:51 B E:\www\ethan\2001\01\IMG_0104.JPG --> ftp.ethanshow.com /d:/html/users/ethanshowcom/html/2001/01 IMG_0104.JPG
2001.05.31 00:52 B E:\www\ethan\2001\01\IMG_0104t.jpg --> ftp.ethanshow.com /d:/html/users/ethanshowcom/html/2001/01 IMG_0104t.jpg
2001.05.31 00:52 B E:\www\ethan\2001\01\IMG_0110.JPG --> ftp.ethanshow.com /d:/html/users/ethanshowcom/html/2001/01 IMG_0110.JPG
2001.05.31 00:52 B E:\www\ethan\2001\01\IMG_0110t.jpg --> ftp.ethanshow.com /d:/html/users/ethanshowcom/html/2001/01 IMG_0110t.jpg
2001.05.31 00:52 B E:\www\ethan\2001\01\IMG_0112.JPG --> ftp.ethanshow.com /d:/html/users/ethanshowcom/html/2001/01 IMG_0112.JPG
2001.05.31 00:52 B E:\www\ethan\2001\01\IMG_0112t.jpg --> ftp.ethanshow.com /d:/html/users/ethanshowcom/html/2001/01 IMG_0112t.jpg
2001.05.31 00:52 B E:\www\ethan\2001\01\IMG_0115.JPG --> ftp.ethanshow.com /d:/html/users/ethanshowcom/html/2001/01 IMG_0115.JPG
2001.05.31 00:52 B E:\www\ethan\2001\01\IMG_0115t.jpg --> ftp.ethanshow.com /d:/html/users/ethanshowcom/html/2001/01 IMG_0115t.jpg
2001.05.31 00:52 B E:\www\ethan\2001\01\IMG_0122.JPG --> ftp.ethanshow.com /d:/html/users/ethanshowcom/html/2001/01 IMG_0122.JPG
2001.05.31 00:52 B E:\www\ethan\2001\01\IMG_0122t.jpg --> ftp.ethanshow.com /d:/html/users/ethanshowcom/html/2001/01 IMG_0122t.jpg
2001.05.31 00:53 B E:\www\ethan\2001\01\IMG_0125.JPG --> ftp.ethanshow.com /d:/html/users/ethanshowcom/html/2001/01 IMG_0125.JPG
2001.05.31 00:53 B E:\www\ethan\2001\01\IMG_0125t.jpg --> ftp.ethanshow.com /d:/html/users/ethanshowcom/html/2001/01 IMG_0125t.jpg
2001.05.31 00:53 B E:\www\ethan\2001\01\IMG_0126b.JPG --> ftp.ethanshow.com /d:/html/users/ethanshowcom/html/2001/01 IMG_0126b.JPG
2001.05.31 00:53 B E:\www\ethan\2001\01\IMG_0126bt.jpg --> ftp.ethanshow.com /d:/html/users/ethanshowcom/html/2001/01 IMG_0126bt.jpg
2001.05.31 00:53 B E:\www\ethan\2001\01\IMG_0133.JPG --> ftp.ethanshow.com /d:/html/users/ethanshowcom/html/2001/01 IMG_0133.JPG
2001.05.31 00:53 B E:\www\ethan\2001\01\IMG_0133t.jpg --> ftp.ethanshow.com /d:/html/users/ethanshowcom/html/2001/01 IMG_0133t.jpg
2001.05.31 00:53 B E:\www\ethan\2001\01\IMG_0135.JPG --> ftp.ethanshow.com /d:/html/users/ethanshowcom/html/2001/01 IMG_0135.JPG
2001.05.31 00:53 B E:\www\ethan\2001\01\IMG_0135t.jpg --> ftp.ethanshow.com /d:/html/users/ethanshowcom/html/2001/01 IMG_0135t.jpg
2001.05.31 00:53 B E:\www\ethan\2001\01\IMG_0137.JPG --> ftp.ethanshow.com /d:/html/users/ethanshowcom/html/2001/01 IMG_0137.JPG
2001.05.31 00:53 B E:\www\ethan\2001\01\IMG_0137t.jpg --> ftp.ethanshow.com /d:/html/users/ethanshowcom/html/2001/01 IMG_0137t.jpg
2001.05.31 00:53 B E:\www\ethan\2001\01\IMG_0140.JPG --> ftp.ethanshow.com /d:/html/users/ethanshowcom/html/2001/01 IMG_0140.JPG
2001.05.31 00:53 B E:\www\ethan\2001\01\IMG_0140t.jpg --> ftp.ethanshow.com /d:/html/users/ethanshowcom/html/2001/01 IMG_0140t.jpg
2001.05.31 00:54 B E:\www\ethan\2001\01\IMG_0142.JPG --> ftp.ethanshow.com /d:/html/users/ethanshowcom/html/2001/01 IMG_0142.JPG
2001.05.31 00:54 B E:\www\ethan\2001\01\IMG_0142t.jpg --> ftp.ethanshow.com /d:/html/users/ethanshowcom/html/2001/01 IMG_0142t.jpg
2001.05.31 00:54 B E:\www\ethan\2001\01\IMG_0148.JPG --> ftp.ethanshow.com /d:/html/users/ethanshowcom/html/2001/01 IMG_0148.JPG
2001.05.31 00:54 B E:\www\ethan\2001\01\IMG_0148t.jpg --> ftp.ethanshow.com /d:/html/users/ethanshowcom/html/2001/01 IMG_0148t.jpg
2001.05.31 00:54 B E:\www\ethan\2001\01\IMG_0149.JPG --> ftp.ethanshow.com /d:/html/users/ethanshowcom/html/2001/01 IMG_0149.JPG
2001.05.31 00:54 B E:\www\ethan\2001\01\IMG_0149t.jpg --> ftp.ethanshow.com /d:/html/users/ethanshowcom/html/2001/01 IMG_0149t.jpg
2001.05.31 00:54 B E:\www\ethan\2001\01\IMG_0152.JPG --> ftp.ethanshow.com /d:/html/users/ethanshowcom/html/2001/01 IMG_0152.JPG
2001.05.31 00:54 B E:\www\ethan\2001\01\IMG_0152t.jpg --> ftp.ethanshow.com /d:/html/users/ethanshowcom/html/2001/01 IMG_0152t.jpg
2001.05.31 00:54 B E:\www\ethan\2001\01\IMG_0153.JPG --> ftp.ethanshow.com /d:/html/users/ethanshowcom/html/2001/01 IMG_0153.JPG
2001.05.31 00:54 B E:\www\ethan\2001\01\IMG_0153t.jpg --> ftp.ethanshow.com /d:/html/users/ethanshowcom/html/2001/01 IMG_0153t.jpg
2001.05.31 00:54 B E:\www\ethan\2001\01\IMG_0154.JPG --> ftp.ethanshow.com /d:/html/users/ethanshowcom/html/2001/01 IMG_0154.JPG
2001.05.31 00:55 B E:\www\ethan\2001\01\IMG_0154t.jpg --> ftp.ethanshow.com /d:/html/users/ethanshowcom/html/2001/01 IMG_0154t.jpg
2001.05.31 00:55 B E:\www\ethan\2001\01\IMG_0155.JPG --> ftp.ethanshow.com /d:/html/users/ethanshowcom/html/2001/01 IMG_0155.JPG
2001.05.31 00:55 B E:\www\ethan\2001\01\IMG_0155t.jpg --> ftp.ethanshow.com /d:/html/users/ethanshowcom/html/2001/01 IMG_0155t.jpg
2001.05.31 00:55 B E:\www\ethan\2001\01\IMG_0157.JPG --> ftp.ethanshow.com /d:/html/users/ethanshowcom/html/2001/01 IMG_0157.JPG
2001.05.31 00:55 B E:\www\ethan\2001\01\IMG_0157t.jpg --> ftp.ethanshow.com /d:/html/users/ethanshowcom/html/2001/01 IMG_0157t.jpg
2001.05.31 00:55 B E:\www\ethan\2001\01\IMG_0162.JPG --> ftp.ethanshow.com /d:/html/users/ethanshowcom/html/2001/01 IMG_0162.JPG
2001.05.31 00:55 B E:\www\ethan\2001\01\IMG_0162t.jpg --> ftp.ethanshow.com /d:/html/users/ethanshowcom/html/2001/01 IMG_0162t.jpg
2001.05.31 00:55 B E:\www\ethan\2001\01\IMG_0163.JPG --> ftp.ethanshow.com /d:/html/users/ethanshowcom/html/2001/01 IMG_0163.JPG
2001.05.31 00:55 B E:\www\ethan\2001\01\IMG_0163t.jpg --> ftp.ethanshow.com /d:/html/users/ethanshowcom/html/2001/01 IMG_0163t.jpg
2001.05.31 00:55 B E:\www\ethan\2001\01\IMG_0164.JPG --> ftp.ethanshow.com /d:/html/users/ethanshowcom/html/2001/01 IMG_0164.JPG
2001.05.31 00:55 B E:\www\ethan\2001\01\IMG_0164t.jpg --> ftp.ethanshow.com /d:/html/users/ethanshowcom/html/2001/01 IMG_0164t.jpg
2001.05.31 00:56 B E:\www\ethan\2001\01\IMG_0166.JPG --> ftp.ethanshow.com /d:/html/users/ethanshowcom/html/2001/01 IMG_0166.JPG
2001.05.31 00:56 B E:\www\ethan\2001\01\IMG_0166t.jpg --> ftp.ethanshow.com /d:/html/users/ethanshowcom/html/2001/01 IMG_0166t.jpg
2001.05.31 00:56 B E:\www\ethan\2001\01\IMG_0169.JPG --> ftp.ethanshow.com /d:/html/users/ethanshowcom/html/2001/01 IMG_0169.JPG
2001.05.31 00:56 B E:\www\ethan\2001\01\IMG_0169t.jpg --> ftp.ethanshow.com /d:/html/users/ethanshowcom/html/2001/01 IMG_0169t.jpg
2001.05.31 00:56 B E:\www\ethan\2001\01\IMG_0170.JPG --> ftp.ethanshow.com /d:/html/users/ethanshowcom/html/2001/01 IMG_0170.JPG
2001.05.31 00:56 B E:\www\ethan\2001\01\IMG_0170t.jpg --> ftp.ethanshow.com /d:/html/users/ethanshowcom/html/2001/01 IMG_0170t.jpg
2001.05.31 00:56 B E:\www\ethan\2001\01\IMG_0172.JPG --> ftp.ethanshow.com /d:/html/users/ethanshowcom/html/2001/01 IMG_0172.JPG
2001.05.31 00:56 B E:\www\ethan\2001\01\IMG_0172t.jpg --> ftp.ethanshow.com /d:/html/users/ethanshowcom/html/2001/01 IMG_0172t.jpg
2001.05.31 00:56 B E:\www\ethan\2001\01\IMG_0175.JPG --> ftp.ethanshow.com /d:/html/users/ethanshowcom/html/2001/01 IMG_0175.JPG
2001.05.31 00:57 B E:\www\ethan\2001\01\IMG_0175t.jpg --> ftp.ethanshow.com /d:/html/users/ethanshowcom/html/2001/01 IMG_0175t.jpg
2001.05.31 00:57 B E:\www\ethan\2001\01\IMG_0176.JPG --> ftp.ethanshow.com /d:/html/users/ethanshowcom/html/2001/01 IMG_0176.JPG
2001.05.31 00:57 B E:\www\ethan\2001\01\IMG_0176t.jpg --> ftp.ethanshow.com /d:/html/users/ethanshowcom/html/2001/01 IMG_0176t.jpg
2001.05.31 00:57 B E:\www\ethan\2001\01\IMG_0177.JPG --> ftp.ethanshow.com /d:/html/users/ethanshowcom/html/2001/01 IMG_0177.JPG
2001.05.31 00:57 B E:\www\ethan\2001\01\IMG_0177t.jpg --> ftp.ethanshow.com /d:/html/users/ethanshowcom/html/2001/01 IMG_0177t.jpg
2001.05.31 00:57 B E:\www\ethan\2001\01\IMG_0178.JPG --> ftp.ethanshow.com /d:/html/users/ethanshowcom/html/2001/01 IMG_0178.JPG
2001.05.31 00:57 B E:\www\ethan\2001\01\IMG_0178t.jpg --> ftp.ethanshow.com /d:/html/users/ethanshowcom/html/2001/01 IMG_0178t.jpg
2001.05.31 00:57 B E:\www\ethan\2001\01\IMG_0184.JPG --> ftp.ethanshow.com /d:/html/users/ethanshowcom/html/2001/01 IMG_0184.JPG
2001.05.31 00:58 B E:\www\ethan\2001\01\IMG_0184t.jpg --> ftp.ethanshow.com /d:/html/users/ethanshowcom/html/2001/01 IMG_0184t.jpg
2001.05.31 00:58 B E:\www\ethan\2001\01\jan05.htm --> ftp.ethanshow.com /d:/html/users/ethanshowcom/html/2001/01 jan05.htm
2001.05.31 00:58 B E:\www\ethan\2001\01\jan05a.htm --> ftp.ethanshow.com /d:/html/users/ethanshowcom/html/2001/01 jan05a.htm
2001.05.31 00:58 B E:\www\ethan\2001\01\jan07.htm --> ftp.ethanshow.com /d:/html/users/ethanshowcom/html/2001/01 jan07.htm
2001.05.31 00:58 B E:\www\ethan\2001\01\jan07a.htm --> ftp.ethanshow.com /d:/html/users/ethanshowcom/html/2001/01 jan07a.htm
2001.05.31 00:58 B E:\www\ethan\2001\01\jan14.htm --> ftp.ethanshow.com /d:/html/users/ethanshowcom/html/2001/01 jan14.htm
2001.05.31 00:58 B E:\www\ethan\2001\01\jan14a.htm --> ftp.ethanshow.com /d:/html/users/ethanshowcom/html/2001/01 jan14a.htm
2001.05.31 00:58 B E:\www\ethan\2001\01\jan16.htm --> ftp.ethanshow.com /d:/html/users/ethanshowcom/html/2001/01 jan16.htm
2001.05.31 00:58 B E:\www\ethan\2001\01\jan16a.htm --> ftp.ethanshow.com /d:/html/users/ethanshowcom/html/2001/01 jan16a.htm
2001.05.31 00:58 B E:\www\ethan\2001\01\jan21.htm --> ftp.ethanshow.com /d:/html/users/ethanshowcom/html/2001/01 jan21.htm
2001.05.31 00:58 B E:\www\ethan\2001\01\jan21a.htm --> ftp.ethanshow.com /d:/html/users/ethanshowcom/html/2001/01 jan21a.htm
2001.05.31 00:58 B E:\www\ethan\2001\01\jan22.htm --> ftp.ethanshow.com /d:/html/users/ethanshowcom/html/2001/01 jan22.htm
2001.05.31 00:58 B E:\www\ethan\2001\01\jan22a.htm --> ftp.ethanshow.com /d:/html/users/ethanshowcom/html/2001/01 jan22a.htm
2001.05.31 00:58 B E:\www\ethan\2001\01\jan24.htm --> ftp.ethanshow.com /d:/html/users/ethanshowcom/html/2001/01 jan24.htm
2001.05.31 00:58 B E:\www\ethan\2001\01\jan24a.htm --> ftp.ethanshow.com /d:/html/users/ethanshowcom/html/2001/01 jan24a.htm
2001.05.31 00:58 B E:\www\ethan\2001\01\jan27.htm --> ftp.ethanshow.com /d:/html/users/ethanshowcom/html/2001/01 jan27.htm
2001.05.31 00:58 B E:\www\ethan\2001\01\jan27a.htm --> ftp.ethanshow.com /d:/html/users/ethanshowcom/html/2001/01 jan27a.htm
2001.05.31 00:58 B E:\www\ethan\2001\01\jan28.htm --> ftp.ethanshow.com /d:/html/users/ethanshowcom/html/2001/01 jan28.htm
2001.05.31 00:58 B E:\www\ethan\2001\01\jan28a.htm --> ftp.ethanshow.com /d:/html/users/ethanshowcom/html/2001/01 jan28a.htm
2001.05.31 00:58 B E:\www\ethan\2001\01\nav.htm --> ftp.ethanshow.com /d:/html/users/ethanshowcom/html/2001/01 nav.htm
