2001.05.17 07:54 B E:\www\ethan\2000\04\102.JPG --> ftp.ethanshow.com /d:/html/users/ethanshowcom/html/2000/04 102.JPG
2001.05.17 07:54 B E:\www\ethan\2000\04\102T.JPG --> ftp.ethanshow.com /d:/html/users/ethanshowcom/html/2000/04 102T.JPG
2001.05.17 07:55 B E:\www\ethan\2000\04\105.JPG --> ftp.ethanshow.com /d:/html/users/ethanshowcom/html/2000/04 105.JPG
2001.05.17 07:55 B E:\www\ethan\2000\04\105T.JPG --> ftp.ethanshow.com /d:/html/users/ethanshowcom/html/2000/04 105T.JPG
2001.05.17 07:55 B E:\www\ethan\2000\04\106.JPG --> ftp.ethanshow.com /d:/html/users/ethanshowcom/html/2000/04 106.JPG
2001.05.17 07:55 B E:\www\ethan\2000\04\106T.JPG --> ftp.ethanshow.com /d:/html/users/ethanshowcom/html/2000/04 106T.JPG
2001.05.17 07:55 B E:\www\ethan\2000\04\108.JPG --> ftp.ethanshow.com /d:/html/users/ethanshowcom/html/2000/04 108.JPG
2001.05.17 07:55 B E:\www\ethan\2000\04\108T.JPG --> ftp.ethanshow.com /d:/html/users/ethanshowcom/html/2000/04 108T.JPG
2001.05.17 07:55 B E:\www\ethan\2000\04\109.JPG --> ftp.ethanshow.com /d:/html/users/ethanshowcom/html/2000/04 109.JPG
2001.05.17 07:55 B E:\www\ethan\2000\04\109T.JPG --> ftp.ethanshow.com /d:/html/users/ethanshowcom/html/2000/04 109T.JPG
2001.05.17 07:55 B E:\www\ethan\2000\04\111.JPG --> ftp.ethanshow.com /d:/html/users/ethanshowcom/html/2000/04 111.JPG
2001.05.17 07:55 B E:\www\ethan\2000\04\111T.JPG --> ftp.ethanshow.com /d:/html/users/ethanshowcom/html/2000/04 111T.JPG
2001.05.17 07:55 B E:\www\ethan\2000\04\114.JPG --> ftp.ethanshow.com /d:/html/users/ethanshowcom/html/2000/04 114.JPG
2001.05.17 07:55 B E:\www\ethan\2000\04\114T.JPG --> ftp.ethanshow.com /d:/html/users/ethanshowcom/html/2000/04 114T.JPG
2001.05.17 07:55 B E:\www\ethan\2000\04\116.JPG --> ftp.ethanshow.com /d:/html/users/ethanshowcom/html/2000/04 116.JPG
2001.05.17 07:55 B E:\www\ethan\2000\04\116T.JPG --> ftp.ethanshow.com /d:/html/users/ethanshowcom/html/2000/04 116T.JPG
2001.05.17 07:55 B E:\www\ethan\2000\04\117.JPG --> ftp.ethanshow.com /d:/html/users/ethanshowcom/html/2000/04 117.JPG
2001.05.17 07:55 B E:\www\ethan\2000\04\117T.JPG --> ftp.ethanshow.com /d:/html/users/ethanshowcom/html/2000/04 117T.JPG
2001.05.17 07:56 B E:\www\ethan\2000\04\118.JPG --> ftp.ethanshow.com /d:/html/users/ethanshowcom/html/2000/04 118.JPG
2001.05.17 07:56 B E:\www\ethan\2000\04\118T.JPG --> ftp.ethanshow.com /d:/html/users/ethanshowcom/html/2000/04 118T.JPG
2001.05.17 07:56 B E:\www\ethan\2000\04\119.JPG --> ftp.ethanshow.com /d:/html/users/ethanshowcom/html/2000/04 119.JPG
2001.05.17 07:56 B E:\www\ethan\2000\04\119T.JPG --> ftp.ethanshow.com /d:/html/users/ethanshowcom/html/2000/04 119T.JPG
2001.05.17 07:56 B E:\www\ethan\2000\04\131.JPG --> ftp.ethanshow.com /d:/html/users/ethanshowcom/html/2000/04 131.JPG
2001.05.17 07:56 B E:\www\ethan\2000\04\131T.JPG --> ftp.ethanshow.com /d:/html/users/ethanshowcom/html/2000/04 131T.JPG
2001.05.17 07:56 B E:\www\ethan\2000\04\133.JPG --> ftp.ethanshow.com /d:/html/users/ethanshowcom/html/2000/04 133.JPG
2001.05.17 07:56 B E:\www\ethan\2000\04\133T.JPG --> ftp.ethanshow.com /d:/html/users/ethanshowcom/html/2000/04 133T.JPG
2001.05.17 07:56 B E:\www\ethan\2000\04\135.JPG --> ftp.ethanshow.com /d:/html/users/ethanshowcom/html/2000/04 135.JPG
2001.05.17 07:56 B E:\www\ethan\2000\04\135T.JPG --> ftp.ethanshow.com /d:/html/users/ethanshowcom/html/2000/04 135T.JPG
2001.05.17 07:56 B E:\www\ethan\2000\04\136.JPG --> ftp.ethanshow.com /d:/html/users/ethanshowcom/html/2000/04 136.JPG
2001.05.17 07:56 B E:\www\ethan\2000\04\136T.JPG --> ftp.ethanshow.com /d:/html/users/ethanshowcom/html/2000/04 136T.JPG
2001.05.17 07:56 B E:\www\ethan\2000\04\139.JPG --> ftp.ethanshow.com /d:/html/users/ethanshowcom/html/2000/04 139.JPG
2001.05.17 07:56 B E:\www\ethan\2000\04\139T.JPG --> ftp.ethanshow.com /d:/html/users/ethanshowcom/html/2000/04 139T.JPG
2001.05.17 07:56 B E:\www\ethan\2000\04\140.JPG --> ftp.ethanshow.com /d:/html/users/ethanshowcom/html/2000/04 140.JPG
2001.05.17 07:56 B E:\www\ethan\2000\04\140T.JPG --> ftp.ethanshow.com /d:/html/users/ethanshowcom/html/2000/04 140T.JPG
2001.05.17 07:57 B E:\www\ethan\2000\04\147.JPG --> ftp.ethanshow.com /d:/html/users/ethanshowcom/html/2000/04 147.JPG
2001.05.17 07:57 B E:\www\ethan\2000\04\147T.JPG --> ftp.ethanshow.com /d:/html/users/ethanshowcom/html/2000/04 147T.JPG
2001.05.17 07:57 B E:\www\ethan\2000\04\149.JPG --> ftp.ethanshow.com /d:/html/users/ethanshowcom/html/2000/04 149.JPG
2001.05.17 07:57 B E:\www\ethan\2000\04\149T.JPG --> ftp.ethanshow.com /d:/html/users/ethanshowcom/html/2000/04 149T.JPG
2001.05.17 07:57 B E:\www\ethan\2000\04\160.jpg --> ftp.ethanshow.com /d:/html/users/ethanshowcom/html/2000/04 160.jpg
2001.05.17 07:57 B E:\www\ethan\2000\04\160T.JPG --> ftp.ethanshow.com /d:/html/users/ethanshowcom/html/2000/04 160T.JPG
2001.05.17 07:57 B E:\www\ethan\2000\04\167.jpg --> ftp.ethanshow.com /d:/html/users/ethanshowcom/html/2000/04 167.jpg
2001.05.17 07:57 B E:\www\ethan\2000\04\167T.JPG --> ftp.ethanshow.com /d:/html/users/ethanshowcom/html/2000/04 167T.JPG
2001.05.17 07:57 B E:\www\ethan\2000\04\176.jpg --> ftp.ethanshow.com /d:/html/users/ethanshowcom/html/2000/04 176.jpg
2001.05.17 07:57 B E:\www\ethan\2000\04\176T.JPG --> ftp.ethanshow.com /d:/html/users/ethanshowcom/html/2000/04 176T.JPG
2001.05.17 07:57 B E:\www\ethan\2000\04\177.jpg --> ftp.ethanshow.com /d:/html/users/ethanshowcom/html/2000/04 177.jpg
2001.05.17 07:57 B E:\www\ethan\2000\04\177T.JPG --> ftp.ethanshow.com /d:/html/users/ethanshowcom/html/2000/04 177T.JPG
2001.05.17 07:57 B E:\www\ethan\2000\04\180.jpg --> ftp.ethanshow.com /d:/html/users/ethanshowcom/html/2000/04 180.jpg
2001.05.17 07:57 B E:\www\ethan\2000\04\180T.JPG --> ftp.ethanshow.com /d:/html/users/ethanshowcom/html/2000/04 180T.JPG
2001.05.17 07:57 B E:\www\ethan\2000\04\182.jpg --> ftp.ethanshow.com /d:/html/users/ethanshowcom/html/2000/04 182.jpg
2001.05.17 07:57 B E:\www\ethan\2000\04\182T.JPG --> ftp.ethanshow.com /d:/html/users/ethanshowcom/html/2000/04 182T.JPG
2001.05.17 07:58 B E:\www\ethan\2000\04\185.jpg --> ftp.ethanshow.com /d:/html/users/ethanshowcom/html/2000/04 185.jpg
2001.05.17 07:58 B E:\www\ethan\2000\04\185T.JPG --> ftp.ethanshow.com /d:/html/users/ethanshowcom/html/2000/04 185T.JPG
2001.05.17 07:58 B E:\www\ethan\2000\04\188.jpg --> ftp.ethanshow.com /d:/html/users/ethanshowcom/html/2000/04 188.jpg
2001.05.17 07:58 B E:\www\ethan\2000\04\188T.JPG --> ftp.ethanshow.com /d:/html/users/ethanshowcom/html/2000/04 188T.JPG
2001.05.17 07:58 B E:\www\ethan\2000\04\189.JPG --> ftp.ethanshow.com /d:/html/users/ethanshowcom/html/2000/04 189.JPG
2001.05.17 07:58 B E:\www\ethan\2000\04\189T.JPG --> ftp.ethanshow.com /d:/html/users/ethanshowcom/html/2000/04 189T.JPG
2001.05.17 07:58 B E:\www\ethan\2000\04\191.jpg --> ftp.ethanshow.com /d:/html/users/ethanshowcom/html/2000/04 191.jpg
2001.05.17 07:58 B E:\www\ethan\2000\04\191T.JPG --> ftp.ethanshow.com /d:/html/users/ethanshowcom/html/2000/04 191T.JPG
2001.05.17 07:58 B E:\www\ethan\2000\04\198.jpg --> ftp.ethanshow.com /d:/html/users/ethanshowcom/html/2000/04 198.jpg
2001.05.17 07:58 B E:\www\ethan\2000\04\198T.JPG --> ftp.ethanshow.com /d:/html/users/ethanshowcom/html/2000/04 198T.JPG
2001.05.17 07:58 B E:\www\ethan\2000\04\203.jpg --> ftp.ethanshow.com /d:/html/users/ethanshowcom/html/2000/04 203.jpg
2001.05.17 07:58 B E:\www\ethan\2000\04\203T.JPG --> ftp.ethanshow.com /d:/html/users/ethanshowcom/html/2000/04 203T.JPG
2001.05.17 07:58 B E:\www\ethan\2000\04\209.jpg --> ftp.ethanshow.com /d:/html/users/ethanshowcom/html/2000/04 209.jpg
2001.05.17 07:58 B E:\www\ethan\2000\04\209T.JPG --> ftp.ethanshow.com /d:/html/users/ethanshowcom/html/2000/04 209T.JPG
2001.05.17 07:58 B E:\www\ethan\2000\04\210.jpg --> ftp.ethanshow.com /d:/html/users/ethanshowcom/html/2000/04 210.jpg
2001.05.17 07:58 B E:\www\ethan\2000\04\210T.JPG --> ftp.ethanshow.com /d:/html/users/ethanshowcom/html/2000/04 210T.JPG
2001.05.17 07:59 B E:\www\ethan\2000\04\223.jpg --> ftp.ethanshow.com /d:/html/users/ethanshowcom/html/2000/04 223.jpg
2001.05.17 07:59 B E:\www\ethan\2000\04\223T.JPG --> ftp.ethanshow.com /d:/html/users/ethanshowcom/html/2000/04 223T.JPG
2001.05.17 07:59 B E:\www\ethan\2000\04\226.jpg --> ftp.ethanshow.com /d:/html/users/ethanshowcom/html/2000/04 226.jpg
2001.05.17 07:59 B E:\www\ethan\2000\04\226T.JPG --> ftp.ethanshow.com /d:/html/users/ethanshowcom/html/2000/04 226T.JPG
2001.05.17 07:59 B E:\www\ethan\2000\04\230.jpg --> ftp.ethanshow.com /d:/html/users/ethanshowcom/html/2000/04 230.jpg
2001.05.17 07:59 B E:\www\ethan\2000\04\230T.JPG --> ftp.ethanshow.com /d:/html/users/ethanshowcom/html/2000/04 230T.JPG
2001.05.17 07:59 B E:\www\ethan\2000\04\233.jpg --> ftp.ethanshow.com /d:/html/users/ethanshowcom/html/2000/04 233.jpg
2001.05.17 07:59 B E:\www\ethan\2000\04\233T.JPG --> ftp.ethanshow.com /d:/html/users/ethanshowcom/html/2000/04 233T.JPG
2001.05.17 07:59 B E:\www\ethan\2000\04\234.jpg --> ftp.ethanshow.com /d:/html/users/ethanshowcom/html/2000/04 234.jpg
2001.05.17 07:59 B E:\www\ethan\2000\04\234T.JPG --> ftp.ethanshow.com /d:/html/users/ethanshowcom/html/2000/04 234T.JPG
2001.05.17 07:59 B E:\www\ethan\2000\04\235.jpg --> ftp.ethanshow.com /d:/html/users/ethanshowcom/html/2000/04 235.jpg
2001.05.17 07:59 B E:\www\ethan\2000\04\235T.JPG --> ftp.ethanshow.com /d:/html/users/ethanshowcom/html/2000/04 235T.JPG
2001.05.17 07:59 B E:\www\ethan\2000\04\340.jpg --> ftp.ethanshow.com /d:/html/users/ethanshowcom/html/2000/04 340.jpg
2001.05.17 07:59 B E:\www\ethan\2000\04\340t.jpg --> ftp.ethanshow.com /d:/html/users/ethanshowcom/html/2000/04 340t.jpg
2001.05.17 07:59 B E:\www\ethan\2000\04\343.jpg --> ftp.ethanshow.com /d:/html/users/ethanshowcom/html/2000/04 343.jpg
2001.05.17 08:00 B E:\www\ethan\2000\04\343t.jpg --> ftp.ethanshow.com /d:/html/users/ethanshowcom/html/2000/04 343t.jpg
2001.05.17 08:00 B E:\www\ethan\2000\04\346.jpg --> ftp.ethanshow.com /d:/html/users/ethanshowcom/html/2000/04 346.jpg
2001.05.17 08:00 B E:\www\ethan\2000\04\346t.jpg --> ftp.ethanshow.com /d:/html/users/ethanshowcom/html/2000/04 346t.jpg
2001.05.17 08:00 B E:\www\ethan\2000\04\347.jpg --> ftp.ethanshow.com /d:/html/users/ethanshowcom/html/2000/04 347.jpg
2001.05.17 08:00 B E:\www\ethan\2000\04\347t.jpg --> ftp.ethanshow.com /d:/html/users/ethanshowcom/html/2000/04 347t.jpg
2001.05.17 08:00 B E:\www\ethan\2000\04\349.jpg --> ftp.ethanshow.com /d:/html/users/ethanshowcom/html/2000/04 349.jpg
2001.05.17 08:00 B E:\www\ethan\2000\04\349t.jpg --> ftp.ethanshow.com /d:/html/users/ethanshowcom/html/2000/04 349t.jpg
2001.05.17 08:00 B E:\www\ethan\2000\04\351.jpg --> ftp.ethanshow.com /d:/html/users/ethanshowcom/html/2000/04 351.jpg
2001.05.17 08:00 B E:\www\ethan\2000\04\351t.jpg --> ftp.ethanshow.com /d:/html/users/ethanshowcom/html/2000/04 351t.jpg
2001.05.17 08:00 B E:\www\ethan\2000\04\353.jpg --> ftp.ethanshow.com /d:/html/users/ethanshowcom/html/2000/04 353.jpg
2001.05.17 08:00 B E:\www\ethan\2000\04\353t.jpg --> ftp.ethanshow.com /d:/html/users/ethanshowcom/html/2000/04 353t.jpg
2001.05.17 08:00 B E:\www\ethan\2000\04\357.jpg --> ftp.ethanshow.com /d:/html/users/ethanshowcom/html/2000/04 357.jpg
2001.05.17 08:00 B E:\www\ethan\2000\04\357t.jpg --> ftp.ethanshow.com /d:/html/users/ethanshowcom/html/2000/04 357t.jpg
2001.05.17 08:00 B E:\www\ethan\2000\04\358.jpg --> ftp.ethanshow.com /d:/html/users/ethanshowcom/html/2000/04 358.jpg
2001.05.17 08:00 B E:\www\ethan\2000\04\358t.jpg --> ftp.ethanshow.com /d:/html/users/ethanshowcom/html/2000/04 358t.jpg
2001.05.17 08:01 B E:\www\ethan\2000\04\401.jpg --> ftp.ethanshow.com /d:/html/users/ethanshowcom/html/2000/04 401.jpg
2001.05.17 08:01 B E:\www\ethan\2000\04\401t.jpg --> ftp.ethanshow.com /d:/html/users/ethanshowcom/html/2000/04 401t.jpg
2001.05.17 08:01 B E:\www\ethan\2000\04\402.jpg --> ftp.ethanshow.com /d:/html/users/ethanshowcom/html/2000/04 402.jpg
2001.05.17 08:01 B E:\www\ethan\2000\04\402t.jpg --> ftp.ethanshow.com /d:/html/users/ethanshowcom/html/2000/04 402t.jpg
2001.05.17 08:01 B E:\www\ethan\2000\04\405.jpg --> ftp.ethanshow.com /d:/html/users/ethanshowcom/html/2000/04 405.jpg
2001.05.17 08:01 B E:\www\ethan\2000\04\405t.jpg --> ftp.ethanshow.com /d:/html/users/ethanshowcom/html/2000/04 405t.jpg
2001.05.17 08:01 B E:\www\ethan\2000\04\412.jpg --> ftp.ethanshow.com /d:/html/users/ethanshowcom/html/2000/04 412.jpg
2001.05.17 08:01 B E:\www\ethan\2000\04\412t.jpg --> ftp.ethanshow.com /d:/html/users/ethanshowcom/html/2000/04 412t.jpg
2001.05.17 08:01 B E:\www\ethan\2000\04\423.jpg --> ftp.ethanshow.com /d:/html/users/ethanshowcom/html/2000/04 423.jpg
2001.05.17 08:01 B E:\www\ethan\2000\04\423t.jpg --> ftp.ethanshow.com /d:/html/users/ethanshowcom/html/2000/04 423t.jpg
2001.05.17 08:01 B E:\www\ethan\2000\04\424.jpg --> ftp.ethanshow.com /d:/html/users/ethanshowcom/html/2000/04 424.jpg
2001.05.17 08:01 B E:\www\ethan\2000\04\424t.jpg --> ftp.ethanshow.com /d:/html/users/ethanshowcom/html/2000/04 424t.jpg
2001.05.17 08:01 B E:\www\ethan\2000\04\428.jpg --> ftp.ethanshow.com /d:/html/users/ethanshowcom/html/2000/04 428.jpg
2001.05.17 08:01 B E:\www\ethan\2000\04\428t.jpg --> ftp.ethanshow.com /d:/html/users/ethanshowcom/html/2000/04 428t.jpg
2001.05.17 08:02 B E:\www\ethan\2000\04\432.jpg --> ftp.ethanshow.com /d:/html/users/ethanshowcom/html/2000/04 432.jpg
2001.05.17 08:02 B E:\www\ethan\2000\04\432t.jpg --> ftp.ethanshow.com /d:/html/users/ethanshowcom/html/2000/04 432t.jpg
2001.05.17 08:02 B E:\www\ethan\2000\04\435.jpg --> ftp.ethanshow.com /d:/html/users/ethanshowcom/html/2000/04 435.jpg
2001.05.17 08:02 B E:\www\ethan\2000\04\435t.jpg --> ftp.ethanshow.com /d:/html/users/ethanshowcom/html/2000/04 435t.jpg
2001.05.17 08:02 B E:\www\ethan\2000\04\438.jpg --> ftp.ethanshow.com /d:/html/users/ethanshowcom/html/2000/04 438.jpg
2001.05.17 08:02 B E:\www\ethan\2000\04\438t.jpg --> ftp.ethanshow.com /d:/html/users/ethanshowcom/html/2000/04 438t.jpg
2001.05.17 08:02 B E:\www\ethan\2000\04\448.jpg --> ftp.ethanshow.com /d:/html/users/ethanshowcom/html/2000/04 448.jpg
2001.05.17 08:02 B E:\www\ethan\2000\04\448t.jpg --> ftp.ethanshow.com /d:/html/users/ethanshowcom/html/2000/04 448t.jpg
2001.05.17 08:02 B E:\www\ethan\2000\04\APR01.HTM --> ftp.ethanshow.com /d:/html/users/ethanshowcom/html/2000/04 APR01.HTM
2001.05.17 08:02 B E:\www\ethan\2000\04\APR01A.HTM --> ftp.ethanshow.com /d:/html/users/ethanshowcom/html/2000/04 APR01A.HTM
2001.05.17 08:02 B E:\www\ethan\2000\04\APR02.HTM --> ftp.ethanshow.com /d:/html/users/ethanshowcom/html/2000/04 APR02.HTM
2001.05.17 08:02 B E:\www\ethan\2000\04\APR02A.HTM --> ftp.ethanshow.com /d:/html/users/ethanshowcom/html/2000/04 APR02A.HTM
2001.05.17 08:02 B E:\www\ethan\2000\04\APR08.HTM --> ftp.ethanshow.com /d:/html/users/ethanshowcom/html/2000/04 APR08.HTM
2001.05.17 08:02 B E:\www\ethan\2000\04\APR08A.HTM --> ftp.ethanshow.com /d:/html/users/ethanshowcom/html/2000/04 APR08A.HTM
2001.05.17 08:02 B E:\www\ethan\2000\04\APR09.HTM --> ftp.ethanshow.com /d:/html/users/ethanshowcom/html/2000/04 APR09.HTM
2001.05.17 08:02 B E:\www\ethan\2000\04\APR09A.HTM --> ftp.ethanshow.com /d:/html/users/ethanshowcom/html/2000/04 APR09A.HTM
2001.05.17 08:02 B E:\www\ethan\2000\04\APR12.HTM --> ftp.ethanshow.com /d:/html/users/ethanshowcom/html/2000/04 APR12.HTM
2001.05.17 08:02 B E:\www\ethan\2000\04\APR12A.HTM --> ftp.ethanshow.com /d:/html/users/ethanshowcom/html/2000/04 APR12A.HTM
2001.05.17 08:02 B E:\www\ethan\2000\04\apr23.htm --> ftp.ethanshow.com /d:/html/users/ethanshowcom/html/2000/04 apr23.htm
2001.05.17 08:02 B E:\www\ethan\2000\04\apr23a.htm --> ftp.ethanshow.com /d:/html/users/ethanshowcom/html/2000/04 apr23a.htm
2001.05.17 08:02 B E:\www\ethan\2000\04\apr24.htm --> ftp.ethanshow.com /d:/html/users/ethanshowcom/html/2000/04 apr24.htm
2001.05.17 08:02 B E:\www\ethan\2000\04\apr24a.htm --> ftp.ethanshow.com /d:/html/users/ethanshowcom/html/2000/04 apr24a.htm
2001.05.17 08:02 B E:\www\ethan\2000\04\apr29.htm --> ftp.ethanshow.com /d:/html/users/ethanshowcom/html/2000/04 apr29.htm
2001.05.17 08:02 B E:\www\ethan\2000\04\apr29a.htm --> ftp.ethanshow.com /d:/html/users/ethanshowcom/html/2000/04 apr29a.htm
2001.05.17 08:02 B E:\www\ethan\2000\04\apr30.htm --> ftp.ethanshow.com /d:/html/users/ethanshowcom/html/2000/04 apr30.htm
2001.05.17 08:02 B E:\www\ethan\2000\04\apr30a.htm --> ftp.ethanshow.com /d:/html/users/ethanshowcom/html/2000/04 apr30a.htm
2001.05.17 08:02 B E:\www\ethan\2000\04\COPY.CSH --> ftp.ethanshow.com /d:/html/users/ethanshowcom/html/2000/04 COPY.CSH
2001.05.17 08:03 B E:\www\ethan\2000\04\days.htm --> ftp.ethanshow.com /d:/html/users/ethanshowcom/html/2000/04 days.htm
2001.05.17 08:03 B E:\www\ethan\2000\04\nav.htm --> ftp.ethanshow.com /d:/html/users/ethanshowcom/html/2000/04 nav.htm
2001.05.17 08:03 B E:\www\ethan\2000\04\preview.htm --> ftp.ethanshow.com /d:/html/users/ethanshowcom/html/2000/04 preview.htm
