2003.04.06 11:07 B D:\www\EthanShow\2002\11\130-3007_IMG.JPG --> ftp.ethanshow.com /d:/html/users/ethanshowcom/html/2002/11 130-3007_IMG.JPG
2003.04.06 11:07 B D:\www\EthanShow\2002\11\130-3007_IMGt.JPG --> ftp.ethanshow.com /d:/html/users/ethanshowcom/html/2002/11 130-3007_IMGt.JPG
2003.04.06 11:07 B D:\www\EthanShow\2002\11\130-3012_IMG.JPG --> ftp.ethanshow.com /d:/html/users/ethanshowcom/html/2002/11 130-3012_IMG.JPG
2003.04.06 11:07 B D:\www\EthanShow\2002\11\130-3012_IMGt.JPG --> ftp.ethanshow.com /d:/html/users/ethanshowcom/html/2002/11 130-3012_IMGt.JPG
2003.04.06 11:07 B D:\www\EthanShow\2002\11\130-3025_IMG.JPG --> ftp.ethanshow.com /d:/html/users/ethanshowcom/html/2002/11 130-3025_IMG.JPG
2003.04.06 11:07 B D:\www\EthanShow\2002\11\130-3025_IMGt.JPG --> ftp.ethanshow.com /d:/html/users/ethanshowcom/html/2002/11 130-3025_IMGt.JPG
2003.04.06 11:07 B D:\www\EthanShow\2002\11\130-3030_IMG.JPG --> ftp.ethanshow.com /d:/html/users/ethanshowcom/html/2002/11 130-3030_IMG.JPG
2003.04.06 11:07 B D:\www\EthanShow\2002\11\130-3030_IMGt.JPG --> ftp.ethanshow.com /d:/html/users/ethanshowcom/html/2002/11 130-3030_IMGt.JPG
2003.04.06 11:07 B D:\www\EthanShow\2002\11\130-3032_IMG.JPG --> ftp.ethanshow.com /d:/html/users/ethanshowcom/html/2002/11 130-3032_IMG.JPG
2003.04.06 11:07 B D:\www\EthanShow\2002\11\130-3032_IMGt.JPG --> ftp.ethanshow.com /d:/html/users/ethanshowcom/html/2002/11 130-3032_IMGt.JPG
2003.04.06 11:07 B D:\www\EthanShow\2002\11\130-3037_IMG.JPG --> ftp.ethanshow.com /d:/html/users/ethanshowcom/html/2002/11 130-3037_IMG.JPG
2003.04.06 11:07 B D:\www\EthanShow\2002\11\130-3037_IMGt.JPG --> ftp.ethanshow.com /d:/html/users/ethanshowcom/html/2002/11 130-3037_IMGt.JPG
2003.04.06 11:07 B D:\www\EthanShow\2002\11\130-3040_IMG.JPG --> ftp.ethanshow.com /d:/html/users/ethanshowcom/html/2002/11 130-3040_IMG.JPG
2003.04.06 11:07 B D:\www\EthanShow\2002\11\130-3040_IMGt.JPG --> ftp.ethanshow.com /d:/html/users/ethanshowcom/html/2002/11 130-3040_IMGt.JPG
2003.04.06 11:08 B D:\www\EthanShow\2002\11\130-3041_IMG.JPG --> ftp.ethanshow.com /d:/html/users/ethanshowcom/html/2002/11 130-3041_IMG.JPG
2003.04.06 11:08 B D:\www\EthanShow\2002\11\130-3041_IMGt.JPG --> ftp.ethanshow.com /d:/html/users/ethanshowcom/html/2002/11 130-3041_IMGt.JPG
2003.04.06 11:08 B D:\www\EthanShow\2002\11\130-3044_IMG.JPG --> ftp.ethanshow.com /d:/html/users/ethanshowcom/html/2002/11 130-3044_IMG.JPG
2003.04.06 11:08 B D:\www\EthanShow\2002\11\130-3044_IMGt.JPG --> ftp.ethanshow.com /d:/html/users/ethanshowcom/html/2002/11 130-3044_IMGt.JPG
2003.04.06 11:08 B D:\www\EthanShow\2002\11\130-3046_IMG.JPG --> ftp.ethanshow.com /d:/html/users/ethanshowcom/html/2002/11 130-3046_IMG.JPG
2003.04.06 11:08 B D:\www\EthanShow\2002\11\130-3046_IMGt.JPG --> ftp.ethanshow.com /d:/html/users/ethanshowcom/html/2002/11 130-3046_IMGt.JPG
2003.04.06 11:08 B D:\www\EthanShow\2002\11\130-3051_IMG.JPG --> ftp.ethanshow.com /d:/html/users/ethanshowcom/html/2002/11 130-3051_IMG.JPG
2003.04.06 11:08 B D:\www\EthanShow\2002\11\130-3051_IMGt.JPG --> ftp.ethanshow.com /d:/html/users/ethanshowcom/html/2002/11 130-3051_IMGt.JPG
2003.04.06 11:08 B D:\www\EthanShow\2002\11\130-3055_IMG.JPG --> ftp.ethanshow.com /d:/html/users/ethanshowcom/html/2002/11 130-3055_IMG.JPG
2003.04.06 11:08 B D:\www\EthanShow\2002\11\130-3055_IMGt.JPG --> ftp.ethanshow.com /d:/html/users/ethanshowcom/html/2002/11 130-3055_IMGt.JPG
2003.04.06 11:08 B D:\www\EthanShow\2002\11\130-3057_IMG.JPG --> ftp.ethanshow.com /d:/html/users/ethanshowcom/html/2002/11 130-3057_IMG.JPG
2003.04.06 11:08 B D:\www\EthanShow\2002\11\130-3057_IMGt.JPG --> ftp.ethanshow.com /d:/html/users/ethanshowcom/html/2002/11 130-3057_IMGt.JPG
2003.04.06 11:09 B D:\www\EthanShow\2002\11\130-3074_IMG.JPG --> ftp.ethanshow.com /d:/html/users/ethanshowcom/html/2002/11 130-3074_IMG.JPG
2003.04.06 11:09 B D:\www\EthanShow\2002\11\130-3074_IMGt.JPG --> ftp.ethanshow.com /d:/html/users/ethanshowcom/html/2002/11 130-3074_IMGt.JPG
2003.04.06 11:09 B D:\www\EthanShow\2002\11\130-3076_IMG.JPG --> ftp.ethanshow.com /d:/html/users/ethanshowcom/html/2002/11 130-3076_IMG.JPG
2003.04.06 11:09 B D:\www\EthanShow\2002\11\130-3076_IMGt.JPG --> ftp.ethanshow.com /d:/html/users/ethanshowcom/html/2002/11 130-3076_IMGt.JPG
2003.04.06 11:09 B D:\www\EthanShow\2002\11\130-3079_IMG.JPG --> ftp.ethanshow.com /d:/html/users/ethanshowcom/html/2002/11 130-3079_IMG.JPG
2003.04.06 11:09 B D:\www\EthanShow\2002\11\130-3079_IMGt.JPG --> ftp.ethanshow.com /d:/html/users/ethanshowcom/html/2002/11 130-3079_IMGt.JPG
2003.04.06 11:09 B D:\www\EthanShow\2002\11\130-3080_IMG.JPG --> ftp.ethanshow.com /d:/html/users/ethanshowcom/html/2002/11 130-3080_IMG.JPG
2003.04.06 11:09 B D:\www\EthanShow\2002\11\130-3080_IMGt.JPG --> ftp.ethanshow.com /d:/html/users/ethanshowcom/html/2002/11 130-3080_IMGt.JPG
2003.04.06 11:09 B D:\www\EthanShow\2002\11\130-3081_IMG.JPG --> ftp.ethanshow.com /d:/html/users/ethanshowcom/html/2002/11 130-3081_IMG.JPG
2003.04.06 11:09 B D:\www\EthanShow\2002\11\130-3081_IMGt.JPG --> ftp.ethanshow.com /d:/html/users/ethanshowcom/html/2002/11 130-3081_IMGt.JPG
2003.04.06 11:09 B D:\www\EthanShow\2002\11\130-3088_IMG.JPG --> ftp.ethanshow.com /d:/html/users/ethanshowcom/html/2002/11 130-3088_IMG.JPG
2003.04.06 11:09 B D:\www\EthanShow\2002\11\130-3088_IMGt.JPG --> ftp.ethanshow.com /d:/html/users/ethanshowcom/html/2002/11 130-3088_IMGt.JPG
2003.04.06 11:09 B D:\www\EthanShow\2002\11\130-3091_IMG.JPG --> ftp.ethanshow.com /d:/html/users/ethanshowcom/html/2002/11 130-3091_IMG.JPG
2003.04.06 11:09 B D:\www\EthanShow\2002\11\130-3091_IMGt.JPG --> ftp.ethanshow.com /d:/html/users/ethanshowcom/html/2002/11 130-3091_IMGt.JPG
2003.04.06 11:09 B D:\www\EthanShow\2002\11\130-3092_IMG.JPG --> ftp.ethanshow.com /d:/html/users/ethanshowcom/html/2002/11 130-3092_IMG.JPG
2003.04.06 11:09 B D:\www\EthanShow\2002\11\130-3092_IMGt.JPG --> ftp.ethanshow.com /d:/html/users/ethanshowcom/html/2002/11 130-3092_IMGt.JPG
2003.04.06 11:09 B D:\www\EthanShow\2002\11\130-3095_IMG.JPG --> ftp.ethanshow.com /d:/html/users/ethanshowcom/html/2002/11 130-3095_IMG.JPG
2003.04.06 11:09 B D:\www\EthanShow\2002\11\130-3095_IMGt.JPG --> ftp.ethanshow.com /d:/html/users/ethanshowcom/html/2002/11 130-3095_IMGt.JPG
2003.04.06 11:10 B D:\www\EthanShow\2002\11\130-3096_IMG.JPG --> ftp.ethanshow.com /d:/html/users/ethanshowcom/html/2002/11 130-3096_IMG.JPG
2003.04.06 11:10 B D:\www\EthanShow\2002\11\130-3096_IMGt.JPG --> ftp.ethanshow.com /d:/html/users/ethanshowcom/html/2002/11 130-3096_IMGt.JPG
2003.04.06 11:10 B D:\www\EthanShow\2002\11\130-3097_IMG.JPG --> ftp.ethanshow.com /d:/html/users/ethanshowcom/html/2002/11 130-3097_IMG.JPG
2003.04.06 11:10 B D:\www\EthanShow\2002\11\130-3097_IMGt.JPG --> ftp.ethanshow.com /d:/html/users/ethanshowcom/html/2002/11 130-3097_IMGt.JPG
2003.04.06 11:10 B D:\www\EthanShow\2002\11\130-3098_IMG.JPG --> ftp.ethanshow.com /d:/html/users/ethanshowcom/html/2002/11 130-3098_IMG.JPG
2003.04.06 11:10 B D:\www\EthanShow\2002\11\130-3098_IMGt.JPG --> ftp.ethanshow.com /d:/html/users/ethanshowcom/html/2002/11 130-3098_IMGt.JPG
2003.04.06 11:10 B D:\www\EthanShow\2002\11\130-3099_IMG.JPG --> ftp.ethanshow.com /d:/html/users/ethanshowcom/html/2002/11 130-3099_IMG.JPG
2003.04.06 11:10 B D:\www\EthanShow\2002\11\130-3099_IMGt.JPG --> ftp.ethanshow.com /d:/html/users/ethanshowcom/html/2002/11 130-3099_IMGt.JPG
2003.04.06 11:10 B D:\www\EthanShow\2002\11\131-3103_IMG.JPG --> ftp.ethanshow.com /d:/html/users/ethanshowcom/html/2002/11 131-3103_IMG.JPG
2003.04.06 11:10 B D:\www\EthanShow\2002\11\131-3103_IMGt.JPG --> ftp.ethanshow.com /d:/html/users/ethanshowcom/html/2002/11 131-3103_IMGt.JPG
2003.04.06 11:10 B D:\www\EthanShow\2002\11\131-3105_IMG.JPG --> ftp.ethanshow.com /d:/html/users/ethanshowcom/html/2002/11 131-3105_IMG.JPG
2003.04.06 11:10 B D:\www\EthanShow\2002\11\131-3105_IMGt.JPG --> ftp.ethanshow.com /d:/html/users/ethanshowcom/html/2002/11 131-3105_IMGt.JPG
2003.04.06 11:10 B D:\www\EthanShow\2002\11\131-3106_IMG.JPG --> ftp.ethanshow.com /d:/html/users/ethanshowcom/html/2002/11 131-3106_IMG.JPG
2003.04.06 11:10 B D:\www\EthanShow\2002\11\131-3106_IMGt.JPG --> ftp.ethanshow.com /d:/html/users/ethanshowcom/html/2002/11 131-3106_IMGt.JPG
2003.04.06 11:10 B D:\www\EthanShow\2002\11\131-3107_IMG.JPG --> ftp.ethanshow.com /d:/html/users/ethanshowcom/html/2002/11 131-3107_IMG.JPG
2003.04.06 11:11 B D:\www\EthanShow\2002\11\131-3107_IMGt.JPG --> ftp.ethanshow.com /d:/html/users/ethanshowcom/html/2002/11 131-3107_IMGt.JPG
2003.04.06 11:11 B D:\www\EthanShow\2002\11\131-3110_IMG.JPG --> ftp.ethanshow.com /d:/html/users/ethanshowcom/html/2002/11 131-3110_IMG.JPG
2003.04.06 11:11 B D:\www\EthanShow\2002\11\131-3110_IMGt.JPG --> ftp.ethanshow.com /d:/html/users/ethanshowcom/html/2002/11 131-3110_IMGt.JPG
2003.04.06 11:11 B D:\www\EthanShow\2002\11\131-3113_IMG.JPG --> ftp.ethanshow.com /d:/html/users/ethanshowcom/html/2002/11 131-3113_IMG.JPG
2003.04.06 11:11 B D:\www\EthanShow\2002\11\131-3113_IMGt.JPG --> ftp.ethanshow.com /d:/html/users/ethanshowcom/html/2002/11 131-3113_IMGt.JPG
2003.04.06 11:11 B D:\www\EthanShow\2002\11\131-3119_IMG.JPG --> ftp.ethanshow.com /d:/html/users/ethanshowcom/html/2002/11 131-3119_IMG.JPG
2003.04.06 11:11 B D:\www\EthanShow\2002\11\131-3119_IMGt.JPG --> ftp.ethanshow.com /d:/html/users/ethanshowcom/html/2002/11 131-3119_IMGt.JPG
2003.04.06 11:11 B D:\www\EthanShow\2002\11\131-3121_IMG.JPG --> ftp.ethanshow.com /d:/html/users/ethanshowcom/html/2002/11 131-3121_IMG.JPG
2003.04.06 11:11 B D:\www\EthanShow\2002\11\131-3121_IMGt.JPG --> ftp.ethanshow.com /d:/html/users/ethanshowcom/html/2002/11 131-3121_IMGt.JPG
2003.04.06 11:11 B D:\www\EthanShow\2002\11\131-3123_IMG.JPG --> ftp.ethanshow.com /d:/html/users/ethanshowcom/html/2002/11 131-3123_IMG.JPG
2003.04.06 11:11 B D:\www\EthanShow\2002\11\131-3123_IMGt.JPG --> ftp.ethanshow.com /d:/html/users/ethanshowcom/html/2002/11 131-3123_IMGt.JPG
2003.04.06 11:11 B D:\www\EthanShow\2002\11\131-3129_IMG.JPG --> ftp.ethanshow.com /d:/html/users/ethanshowcom/html/2002/11 131-3129_IMG.JPG
2003.04.06 11:12 B D:\www\EthanShow\2002\11\131-3129_IMGt.JPG --> ftp.ethanshow.com /d:/html/users/ethanshowcom/html/2002/11 131-3129_IMGt.JPG
2003.04.06 11:12 B D:\www\EthanShow\2002\11\days.htm --> ftp.ethanshow.com /d:/html/users/ethanshowcom/html/2002/11 days.htm
2003.04.06 11:12 B D:\www\EthanShow\2002\11\MakePage.bat --> ftp.ethanshow.com /d:/html/users/ethanshowcom/html/2002/11 MakePage.bat
2003.04.06 11:12 B D:\www\EthanShow\2002\11\nav.htm --> ftp.ethanshow.com /d:/html/users/ethanshowcom/html/2002/11 nav.htm
2003.04.06 11:12 B D:\www\EthanShow\2002\11\nov01.htm --> ftp.ethanshow.com /d:/html/users/ethanshowcom/html/2002/11 nov01.htm
2003.04.06 11:12 B D:\www\EthanShow\2002\11\nov01a.htm --> ftp.ethanshow.com /d:/html/users/ethanshowcom/html/2002/11 nov01a.htm
2003.04.06 11:12 B D:\www\EthanShow\2002\11\nov03.htm --> ftp.ethanshow.com /d:/html/users/ethanshowcom/html/2002/11 nov03.htm
2003.04.06 11:12 B D:\www\EthanShow\2002\11\nov03a.htm --> ftp.ethanshow.com /d:/html/users/ethanshowcom/html/2002/11 nov03a.htm
2003.04.06 11:12 B D:\www\EthanShow\2002\11\nov11.htm --> ftp.ethanshow.com /d:/html/users/ethanshowcom/html/2002/11 nov11.htm
2003.04.06 11:12 B D:\www\EthanShow\2002\11\nov11a.htm --> ftp.ethanshow.com /d:/html/users/ethanshowcom/html/2002/11 nov11a.htm
2003.04.06 11:12 B D:\www\EthanShow\2002\11\nov12.htm --> ftp.ethanshow.com /d:/html/users/ethanshowcom/html/2002/11 nov12.htm
2003.04.06 11:12 B D:\www\EthanShow\2002\11\nov12a.htm --> ftp.ethanshow.com /d:/html/users/ethanshowcom/html/2002/11 nov12a.htm
2003.04.06 11:12 B D:\www\EthanShow\2002\11\nov17.htm --> ftp.ethanshow.com /d:/html/users/ethanshowcom/html/2002/11 nov17.htm
2003.04.06 11:12 B D:\www\EthanShow\2002\11\nov17a.htm --> ftp.ethanshow.com /d:/html/users/ethanshowcom/html/2002/11 nov17a.htm
2003.04.06 11:12 B D:\www\EthanShow\2002\11\nov28.htm --> ftp.ethanshow.com /d:/html/users/ethanshowcom/html/2002/11 nov28.htm
2003.04.06 11:12 B D:\www\EthanShow\2002\11\nov28a.htm --> ftp.ethanshow.com /d:/html/users/ethanshowcom/html/2002/11 nov28a.htm
2003.04.06 11:12 B D:\www\EthanShow\2002\11\nov29.htm --> ftp.ethanshow.com /d:/html/users/ethanshowcom/html/2002/11 nov29.htm
2003.04.06 11:12 B D:\www\EthanShow\2002\11\nov29a.htm --> ftp.ethanshow.com /d:/html/users/ethanshowcom/html/2002/11 nov29a.htm
2003.04.06 11:12 B D:\www\EthanShow\2002\11\thumbs.bat --> ftp.ethanshow.com /d:/html/users/ethanshowcom/html/2002/11 thumbs.bat
