2001.05.17 01:00 B E:\www\ethan\2000\03\006.jpg --> ftp.ethanshow.com /d:/html/users/ethanshowcom/html/2000/03 006.jpg
2001.05.17 01:00 B E:\www\ethan\2000\03\006T.JPG --> ftp.ethanshow.com /d:/html/users/ethanshowcom/html/2000/03 006T.JPG
2001.05.17 01:00 B E:\www\ethan\2000\03\011.jpg --> ftp.ethanshow.com /d:/html/users/ethanshowcom/html/2000/03 011.jpg
2001.05.17 01:00 B E:\www\ethan\2000\03\011T.JPG --> ftp.ethanshow.com /d:/html/users/ethanshowcom/html/2000/03 011T.JPG
2001.05.17 01:00 B E:\www\ethan\2000\03\013.jpg --> ftp.ethanshow.com /d:/html/users/ethanshowcom/html/2000/03 013.jpg
2001.05.17 01:00 B E:\www\ethan\2000\03\013T.JPG --> ftp.ethanshow.com /d:/html/users/ethanshowcom/html/2000/03 013T.JPG
2001.05.17 01:01 B E:\www\ethan\2000\03\015.jpg --> ftp.ethanshow.com /d:/html/users/ethanshowcom/html/2000/03 015.jpg
2001.05.17 01:01 B E:\www\ethan\2000\03\015T.JPG --> ftp.ethanshow.com /d:/html/users/ethanshowcom/html/2000/03 015T.JPG
2001.05.17 01:01 B E:\www\ethan\2000\03\016.jpg --> ftp.ethanshow.com /d:/html/users/ethanshowcom/html/2000/03 016.jpg
2001.05.17 01:01 B E:\www\ethan\2000\03\016T.JPG --> ftp.ethanshow.com /d:/html/users/ethanshowcom/html/2000/03 016T.JPG
2001.05.17 01:01 B E:\www\ethan\2000\03\017.jpg --> ftp.ethanshow.com /d:/html/users/ethanshowcom/html/2000/03 017.jpg
2001.05.17 01:01 B E:\www\ethan\2000\03\017T.JPG --> ftp.ethanshow.com /d:/html/users/ethanshowcom/html/2000/03 017T.JPG
2001.05.17 01:01 B E:\www\ethan\2000\03\018.jpg --> ftp.ethanshow.com /d:/html/users/ethanshowcom/html/2000/03 018.jpg
2001.05.17 01:01 B E:\www\ethan\2000\03\018T.JPG --> ftp.ethanshow.com /d:/html/users/ethanshowcom/html/2000/03 018T.JPG
2001.05.17 01:01 B E:\www\ethan\2000\03\019.jpg --> ftp.ethanshow.com /d:/html/users/ethanshowcom/html/2000/03 019.jpg
2001.05.17 01:01 B E:\www\ethan\2000\03\019T.JPG --> ftp.ethanshow.com /d:/html/users/ethanshowcom/html/2000/03 019T.JPG
2001.05.17 01:01 B E:\www\ethan\2000\03\020.jpg --> ftp.ethanshow.com /d:/html/users/ethanshowcom/html/2000/03 020.jpg
2001.05.17 01:01 B E:\www\ethan\2000\03\020T.JPG --> ftp.ethanshow.com /d:/html/users/ethanshowcom/html/2000/03 020T.JPG
2001.05.17 01:01 B E:\www\ethan\2000\03\022.jpg --> ftp.ethanshow.com /d:/html/users/ethanshowcom/html/2000/03 022.jpg
2001.05.17 01:01 B E:\www\ethan\2000\03\022T.JPG --> ftp.ethanshow.com /d:/html/users/ethanshowcom/html/2000/03 022T.JPG
2001.05.17 01:01 B E:\www\ethan\2000\03\040.jpg --> ftp.ethanshow.com /d:/html/users/ethanshowcom/html/2000/03 040.jpg
2001.05.17 01:01 B E:\www\ethan\2000\03\040T.JPG --> ftp.ethanshow.com /d:/html/users/ethanshowcom/html/2000/03 040T.JPG
2001.05.17 01:01 B E:\www\ethan\2000\03\047.jpg --> ftp.ethanshow.com /d:/html/users/ethanshowcom/html/2000/03 047.jpg
2001.05.17 01:01 B E:\www\ethan\2000\03\047T.JPG --> ftp.ethanshow.com /d:/html/users/ethanshowcom/html/2000/03 047T.JPG
2001.05.17 01:01 B E:\www\ethan\2000\03\048.jpg --> ftp.ethanshow.com /d:/html/users/ethanshowcom/html/2000/03 048.jpg
2001.05.17 01:01 B E:\www\ethan\2000\03\048T.JPG --> ftp.ethanshow.com /d:/html/users/ethanshowcom/html/2000/03 048T.JPG
2001.05.17 01:01 B E:\www\ethan\2000\03\053.jpg --> ftp.ethanshow.com /d:/html/users/ethanshowcom/html/2000/03 053.jpg
2001.05.17 01:02 B E:\www\ethan\2000\03\053T.JPG --> ftp.ethanshow.com /d:/html/users/ethanshowcom/html/2000/03 053T.JPG
2001.05.17 01:02 B E:\www\ethan\2000\03\054.jpg --> ftp.ethanshow.com /d:/html/users/ethanshowcom/html/2000/03 054.jpg
2001.05.17 01:02 B E:\www\ethan\2000\03\054T.JPG --> ftp.ethanshow.com /d:/html/users/ethanshowcom/html/2000/03 054T.JPG
2001.05.17 01:02 B E:\www\ethan\2000\03\061.jpg --> ftp.ethanshow.com /d:/html/users/ethanshowcom/html/2000/03 061.jpg
2001.05.17 01:02 B E:\www\ethan\2000\03\061T.JPG --> ftp.ethanshow.com /d:/html/users/ethanshowcom/html/2000/03 061T.JPG
2001.05.17 01:02 B E:\www\ethan\2000\03\074.jpg --> ftp.ethanshow.com /d:/html/users/ethanshowcom/html/2000/03 074.jpg
2001.05.17 01:02 B E:\www\ethan\2000\03\074T.JPG --> ftp.ethanshow.com /d:/html/users/ethanshowcom/html/2000/03 074T.JPG
2001.05.17 07:52 B E:\www\ethan\2000\03\074T.JPG --> ftp.ethanshow.com /d:/html/users/ethanshowcom/html/2000/03 074T.JPG
2001.05.17 07:52 B E:\www\ethan\2000\03\075.jpg --> ftp.ethanshow.com /d:/html/users/ethanshowcom/html/2000/03 075.jpg
2001.05.17 07:52 B E:\www\ethan\2000\03\075T.JPG --> ftp.ethanshow.com /d:/html/users/ethanshowcom/html/2000/03 075T.JPG
2001.05.17 07:52 B E:\www\ethan\2000\03\076.jpg --> ftp.ethanshow.com /d:/html/users/ethanshowcom/html/2000/03 076.jpg
2001.05.17 07:52 B E:\www\ethan\2000\03\076T.JPG --> ftp.ethanshow.com /d:/html/users/ethanshowcom/html/2000/03 076T.JPG
2001.05.17 07:52 B E:\www\ethan\2000\03\077.jpg --> ftp.ethanshow.com /d:/html/users/ethanshowcom/html/2000/03 077.jpg
2001.05.17 07:52 B E:\www\ethan\2000\03\077T.JPG --> ftp.ethanshow.com /d:/html/users/ethanshowcom/html/2000/03 077T.JPG
2001.05.17 07:52 B E:\www\ethan\2000\03\080.jpg --> ftp.ethanshow.com /d:/html/users/ethanshowcom/html/2000/03 080.jpg
2001.05.17 07:52 B E:\www\ethan\2000\03\080T.JPG --> ftp.ethanshow.com /d:/html/users/ethanshowcom/html/2000/03 080T.JPG
2001.05.17 07:52 B E:\www\ethan\2000\03\083.jpg --> ftp.ethanshow.com /d:/html/users/ethanshowcom/html/2000/03 083.jpg
2001.05.17 07:52 B E:\www\ethan\2000\03\083T.JPG --> ftp.ethanshow.com /d:/html/users/ethanshowcom/html/2000/03 083T.JPG
2001.05.17 07:52 B E:\www\ethan\2000\03\085.jpg --> ftp.ethanshow.com /d:/html/users/ethanshowcom/html/2000/03 085.jpg
2001.05.17 07:52 B E:\www\ethan\2000\03\085T.JPG --> ftp.ethanshow.com /d:/html/users/ethanshowcom/html/2000/03 085T.JPG
2001.05.17 07:52 B E:\www\ethan\2000\03\086.jpg --> ftp.ethanshow.com /d:/html/users/ethanshowcom/html/2000/03 086.jpg
2001.05.17 07:52 B E:\www\ethan\2000\03\086T.JPG --> ftp.ethanshow.com /d:/html/users/ethanshowcom/html/2000/03 086T.JPG
2001.05.17 07:52 B E:\www\ethan\2000\03\087.jpg --> ftp.ethanshow.com /d:/html/users/ethanshowcom/html/2000/03 087.jpg
2001.05.17 07:52 B E:\www\ethan\2000\03\087T.JPG --> ftp.ethanshow.com /d:/html/users/ethanshowcom/html/2000/03 087T.JPG
2001.05.17 07:52 B E:\www\ethan\2000\03\089.jpg --> ftp.ethanshow.com /d:/html/users/ethanshowcom/html/2000/03 089.jpg
2001.05.17 07:53 B E:\www\ethan\2000\03\089T.JPG --> ftp.ethanshow.com /d:/html/users/ethanshowcom/html/2000/03 089T.JPG
2001.05.17 07:53 B E:\www\ethan\2000\03\095.jpg --> ftp.ethanshow.com /d:/html/users/ethanshowcom/html/2000/03 095.jpg
2001.05.17 07:53 B E:\www\ethan\2000\03\095T.JPG --> ftp.ethanshow.com /d:/html/users/ethanshowcom/html/2000/03 095T.JPG
2001.05.17 07:53 B E:\www\ethan\2000\03\100.JPG --> ftp.ethanshow.com /d:/html/users/ethanshowcom/html/2000/03 100.JPG
2001.05.17 07:53 B E:\www\ethan\2000\03\100T.JPG --> ftp.ethanshow.com /d:/html/users/ethanshowcom/html/2000/03 100T.JPG
2001.05.17 07:53 B E:\www\ethan\2000\03\101.JPG --> ftp.ethanshow.com /d:/html/users/ethanshowcom/html/2000/03 101.JPG
2001.05.17 07:53 B E:\www\ethan\2000\03\101T.JPG --> ftp.ethanshow.com /d:/html/users/ethanshowcom/html/2000/03 101T.JPG
2001.05.17 07:53 B E:\www\ethan\2000\03\105.JPG --> ftp.ethanshow.com /d:/html/users/ethanshowcom/html/2000/03 105.JPG
2001.05.17 07:53 B E:\www\ethan\2000\03\105T.JPG --> ftp.ethanshow.com /d:/html/users/ethanshowcom/html/2000/03 105T.JPG
2001.05.17 07:53 B E:\www\ethan\2000\03\123.JPG --> ftp.ethanshow.com /d:/html/users/ethanshowcom/html/2000/03 123.JPG
2001.05.17 07:53 B E:\www\ethan\2000\03\123T.JPG --> ftp.ethanshow.com /d:/html/users/ethanshowcom/html/2000/03 123T.JPG
2001.05.17 07:53 B E:\www\ethan\2000\03\128.JPG --> ftp.ethanshow.com /d:/html/users/ethanshowcom/html/2000/03 128.JPG
2001.05.17 07:53 B E:\www\ethan\2000\03\128T.JPG --> ftp.ethanshow.com /d:/html/users/ethanshowcom/html/2000/03 128T.JPG
2001.05.17 07:53 B E:\www\ethan\2000\03\days.htm --> ftp.ethanshow.com /d:/html/users/ethanshowcom/html/2000/03 days.htm
2001.05.17 07:53 B E:\www\ethan\2000\03\MAR01.HTM --> ftp.ethanshow.com /d:/html/users/ethanshowcom/html/2000/03 MAR01.HTM
2001.05.17 07:53 B E:\www\ethan\2000\03\MAR01A.HTM --> ftp.ethanshow.com /d:/html/users/ethanshowcom/html/2000/03 MAR01A.HTM
2001.05.17 07:53 B E:\www\ethan\2000\03\MAR01CMP.HTM --> ftp.ethanshow.com /d:/html/users/ethanshowcom/html/2000/03 MAR01CMP.HTM
2001.05.17 07:53 B E:\www\ethan\2000\03\MAR06.HTM --> ftp.ethanshow.com /d:/html/users/ethanshowcom/html/2000/03 MAR06.HTM
2001.05.17 07:53 B E:\www\ethan\2000\03\MAR06A.HTM --> ftp.ethanshow.com /d:/html/users/ethanshowcom/html/2000/03 MAR06A.HTM
2001.05.17 07:53 B E:\www\ethan\2000\03\MAR13.HTM --> ftp.ethanshow.com /d:/html/users/ethanshowcom/html/2000/03 MAR13.HTM
2001.05.17 07:53 B E:\www\ethan\2000\03\MAR13A.HTM --> ftp.ethanshow.com /d:/html/users/ethanshowcom/html/2000/03 MAR13A.HTM
2001.05.17 07:53 B E:\www\ethan\2000\03\MAR18.HTM --> ftp.ethanshow.com /d:/html/users/ethanshowcom/html/2000/03 MAR18.HTM
2001.05.17 07:54 B E:\www\ethan\2000\03\MAR18A.HTM --> ftp.ethanshow.com /d:/html/users/ethanshowcom/html/2000/03 MAR18A.HTM
2001.05.17 07:54 B E:\www\ethan\2000\03\MAR19.HTM --> ftp.ethanshow.com /d:/html/users/ethanshowcom/html/2000/03 MAR19.HTM
2001.05.17 07:54 B E:\www\ethan\2000\03\MAR19A.HTM --> ftp.ethanshow.com /d:/html/users/ethanshowcom/html/2000/03 MAR19A.HTM
2001.05.17 07:54 B E:\www\ethan\2000\03\MAR21.HTM --> ftp.ethanshow.com /d:/html/users/ethanshowcom/html/2000/03 MAR21.HTM
2001.05.17 07:54 B E:\www\ethan\2000\03\MAR21A.HTM --> ftp.ethanshow.com /d:/html/users/ethanshowcom/html/2000/03 MAR21A.HTM
2001.05.17 07:54 B E:\www\ethan\2000\03\MAR31.HTM --> ftp.ethanshow.com /d:/html/users/ethanshowcom/html/2000/03 MAR31.HTM
2001.05.17 07:54 B E:\www\ethan\2000\03\MAR31A.HTM --> ftp.ethanshow.com /d:/html/users/ethanshowcom/html/2000/03 MAR31A.HTM
2001.05.17 07:54 B E:\www\ethan\2000\03\nav.htm --> ftp.ethanshow.com /d:/html/users/ethanshowcom/html/2000/03 nav.htm
