2001.05.31 00:34 B E:\www\ethan\2000\10\.oct08.htm.swp --> ftp.ethanshow.com /d:/html/users/ethanshowcom/html/2000/10 .oct08.htm.swp
2001.05.31 00:34 B E:\www\ethan\2000\10\.oct28.htm.swp --> ftp.ethanshow.com /d:/html/users/ethanshowcom/html/2000/10 .oct28.htm.swp
2001.05.31 00:34 B E:\www\ethan\2000\10\101.jpg --> ftp.ethanshow.com /d:/html/users/ethanshowcom/html/2000/10 101.jpg
2001.05.31 00:34 B E:\www\ethan\2000\10\101t.jpg --> ftp.ethanshow.com /d:/html/users/ethanshowcom/html/2000/10 101t.jpg
2001.05.31 00:34 B E:\www\ethan\2000\10\109.jpg --> ftp.ethanshow.com /d:/html/users/ethanshowcom/html/2000/10 109.jpg
2001.05.31 00:34 B E:\www\ethan\2000\10\109t.jpg --> ftp.ethanshow.com /d:/html/users/ethanshowcom/html/2000/10 109t.jpg
2001.05.31 00:34 B E:\www\ethan\2000\10\110.jpg --> ftp.ethanshow.com /d:/html/users/ethanshowcom/html/2000/10 110.jpg
2001.05.31 00:34 B E:\www\ethan\2000\10\110t.jpg --> ftp.ethanshow.com /d:/html/users/ethanshowcom/html/2000/10 110t.jpg
2001.05.31 00:34 B E:\www\ethan\2000\10\115.jpg --> ftp.ethanshow.com /d:/html/users/ethanshowcom/html/2000/10 115.jpg
2001.05.31 00:34 B E:\www\ethan\2000\10\115t.jpg --> ftp.ethanshow.com /d:/html/users/ethanshowcom/html/2000/10 115t.jpg
2001.05.31 00:34 B E:\www\ethan\2000\10\118.jpg --> ftp.ethanshow.com /d:/html/users/ethanshowcom/html/2000/10 118.jpg
2001.05.31 00:34 B E:\www\ethan\2000\10\118t.jpg --> ftp.ethanshow.com /d:/html/users/ethanshowcom/html/2000/10 118t.jpg
2001.05.31 00:35 B E:\www\ethan\2000\10\129.jpg --> ftp.ethanshow.com /d:/html/users/ethanshowcom/html/2000/10 129.jpg
2001.05.31 00:35 B E:\www\ethan\2000\10\129t.jpg --> ftp.ethanshow.com /d:/html/users/ethanshowcom/html/2000/10 129t.jpg
2001.05.31 00:35 B E:\www\ethan\2000\10\130.jpg --> ftp.ethanshow.com /d:/html/users/ethanshowcom/html/2000/10 130.jpg
2001.05.31 00:35 B E:\www\ethan\2000\10\130t.jpg --> ftp.ethanshow.com /d:/html/users/ethanshowcom/html/2000/10 130t.jpg
2001.05.31 00:35 B E:\www\ethan\2000\10\132.jpg --> ftp.ethanshow.com /d:/html/users/ethanshowcom/html/2000/10 132.jpg
2001.05.31 00:35 B E:\www\ethan\2000\10\132t.jpg --> ftp.ethanshow.com /d:/html/users/ethanshowcom/html/2000/10 132t.jpg
2001.05.31 00:35 B E:\www\ethan\2000\10\133.jpg --> ftp.ethanshow.com /d:/html/users/ethanshowcom/html/2000/10 133.jpg
2001.05.31 00:35 B E:\www\ethan\2000\10\133t.jpg --> ftp.ethanshow.com /d:/html/users/ethanshowcom/html/2000/10 133t.jpg
2001.05.31 00:35 B E:\www\ethan\2000\10\137.jpg --> ftp.ethanshow.com /d:/html/users/ethanshowcom/html/2000/10 137.jpg
2001.05.31 00:35 B E:\www\ethan\2000\10\137t.jpg --> ftp.ethanshow.com /d:/html/users/ethanshowcom/html/2000/10 137t.jpg
2001.05.31 00:35 B E:\www\ethan\2000\10\201.jpg --> ftp.ethanshow.com /d:/html/users/ethanshowcom/html/2000/10 201.jpg
2001.05.31 00:35 B E:\www\ethan\2000\10\201t.jpg --> ftp.ethanshow.com /d:/html/users/ethanshowcom/html/2000/10 201t.jpg
2001.05.31 00:35 B E:\www\ethan\2000\10\202.jpg --> ftp.ethanshow.com /d:/html/users/ethanshowcom/html/2000/10 202.jpg
2001.05.31 00:35 B E:\www\ethan\2000\10\202t.jpg --> ftp.ethanshow.com /d:/html/users/ethanshowcom/html/2000/10 202t.jpg
2001.05.31 00:35 B E:\www\ethan\2000\10\202t_bicub.jpg --> ftp.ethanshow.com /d:/html/users/ethanshowcom/html/2000/10 202t_bicub.jpg
2001.05.31 00:35 B E:\www\ethan\2000\10\202t_bilin.jpg --> ftp.ethanshow.com /d:/html/users/ethanshowcom/html/2000/10 202t_bilin.jpg
2001.05.31 00:35 B E:\www\ethan\2000\10\203.jpg --> ftp.ethanshow.com /d:/html/users/ethanshowcom/html/2000/10 203.jpg
2001.05.31 00:36 B E:\www\ethan\2000\10\203t.jpg --> ftp.ethanshow.com /d:/html/users/ethanshowcom/html/2000/10 203t.jpg
2001.05.31 00:36 B E:\www\ethan\2000\10\207.jpg --> ftp.ethanshow.com /d:/html/users/ethanshowcom/html/2000/10 207.jpg
2001.05.31 00:36 B E:\www\ethan\2000\10\207t.jpg --> ftp.ethanshow.com /d:/html/users/ethanshowcom/html/2000/10 207t.jpg
2001.05.31 00:36 B E:\www\ethan\2000\10\301.jpg --> ftp.ethanshow.com /d:/html/users/ethanshowcom/html/2000/10 301.jpg
2001.05.31 00:36 B E:\www\ethan\2000\10\301t.jpg --> ftp.ethanshow.com /d:/html/users/ethanshowcom/html/2000/10 301t.jpg
2001.05.31 00:36 B E:\www\ethan\2000\10\304.jpg --> ftp.ethanshow.com /d:/html/users/ethanshowcom/html/2000/10 304.jpg
2001.05.31 00:36 B E:\www\ethan\2000\10\304t.jpg --> ftp.ethanshow.com /d:/html/users/ethanshowcom/html/2000/10 304t.jpg
2001.05.31 00:36 B E:\www\ethan\2000\10\305.jpg --> ftp.ethanshow.com /d:/html/users/ethanshowcom/html/2000/10 305.jpg
2001.05.31 00:36 B E:\www\ethan\2000\10\305t.jpg --> ftp.ethanshow.com /d:/html/users/ethanshowcom/html/2000/10 305t.jpg
2001.05.31 00:36 B E:\www\ethan\2000\10\306.jpg --> ftp.ethanshow.com /d:/html/users/ethanshowcom/html/2000/10 306.jpg
2001.05.31 00:36 B E:\www\ethan\2000\10\306t.jpg --> ftp.ethanshow.com /d:/html/users/ethanshowcom/html/2000/10 306t.jpg
2001.05.31 00:36 B E:\www\ethan\2000\10\307.jpg --> ftp.ethanshow.com /d:/html/users/ethanshowcom/html/2000/10 307.jpg
2001.05.31 00:36 B E:\www\ethan\2000\10\307t.jpg --> ftp.ethanshow.com /d:/html/users/ethanshowcom/html/2000/10 307t.jpg
2001.05.31 00:36 B E:\www\ethan\2000\10\308.jpg --> ftp.ethanshow.com /d:/html/users/ethanshowcom/html/2000/10 308.jpg
2001.05.31 00:36 B E:\www\ethan\2000\10\308t.jpg --> ftp.ethanshow.com /d:/html/users/ethanshowcom/html/2000/10 308t.jpg
2001.05.31 00:36 B E:\www\ethan\2000\10\314.jpg --> ftp.ethanshow.com /d:/html/users/ethanshowcom/html/2000/10 314.jpg
2001.05.31 00:36 B E:\www\ethan\2000\10\314t.jpg --> ftp.ethanshow.com /d:/html/users/ethanshowcom/html/2000/10 314t.jpg
2001.05.31 00:36 B E:\www\ethan\2000\10\315.jpg --> ftp.ethanshow.com /d:/html/users/ethanshowcom/html/2000/10 315.jpg
2001.05.31 00:36 B E:\www\ethan\2000\10\315t.jpg --> ftp.ethanshow.com /d:/html/users/ethanshowcom/html/2000/10 315t.jpg
2001.05.31 00:37 B E:\www\ethan\2000\10\318.jpg --> ftp.ethanshow.com /d:/html/users/ethanshowcom/html/2000/10 318.jpg
2001.05.31 00:37 B E:\www\ethan\2000\10\318t.jpg --> ftp.ethanshow.com /d:/html/users/ethanshowcom/html/2000/10 318t.jpg
2001.05.31 00:37 B E:\www\ethan\2000\10\325.jpg --> ftp.ethanshow.com /d:/html/users/ethanshowcom/html/2000/10 325.jpg
2001.05.31 00:37 B E:\www\ethan\2000\10\325t.jpg --> ftp.ethanshow.com /d:/html/users/ethanshowcom/html/2000/10 325t.jpg
2001.05.31 00:37 B E:\www\ethan\2000\10\326.jpg --> ftp.ethanshow.com /d:/html/users/ethanshowcom/html/2000/10 326.jpg
2001.05.31 00:37 B E:\www\ethan\2000\10\326t.jpg --> ftp.ethanshow.com /d:/html/users/ethanshowcom/html/2000/10 326t.jpg
2001.05.31 00:37 B E:\www\ethan\2000\10\401.jpg --> ftp.ethanshow.com /d:/html/users/ethanshowcom/html/2000/10 401.jpg
2001.05.31 00:37 B E:\www\ethan\2000\10\401t.jpg --> ftp.ethanshow.com /d:/html/users/ethanshowcom/html/2000/10 401t.jpg
2001.05.31 00:37 B E:\www\ethan\2000\10\406.jpg --> ftp.ethanshow.com /d:/html/users/ethanshowcom/html/2000/10 406.jpg
2001.05.31 00:37 B E:\www\ethan\2000\10\406t.jpg --> ftp.ethanshow.com /d:/html/users/ethanshowcom/html/2000/10 406t.jpg
2001.05.31 00:37 B E:\www\ethan\2000\10\407.jpg --> ftp.ethanshow.com /d:/html/users/ethanshowcom/html/2000/10 407.jpg
2001.05.31 00:37 B E:\www\ethan\2000\10\407t.jpg --> ftp.ethanshow.com /d:/html/users/ethanshowcom/html/2000/10 407t.jpg
2001.05.31 00:37 B E:\www\ethan\2000\10\409.jpg --> ftp.ethanshow.com /d:/html/users/ethanshowcom/html/2000/10 409.jpg
2001.05.31 00:37 B E:\www\ethan\2000\10\409t.jpg --> ftp.ethanshow.com /d:/html/users/ethanshowcom/html/2000/10 409t.jpg
2001.05.31 00:37 B E:\www\ethan\2000\10\410.jpg --> ftp.ethanshow.com /d:/html/users/ethanshowcom/html/2000/10 410.jpg
2001.05.31 00:37 B E:\www\ethan\2000\10\410t.jpg --> ftp.ethanshow.com /d:/html/users/ethanshowcom/html/2000/10 410t.jpg
2001.05.31 00:37 B E:\www\ethan\2000\10\411.jpg --> ftp.ethanshow.com /d:/html/users/ethanshowcom/html/2000/10 411.jpg
2001.05.31 00:38 B E:\www\ethan\2000\10\411t.jpg --> ftp.ethanshow.com /d:/html/users/ethanshowcom/html/2000/10 411t.jpg
2001.05.31 00:38 B E:\www\ethan\2000\10\412.jpg --> ftp.ethanshow.com /d:/html/users/ethanshowcom/html/2000/10 412.jpg
2001.05.31 00:38 B E:\www\ethan\2000\10\412t.jpg --> ftp.ethanshow.com /d:/html/users/ethanshowcom/html/2000/10 412t.jpg
2001.05.31 00:38 B E:\www\ethan\2000\10\413.jpg --> ftp.ethanshow.com /d:/html/users/ethanshowcom/html/2000/10 413.jpg
2001.05.31 00:38 B E:\www\ethan\2000\10\413t.jpg --> ftp.ethanshow.com /d:/html/users/ethanshowcom/html/2000/10 413t.jpg
2001.05.31 00:38 B E:\www\ethan\2000\10\415.jpg --> ftp.ethanshow.com /d:/html/users/ethanshowcom/html/2000/10 415.jpg
2001.05.31 00:38 B E:\www\ethan\2000\10\415t.jpg --> ftp.ethanshow.com /d:/html/users/ethanshowcom/html/2000/10 415t.jpg
2001.05.31 00:38 B E:\www\ethan\2000\10\416.jpg --> ftp.ethanshow.com /d:/html/users/ethanshowcom/html/2000/10 416.jpg
2001.05.31 00:38 B E:\www\ethan\2000\10\416t.jpg --> ftp.ethanshow.com /d:/html/users/ethanshowcom/html/2000/10 416t.jpg
2001.05.31 00:38 B E:\www\ethan\2000\10\420.jpg --> ftp.ethanshow.com /d:/html/users/ethanshowcom/html/2000/10 420.jpg
2001.05.31 00:38 B E:\www\ethan\2000\10\420t.jpg --> ftp.ethanshow.com /d:/html/users/ethanshowcom/html/2000/10 420t.jpg
2001.05.31 00:38 B E:\www\ethan\2000\10\421.jpg --> ftp.ethanshow.com /d:/html/users/ethanshowcom/html/2000/10 421.jpg
2001.05.31 00:38 B E:\www\ethan\2000\10\421t.jpg --> ftp.ethanshow.com /d:/html/users/ethanshowcom/html/2000/10 421t.jpg
2001.05.31 00:38 B E:\www\ethan\2000\10\423.jpg --> ftp.ethanshow.com /d:/html/users/ethanshowcom/html/2000/10 423.jpg
2001.05.31 00:38 B E:\www\ethan\2000\10\423t.jpg --> ftp.ethanshow.com /d:/html/users/ethanshowcom/html/2000/10 423t.jpg
2001.05.31 00:39 B E:\www\ethan\2000\10\424.jpg --> ftp.ethanshow.com /d:/html/users/ethanshowcom/html/2000/10 424.jpg
2001.05.31 00:39 B E:\www\ethan\2000\10\424t.jpg --> ftp.ethanshow.com /d:/html/users/ethanshowcom/html/2000/10 424t.jpg
2001.05.31 00:39 B E:\www\ethan\2000\10\430.jpg --> ftp.ethanshow.com /d:/html/users/ethanshowcom/html/2000/10 430.jpg
2001.05.31 00:39 B E:\www\ethan\2000\10\430t.jpg --> ftp.ethanshow.com /d:/html/users/ethanshowcom/html/2000/10 430t.jpg
2001.05.31 00:39 B E:\www\ethan\2000\10\437.jpg --> ftp.ethanshow.com /d:/html/users/ethanshowcom/html/2000/10 437.jpg
2001.05.31 00:39 B E:\www\ethan\2000\10\437t.jpg --> ftp.ethanshow.com /d:/html/users/ethanshowcom/html/2000/10 437t.jpg
2001.05.31 00:39 B E:\www\ethan\2000\10\441.jpg --> ftp.ethanshow.com /d:/html/users/ethanshowcom/html/2000/10 441.jpg
2001.05.31 00:39 B E:\www\ethan\2000\10\441t.jpg --> ftp.ethanshow.com /d:/html/users/ethanshowcom/html/2000/10 441t.jpg
2001.05.31 00:39 B E:\www\ethan\2000\10\444.jpg --> ftp.ethanshow.com /d:/html/users/ethanshowcom/html/2000/10 444.jpg
2001.05.31 00:39 B E:\www\ethan\2000\10\444t.jpg --> ftp.ethanshow.com /d:/html/users/ethanshowcom/html/2000/10 444t.jpg
2001.05.31 00:39 B E:\www\ethan\2000\10\445.jpg --> ftp.ethanshow.com /d:/html/users/ethanshowcom/html/2000/10 445.jpg
2001.05.31 00:39 B E:\www\ethan\2000\10\445t.jpg --> ftp.ethanshow.com /d:/html/users/ethanshowcom/html/2000/10 445t.jpg
2001.05.31 00:39 B E:\www\ethan\2000\10\days.htm --> ftp.ethanshow.com /d:/html/users/ethanshowcom/html/2000/10 days.htm
2001.05.31 00:39 B E:\www\ethan\2000\10\days.htm~ --> ftp.ethanshow.com /d:/html/users/ethanshowcom/html/2000/10 days.htm~
2001.05.31 00:39 B E:\www\ethan\2000\10\nav.htm --> ftp.ethanshow.com /d:/html/users/ethanshowcom/html/2000/10 nav.htm
2001.05.31 00:39 B E:\www\ethan\2000\10\oct01.htm --> ftp.ethanshow.com /d:/html/users/ethanshowcom/html/2000/10 oct01.htm
2001.05.31 00:39 B E:\www\ethan\2000\10\oct01.htm~ --> ftp.ethanshow.com /d:/html/users/ethanshowcom/html/2000/10 oct01.htm~
2001.05.31 00:39 B E:\www\ethan\2000\10\oct01a.htm --> ftp.ethanshow.com /d:/html/users/ethanshowcom/html/2000/10 oct01a.htm
2001.05.31 00:40 B E:\www\ethan\2000\10\oct08.htm --> ftp.ethanshow.com /d:/html/users/ethanshowcom/html/2000/10 oct08.htm
2001.05.31 00:40 B E:\www\ethan\2000\10\oct08.htm~ --> ftp.ethanshow.com /d:/html/users/ethanshowcom/html/2000/10 oct08.htm~
2001.05.31 00:40 B E:\www\ethan\2000\10\oct08a.htm --> ftp.ethanshow.com /d:/html/users/ethanshowcom/html/2000/10 oct08a.htm
2001.05.31 00:40 B E:\www\ethan\2000\10\oct10.htm --> ftp.ethanshow.com /d:/html/users/ethanshowcom/html/2000/10 oct10.htm
2001.05.31 00:40 B E:\www\ethan\2000\10\oct10.htm~ --> ftp.ethanshow.com /d:/html/users/ethanshowcom/html/2000/10 oct10.htm~
2001.05.31 00:40 B E:\www\ethan\2000\10\oct10a.htm --> ftp.ethanshow.com /d:/html/users/ethanshowcom/html/2000/10 oct10a.htm
2001.05.31 00:40 B E:\www\ethan\2000\10\oct12.htm --> ftp.ethanshow.com /d:/html/users/ethanshowcom/html/2000/10 oct12.htm
2001.05.31 00:40 B E:\www\ethan\2000\10\oct12.htm~ --> ftp.ethanshow.com /d:/html/users/ethanshowcom/html/2000/10 oct12.htm~
2001.05.31 00:40 B E:\www\ethan\2000\10\oct12a.htm --> ftp.ethanshow.com /d:/html/users/ethanshowcom/html/2000/10 oct12a.htm
2001.05.31 00:40 B E:\www\ethan\2000\10\oct13.htm --> ftp.ethanshow.com /d:/html/users/ethanshowcom/html/2000/10 oct13.htm
2001.05.31 00:40 B E:\www\ethan\2000\10\oct13a.htm --> ftp.ethanshow.com /d:/html/users/ethanshowcom/html/2000/10 oct13a.htm
2001.05.31 00:40 B E:\www\ethan\2000\10\oct16.htm --> ftp.ethanshow.com /d:/html/users/ethanshowcom/html/2000/10 oct16.htm
2001.05.31 00:40 B E:\www\ethan\2000\10\oct16.htm~ --> ftp.ethanshow.com /d:/html/users/ethanshowcom/html/2000/10 oct16.htm~
2001.05.31 00:40 B E:\www\ethan\2000\10\oct16a.htm --> ftp.ethanshow.com /d:/html/users/ethanshowcom/html/2000/10 oct16a.htm
2001.05.31 00:40 B E:\www\ethan\2000\10\oct17.htm --> ftp.ethanshow.com /d:/html/users/ethanshowcom/html/2000/10 oct17.htm
2001.05.31 00:40 B E:\www\ethan\2000\10\oct17.htm~ --> ftp.ethanshow.com /d:/html/users/ethanshowcom/html/2000/10 oct17.htm~
2001.05.31 00:40 B E:\www\ethan\2000\10\oct17a.htm --> ftp.ethanshow.com /d:/html/users/ethanshowcom/html/2000/10 oct17a.htm
2001.05.31 00:40 B E:\www\ethan\2000\10\oct19.htm --> ftp.ethanshow.com /d:/html/users/ethanshowcom/html/2000/10 oct19.htm
2001.05.31 00:40 B E:\www\ethan\2000\10\oct19.htm~ --> ftp.ethanshow.com /d:/html/users/ethanshowcom/html/2000/10 oct19.htm~
2001.05.31 00:40 B E:\www\ethan\2000\10\oct19a.htm --> ftp.ethanshow.com /d:/html/users/ethanshowcom/html/2000/10 oct19a.htm
2001.05.31 00:40 B E:\www\ethan\2000\10\oct21.htm --> ftp.ethanshow.com /d:/html/users/ethanshowcom/html/2000/10 oct21.htm
2001.05.31 00:40 B E:\www\ethan\2000\10\oct21.htm~ --> ftp.ethanshow.com /d:/html/users/ethanshowcom/html/2000/10 oct21.htm~
2001.05.31 00:40 B E:\www\ethan\2000\10\oct21a.htm --> ftp.ethanshow.com /d:/html/users/ethanshowcom/html/2000/10 oct21a.htm
2001.05.31 00:40 B E:\www\ethan\2000\10\oct21a.htm~ --> ftp.ethanshow.com /d:/html/users/ethanshowcom/html/2000/10 oct21a.htm~
2001.05.31 00:40 B E:\www\ethan\2000\10\oct27.htm --> ftp.ethanshow.com /d:/html/users/ethanshowcom/html/2000/10 oct27.htm
2001.05.31 00:40 B E:\www\ethan\2000\10\oct27.htm~ --> ftp.ethanshow.com /d:/html/users/ethanshowcom/html/2000/10 oct27.htm~
2001.05.31 00:40 B E:\www\ethan\2000\10\oct27a.htm --> ftp.ethanshow.com /d:/html/users/ethanshowcom/html/2000/10 oct27a.htm
2001.05.31 00:40 B E:\www\ethan\2000\10\oct27a.htm~ --> ftp.ethanshow.com /d:/html/users/ethanshowcom/html/2000/10 oct27a.htm~
2001.05.31 00:40 B E:\www\ethan\2000\10\oct28.htm --> ftp.ethanshow.com /d:/html/users/ethanshowcom/html/2000/10 oct28.htm
2001.05.31 00:40 B E:\www\ethan\2000\10\oct28.htm~ --> ftp.ethanshow.com /d:/html/users/ethanshowcom/html/2000/10 oct28.htm~
2001.05.31 00:40 B E:\www\ethan\2000\10\oct28a.htm --> ftp.ethanshow.com /d:/html/users/ethanshowcom/html/2000/10 oct28a.htm
2001.05.31 00:40 B E:\www\ethan\2000\10\oct28a.htm~ --> ftp.ethanshow.com /d:/html/users/ethanshowcom/html/2000/10 oct28a.htm~
2001.05.31 00:40 B E:\www\ethan\2000\10\oct29.htm --> ftp.ethanshow.com /d:/html/users/ethanshowcom/html/2000/10 oct29.htm
2001.05.31 00:40 B E:\www\ethan\2000\10\oct29.htm~ --> ftp.ethanshow.com /d:/html/users/ethanshowcom/html/2000/10 oct29.htm~
2001.05.31 00:40 B E:\www\ethan\2000\10\oct29a.htm --> ftp.ethanshow.com /d:/html/users/ethanshowcom/html/2000/10 oct29a.htm
2001.05.31 00:40 B E:\www\ethan\2000\10\oct29a.htm~ --> ftp.ethanshow.com /d:/html/users/ethanshowcom/html/2000/10 oct29a.htm~
2001.05.31 00:40 B E:\www\ethan\2000\10\oct30.htm --> ftp.ethanshow.com /d:/html/users/ethanshowcom/html/2000/10 oct30.htm
2001.05.31 00:40 B E:\www\ethan\2000\10\oct30.htm~ --> ftp.ethanshow.com /d:/html/users/ethanshowcom/html/2000/10 oct30.htm~
2001.05.31 00:40 B E:\www\ethan\2000\10\oct30a.htm --> ftp.ethanshow.com /d:/html/users/ethanshowcom/html/2000/10 oct30a.htm
2001.05.31 00:40 B E:\www\ethan\2000\10\oct30a.htm~ --> ftp.ethanshow.com /d:/html/users/ethanshowcom/html/2000/10 oct30a.htm~
2001.05.31 00:40 B E:\www\ethan\2000\10\thumbs.bat --> ftp.ethanshow.com /d:/html/users/ethanshowcom/html/2000/10 thumbs.bat
2001.05.31 00:40 B E:\www\ethan\2000\10\thumbs.bat~ --> ftp.ethanshow.com /d:/html/users/ethanshowcom/html/2000/10 thumbs.bat~
