2001.03.07 22:23 B E:\www\ethan\2001\02\0185.JPG --> home.chello.no /public_html/ethan/2001/02 0185.JPG
2001.03.07 22:23 B E:\www\ethan\2001\02\0185t.JPG --> home.chello.no /public_html/ethan/2001/02 0185t.JPG
2001.03.07 22:23 B E:\www\ethan\2001\02\0189.JPG --> home.chello.no /public_html/ethan/2001/02 0189.JPG
2001.03.07 22:23 B E:\www\ethan\2001\02\0189t.JPG --> home.chello.no /public_html/ethan/2001/02 0189t.JPG
2001.03.07 22:23 B E:\www\ethan\2001\02\0193.jpg --> home.chello.no /public_html/ethan/2001/02 0193.jpg
2001.03.07 22:24 B E:\www\ethan\2001\02\0193b.jpg --> home.chello.no /public_html/ethan/2001/02 0193b.jpg
2001.03.07 22:24 B E:\www\ethan\2001\02\0193t.JPG --> home.chello.no /public_html/ethan/2001/02 0193t.JPG
2001.03.07 22:24 B E:\www\ethan\2001\02\0196.jpg --> home.chello.no /public_html/ethan/2001/02 0196.jpg
2001.03.07 22:24 B E:\www\ethan\2001\02\0196t.JPG --> home.chello.no /public_html/ethan/2001/02 0196t.JPG
2001.03.07 22:24 B E:\www\ethan\2001\02\0200.JPG --> home.chello.no /public_html/ethan/2001/02 0200.JPG
2001.03.07 22:25 B E:\www\ethan\2001\02\0200t.JPG --> home.chello.no /public_html/ethan/2001/02 0200t.JPG
2001.03.07 22:25 B E:\www\ethan\2001\02\0204.JPG --> home.chello.no /public_html/ethan/2001/02 0204.JPG
2001.03.07 22:25 B E:\www\ethan\2001\02\0204t.JPG --> home.chello.no /public_html/ethan/2001/02 0204t.JPG
2001.03.07 22:25 B E:\www\ethan\2001\02\0205.JPG --> home.chello.no /public_html/ethan/2001/02 0205.JPG
2001.03.07 22:25 B E:\www\ethan\2001\02\0205t.JPG --> home.chello.no /public_html/ethan/2001/02 0205t.JPG
2001.03.07 22:25 B E:\www\ethan\2001\02\0209.jpg --> home.chello.no /public_html/ethan/2001/02 0209.jpg
2001.03.07 22:26 B E:\www\ethan\2001\02\0209t.JPG --> home.chello.no /public_html/ethan/2001/02 0209t.JPG
2001.03.07 22:26 B E:\www\ethan\2001\02\0218.jpg --> home.chello.no /public_html/ethan/2001/02 0218.jpg
2001.03.07 22:26 B E:\www\ethan\2001\02\0218t.jpg --> home.chello.no /public_html/ethan/2001/02 0218t.jpg
2001.03.07 22:26 B E:\www\ethan\2001\02\0221.jpg --> home.chello.no /public_html/ethan/2001/02 0221.jpg
2001.03.07 22:26 B E:\www\ethan\2001\02\0221t.jpg --> home.chello.no /public_html/ethan/2001/02 0221t.jpg
2001.03.07 22:26 B E:\www\ethan\2001\02\0224.jpg --> home.chello.no /public_html/ethan/2001/02 0224.jpg
2001.03.07 22:26 B E:\www\ethan\2001\02\0224t.JPG --> home.chello.no /public_html/ethan/2001/02 0224t.JPG
2001.03.07 22:27 B E:\www\ethan\2001\02\0227.jpg --> home.chello.no /public_html/ethan/2001/02 0227.jpg
2001.03.07 22:28 B E:\www\ethan\2001\02\0227b.jpg --> home.chello.no /public_html/ethan/2001/02 0227b.jpg
2001.03.07 22:28 B E:\www\ethan\2001\02\0227t.JPG --> home.chello.no /public_html/ethan/2001/02 0227t.JPG
2001.03.07 22:29 B E:\www\ethan\2001\02\0233.jpg --> home.chello.no /public_html/ethan/2001/02 0233.jpg
2001.03.07 22:29 B E:\www\ethan\2001\02\0233t.JPG --> home.chello.no /public_html/ethan/2001/02 0233t.JPG
2001.03.07 22:29 B E:\www\ethan\2001\02\0237.jpg --> home.chello.no /public_html/ethan/2001/02 0237.jpg
2001.03.07 22:29 B E:\www\ethan\2001\02\0237t.JPG --> home.chello.no /public_html/ethan/2001/02 0237t.JPG
2001.03.07 22:29 B E:\www\ethan\2001\02\0238.jpg --> home.chello.no /public_html/ethan/2001/02 0238.jpg
2001.03.07 22:29 B E:\www\ethan\2001\02\0238t.JPG --> home.chello.no /public_html/ethan/2001/02 0238t.JPG
2001.03.07 22:30 B E:\www\ethan\2001\02\0240.jpg --> home.chello.no /public_html/ethan/2001/02 0240.jpg
2001.03.07 22:30 B E:\www\ethan\2001\02\0240t.JPG --> home.chello.no /public_html/ethan/2001/02 0240t.JPG
2001.03.07 22:30 B E:\www\ethan\2001\02\0242.jpg --> home.chello.no /public_html/ethan/2001/02 0242.jpg
2001.03.07 22:30 B E:\www\ethan\2001\02\0242t.JPG --> home.chello.no /public_html/ethan/2001/02 0242t.JPG
2001.03.07 22:30 B E:\www\ethan\2001\02\0245.jpg --> home.chello.no /public_html/ethan/2001/02 0245.jpg
2001.03.07 22:30 B E:\www\ethan\2001\02\0245t.JPG --> home.chello.no /public_html/ethan/2001/02 0245t.JPG
2001.03.07 22:31 B E:\www\ethan\2001\02\0247.JPG --> home.chello.no /public_html/ethan/2001/02 0247.JPG
2001.03.07 22:31 B E:\www\ethan\2001\02\0247t.JPG --> home.chello.no /public_html/ethan/2001/02 0247t.JPG
2001.03.07 22:31 B E:\www\ethan\2001\02\0248.JPG --> home.chello.no /public_html/ethan/2001/02 0248.JPG
2001.03.07 22:31 B E:\www\ethan\2001\02\0248t.JPG --> home.chello.no /public_html/ethan/2001/02 0248t.JPG
2001.03.07 22:31 B E:\www\ethan\2001\02\0249.JPG --> home.chello.no /public_html/ethan/2001/02 0249.JPG
2001.03.07 22:31 B E:\www\ethan\2001\02\0249t.JPG --> home.chello.no /public_html/ethan/2001/02 0249t.JPG
2001.03.07 22:31 B E:\www\ethan\2001\02\0251.JPG --> home.chello.no /public_html/ethan/2001/02 0251.JPG
2001.03.07 22:31 B E:\www\ethan\2001\02\0251t.JPG --> home.chello.no /public_html/ethan/2001/02 0251t.JPG
2001.03.07 22:31 B E:\www\ethan\2001\02\0252.JPG --> home.chello.no /public_html/ethan/2001/02 0252.JPG
2001.03.07 22:31 B E:\www\ethan\2001\02\0252t.JPG --> home.chello.no /public_html/ethan/2001/02 0252t.JPG
2001.03.07 22:49 B E:\www\ethan\2001\02\0185.JPG --> home.chello.no / 0185.JPG
2001.03.07 22:49 B E:\www\ethan\2001\02\0185t.JPG --> home.chello.no / 0185t.JPG
2001.03.07 22:49 B E:\www\ethan\2001\02\0189.JPG --> home.chello.no / 0189.JPG
2001.03.07 22:49 B E:\www\ethan\2001\02\0189t.JPG --> home.chello.no / 0189t.JPG
2001.03.07 22:49 B E:\www\ethan\2001\02\0193.jpg --> home.chello.no / 0193.jpg
2001.03.07 22:50 B E:\www\ethan\2001\02\0193b.jpg --> home.chello.no / 0193b.jpg
2001.03.07 22:50 B E:\www\ethan\2001\02\0259.JPG --> home.chello.no /public_html/ethan/2001/02 0259.JPG
2001.03.07 22:50 B E:\www\ethan\2001\02\0259t.JPG --> home.chello.no /public_html/ethan/2001/02 0259t.JPG
2001.03.07 22:51 B E:\www\ethan\2001\02\0262.JPG --> home.chello.no /public_html/ethan/2001/02 0262.JPG
2001.03.07 22:51 B E:\www\ethan\2001\02\0262t.JPG --> home.chello.no /public_html/ethan/2001/02 0262t.JPG
2001.03.07 22:51 B E:\www\ethan\2001\02\0266.JPG --> home.chello.no /public_html/ethan/2001/02 0266.JPG
2001.03.07 22:51 B E:\www\ethan\2001\02\0266t.JPG --> home.chello.no /public_html/ethan/2001/02 0266t.JPG
2001.03.07 22:51 B E:\www\ethan\2001\02\0269.JPG --> home.chello.no /public_html/ethan/2001/02 0269.JPG
2001.03.07 22:51 B E:\www\ethan\2001\02\0269t.JPG --> home.chello.no /public_html/ethan/2001/02 0269t.JPG
2001.03.07 22:52 B E:\www\ethan\2001\02\0272.JPG --> home.chello.no /public_html/ethan/2001/02 0272.JPG
2001.03.07 22:52 B E:\www\ethan\2001\02\0272t.JPG --> home.chello.no /public_html/ethan/2001/02 0272t.JPG
2001.03.07 22:52 B E:\www\ethan\2001\02\0279.JPG --> home.chello.no /public_html/ethan/2001/02 0279.JPG
2001.03.07 22:52 B E:\www\ethan\2001\02\0279t.JPG --> home.chello.no /public_html/ethan/2001/02 0279t.JPG
2001.03.07 22:52 B E:\www\ethan\2001\02\0280.JPG --> home.chello.no /public_html/ethan/2001/02 0280.JPG
2001.03.07 22:52 B E:\www\ethan\2001\02\0280t.JPG --> home.chello.no /public_html/ethan/2001/02 0280t.JPG
2001.03.07 22:52 B E:\www\ethan\2001\02\0281.JPG --> home.chello.no /public_html/ethan/2001/02 0281.JPG
2001.03.07 22:53 B E:\www\ethan\2001\02\0281t.JPG --> home.chello.no /public_html/ethan/2001/02 0281t.JPG
2001.03.07 22:53 B E:\www\ethan\2001\02\0282.JPG --> home.chello.no /public_html/ethan/2001/02 0282.JPG
2001.03.07 22:53 B E:\www\ethan\2001\02\0282t.JPG --> home.chello.no /public_html/ethan/2001/02 0282t.JPG
2001.03.07 22:54 B E:\www\ethan\2001\02\0285.JPG --> home.chello.no /public_html/ethan/2001/02 0285.JPG
2001.03.07 22:54 B E:\www\ethan\2001\02\0285t.JPG --> home.chello.no /public_html/ethan/2001/02 0285t.JPG
2001.03.07 22:54 B E:\www\ethan\2001\02\0287.JPG --> home.chello.no /public_html/ethan/2001/02 0287.JPG
2001.03.07 22:54 B E:\www\ethan\2001\02\0287t.JPG --> home.chello.no /public_html/ethan/2001/02 0287t.JPG
2001.03.07 22:54 B E:\www\ethan\2001\02\0291.JPG --> home.chello.no /public_html/ethan/2001/02 0291.JPG
2001.03.07 22:54 B E:\www\ethan\2001\02\0291t.JPG --> home.chello.no /public_html/ethan/2001/02 0291t.JPG
2001.03.07 22:54 B E:\www\ethan\2001\02\0293.JPG --> home.chello.no /public_html/ethan/2001/02 0293.JPG
2001.03.07 22:54 B E:\www\ethan\2001\02\0293t.JPG --> home.chello.no /public_html/ethan/2001/02 0293t.JPG
2001.03.07 22:54 B E:\www\ethan\2001\02\0296.JPG --> home.chello.no /public_html/ethan/2001/02 0296.JPG
2001.03.07 22:54 B E:\www\ethan\2001\02\0296t.JPG --> home.chello.no /public_html/ethan/2001/02 0296t.JPG
2001.03.07 22:54 B E:\www\ethan\2001\02\0298.JPG --> home.chello.no /public_html/ethan/2001/02 0298.JPG
2001.03.07 22:54 B E:\www\ethan\2001\02\0298t.JPG --> home.chello.no /public_html/ethan/2001/02 0298t.JPG
2001.03.07 22:55 B E:\www\ethan\2001\02\0299.JPG --> home.chello.no /public_html/ethan/2001/02 0299.JPG
2001.03.07 22:55 B E:\www\ethan\2001\02\0299t.JPG --> home.chello.no /public_html/ethan/2001/02 0299t.JPG
2001.03.07 22:55 B E:\www\ethan\2001\02\0306.JPG --> home.chello.no /public_html/ethan/2001/02 0306.JPG
2001.03.07 22:55 B E:\www\ethan\2001\02\0306t.JPG --> home.chello.no /public_html/ethan/2001/02 0306t.JPG
2001.03.07 22:55 B E:\www\ethan\2001\02\0308.JPG --> home.chello.no /public_html/ethan/2001/02 0308.JPG
2001.03.07 22:55 B E:\www\ethan\2001\02\0308t.JPG --> home.chello.no /public_html/ethan/2001/02 0308t.JPG
2001.03.07 22:56 B E:\www\ethan\2001\02\0312.JPG --> home.chello.no /public_html/ethan/2001/02 0312.JPG
2001.03.07 22:56 B E:\www\ethan\2001\02\0312t.JPG --> home.chello.no /public_html/ethan/2001/02 0312t.JPG
2001.03.07 22:56 B E:\www\ethan\2001\02\0314.JPG --> home.chello.no /public_html/ethan/2001/02 0314.JPG
2001.03.07 22:56 B E:\www\ethan\2001\02\0314t.JPG --> home.chello.no /public_html/ethan/2001/02 0314t.JPG
2001.03.07 22:56 B E:\www\ethan\2001\02\0316.JPG --> home.chello.no /public_html/ethan/2001/02 0316.JPG
2001.03.07 22:56 B E:\www\ethan\2001\02\0316t.JPG --> home.chello.no /public_html/ethan/2001/02 0316t.JPG
2001.03.07 22:56 B E:\www\ethan\2001\02\0317.JPG --> home.chello.no /public_html/ethan/2001/02 0317.JPG
2001.03.07 22:56 B E:\www\ethan\2001\02\0317t.JPG --> home.chello.no /public_html/ethan/2001/02 0317t.JPG
2001.03.07 22:57 B E:\www\ethan\2001\02\0318.JPG --> home.chello.no /public_html/ethan/2001/02 0318.JPG
2001.03.07 22:57 B E:\www\ethan\2001\02\0318t.JPG --> home.chello.no /public_html/ethan/2001/02 0318t.JPG
2001.03.07 22:57 B E:\www\ethan\2001\02\0320.JPG --> home.chello.no /public_html/ethan/2001/02 0320.JPG
2001.03.07 22:57 B E:\www\ethan\2001\02\0320t.JPG --> home.chello.no /public_html/ethan/2001/02 0320t.JPG
2001.03.07 22:57 B E:\www\ethan\2001\02\0321.JPG --> home.chello.no /public_html/ethan/2001/02 0321.JPG
2001.03.07 22:57 B E:\www\ethan\2001\02\0321t.JPG --> home.chello.no /public_html/ethan/2001/02 0321t.JPG
2001.03.07 22:57 B E:\www\ethan\2001\02\0323.JPG --> home.chello.no /public_html/ethan/2001/02 0323.JPG
2001.03.07 22:57 B E:\www\ethan\2001\02\0323t.JPG --> home.chello.no /public_html/ethan/2001/02 0323t.JPG
2001.03.07 22:57 B E:\www\ethan\2001\02\0332.JPG --> home.chello.no /public_html/ethan/2001/02 0332.JPG
2001.03.07 22:57 B E:\www\ethan\2001\02\0332t.JPG --> home.chello.no /public_html/ethan/2001/02 0332t.JPG
2001.03.07 22:58 B E:\www\ethan\2001\02\0335.JPG --> home.chello.no /public_html/ethan/2001/02 0335.JPG
2001.03.07 22:58 B E:\www\ethan\2001\02\0335t.JPG --> home.chello.no /public_html/ethan/2001/02 0335t.JPG
2001.03.07 22:58 B E:\www\ethan\2001\02\0336.JPG --> home.chello.no /public_html/ethan/2001/02 0336.JPG
2001.03.07 22:58 B E:\www\ethan\2001\02\0336t.JPG --> home.chello.no /public_html/ethan/2001/02 0336t.JPG
2001.03.07 22:58 B E:\www\ethan\2001\02\0339.JPG --> home.chello.no /public_html/ethan/2001/02 0339.JPG
2001.03.07 22:58 B E:\www\ethan\2001\02\0339t.JPG --> home.chello.no /public_html/ethan/2001/02 0339t.JPG
2001.03.07 22:58 B E:\www\ethan\2001\02\0344.JPG --> home.chello.no /public_html/ethan/2001/02 0344.JPG
2001.03.07 22:58 B E:\www\ethan\2001\02\0344t.JPG --> home.chello.no /public_html/ethan/2001/02 0344t.JPG
2001.03.07 22:58 B E:\www\ethan\2001\02\0345.JPG --> home.chello.no /public_html/ethan/2001/02 0345.JPG
2001.03.07 22:58 B E:\www\ethan\2001\02\0345t.JPG --> home.chello.no /public_html/ethan/2001/02 0345t.JPG
2001.03.07 22:59 B E:\www\ethan\2001\02\0348.JPG --> home.chello.no /public_html/ethan/2001/02 0348.JPG
2001.03.07 22:59 B E:\www\ethan\2001\02\0348t.JPG --> home.chello.no /public_html/ethan/2001/02 0348t.JPG
2001.03.07 22:59 B E:\www\ethan\2001\02\0354.JPG --> home.chello.no /public_html/ethan/2001/02 0354.JPG
2001.03.07 22:59 B E:\www\ethan\2001\02\0354t.JPG --> home.chello.no /public_html/ethan/2001/02 0354t.JPG
2001.03.07 22:59 B E:\www\ethan\2001\02\0357.JPG --> home.chello.no /public_html/ethan/2001/02 0357.JPG
2001.03.07 22:59 B E:\www\ethan\2001\02\0357t.JPG --> home.chello.no /public_html/ethan/2001/02 0357t.JPG
2001.03.07 22:59 B E:\www\ethan\2001\02\0364.JPG --> home.chello.no /public_html/ethan/2001/02 0364.JPG
2001.03.07 22:59 B E:\www\ethan\2001\02\0364t.JPG --> home.chello.no /public_html/ethan/2001/02 0364t.JPG
2001.03.07 22:59 B E:\www\ethan\2001\02\0371.JPG --> home.chello.no /public_html/ethan/2001/02 0371.JPG
2001.03.07 23:00 B E:\www\ethan\2001\02\0371t.JPG --> home.chello.no /public_html/ethan/2001/02 0371t.JPG
2001.03.07 23:00 B E:\www\ethan\2001\02\0373.JPG --> home.chello.no /public_html/ethan/2001/02 0373.JPG
2001.03.07 23:00 B E:\www\ethan\2001\02\0373t.JPG --> home.chello.no /public_html/ethan/2001/02 0373t.JPG
2001.03.07 23:00 B E:\www\ethan\2001\02\0374.jpg --> home.chello.no /public_html/ethan/2001/02 0374.jpg
2001.03.07 23:00 B E:\www\ethan\2001\02\0374t.jpg --> home.chello.no /public_html/ethan/2001/02 0374t.jpg
2001.03.07 23:00 B E:\www\ethan\2001\02\0378.JPG --> home.chello.no /public_html/ethan/2001/02 0378.JPG
2001.03.07 23:00 B E:\www\ethan\2001\02\0378t.JPG --> home.chello.no /public_html/ethan/2001/02 0378t.JPG
2001.03.07 23:00 B E:\www\ethan\2001\02\0380.JPG --> home.chello.no /public_html/ethan/2001/02 0380.JPG
2001.03.07 23:00 B E:\www\ethan\2001\02\0380t.JPG --> home.chello.no /public_html/ethan/2001/02 0380t.JPG
2001.03.07 23:01 B E:\www\ethan\2001\02\0387.JPG --> home.chello.no /public_html/ethan/2001/02 0387.JPG
2001.03.07 23:01 B E:\www\ethan\2001\02\0387t.JPG --> home.chello.no /public_html/ethan/2001/02 0387t.JPG
2001.03.07 23:01 B E:\www\ethan\2001\02\0389.JPG --> home.chello.no /public_html/ethan/2001/02 0389.JPG
2001.03.07 23:01 B E:\www\ethan\2001\02\0389t.JPG --> home.chello.no /public_html/ethan/2001/02 0389t.JPG
2001.03.07 23:01 B E:\www\ethan\2001\02\0390.JPG --> home.chello.no /public_html/ethan/2001/02 0390.JPG
2001.03.07 23:01 B E:\www\ethan\2001\02\0390t.JPG --> home.chello.no /public_html/ethan/2001/02 0390t.JPG
2001.03.07 23:01 B E:\www\ethan\2001\02\0396.JPG --> home.chello.no /public_html/ethan/2001/02 0396.JPG
2001.03.07 23:01 B E:\www\ethan\2001\02\0396t.JPG --> home.chello.no /public_html/ethan/2001/02 0396t.JPG
2001.03.07 23:02 B E:\www\ethan\2001\02\0397.JPG --> home.chello.no /public_html/ethan/2001/02 0397.JPG
2001.03.07 23:02 B E:\www\ethan\2001\02\0397t.JPG --> home.chello.no /public_html/ethan/2001/02 0397t.JPG
2001.03.07 23:02 B E:\www\ethan\2001\02\0398.JPG --> home.chello.no /public_html/ethan/2001/02 0398.JPG
2001.03.07 23:02 B E:\www\ethan\2001\02\0398t.jpg --> home.chello.no /public_html/ethan/2001/02 0398t.jpg
2001.03.07 23:02 B E:\www\ethan\2001\02\2001_02.txt --> home.chello.no /public_html/ethan/2001/02 2001_02.txt
2001.03.07 23:02 B E:\www\ethan\2001\02\days.htm --> home.chello.no /public_html/ethan/2001/02 days.htm
2001.03.07 23:02 B E:\www\ethan\2001\02\nav.htm --> home.chello.no /public_html/ethan/2001/02 nav.htm
2001.05.16 22:52 B E:\www\ethan\2001\02\0185.JPG --> ftp.ethanshow.com /d:/html/users/ethanshowcom/html/2001/02 0185.JPG
2001.05.16 22:52 B E:\www\ethan\2001\02\0185t.JPG --> ftp.ethanshow.com /d:/html/users/ethanshowcom/html/2001/02 0185t.JPG
2001.05.16 22:52 B E:\www\ethan\2001\02\0189.JPG --> ftp.ethanshow.com /d:/html/users/ethanshowcom/html/2001/02 0189.JPG
2001.05.16 22:52 B E:\www\ethan\2001\02\0189t.JPG --> ftp.ethanshow.com /d:/html/users/ethanshowcom/html/2001/02 0189t.JPG
2001.05.16 22:52 B E:\www\ethan\2001\02\0193.jpg --> ftp.ethanshow.com /d:/html/users/ethanshowcom/html/2001/02 0193.jpg
2001.05.16 22:52 B E:\www\ethan\2001\02\0193b.jpg --> ftp.ethanshow.com /d:/html/users/ethanshowcom/html/2001/02 0193b.jpg
2001.05.16 22:52 B E:\www\ethan\2001\02\0193t.JPG --> ftp.ethanshow.com /d:/html/users/ethanshowcom/html/2001/02 0193t.JPG
2001.05.16 22:53 B E:\www\ethan\2001\02\0196.jpg --> ftp.ethanshow.com /d:/html/users/ethanshowcom/html/2001/02 0196.jpg
2001.05.16 22:53 B E:\www\ethan\2001\02\0196t.JPG --> ftp.ethanshow.com /d:/html/users/ethanshowcom/html/2001/02 0196t.JPG
2001.05.16 22:53 B E:\www\ethan\2001\02\0200.JPG --> ftp.ethanshow.com /d:/html/users/ethanshowcom/html/2001/02 0200.JPG
2001.05.16 22:53 B E:\www\ethan\2001\02\0200t.JPG --> ftp.ethanshow.com /d:/html/users/ethanshowcom/html/2001/02 0200t.JPG
2001.05.16 22:53 B E:\www\ethan\2001\02\0204.JPG --> ftp.ethanshow.com /d:/html/users/ethanshowcom/html/2001/02 0204.JPG
2001.05.16 22:53 B E:\www\ethan\2001\02\0204t.JPG --> ftp.ethanshow.com /d:/html/users/ethanshowcom/html/2001/02 0204t.JPG
2001.05.16 22:53 B E:\www\ethan\2001\02\0205.JPG --> ftp.ethanshow.com /d:/html/users/ethanshowcom/html/2001/02 0205.JPG
2001.05.16 22:53 B E:\www\ethan\2001\02\0205t.JPG --> ftp.ethanshow.com /d:/html/users/ethanshowcom/html/2001/02 0205t.JPG
2001.05.16 22:53 B E:\www\ethan\2001\02\0209.jpg --> ftp.ethanshow.com /d:/html/users/ethanshowcom/html/2001/02 0209.jpg
2001.05.16 22:53 B E:\www\ethan\2001\02\0209t.JPG --> ftp.ethanshow.com /d:/html/users/ethanshowcom/html/2001/02 0209t.JPG
2001.05.16 22:53 B E:\www\ethan\2001\02\0218.jpg --> ftp.ethanshow.com /d:/html/users/ethanshowcom/html/2001/02 0218.jpg
2001.05.16 22:54 B E:\www\ethan\2001\02\0218t.jpg --> ftp.ethanshow.com /d:/html/users/ethanshowcom/html/2001/02 0218t.jpg
2001.05.16 22:54 B E:\www\ethan\2001\02\0221.jpg --> ftp.ethanshow.com /d:/html/users/ethanshowcom/html/2001/02 0221.jpg
2001.05.16 22:54 B E:\www\ethan\2001\02\0221t.jpg --> ftp.ethanshow.com /d:/html/users/ethanshowcom/html/2001/02 0221t.jpg
2001.05.16 22:54 B E:\www\ethan\2001\02\0224.jpg --> ftp.ethanshow.com /d:/html/users/ethanshowcom/html/2001/02 0224.jpg
2001.05.16 22:54 B E:\www\ethan\2001\02\0224t.JPG --> ftp.ethanshow.com /d:/html/users/ethanshowcom/html/2001/02 0224t.JPG
2001.05.16 22:54 B E:\www\ethan\2001\02\0227.jpg --> ftp.ethanshow.com /d:/html/users/ethanshowcom/html/2001/02 0227.jpg
2001.05.16 22:56 B E:\www\ethan\2001\02\0227b.jpg --> ftp.ethanshow.com /d:/html/users/ethanshowcom/html/2001/02 0227b.jpg
2001.05.16 22:56 B E:\www\ethan\2001\02\0227t.JPG --> ftp.ethanshow.com /d:/html/users/ethanshowcom/html/2001/02 0227t.JPG
2001.05.16 22:56 B E:\www\ethan\2001\02\0233.jpg --> ftp.ethanshow.com /d:/html/users/ethanshowcom/html/2001/02 0233.jpg
2001.05.16 22:56 B E:\www\ethan\2001\02\0233t.JPG --> ftp.ethanshow.com /d:/html/users/ethanshowcom/html/2001/02 0233t.JPG
2001.05.16 22:56 B E:\www\ethan\2001\02\0237.jpg --> ftp.ethanshow.com /d:/html/users/ethanshowcom/html/2001/02 0237.jpg
2001.05.16 22:56 B E:\www\ethan\2001\02\0237t.JPG --> ftp.ethanshow.com /d:/html/users/ethanshowcom/html/2001/02 0237t.JPG
2001.05.16 22:57 B E:\www\ethan\2001\02\0238.jpg --> ftp.ethanshow.com /d:/html/users/ethanshowcom/html/2001/02 0238.jpg
2001.05.16 22:57 B E:\www\ethan\2001\02\0238t.JPG --> ftp.ethanshow.com /d:/html/users/ethanshowcom/html/2001/02 0238t.JPG
2001.05.16 22:57 B E:\www\ethan\2001\02\0240.jpg --> ftp.ethanshow.com /d:/html/users/ethanshowcom/html/2001/02 0240.jpg
2001.05.16 22:57 B E:\www\ethan\2001\02\0240t.JPG --> ftp.ethanshow.com /d:/html/users/ethanshowcom/html/2001/02 0240t.JPG
2001.05.16 22:57 B E:\www\ethan\2001\02\0242.jpg --> ftp.ethanshow.com /d:/html/users/ethanshowcom/html/2001/02 0242.jpg
2001.05.16 22:58 B E:\www\ethan\2001\02\0242t.JPG --> ftp.ethanshow.com /d:/html/users/ethanshowcom/html/2001/02 0242t.JPG
2001.05.16 22:58 B E:\www\ethan\2001\02\0245.jpg --> ftp.ethanshow.com /d:/html/users/ethanshowcom/html/2001/02 0245.jpg
2001.05.16 22:58 B E:\www\ethan\2001\02\0245t.JPG --> ftp.ethanshow.com /d:/html/users/ethanshowcom/html/2001/02 0245t.JPG
2001.05.16 22:58 B E:\www\ethan\2001\02\0247.JPG --> ftp.ethanshow.com /d:/html/users/ethanshowcom/html/2001/02 0247.JPG
2001.05.16 22:58 B E:\www\ethan\2001\02\0247t.JPG --> ftp.ethanshow.com /d:/html/users/ethanshowcom/html/2001/02 0247t.JPG
2001.05.16 22:58 B E:\www\ethan\2001\02\0248.JPG --> ftp.ethanshow.com /d:/html/users/ethanshowcom/html/2001/02 0248.JPG
2001.05.16 22:58 B E:\www\ethan\2001\02\0248t.JPG --> ftp.ethanshow.com /d:/html/users/ethanshowcom/html/2001/02 0248t.JPG
2001.05.16 22:59 B E:\www\ethan\2001\02\0249.JPG --> ftp.ethanshow.com /d:/html/users/ethanshowcom/html/2001/02 0249.JPG
2001.05.16 22:59 B E:\www\ethan\2001\02\0249t.JPG --> ftp.ethanshow.com /d:/html/users/ethanshowcom/html/2001/02 0249t.JPG
2001.05.16 22:59 B E:\www\ethan\2001\02\0251.JPG --> ftp.ethanshow.com /d:/html/users/ethanshowcom/html/2001/02 0251.JPG
2001.05.16 22:59 B E:\www\ethan\2001\02\0251t.JPG --> ftp.ethanshow.com /d:/html/users/ethanshowcom/html/2001/02 0251t.JPG
2001.05.16 22:59 B E:\www\ethan\2001\02\0252.JPG --> ftp.ethanshow.com /d:/html/users/ethanshowcom/html/2001/02 0252.JPG
2001.05.16 22:59 B E:\www\ethan\2001\02\0252t.JPG --> ftp.ethanshow.com /d:/html/users/ethanshowcom/html/2001/02 0252t.JPG
2001.05.16 22:59 B E:\www\ethan\2001\02\0259.JPG --> ftp.ethanshow.com /d:/html/users/ethanshowcom/html/2001/02 0259.JPG
2001.05.16 22:59 B E:\www\ethan\2001\02\0259t.JPG --> ftp.ethanshow.com /d:/html/users/ethanshowcom/html/2001/02 0259t.JPG
2001.05.16 22:59 B E:\www\ethan\2001\02\0262.JPG --> ftp.ethanshow.com /d:/html/users/ethanshowcom/html/2001/02 0262.JPG
2001.05.16 22:59 B E:\www\ethan\2001\02\0262t.JPG --> ftp.ethanshow.com /d:/html/users/ethanshowcom/html/2001/02 0262t.JPG
2001.05.16 23:00 B E:\www\ethan\2001\02\0266.JPG --> ftp.ethanshow.com /d:/html/users/ethanshowcom/html/2001/02 0266.JPG
2001.05.16 23:00 B E:\www\ethan\2001\02\0266t.JPG --> ftp.ethanshow.com /d:/html/users/ethanshowcom/html/2001/02 0266t.JPG
2001.05.16 23:00 B E:\www\ethan\2001\02\0269.JPG --> ftp.ethanshow.com /d:/html/users/ethanshowcom/html/2001/02 0269.JPG
2001.05.16 23:00 B E:\www\ethan\2001\02\0269t.JPG --> ftp.ethanshow.com /d:/html/users/ethanshowcom/html/2001/02 0269t.JPG
2001.05.16 23:00 B E:\www\ethan\2001\02\0272.JPG --> ftp.ethanshow.com /d:/html/users/ethanshowcom/html/2001/02 0272.JPG
2001.05.16 23:00 B E:\www\ethan\2001\02\0272t.JPG --> ftp.ethanshow.com /d:/html/users/ethanshowcom/html/2001/02 0272t.JPG
2001.05.16 23:00 B E:\www\ethan\2001\02\0279.JPG --> ftp.ethanshow.com /d:/html/users/ethanshowcom/html/2001/02 0279.JPG
2001.05.16 23:00 B E:\www\ethan\2001\02\0279t.JPG --> ftp.ethanshow.com /d:/html/users/ethanshowcom/html/2001/02 0279t.JPG
2001.05.16 23:00 B E:\www\ethan\2001\02\0280.JPG --> ftp.ethanshow.com /d:/html/users/ethanshowcom/html/2001/02 0280.JPG
2001.05.16 23:00 B E:\www\ethan\2001\02\0280t.JPG --> ftp.ethanshow.com /d:/html/users/ethanshowcom/html/2001/02 0280t.JPG
2001.05.16 23:01 B E:\www\ethan\2001\02\0281.JPG --> ftp.ethanshow.com /d:/html/users/ethanshowcom/html/2001/02 0281.JPG
2001.05.16 23:01 B E:\www\ethan\2001\02\0281t.JPG --> ftp.ethanshow.com /d:/html/users/ethanshowcom/html/2001/02 0281t.JPG
2001.05.16 23:01 B E:\www\ethan\2001\02\0282.JPG --> ftp.ethanshow.com /d:/html/users/ethanshowcom/html/2001/02 0282.JPG
2001.05.16 23:01 B E:\www\ethan\2001\02\0282t.JPG --> ftp.ethanshow.com /d:/html/users/ethanshowcom/html/2001/02 0282t.JPG
2001.05.16 23:01 B E:\www\ethan\2001\02\0285.JPG --> ftp.ethanshow.com /d:/html/users/ethanshowcom/html/2001/02 0285.JPG
2001.05.16 23:01 B E:\www\ethan\2001\02\0285t.JPG --> ftp.ethanshow.com /d:/html/users/ethanshowcom/html/2001/02 0285t.JPG
2001.05.16 23:01 B E:\www\ethan\2001\02\0287.JPG --> ftp.ethanshow.com /d:/html/users/ethanshowcom/html/2001/02 0287.JPG
2001.05.16 23:01 B E:\www\ethan\2001\02\0287t.JPG --> ftp.ethanshow.com /d:/html/users/ethanshowcom/html/2001/02 0287t.JPG
2001.05.16 23:02 B E:\www\ethan\2001\02\0291.JPG --> ftp.ethanshow.com /d:/html/users/ethanshowcom/html/2001/02 0291.JPG
2001.05.16 23:02 B E:\www\ethan\2001\02\0291t.JPG --> ftp.ethanshow.com /d:/html/users/ethanshowcom/html/2001/02 0291t.JPG
2001.05.16 23:02 B E:\www\ethan\2001\02\0293.JPG --> ftp.ethanshow.com /d:/html/users/ethanshowcom/html/2001/02 0293.JPG
2001.05.16 23:02 B E:\www\ethan\2001\02\0293t.JPG --> ftp.ethanshow.com /d:/html/users/ethanshowcom/html/2001/02 0293t.JPG
2001.05.16 23:02 B E:\www\ethan\2001\02\0296.JPG --> ftp.ethanshow.com /d:/html/users/ethanshowcom/html/2001/02 0296.JPG
2001.05.16 23:02 B E:\www\ethan\2001\02\0296t.JPG --> ftp.ethanshow.com /d:/html/users/ethanshowcom/html/2001/02 0296t.JPG
2001.05.16 23:02 B E:\www\ethan\2001\02\0298.JPG --> ftp.ethanshow.com /d:/html/users/ethanshowcom/html/2001/02 0298.JPG
2001.05.16 23:02 B E:\www\ethan\2001\02\0298t.JPG --> ftp.ethanshow.com /d:/html/users/ethanshowcom/html/2001/02 0298t.JPG
2001.05.16 23:02 B E:\www\ethan\2001\02\0299.JPG --> ftp.ethanshow.com /d:/html/users/ethanshowcom/html/2001/02 0299.JPG
2001.05.16 23:02 B E:\www\ethan\2001\02\0299t.JPG --> ftp.ethanshow.com /d:/html/users/ethanshowcom/html/2001/02 0299t.JPG
2001.05.16 23:02 B E:\www\ethan\2001\02\0306.JPG --> ftp.ethanshow.com /d:/html/users/ethanshowcom/html/2001/02 0306.JPG
2001.05.16 23:03 B E:\www\ethan\2001\02\0306t.JPG --> ftp.ethanshow.com /d:/html/users/ethanshowcom/html/2001/02 0306t.JPG
2001.05.16 23:03 B E:\www\ethan\2001\02\0308.JPG --> ftp.ethanshow.com /d:/html/users/ethanshowcom/html/2001/02 0308.JPG
2001.05.16 23:03 B E:\www\ethan\2001\02\0308t.JPG --> ftp.ethanshow.com /d:/html/users/ethanshowcom/html/2001/02 0308t.JPG
2001.05.16 23:03 B E:\www\ethan\2001\02\0312.JPG --> ftp.ethanshow.com /d:/html/users/ethanshowcom/html/2001/02 0312.JPG
2001.05.16 23:03 B E:\www\ethan\2001\02\0312t.JPG --> ftp.ethanshow.com /d:/html/users/ethanshowcom/html/2001/02 0312t.JPG
2001.05.16 23:03 B E:\www\ethan\2001\02\0314.JPG --> ftp.ethanshow.com /d:/html/users/ethanshowcom/html/2001/02 0314.JPG
2001.05.16 23:03 B E:\www\ethan\2001\02\0314t.JPG --> ftp.ethanshow.com /d:/html/users/ethanshowcom/html/2001/02 0314t.JPG
2001.05.16 23:03 B E:\www\ethan\2001\02\0316.JPG --> ftp.ethanshow.com /d:/html/users/ethanshowcom/html/2001/02 0316.JPG
2001.05.16 23:04 B E:\www\ethan\2001\02\0316t.JPG --> ftp.ethanshow.com /d:/html/users/ethanshowcom/html/2001/02 0316t.JPG
2001.05.16 23:04 B E:\www\ethan\2001\02\0317.JPG --> ftp.ethanshow.com /d:/html/users/ethanshowcom/html/2001/02 0317.JPG
2001.05.16 23:04 B E:\www\ethan\2001\02\0317t.JPG --> ftp.ethanshow.com /d:/html/users/ethanshowcom/html/2001/02 0317t.JPG
2001.05.16 23:04 B E:\www\ethan\2001\02\0318.JPG --> ftp.ethanshow.com /d:/html/users/ethanshowcom/html/2001/02 0318.JPG
2001.05.16 23:04 B E:\www\ethan\2001\02\0318t.JPG --> ftp.ethanshow.com /d:/html/users/ethanshowcom/html/2001/02 0318t.JPG
2001.05.16 23:04 B E:\www\ethan\2001\02\0320.JPG --> ftp.ethanshow.com /d:/html/users/ethanshowcom/html/2001/02 0320.JPG
2001.05.16 23:04 B E:\www\ethan\2001\02\0320t.JPG --> ftp.ethanshow.com /d:/html/users/ethanshowcom/html/2001/02 0320t.JPG
2001.05.16 23:04 B E:\www\ethan\2001\02\0321.JPG --> ftp.ethanshow.com /d:/html/users/ethanshowcom/html/2001/02 0321.JPG
2001.05.16 23:04 B E:\www\ethan\2001\02\0321t.JPG --> ftp.ethanshow.com /d:/html/users/ethanshowcom/html/2001/02 0321t.JPG
2001.05.16 23:04 B E:\www\ethan\2001\02\0323.JPG --> ftp.ethanshow.com /d:/html/users/ethanshowcom/html/2001/02 0323.JPG
2001.05.16 23:04 B E:\www\ethan\2001\02\0323t.JPG --> ftp.ethanshow.com /d:/html/users/ethanshowcom/html/2001/02 0323t.JPG
2001.05.16 23:05 B E:\www\ethan\2001\02\0332.JPG --> ftp.ethanshow.com /d:/html/users/ethanshowcom/html/2001/02 0332.JPG
2001.05.16 23:05 B E:\www\ethan\2001\02\0332t.JPG --> ftp.ethanshow.com /d:/html/users/ethanshowcom/html/2001/02 0332t.JPG
2001.05.16 23:05 B E:\www\ethan\2001\02\0335.JPG --> ftp.ethanshow.com /d:/html/users/ethanshowcom/html/2001/02 0335.JPG
2001.05.16 23:05 B E:\www\ethan\2001\02\0335t.JPG --> ftp.ethanshow.com /d:/html/users/ethanshowcom/html/2001/02 0335t.JPG
2001.05.16 23:05 B E:\www\ethan\2001\02\0336.JPG --> ftp.ethanshow.com /d:/html/users/ethanshowcom/html/2001/02 0336.JPG
2001.05.16 23:05 B E:\www\ethan\2001\02\0336t.JPG --> ftp.ethanshow.com /d:/html/users/ethanshowcom/html/2001/02 0336t.JPG
2001.05.16 23:05 B E:\www\ethan\2001\02\0339.JPG --> ftp.ethanshow.com /d:/html/users/ethanshowcom/html/2001/02 0339.JPG
2001.05.16 23:05 B E:\www\ethan\2001\02\0339t.JPG --> ftp.ethanshow.com /d:/html/users/ethanshowcom/html/2001/02 0339t.JPG
2001.05.16 23:05 B E:\www\ethan\2001\02\0344.JPG --> ftp.ethanshow.com /d:/html/users/ethanshowcom/html/2001/02 0344.JPG
2001.05.16 23:05 B E:\www\ethan\2001\02\0344t.JPG --> ftp.ethanshow.com /d:/html/users/ethanshowcom/html/2001/02 0344t.JPG
2001.05.16 23:05 B E:\www\ethan\2001\02\0345.JPG --> ftp.ethanshow.com /d:/html/users/ethanshowcom/html/2001/02 0345.JPG
2001.05.16 23:05 B E:\www\ethan\2001\02\0345t.JPG --> ftp.ethanshow.com /d:/html/users/ethanshowcom/html/2001/02 0345t.JPG
2001.05.16 23:06 B E:\www\ethan\2001\02\0348.JPG --> ftp.ethanshow.com /d:/html/users/ethanshowcom/html/2001/02 0348.JPG
2001.05.16 23:06 B E:\www\ethan\2001\02\0348t.JPG --> ftp.ethanshow.com /d:/html/users/ethanshowcom/html/2001/02 0348t.JPG
2001.05.16 23:06 B E:\www\ethan\2001\02\0354.JPG --> ftp.ethanshow.com /d:/html/users/ethanshowcom/html/2001/02 0354.JPG
2001.05.16 23:06 B E:\www\ethan\2001\02\0354t.JPG --> ftp.ethanshow.com /d:/html/users/ethanshowcom/html/2001/02 0354t.JPG
2001.05.16 23:06 B E:\www\ethan\2001\02\0357.JPG --> ftp.ethanshow.com /d:/html/users/ethanshowcom/html/2001/02 0357.JPG
2001.05.16 23:06 B E:\www\ethan\2001\02\0357t.JPG --> ftp.ethanshow.com /d:/html/users/ethanshowcom/html/2001/02 0357t.JPG
2001.05.16 23:06 B E:\www\ethan\2001\02\0364.JPG --> ftp.ethanshow.com /d:/html/users/ethanshowcom/html/2001/02 0364.JPG
2001.05.16 23:06 B E:\www\ethan\2001\02\0364t.JPG --> ftp.ethanshow.com /d:/html/users/ethanshowcom/html/2001/02 0364t.JPG
2001.05.16 23:06 B E:\www\ethan\2001\02\0371.JPG --> ftp.ethanshow.com /d:/html/users/ethanshowcom/html/2001/02 0371.JPG
2001.05.16 23:06 B E:\www\ethan\2001\02\0371t.JPG --> ftp.ethanshow.com /d:/html/users/ethanshowcom/html/2001/02 0371t.JPG
2001.05.16 23:07 B E:\www\ethan\2001\02\0373.JPG --> ftp.ethanshow.com /d:/html/users/ethanshowcom/html/2001/02 0373.JPG
2001.05.16 23:07 B E:\www\ethan\2001\02\0373t.JPG --> ftp.ethanshow.com /d:/html/users/ethanshowcom/html/2001/02 0373t.JPG
2001.05.16 23:07 B E:\www\ethan\2001\02\0374.jpg --> ftp.ethanshow.com /d:/html/users/ethanshowcom/html/2001/02 0374.jpg
2001.05.16 23:07 B E:\www\ethan\2001\02\0374t.jpg --> ftp.ethanshow.com /d:/html/users/ethanshowcom/html/2001/02 0374t.jpg
2001.05.16 23:07 B E:\www\ethan\2001\02\0378.JPG --> ftp.ethanshow.com /d:/html/users/ethanshowcom/html/2001/02 0378.JPG
2001.05.16 23:07 B E:\www\ethan\2001\02\0378t.JPG --> ftp.ethanshow.com /d:/html/users/ethanshowcom/html/2001/02 0378t.JPG
2001.05.16 23:07 B E:\www\ethan\2001\02\0380.JPG --> ftp.ethanshow.com /d:/html/users/ethanshowcom/html/2001/02 0380.JPG
2001.05.16 23:07 B E:\www\ethan\2001\02\0380t.JPG --> ftp.ethanshow.com /d:/html/users/ethanshowcom/html/2001/02 0380t.JPG
2001.05.16 23:07 B E:\www\ethan\2001\02\0387.JPG --> ftp.ethanshow.com /d:/html/users/ethanshowcom/html/2001/02 0387.JPG
2001.05.16 23:07 B E:\www\ethan\2001\02\0387t.JPG --> ftp.ethanshow.com /d:/html/users/ethanshowcom/html/2001/02 0387t.JPG
2001.05.16 23:07 B E:\www\ethan\2001\02\0389.JPG --> ftp.ethanshow.com /d:/html/users/ethanshowcom/html/2001/02 0389.JPG
2001.05.16 23:07 B E:\www\ethan\2001\02\0389t.JPG --> ftp.ethanshow.com /d:/html/users/ethanshowcom/html/2001/02 0389t.JPG
2001.05.16 23:08 B E:\www\ethan\2001\02\0390.JPG --> ftp.ethanshow.com /d:/html/users/ethanshowcom/html/2001/02 0390.JPG
2001.05.16 23:08 B E:\www\ethan\2001\02\0390t.JPG --> ftp.ethanshow.com /d:/html/users/ethanshowcom/html/2001/02 0390t.JPG
2001.05.16 23:08 B E:\www\ethan\2001\02\0396.JPG --> ftp.ethanshow.com /d:/html/users/ethanshowcom/html/2001/02 0396.JPG
2001.05.16 23:08 B E:\www\ethan\2001\02\0396t.JPG --> ftp.ethanshow.com /d:/html/users/ethanshowcom/html/2001/02 0396t.JPG
2001.05.16 23:08 B E:\www\ethan\2001\02\0397.JPG --> ftp.ethanshow.com /d:/html/users/ethanshowcom/html/2001/02 0397.JPG
2001.05.16 23:08 B E:\www\ethan\2001\02\0397t.JPG --> ftp.ethanshow.com /d:/html/users/ethanshowcom/html/2001/02 0397t.JPG
2001.05.16 23:08 B E:\www\ethan\2001\02\0398.JPG --> ftp.ethanshow.com /d:/html/users/ethanshowcom/html/2001/02 0398.JPG
2001.05.16 23:08 B E:\www\ethan\2001\02\0398t.jpg --> ftp.ethanshow.com /d:/html/users/ethanshowcom/html/2001/02 0398t.jpg
2001.05.16 23:08 B E:\www\ethan\2001\02\2001_02.txt --> ftp.ethanshow.com /d:/html/users/ethanshowcom/html/2001/02 2001_02.txt
2001.05.16 23:08 B E:\www\ethan\2001\02\days.htm --> ftp.ethanshow.com /d:/html/users/ethanshowcom/html/2001/02 days.htm
2001.05.16 23:08 B E:\www\ethan\2001\02\days.htm~ --> ftp.ethanshow.com /d:/html/users/ethanshowcom/html/2001/02 days.htm~
2001.05.16 23:08 B E:\www\ethan\2001\02\feb03.htm --> ftp.ethanshow.com /d:/html/users/ethanshowcom/html/2001/02 feb03.htm
2001.05.16 23:08 B E:\www\ethan\2001\02\feb03.htm~ --> ftp.ethanshow.com /d:/html/users/ethanshowcom/html/2001/02 feb03.htm~
2001.05.16 23:08 B E:\www\ethan\2001\02\feb03a.htm --> ftp.ethanshow.com /d:/html/users/ethanshowcom/html/2001/02 feb03a.htm
2001.05.16 23:08 B E:\www\ethan\2001\02\feb04.htm --> ftp.ethanshow.com /d:/html/users/ethanshowcom/html/2001/02 feb04.htm
2001.05.16 23:08 B E:\www\ethan\2001\02\feb04a.htm --> ftp.ethanshow.com /d:/html/users/ethanshowcom/html/2001/02 feb04a.htm
2001.05.16 23:08 B E:\www\ethan\2001\02\feb09.htm --> ftp.ethanshow.com /d:/html/users/ethanshowcom/html/2001/02 feb09.htm
2001.05.16 23:09 B E:\www\ethan\2001\02\feb09.htm~ --> ftp.ethanshow.com /d:/html/users/ethanshowcom/html/2001/02 feb09.htm~
2001.05.16 23:09 B E:\www\ethan\2001\02\feb09a.htm --> ftp.ethanshow.com /d:/html/users/ethanshowcom/html/2001/02 feb09a.htm
2001.05.16 23:09 B E:\www\ethan\2001\02\feb10.htm --> ftp.ethanshow.com /d:/html/users/ethanshowcom/html/2001/02 feb10.htm
2001.05.16 23:09 B E:\www\ethan\2001\02\feb10.htm~ --> ftp.ethanshow.com /d:/html/users/ethanshowcom/html/2001/02 feb10.htm~
2001.05.16 23:09 B E:\www\ethan\2001\02\feb10a.htm --> ftp.ethanshow.com /d:/html/users/ethanshowcom/html/2001/02 feb10a.htm
2001.05.16 23:09 B E:\www\ethan\2001\02\feb11.htm --> ftp.ethanshow.com /d:/html/users/ethanshowcom/html/2001/02 feb11.htm
2001.05.16 23:09 B E:\www\ethan\2001\02\feb11a.htm --> ftp.ethanshow.com /d:/html/users/ethanshowcom/html/2001/02 feb11a.htm
2001.05.16 23:09 B E:\www\ethan\2001\02\feb12.htm --> ftp.ethanshow.com /d:/html/users/ethanshowcom/html/2001/02 feb12.htm
2001.05.16 23:09 B E:\www\ethan\2001\02\feb12a.htm --> ftp.ethanshow.com /d:/html/users/ethanshowcom/html/2001/02 feb12a.htm
2001.05.16 23:09 B E:\www\ethan\2001\02\feb13.htm --> ftp.ethanshow.com /d:/html/users/ethanshowcom/html/2001/02 feb13.htm
2001.05.16 23:09 B E:\www\ethan\2001\02\feb13.htm~ --> ftp.ethanshow.com /d:/html/users/ethanshowcom/html/2001/02 feb13.htm~
2001.05.16 23:09 B E:\www\ethan\2001\02\feb13a.htm --> ftp.ethanshow.com /d:/html/users/ethanshowcom/html/2001/02 feb13a.htm
2001.05.16 23:09 B E:\www\ethan\2001\02\feb17.htm --> ftp.ethanshow.com /d:/html/users/ethanshowcom/html/2001/02 feb17.htm
2001.05.16 23:09 B E:\www\ethan\2001\02\feb17.htm~ --> ftp.ethanshow.com /d:/html/users/ethanshowcom/html/2001/02 feb17.htm~
2001.05.16 23:09 B E:\www\ethan\2001\02\feb17a.htm --> ftp.ethanshow.com /d:/html/users/ethanshowcom/html/2001/02 feb17a.htm
2001.05.16 23:09 B E:\www\ethan\2001\02\feb18.htm --> ftp.ethanshow.com /d:/html/users/ethanshowcom/html/2001/02 feb18.htm
2001.05.16 23:09 B E:\www\ethan\2001\02\feb18.htm~ --> ftp.ethanshow.com /d:/html/users/ethanshowcom/html/2001/02 feb18.htm~
2001.05.16 23:09 B E:\www\ethan\2001\02\feb18a.htm --> ftp.ethanshow.com /d:/html/users/ethanshowcom/html/2001/02 feb18a.htm
2001.05.16 23:09 B E:\www\ethan\2001\02\feb21.htm --> ftp.ethanshow.com /d:/html/users/ethanshowcom/html/2001/02 feb21.htm
2001.05.16 23:09 B E:\www\ethan\2001\02\feb21.htm~ --> ftp.ethanshow.com /d:/html/users/ethanshowcom/html/2001/02 feb21.htm~
2001.05.16 23:09 B E:\www\ethan\2001\02\feb21a.htm --> ftp.ethanshow.com /d:/html/users/ethanshowcom/html/2001/02 feb21a.htm
2001.05.16 23:09 B E:\www\ethan\2001\02\feb25.htm --> ftp.ethanshow.com /d:/html/users/ethanshowcom/html/2001/02 feb25.htm
2001.05.16 23:09 B E:\www\ethan\2001\02\feb25.htm~ --> ftp.ethanshow.com /d:/html/users/ethanshowcom/html/2001/02 feb25.htm~
2001.05.16 23:09 B E:\www\ethan\2001\02\feb25a.htm --> ftp.ethanshow.com /d:/html/users/ethanshowcom/html/2001/02 feb25a.htm
2001.05.16 23:09 B E:\www\ethan\2001\02\feb27.htm --> ftp.ethanshow.com /d:/html/users/ethanshowcom/html/2001/02 feb27.htm
2001.05.16 23:09 B E:\www\ethan\2001\02\feb27.htm~ --> ftp.ethanshow.com /d:/html/users/ethanshowcom/html/2001/02 feb27.htm~
2001.05.16 23:09 B E:\www\ethan\2001\02\feb27a.htm --> ftp.ethanshow.com /d:/html/users/ethanshowcom/html/2001/02 feb27a.htm
2001.05.16 23:09 B E:\www\ethan\2001\02\index.htm --> ftp.ethanshow.com /d:/html/users/ethanshowcom/html/2001/02 index.htm
2001.05.16 23:09 B E:\www\ethan\2001\02\nav.htm --> ftp.ethanshow.com /d:/html/users/ethanshowcom/html/2001/02 nav.htm
2001.05.16 23:09 B E:\www\ethan\2001\02\nav.htm~ --> ftp.ethanshow.com /d:/html/users/ethanshowcom/html/2001/02 nav.htm~
2001.05.16 23:09 B E:\www\ethan\2001\02\WS_FTP.LOG --> ftp.ethanshow.com /d:/html/users/ethanshowcom/html/2001/02 WS_FTP.LOG
