2001.05.17 08:43 B E:\www\ethan\2000\06\100.jpg --> ftp.ethanshow.com /d:/html/users/ethanshowcom/html/2000/06 100.jpg
2001.05.17 08:43 B E:\www\ethan\2000\06\100t.jpg --> ftp.ethanshow.com /d:/html/users/ethanshowcom/html/2000/06 100t.jpg
2001.05.17 08:43 B E:\www\ethan\2000\06\101.jpg --> ftp.ethanshow.com /d:/html/users/ethanshowcom/html/2000/06 101.jpg
2001.05.17 08:43 B E:\www\ethan\2000\06\101t.jpg --> ftp.ethanshow.com /d:/html/users/ethanshowcom/html/2000/06 101t.jpg
2001.05.17 08:43 B E:\www\ethan\2000\06\102.jpg --> ftp.ethanshow.com /d:/html/users/ethanshowcom/html/2000/06 102.jpg
2001.05.17 08:43 B E:\www\ethan\2000\06\102t.jpg --> ftp.ethanshow.com /d:/html/users/ethanshowcom/html/2000/06 102t.jpg
2001.05.17 08:44 B E:\www\ethan\2000\06\103.jpg --> ftp.ethanshow.com /d:/html/users/ethanshowcom/html/2000/06 103.jpg
2001.05.17 08:44 B E:\www\ethan\2000\06\103t.jpg --> ftp.ethanshow.com /d:/html/users/ethanshowcom/html/2000/06 103t.jpg
2001.05.17 08:44 B E:\www\ethan\2000\06\105.jpg --> ftp.ethanshow.com /d:/html/users/ethanshowcom/html/2000/06 105.jpg
2001.05.17 08:44 B E:\www\ethan\2000\06\105t.jpg --> ftp.ethanshow.com /d:/html/users/ethanshowcom/html/2000/06 105t.jpg
2001.05.17 08:44 B E:\www\ethan\2000\06\107.jpg --> ftp.ethanshow.com /d:/html/users/ethanshowcom/html/2000/06 107.jpg
2001.05.17 08:44 B E:\www\ethan\2000\06\107t.jpg --> ftp.ethanshow.com /d:/html/users/ethanshowcom/html/2000/06 107t.jpg
2001.05.17 08:44 B E:\www\ethan\2000\06\108.jpg --> ftp.ethanshow.com /d:/html/users/ethanshowcom/html/2000/06 108.jpg
2001.05.17 08:44 B E:\www\ethan\2000\06\108t.jpg --> ftp.ethanshow.com /d:/html/users/ethanshowcom/html/2000/06 108t.jpg
2001.05.17 08:44 B E:\www\ethan\2000\06\110.jpg --> ftp.ethanshow.com /d:/html/users/ethanshowcom/html/2000/06 110.jpg
2001.05.17 08:44 B E:\www\ethan\2000\06\110t.jpg --> ftp.ethanshow.com /d:/html/users/ethanshowcom/html/2000/06 110t.jpg
2001.05.17 08:44 B E:\www\ethan\2000\06\112.jpg --> ftp.ethanshow.com /d:/html/users/ethanshowcom/html/2000/06 112.jpg
2001.05.17 08:44 B E:\www\ethan\2000\06\112t.jpg --> ftp.ethanshow.com /d:/html/users/ethanshowcom/html/2000/06 112t.jpg
2001.05.17 08:45 B E:\www\ethan\2000\06\116.jpg --> ftp.ethanshow.com /d:/html/users/ethanshowcom/html/2000/06 116.jpg
2001.05.17 08:45 B E:\www\ethan\2000\06\116t.jpg --> ftp.ethanshow.com /d:/html/users/ethanshowcom/html/2000/06 116t.jpg
2001.05.17 08:45 B E:\www\ethan\2000\06\117.jpg --> ftp.ethanshow.com /d:/html/users/ethanshowcom/html/2000/06 117.jpg
2001.05.17 08:45 B E:\www\ethan\2000\06\117t.jpg --> ftp.ethanshow.com /d:/html/users/ethanshowcom/html/2000/06 117t.jpg
2001.05.17 08:45 B E:\www\ethan\2000\06\118.jpg --> ftp.ethanshow.com /d:/html/users/ethanshowcom/html/2000/06 118.jpg
2001.05.17 08:45 B E:\www\ethan\2000\06\118t.jpg --> ftp.ethanshow.com /d:/html/users/ethanshowcom/html/2000/06 118t.jpg
2001.05.17 08:45 B E:\www\ethan\2000\06\119.jpg --> ftp.ethanshow.com /d:/html/users/ethanshowcom/html/2000/06 119.jpg
2001.05.17 08:45 B E:\www\ethan\2000\06\119t.jpg --> ftp.ethanshow.com /d:/html/users/ethanshowcom/html/2000/06 119t.jpg
2001.05.17 08:45 B E:\www\ethan\2000\06\120.jpg --> ftp.ethanshow.com /d:/html/users/ethanshowcom/html/2000/06 120.jpg
2001.05.17 08:45 B E:\www\ethan\2000\06\120t.jpg --> ftp.ethanshow.com /d:/html/users/ethanshowcom/html/2000/06 120t.jpg
2001.05.17 08:45 B E:\www\ethan\2000\06\124.jpg --> ftp.ethanshow.com /d:/html/users/ethanshowcom/html/2000/06 124.jpg
2001.05.17 08:45 B E:\www\ethan\2000\06\124t.jpg --> ftp.ethanshow.com /d:/html/users/ethanshowcom/html/2000/06 124t.jpg
2001.05.17 08:45 B E:\www\ethan\2000\06\125.jpg --> ftp.ethanshow.com /d:/html/users/ethanshowcom/html/2000/06 125.jpg
2001.05.17 08:45 B E:\www\ethan\2000\06\125t.jpg --> ftp.ethanshow.com /d:/html/users/ethanshowcom/html/2000/06 125t.jpg
2001.05.17 08:45 B E:\www\ethan\2000\06\126.jpg --> ftp.ethanshow.com /d:/html/users/ethanshowcom/html/2000/06 126.jpg
2001.05.17 08:45 B E:\www\ethan\2000\06\126t.jpg --> ftp.ethanshow.com /d:/html/users/ethanshowcom/html/2000/06 126t.jpg
2001.05.17 08:46 B E:\www\ethan\2000\06\127.jpg --> ftp.ethanshow.com /d:/html/users/ethanshowcom/html/2000/06 127.jpg
2001.05.17 08:46 B E:\www\ethan\2000\06\127t.jpg --> ftp.ethanshow.com /d:/html/users/ethanshowcom/html/2000/06 127t.jpg
2001.05.17 08:46 B E:\www\ethan\2000\06\130.jpg --> ftp.ethanshow.com /d:/html/users/ethanshowcom/html/2000/06 130.jpg
2001.05.17 08:46 B E:\www\ethan\2000\06\130t.jpg --> ftp.ethanshow.com /d:/html/users/ethanshowcom/html/2000/06 130t.jpg
2001.05.17 08:46 B E:\www\ethan\2000\06\132.jpg --> ftp.ethanshow.com /d:/html/users/ethanshowcom/html/2000/06 132.jpg
2001.05.17 08:46 B E:\www\ethan\2000\06\132t.jpg --> ftp.ethanshow.com /d:/html/users/ethanshowcom/html/2000/06 132t.jpg
2001.05.17 08:46 B E:\www\ethan\2000\06\134.jpg --> ftp.ethanshow.com /d:/html/users/ethanshowcom/html/2000/06 134.jpg
2001.05.17 08:46 B E:\www\ethan\2000\06\134t.jpg --> ftp.ethanshow.com /d:/html/users/ethanshowcom/html/2000/06 134t.jpg
2001.05.17 08:46 B E:\www\ethan\2000\06\137.jpg --> ftp.ethanshow.com /d:/html/users/ethanshowcom/html/2000/06 137.jpg
2001.05.17 08:46 B E:\www\ethan\2000\06\137t.jpg --> ftp.ethanshow.com /d:/html/users/ethanshowcom/html/2000/06 137t.jpg
2001.05.17 08:46 B E:\www\ethan\2000\06\138.jpg --> ftp.ethanshow.com /d:/html/users/ethanshowcom/html/2000/06 138.jpg
2001.05.17 08:46 B E:\www\ethan\2000\06\138t.jpg --> ftp.ethanshow.com /d:/html/users/ethanshowcom/html/2000/06 138t.jpg
2001.05.17 08:46 B E:\www\ethan\2000\06\140.jpg --> ftp.ethanshow.com /d:/html/users/ethanshowcom/html/2000/06 140.jpg
2001.05.30 23:53 B E:\www\ethan\2000\06\140t.jpg --> ftp.ethanshow.com /d:/html/users/ethanshowcom/html/2000/06 140t.jpg
2001.05.30 23:53 B E:\www\ethan\2000\06\143.jpg --> ftp.ethanshow.com /d:/html/users/ethanshowcom/html/2000/06 143.jpg
2001.05.30 23:53 B E:\www\ethan\2000\06\143t.jpg --> ftp.ethanshow.com /d:/html/users/ethanshowcom/html/2000/06 143t.jpg
2001.05.30 23:53 B E:\www\ethan\2000\06\144.jpg --> ftp.ethanshow.com /d:/html/users/ethanshowcom/html/2000/06 144.jpg
2001.05.30 23:53 B E:\www\ethan\2000\06\144t.jpg --> ftp.ethanshow.com /d:/html/users/ethanshowcom/html/2000/06 144t.jpg
2001.05.30 23:53 B E:\www\ethan\2000\06\145.jpg --> ftp.ethanshow.com /d:/html/users/ethanshowcom/html/2000/06 145.jpg
2001.05.30 23:53 B E:\www\ethan\2000\06\145t.jpg --> ftp.ethanshow.com /d:/html/users/ethanshowcom/html/2000/06 145t.jpg
2001.05.30 23:53 B E:\www\ethan\2000\06\146.jpg --> ftp.ethanshow.com /d:/html/users/ethanshowcom/html/2000/06 146.jpg
2001.05.30 23:53 B E:\www\ethan\2000\06\146t.jpg --> ftp.ethanshow.com /d:/html/users/ethanshowcom/html/2000/06 146t.jpg
2001.05.30 23:53 B E:\www\ethan\2000\06\147.jpg --> ftp.ethanshow.com /d:/html/users/ethanshowcom/html/2000/06 147.jpg
2001.05.30 23:53 B E:\www\ethan\2000\06\147t.jpg --> ftp.ethanshow.com /d:/html/users/ethanshowcom/html/2000/06 147t.jpg
2001.05.30 23:53 B E:\www\ethan\2000\06\148.jpg --> ftp.ethanshow.com /d:/html/users/ethanshowcom/html/2000/06 148.jpg
2001.05.30 23:53 B E:\www\ethan\2000\06\148t.jpg --> ftp.ethanshow.com /d:/html/users/ethanshowcom/html/2000/06 148t.jpg
2001.05.30 23:53 B E:\www\ethan\2000\06\149.jpg --> ftp.ethanshow.com /d:/html/users/ethanshowcom/html/2000/06 149.jpg
2001.05.30 23:53 B E:\www\ethan\2000\06\149t.jpg --> ftp.ethanshow.com /d:/html/users/ethanshowcom/html/2000/06 149t.jpg
2001.05.30 23:54 B E:\www\ethan\2000\06\200.jpg --> ftp.ethanshow.com /d:/html/users/ethanshowcom/html/2000/06 200.jpg
2001.05.30 23:54 B E:\www\ethan\2000\06\200t.jpg --> ftp.ethanshow.com /d:/html/users/ethanshowcom/html/2000/06 200t.jpg
2001.05.30 23:54 B E:\www\ethan\2000\06\201.jpg --> ftp.ethanshow.com /d:/html/users/ethanshowcom/html/2000/06 201.jpg
2001.05.30 23:54 B E:\www\ethan\2000\06\201t.jpg --> ftp.ethanshow.com /d:/html/users/ethanshowcom/html/2000/06 201t.jpg
2001.05.30 23:54 B E:\www\ethan\2000\06\202.jpg --> ftp.ethanshow.com /d:/html/users/ethanshowcom/html/2000/06 202.jpg
2001.05.30 23:54 B E:\www\ethan\2000\06\202t.jpg --> ftp.ethanshow.com /d:/html/users/ethanshowcom/html/2000/06 202t.jpg
2001.05.30 23:54 B E:\www\ethan\2000\06\203.jpg --> ftp.ethanshow.com /d:/html/users/ethanshowcom/html/2000/06 203.jpg
2001.05.30 23:54 B E:\www\ethan\2000\06\203t.jpg --> ftp.ethanshow.com /d:/html/users/ethanshowcom/html/2000/06 203t.jpg
2001.05.30 23:54 B E:\www\ethan\2000\06\205.jpg --> ftp.ethanshow.com /d:/html/users/ethanshowcom/html/2000/06 205.jpg
2001.05.30 23:54 B E:\www\ethan\2000\06\205t.jpg --> ftp.ethanshow.com /d:/html/users/ethanshowcom/html/2000/06 205t.jpg
2001.05.30 23:54 B E:\www\ethan\2000\06\206.jpg --> ftp.ethanshow.com /d:/html/users/ethanshowcom/html/2000/06 206.jpg
2001.05.30 23:54 B E:\www\ethan\2000\06\206t.jpg --> ftp.ethanshow.com /d:/html/users/ethanshowcom/html/2000/06 206t.jpg
2001.05.30 23:54 B E:\www\ethan\2000\06\207.jpg --> ftp.ethanshow.com /d:/html/users/ethanshowcom/html/2000/06 207.jpg
2001.05.30 23:54 B E:\www\ethan\2000\06\207t.jpg --> ftp.ethanshow.com /d:/html/users/ethanshowcom/html/2000/06 207t.jpg
2001.05.30 23:55 B E:\www\ethan\2000\06\208.jpg --> ftp.ethanshow.com /d:/html/users/ethanshowcom/html/2000/06 208.jpg
2001.05.30 23:55 B E:\www\ethan\2000\06\208t.jpg --> ftp.ethanshow.com /d:/html/users/ethanshowcom/html/2000/06 208t.jpg
2001.05.30 23:55 B E:\www\ethan\2000\06\209.jpg --> ftp.ethanshow.com /d:/html/users/ethanshowcom/html/2000/06 209.jpg
2001.05.30 23:55 B E:\www\ethan\2000\06\209t.jpg --> ftp.ethanshow.com /d:/html/users/ethanshowcom/html/2000/06 209t.jpg
2001.05.30 23:55 B E:\www\ethan\2000\06\300.jpg --> ftp.ethanshow.com /d:/html/users/ethanshowcom/html/2000/06 300.jpg
2001.05.30 23:55 B E:\www\ethan\2000\06\300t.jpg --> ftp.ethanshow.com /d:/html/users/ethanshowcom/html/2000/06 300t.jpg
2001.05.30 23:55 B E:\www\ethan\2000\06\301.jpg --> ftp.ethanshow.com /d:/html/users/ethanshowcom/html/2000/06 301.jpg
2001.05.30 23:55 B E:\www\ethan\2000\06\301t.jpg --> ftp.ethanshow.com /d:/html/users/ethanshowcom/html/2000/06 301t.jpg
2001.05.30 23:55 B E:\www\ethan\2000\06\302.jpg --> ftp.ethanshow.com /d:/html/users/ethanshowcom/html/2000/06 302.jpg
2001.05.30 23:55 B E:\www\ethan\2000\06\302t.jpg --> ftp.ethanshow.com /d:/html/users/ethanshowcom/html/2000/06 302t.jpg
2001.05.30 23:55 B E:\www\ethan\2000\06\305.jpg --> ftp.ethanshow.com /d:/html/users/ethanshowcom/html/2000/06 305.jpg
2001.05.30 23:55 B E:\www\ethan\2000\06\305t.jpg --> ftp.ethanshow.com /d:/html/users/ethanshowcom/html/2000/06 305t.jpg
2001.05.30 23:55 B E:\www\ethan\2000\06\307.jpg --> ftp.ethanshow.com /d:/html/users/ethanshowcom/html/2000/06 307.jpg
2001.05.30 23:55 B E:\www\ethan\2000\06\307t.jpg --> ftp.ethanshow.com /d:/html/users/ethanshowcom/html/2000/06 307t.jpg
2001.05.30 23:55 B E:\www\ethan\2000\06\308.jpg --> ftp.ethanshow.com /d:/html/users/ethanshowcom/html/2000/06 308.jpg
2001.05.30 23:55 B E:\www\ethan\2000\06\308t.jpg --> ftp.ethanshow.com /d:/html/users/ethanshowcom/html/2000/06 308t.jpg
2001.05.30 23:55 B E:\www\ethan\2000\06\309.jpg --> ftp.ethanshow.com /d:/html/users/ethanshowcom/html/2000/06 309.jpg
2001.05.30 23:56 B E:\www\ethan\2000\06\309t.jpg --> ftp.ethanshow.com /d:/html/users/ethanshowcom/html/2000/06 309t.jpg
2001.05.30 23:56 B E:\www\ethan\2000\06\310.jpg --> ftp.ethanshow.com /d:/html/users/ethanshowcom/html/2000/06 310.jpg
2001.05.30 23:56 B E:\www\ethan\2000\06\310t.jpg --> ftp.ethanshow.com /d:/html/users/ethanshowcom/html/2000/06 310t.jpg
2001.05.30 23:56 B E:\www\ethan\2000\06\312.jpg --> ftp.ethanshow.com /d:/html/users/ethanshowcom/html/2000/06 312.jpg
2001.05.30 23:56 B E:\www\ethan\2000\06\312t.jpg --> ftp.ethanshow.com /d:/html/users/ethanshowcom/html/2000/06 312t.jpg
2001.05.30 23:56 B E:\www\ethan\2000\06\313.jpg --> ftp.ethanshow.com /d:/html/users/ethanshowcom/html/2000/06 313.jpg
2001.05.30 23:56 B E:\www\ethan\2000\06\313t.jpg --> ftp.ethanshow.com /d:/html/users/ethanshowcom/html/2000/06 313t.jpg
2001.05.30 23:56 B E:\www\ethan\2000\06\314.jpg --> ftp.ethanshow.com /d:/html/users/ethanshowcom/html/2000/06 314.jpg
2001.05.30 23:56 B E:\www\ethan\2000\06\314t.jpg --> ftp.ethanshow.com /d:/html/users/ethanshowcom/html/2000/06 314t.jpg
2001.05.30 23:56 B E:\www\ethan\2000\06\315.jpg --> ftp.ethanshow.com /d:/html/users/ethanshowcom/html/2000/06 315.jpg
2001.05.30 23:56 B E:\www\ethan\2000\06\315t.jpg --> ftp.ethanshow.com /d:/html/users/ethanshowcom/html/2000/06 315t.jpg
2001.05.30 23:56 B E:\www\ethan\2000\06\318.jpg --> ftp.ethanshow.com /d:/html/users/ethanshowcom/html/2000/06 318.jpg
2001.05.30 23:56 B E:\www\ethan\2000\06\318t.jpg --> ftp.ethanshow.com /d:/html/users/ethanshowcom/html/2000/06 318t.jpg
2001.05.30 23:56 B E:\www\ethan\2000\06\321.jpg --> ftp.ethanshow.com /d:/html/users/ethanshowcom/html/2000/06 321.jpg
2001.05.30 23:56 B E:\www\ethan\2000\06\321t.jpg --> ftp.ethanshow.com /d:/html/users/ethanshowcom/html/2000/06 321t.jpg
2001.05.30 23:57 B E:\www\ethan\2000\06\323.jpg --> ftp.ethanshow.com /d:/html/users/ethanshowcom/html/2000/06 323.jpg
2001.05.30 23:57 B E:\www\ethan\2000\06\323t.jpg --> ftp.ethanshow.com /d:/html/users/ethanshowcom/html/2000/06 323t.jpg
2001.05.30 23:57 B E:\www\ethan\2000\06\324.jpg --> ftp.ethanshow.com /d:/html/users/ethanshowcom/html/2000/06 324.jpg
2001.05.30 23:57 B E:\www\ethan\2000\06\324t.jpg --> ftp.ethanshow.com /d:/html/users/ethanshowcom/html/2000/06 324t.jpg
2001.05.30 23:57 B E:\www\ethan\2000\06\325.jpg --> ftp.ethanshow.com /d:/html/users/ethanshowcom/html/2000/06 325.jpg
2001.05.30 23:57 B E:\www\ethan\2000\06\325t.jpg --> ftp.ethanshow.com /d:/html/users/ethanshowcom/html/2000/06 325t.jpg
2001.05.30 23:57 B E:\www\ethan\2000\06\326.jpg --> ftp.ethanshow.com /d:/html/users/ethanshowcom/html/2000/06 326.jpg
2001.05.30 23:57 B E:\www\ethan\2000\06\326t.jpg --> ftp.ethanshow.com /d:/html/users/ethanshowcom/html/2000/06 326t.jpg
2001.05.30 23:57 B E:\www\ethan\2000\06\327.jpg --> ftp.ethanshow.com /d:/html/users/ethanshowcom/html/2000/06 327.jpg
2001.05.30 23:57 B E:\www\ethan\2000\06\327t.jpg --> ftp.ethanshow.com /d:/html/users/ethanshowcom/html/2000/06 327t.jpg
2001.05.30 23:57 B E:\www\ethan\2000\06\328.jpg --> ftp.ethanshow.com /d:/html/users/ethanshowcom/html/2000/06 328.jpg
2001.05.30 23:57 B E:\www\ethan\2000\06\328t.jpg --> ftp.ethanshow.com /d:/html/users/ethanshowcom/html/2000/06 328t.jpg
2001.05.30 23:57 B E:\www\ethan\2000\06\329.jpg --> ftp.ethanshow.com /d:/html/users/ethanshowcom/html/2000/06 329.jpg
2001.05.30 23:57 B E:\www\ethan\2000\06\329t.jpg --> ftp.ethanshow.com /d:/html/users/ethanshowcom/html/2000/06 329t.jpg
2001.05.30 23:57 B E:\www\ethan\2000\06\330.jpg --> ftp.ethanshow.com /d:/html/users/ethanshowcom/html/2000/06 330.jpg
2001.05.30 23:58 B E:\www\ethan\2000\06\330t.jpg --> ftp.ethanshow.com /d:/html/users/ethanshowcom/html/2000/06 330t.jpg
2001.05.30 23:58 B E:\www\ethan\2000\06\333.jpg --> ftp.ethanshow.com /d:/html/users/ethanshowcom/html/2000/06 333.jpg
2001.05.30 23:58 B E:\www\ethan\2000\06\333t.jpg --> ftp.ethanshow.com /d:/html/users/ethanshowcom/html/2000/06 333t.jpg
2001.05.30 23:58 B E:\www\ethan\2000\06\334.jpg --> ftp.ethanshow.com /d:/html/users/ethanshowcom/html/2000/06 334.jpg
2001.05.30 23:58 B E:\www\ethan\2000\06\334t.jpg --> ftp.ethanshow.com /d:/html/users/ethanshowcom/html/2000/06 334t.jpg
2001.05.30 23:58 B E:\www\ethan\2000\06\336.jpg --> ftp.ethanshow.com /d:/html/users/ethanshowcom/html/2000/06 336.jpg
2001.05.30 23:58 B E:\www\ethan\2000\06\336t.jpg --> ftp.ethanshow.com /d:/html/users/ethanshowcom/html/2000/06 336t.jpg
2001.05.30 23:58 B E:\www\ethan\2000\06\338.jpg --> ftp.ethanshow.com /d:/html/users/ethanshowcom/html/2000/06 338.jpg
2001.05.30 23:58 B E:\www\ethan\2000\06\338t.jpg --> ftp.ethanshow.com /d:/html/users/ethanshowcom/html/2000/06 338t.jpg
2001.05.30 23:58 B E:\www\ethan\2000\06\days.htm --> ftp.ethanshow.com /d:/html/users/ethanshowcom/html/2000/06 days.htm
2001.05.30 23:58 B E:\www\ethan\2000\06\jun03.htm --> ftp.ethanshow.com /d:/html/users/ethanshowcom/html/2000/06 jun03.htm
2001.05.30 23:58 B E:\www\ethan\2000\06\jun03a.htm --> ftp.ethanshow.com /d:/html/users/ethanshowcom/html/2000/06 jun03a.htm
2001.05.30 23:58 B E:\www\ethan\2000\06\jun04.htm --> ftp.ethanshow.com /d:/html/users/ethanshowcom/html/2000/06 jun04.htm
2001.05.30 23:58 B E:\www\ethan\2000\06\jun04a.htm --> ftp.ethanshow.com /d:/html/users/ethanshowcom/html/2000/06 jun04a.htm
2001.05.30 23:58 B E:\www\ethan\2000\06\jun05.htm --> ftp.ethanshow.com /d:/html/users/ethanshowcom/html/2000/06 jun05.htm
2001.05.30 23:58 B E:\www\ethan\2000\06\jun05a.htm --> ftp.ethanshow.com /d:/html/users/ethanshowcom/html/2000/06 jun05a.htm
2001.05.30 23:58 B E:\www\ethan\2000\06\jun07.htm --> ftp.ethanshow.com /d:/html/users/ethanshowcom/html/2000/06 jun07.htm
2001.05.30 23:58 B E:\www\ethan\2000\06\jun07a.htm --> ftp.ethanshow.com /d:/html/users/ethanshowcom/html/2000/06 jun07a.htm
2001.05.30 23:58 B E:\www\ethan\2000\06\jun09.htm --> ftp.ethanshow.com /d:/html/users/ethanshowcom/html/2000/06 jun09.htm
2001.05.30 23:58 B E:\www\ethan\2000\06\jun09a.htm --> ftp.ethanshow.com /d:/html/users/ethanshowcom/html/2000/06 jun09a.htm
2001.05.30 23:58 B E:\www\ethan\2000\06\jun11.htm --> ftp.ethanshow.com /d:/html/users/ethanshowcom/html/2000/06 jun11.htm
2001.05.30 23:58 B E:\www\ethan\2000\06\jun11a.htm --> ftp.ethanshow.com /d:/html/users/ethanshowcom/html/2000/06 jun11a.htm
2001.05.30 23:58 B E:\www\ethan\2000\06\jun15.htm --> ftp.ethanshow.com /d:/html/users/ethanshowcom/html/2000/06 jun15.htm
2001.05.30 23:58 B E:\www\ethan\2000\06\jun15a.htm --> ftp.ethanshow.com /d:/html/users/ethanshowcom/html/2000/06 jun15a.htm
2001.05.30 23:58 B E:\www\ethan\2000\06\jun16.htm --> ftp.ethanshow.com /d:/html/users/ethanshowcom/html/2000/06 jun16.htm
2001.05.30 23:58 B E:\www\ethan\2000\06\jun16a.htm --> ftp.ethanshow.com /d:/html/users/ethanshowcom/html/2000/06 jun16a.htm
2001.05.30 23:58 B E:\www\ethan\2000\06\jun18.htm --> ftp.ethanshow.com /d:/html/users/ethanshowcom/html/2000/06 jun18.htm
2001.05.30 23:59 B E:\www\ethan\2000\06\jun18a.htm --> ftp.ethanshow.com /d:/html/users/ethanshowcom/html/2000/06 jun18a.htm
2001.05.30 23:59 B E:\www\ethan\2000\06\jun19.htm --> ftp.ethanshow.com /d:/html/users/ethanshowcom/html/2000/06 jun19.htm
2001.05.30 23:59 B E:\www\ethan\2000\06\jun19a.htm --> ftp.ethanshow.com /d:/html/users/ethanshowcom/html/2000/06 jun19a.htm
2001.05.30 23:59 B E:\www\ethan\2000\06\jun20.htm --> ftp.ethanshow.com /d:/html/users/ethanshowcom/html/2000/06 jun20.htm
2001.05.30 23:59 B E:\www\ethan\2000\06\jun20a.htm --> ftp.ethanshow.com /d:/html/users/ethanshowcom/html/2000/06 jun20a.htm
2001.05.30 23:59 B E:\www\ethan\2000\06\jun21.htm --> ftp.ethanshow.com /d:/html/users/ethanshowcom/html/2000/06 jun21.htm
2001.05.30 23:59 B E:\www\ethan\2000\06\jun21a.htm --> ftp.ethanshow.com /d:/html/users/ethanshowcom/html/2000/06 jun21a.htm
2001.05.30 23:59 B E:\www\ethan\2000\06\jun23.htm --> ftp.ethanshow.com /d:/html/users/ethanshowcom/html/2000/06 jun23.htm
2001.05.30 23:59 B E:\www\ethan\2000\06\jun23a.htm --> ftp.ethanshow.com /d:/html/users/ethanshowcom/html/2000/06 jun23a.htm
2001.05.30 23:59 B E:\www\ethan\2000\06\jun24.htm --> ftp.ethanshow.com /d:/html/users/ethanshowcom/html/2000/06 jun24.htm
2001.05.30 23:59 B E:\www\ethan\2000\06\jun24a.htm --> ftp.ethanshow.com /d:/html/users/ethanshowcom/html/2000/06 jun24a.htm
2001.05.30 23:59 B E:\www\ethan\2000\06\jun28.htm --> ftp.ethanshow.com /d:/html/users/ethanshowcom/html/2000/06 jun28.htm
2001.05.30 23:59 B E:\www\ethan\2000\06\jun28a.htm --> ftp.ethanshow.com /d:/html/users/ethanshowcom/html/2000/06 jun28a.htm
2001.05.30 23:59 B E:\www\ethan\2000\06\jun29.htm --> ftp.ethanshow.com /d:/html/users/ethanshowcom/html/2000/06 jun29.htm
2001.05.30 23:59 B E:\www\ethan\2000\06\jun29a.htm --> ftp.ethanshow.com /d:/html/users/ethanshowcom/html/2000/06 jun29a.htm
2001.05.30 23:59 B E:\www\ethan\2000\06\jun30.htm --> ftp.ethanshow.com /d:/html/users/ethanshowcom/html/2000/06 jun30.htm
2001.05.30 23:59 B E:\www\ethan\2000\06\jun30a.htm --> ftp.ethanshow.com /d:/html/users/ethanshowcom/html/2000/06 jun30a.htm
2001.05.30 23:59 B E:\www\ethan\2000\06\nav.htm --> ftp.ethanshow.com /d:/html/users/ethanshowcom/html/2000/06 nav.htm
