2001.05.31 00:25 B E:\www\ethan\2000\09\101.jpg --> ftp.ethanshow.com /d:/html/users/ethanshowcom/html/2000/09 101.jpg
2001.05.31 00:25 B E:\www\ethan\2000\09\101t.jpg --> ftp.ethanshow.com /d:/html/users/ethanshowcom/html/2000/09 101t.jpg
2001.05.31 00:25 B E:\www\ethan\2000\09\104.jpg --> ftp.ethanshow.com /d:/html/users/ethanshowcom/html/2000/09 104.jpg
2001.05.31 00:25 B E:\www\ethan\2000\09\104t.jpg --> ftp.ethanshow.com /d:/html/users/ethanshowcom/html/2000/09 104t.jpg
2001.05.31 00:25 B E:\www\ethan\2000\09\107.jpg --> ftp.ethanshow.com /d:/html/users/ethanshowcom/html/2000/09 107.jpg
2001.05.31 00:25 B E:\www\ethan\2000\09\107t.jpg --> ftp.ethanshow.com /d:/html/users/ethanshowcom/html/2000/09 107t.jpg
2001.05.31 00:25 B E:\www\ethan\2000\09\108.jpg --> ftp.ethanshow.com /d:/html/users/ethanshowcom/html/2000/09 108.jpg
2001.05.31 00:25 B E:\www\ethan\2000\09\108t.jpg --> ftp.ethanshow.com /d:/html/users/ethanshowcom/html/2000/09 108t.jpg
2001.05.31 00:25 B E:\www\ethan\2000\09\114.jpg --> ftp.ethanshow.com /d:/html/users/ethanshowcom/html/2000/09 114.jpg
2001.05.31 00:25 B E:\www\ethan\2000\09\114t.jpg --> ftp.ethanshow.com /d:/html/users/ethanshowcom/html/2000/09 114t.jpg
2001.05.31 00:25 B E:\www\ethan\2000\09\118.jpg --> ftp.ethanshow.com /d:/html/users/ethanshowcom/html/2000/09 118.jpg
2001.05.31 00:26 B E:\www\ethan\2000\09\118t.jpg --> ftp.ethanshow.com /d:/html/users/ethanshowcom/html/2000/09 118t.jpg
2001.05.31 00:26 B E:\www\ethan\2000\09\120.jpg --> ftp.ethanshow.com /d:/html/users/ethanshowcom/html/2000/09 120.jpg
2001.05.31 00:26 B E:\www\ethan\2000\09\120t.jpg --> ftp.ethanshow.com /d:/html/users/ethanshowcom/html/2000/09 120t.jpg
2001.05.31 00:26 B E:\www\ethan\2000\09\121.jpg --> ftp.ethanshow.com /d:/html/users/ethanshowcom/html/2000/09 121.jpg
2001.05.31 00:26 B E:\www\ethan\2000\09\121t.jpg --> ftp.ethanshow.com /d:/html/users/ethanshowcom/html/2000/09 121t.jpg
2001.05.31 00:26 B E:\www\ethan\2000\09\122.jpg --> ftp.ethanshow.com /d:/html/users/ethanshowcom/html/2000/09 122.jpg
2001.05.31 00:26 B E:\www\ethan\2000\09\122t.jpg --> ftp.ethanshow.com /d:/html/users/ethanshowcom/html/2000/09 122t.jpg
2001.05.31 00:26 B E:\www\ethan\2000\09\124.jpg --> ftp.ethanshow.com /d:/html/users/ethanshowcom/html/2000/09 124.jpg
2001.05.31 00:26 B E:\www\ethan\2000\09\124t.jpg --> ftp.ethanshow.com /d:/html/users/ethanshowcom/html/2000/09 124t.jpg
2001.05.31 00:26 B E:\www\ethan\2000\09\125.jpg --> ftp.ethanshow.com /d:/html/users/ethanshowcom/html/2000/09 125.jpg
2001.05.31 00:26 B E:\www\ethan\2000\09\125t.jpg --> ftp.ethanshow.com /d:/html/users/ethanshowcom/html/2000/09 125t.jpg
2001.05.31 00:26 B E:\www\ethan\2000\09\127.jpg --> ftp.ethanshow.com /d:/html/users/ethanshowcom/html/2000/09 127.jpg
2001.05.31 00:26 B E:\www\ethan\2000\09\127t.jpg --> ftp.ethanshow.com /d:/html/users/ethanshowcom/html/2000/09 127t.jpg
2001.05.31 00:26 B E:\www\ethan\2000\09\200.jpg --> ftp.ethanshow.com /d:/html/users/ethanshowcom/html/2000/09 200.jpg
2001.05.31 00:26 B E:\www\ethan\2000\09\200t.jpg --> ftp.ethanshow.com /d:/html/users/ethanshowcom/html/2000/09 200t.jpg
2001.05.31 00:26 B E:\www\ethan\2000\09\201.jpg --> ftp.ethanshow.com /d:/html/users/ethanshowcom/html/2000/09 201.jpg
2001.05.31 00:27 B E:\www\ethan\2000\09\201t.jpg --> ftp.ethanshow.com /d:/html/users/ethanshowcom/html/2000/09 201t.jpg
2001.05.31 00:27 B E:\www\ethan\2000\09\202.jpg --> ftp.ethanshow.com /d:/html/users/ethanshowcom/html/2000/09 202.jpg
2001.05.31 00:27 B E:\www\ethan\2000\09\202t.jpg --> ftp.ethanshow.com /d:/html/users/ethanshowcom/html/2000/09 202t.jpg
2001.05.31 00:27 B E:\www\ethan\2000\09\203.jpg --> ftp.ethanshow.com /d:/html/users/ethanshowcom/html/2000/09 203.jpg
2001.05.31 00:27 B E:\www\ethan\2000\09\203t.jpg --> ftp.ethanshow.com /d:/html/users/ethanshowcom/html/2000/09 203t.jpg
2001.05.31 00:27 B E:\www\ethan\2000\09\204.jpg --> ftp.ethanshow.com /d:/html/users/ethanshowcom/html/2000/09 204.jpg
2001.05.31 00:27 B E:\www\ethan\2000\09\204t.jpg --> ftp.ethanshow.com /d:/html/users/ethanshowcom/html/2000/09 204t.jpg
2001.05.31 00:27 B E:\www\ethan\2000\09\205.jpg --> ftp.ethanshow.com /d:/html/users/ethanshowcom/html/2000/09 205.jpg
2001.05.31 00:27 B E:\www\ethan\2000\09\205t.jpg --> ftp.ethanshow.com /d:/html/users/ethanshowcom/html/2000/09 205t.jpg
2001.05.31 00:27 B E:\www\ethan\2000\09\206.jpg --> ftp.ethanshow.com /d:/html/users/ethanshowcom/html/2000/09 206.jpg
2001.05.31 00:27 B E:\www\ethan\2000\09\206t.jpg --> ftp.ethanshow.com /d:/html/users/ethanshowcom/html/2000/09 206t.jpg
2001.05.31 00:27 B E:\www\ethan\2000\09\207.jpg --> ftp.ethanshow.com /d:/html/users/ethanshowcom/html/2000/09 207.jpg
2001.05.31 00:27 B E:\www\ethan\2000\09\207t.jpg --> ftp.ethanshow.com /d:/html/users/ethanshowcom/html/2000/09 207t.jpg
2001.05.31 00:28 B E:\www\ethan\2000\09\208.jpg --> ftp.ethanshow.com /d:/html/users/ethanshowcom/html/2000/09 208.jpg
2001.05.31 00:28 B E:\www\ethan\2000\09\208t.jpg --> ftp.ethanshow.com /d:/html/users/ethanshowcom/html/2000/09 208t.jpg
2001.05.31 00:28 B E:\www\ethan\2000\09\209.jpg --> ftp.ethanshow.com /d:/html/users/ethanshowcom/html/2000/09 209.jpg
2001.05.31 00:28 B E:\www\ethan\2000\09\209t.jpg --> ftp.ethanshow.com /d:/html/users/ethanshowcom/html/2000/09 209t.jpg
2001.05.31 00:28 B E:\www\ethan\2000\09\210.jpg --> ftp.ethanshow.com /d:/html/users/ethanshowcom/html/2000/09 210.jpg
2001.05.31 00:28 B E:\www\ethan\2000\09\210t.jpg --> ftp.ethanshow.com /d:/html/users/ethanshowcom/html/2000/09 210t.jpg
2001.05.31 00:28 B E:\www\ethan\2000\09\211.jpg --> ftp.ethanshow.com /d:/html/users/ethanshowcom/html/2000/09 211.jpg
2001.05.31 00:28 B E:\www\ethan\2000\09\211t.jpg --> ftp.ethanshow.com /d:/html/users/ethanshowcom/html/2000/09 211t.jpg
2001.05.31 00:28 B E:\www\ethan\2000\09\215.jpg --> ftp.ethanshow.com /d:/html/users/ethanshowcom/html/2000/09 215.jpg
2001.05.31 00:28 B E:\www\ethan\2000\09\215t.jpg --> ftp.ethanshow.com /d:/html/users/ethanshowcom/html/2000/09 215t.jpg
2001.05.31 00:28 B E:\www\ethan\2000\09\216.jpg --> ftp.ethanshow.com /d:/html/users/ethanshowcom/html/2000/09 216.jpg
2001.05.31 00:28 B E:\www\ethan\2000\09\216t.jpg --> ftp.ethanshow.com /d:/html/users/ethanshowcom/html/2000/09 216t.jpg
2001.05.31 00:28 B E:\www\ethan\2000\09\220.jpg --> ftp.ethanshow.com /d:/html/users/ethanshowcom/html/2000/09 220.jpg
2001.05.31 00:28 B E:\www\ethan\2000\09\220t.jpg --> ftp.ethanshow.com /d:/html/users/ethanshowcom/html/2000/09 220t.jpg
2001.05.31 00:29 B E:\www\ethan\2000\09\221.jpg --> ftp.ethanshow.com /d:/html/users/ethanshowcom/html/2000/09 221.jpg
2001.05.31 00:29 B E:\www\ethan\2000\09\221t.jpg --> ftp.ethanshow.com /d:/html/users/ethanshowcom/html/2000/09 221t.jpg
2001.05.31 00:29 B E:\www\ethan\2000\09\224.jpg --> ftp.ethanshow.com /d:/html/users/ethanshowcom/html/2000/09 224.jpg
2001.05.31 00:29 B E:\www\ethan\2000\09\224t.jpg --> ftp.ethanshow.com /d:/html/users/ethanshowcom/html/2000/09 224t.jpg
2001.05.31 00:29 B E:\www\ethan\2000\09\225.jpg --> ftp.ethanshow.com /d:/html/users/ethanshowcom/html/2000/09 225.jpg
2001.05.31 00:29 B E:\www\ethan\2000\09\225t.jpg --> ftp.ethanshow.com /d:/html/users/ethanshowcom/html/2000/09 225t.jpg
2001.05.31 00:29 B E:\www\ethan\2000\09\227.jpg --> ftp.ethanshow.com /d:/html/users/ethanshowcom/html/2000/09 227.jpg
2001.05.31 00:29 B E:\www\ethan\2000\09\227t.jpg --> ftp.ethanshow.com /d:/html/users/ethanshowcom/html/2000/09 227t.jpg
2001.05.31 00:29 B E:\www\ethan\2000\09\228.jpg --> ftp.ethanshow.com /d:/html/users/ethanshowcom/html/2000/09 228.jpg
2001.05.31 00:29 B E:\www\ethan\2000\09\228t.jpg --> ftp.ethanshow.com /d:/html/users/ethanshowcom/html/2000/09 228t.jpg
2001.05.31 00:29 B E:\www\ethan\2000\09\229.jpg --> ftp.ethanshow.com /d:/html/users/ethanshowcom/html/2000/09 229.jpg
2001.05.31 00:29 B E:\www\ethan\2000\09\229t.jpg --> ftp.ethanshow.com /d:/html/users/ethanshowcom/html/2000/09 229t.jpg
2001.05.31 00:29 B E:\www\ethan\2000\09\230.jpg --> ftp.ethanshow.com /d:/html/users/ethanshowcom/html/2000/09 230.jpg
2001.05.31 00:30 B E:\www\ethan\2000\09\230t.jpg --> ftp.ethanshow.com /d:/html/users/ethanshowcom/html/2000/09 230t.jpg
2001.05.31 00:30 B E:\www\ethan\2000\09\231.jpg --> ftp.ethanshow.com /d:/html/users/ethanshowcom/html/2000/09 231.jpg
2001.05.31 00:30 B E:\www\ethan\2000\09\231t.jpg --> ftp.ethanshow.com /d:/html/users/ethanshowcom/html/2000/09 231t.jpg
2001.05.31 00:30 B E:\www\ethan\2000\09\232.jpg --> ftp.ethanshow.com /d:/html/users/ethanshowcom/html/2000/09 232.jpg
2001.05.31 00:30 B E:\www\ethan\2000\09\232t.jpg --> ftp.ethanshow.com /d:/html/users/ethanshowcom/html/2000/09 232t.jpg
2001.05.31 00:30 B E:\www\ethan\2000\09\233.jpg --> ftp.ethanshow.com /d:/html/users/ethanshowcom/html/2000/09 233.jpg
2001.05.31 00:30 B E:\www\ethan\2000\09\233t.jpg --> ftp.ethanshow.com /d:/html/users/ethanshowcom/html/2000/09 233t.jpg
2001.05.31 00:30 B E:\www\ethan\2000\09\234.jpg --> ftp.ethanshow.com /d:/html/users/ethanshowcom/html/2000/09 234.jpg
2001.05.31 00:30 B E:\www\ethan\2000\09\234t.jpg --> ftp.ethanshow.com /d:/html/users/ethanshowcom/html/2000/09 234t.jpg
2001.05.31 00:30 B E:\www\ethan\2000\09\235.jpg --> ftp.ethanshow.com /d:/html/users/ethanshowcom/html/2000/09 235.jpg
2001.05.31 00:30 B E:\www\ethan\2000\09\235t.jpg --> ftp.ethanshow.com /d:/html/users/ethanshowcom/html/2000/09 235t.jpg
2001.05.31 00:30 B E:\www\ethan\2000\09\238.jpg --> ftp.ethanshow.com /d:/html/users/ethanshowcom/html/2000/09 238.jpg
2001.05.31 00:30 B E:\www\ethan\2000\09\238t.jpg --> ftp.ethanshow.com /d:/html/users/ethanshowcom/html/2000/09 238t.jpg
2001.05.31 00:30 B E:\www\ethan\2000\09\239.jpg --> ftp.ethanshow.com /d:/html/users/ethanshowcom/html/2000/09 239.jpg
2001.05.31 00:30 B E:\www\ethan\2000\09\239t.jpg --> ftp.ethanshow.com /d:/html/users/ethanshowcom/html/2000/09 239t.jpg
2001.05.31 00:31 B E:\www\ethan\2000\09\301.jpg --> ftp.ethanshow.com /d:/html/users/ethanshowcom/html/2000/09 301.jpg
2001.05.31 00:31 B E:\www\ethan\2000\09\301t.jpg --> ftp.ethanshow.com /d:/html/users/ethanshowcom/html/2000/09 301t.jpg
2001.05.31 00:31 B E:\www\ethan\2000\09\302.JPG --> ftp.ethanshow.com /d:/html/users/ethanshowcom/html/2000/09 302.JPG
2001.05.31 00:31 B E:\www\ethan\2000\09\302t.jpg --> ftp.ethanshow.com /d:/html/users/ethanshowcom/html/2000/09 302t.jpg
2001.05.31 00:31 B E:\www\ethan\2000\09\311.jpg --> ftp.ethanshow.com /d:/html/users/ethanshowcom/html/2000/09 311.jpg
2001.05.31 00:31 B E:\www\ethan\2000\09\311t.jpg --> ftp.ethanshow.com /d:/html/users/ethanshowcom/html/2000/09 311t.jpg
2001.05.31 00:31 B E:\www\ethan\2000\09\312.jpg --> ftp.ethanshow.com /d:/html/users/ethanshowcom/html/2000/09 312.jpg
2001.05.31 00:31 B E:\www\ethan\2000\09\312t.jpg --> ftp.ethanshow.com /d:/html/users/ethanshowcom/html/2000/09 312t.jpg
2001.05.31 00:32 B E:\www\ethan\2000\09\313.jpg --> ftp.ethanshow.com /d:/html/users/ethanshowcom/html/2000/09 313.jpg
2001.05.31 00:32 B E:\www\ethan\2000\09\313t.jpg --> ftp.ethanshow.com /d:/html/users/ethanshowcom/html/2000/09 313t.jpg
2001.05.31 00:32 B E:\www\ethan\2000\09\314.jpg --> ftp.ethanshow.com /d:/html/users/ethanshowcom/html/2000/09 314.jpg
2001.05.31 00:32 B E:\www\ethan\2000\09\314t.jpg --> ftp.ethanshow.com /d:/html/users/ethanshowcom/html/2000/09 314t.jpg
2001.05.31 00:32 B E:\www\ethan\2000\09\315.jpg --> ftp.ethanshow.com /d:/html/users/ethanshowcom/html/2000/09 315.jpg
2001.05.31 00:32 B E:\www\ethan\2000\09\315t.jpg --> ftp.ethanshow.com /d:/html/users/ethanshowcom/html/2000/09 315t.jpg
2001.05.31 00:32 B E:\www\ethan\2000\09\321.JPG --> ftp.ethanshow.com /d:/html/users/ethanshowcom/html/2000/09 321.JPG
2001.05.31 00:32 B E:\www\ethan\2000\09\321t.jpg --> ftp.ethanshow.com /d:/html/users/ethanshowcom/html/2000/09 321t.jpg
2001.05.31 00:32 B E:\www\ethan\2000\09\322.jpg --> ftp.ethanshow.com /d:/html/users/ethanshowcom/html/2000/09 322.jpg
2001.05.31 00:32 B E:\www\ethan\2000\09\322t.jpg --> ftp.ethanshow.com /d:/html/users/ethanshowcom/html/2000/09 322t.jpg
2001.05.31 00:32 B E:\www\ethan\2000\09\323.jpg --> ftp.ethanshow.com /d:/html/users/ethanshowcom/html/2000/09 323.jpg
2001.05.31 00:33 B E:\www\ethan\2000\09\323t.jpg --> ftp.ethanshow.com /d:/html/users/ethanshowcom/html/2000/09 323t.jpg
2001.05.31 00:33 B E:\www\ethan\2000\09\324.jpg --> ftp.ethanshow.com /d:/html/users/ethanshowcom/html/2000/09 324.jpg
2001.05.31 00:33 B E:\www\ethan\2000\09\324t.jpg --> ftp.ethanshow.com /d:/html/users/ethanshowcom/html/2000/09 324t.jpg
2001.05.31 00:33 B E:\www\ethan\2000\09\325.jpg --> ftp.ethanshow.com /d:/html/users/ethanshowcom/html/2000/09 325.jpg
2001.05.31 00:33 B E:\www\ethan\2000\09\325t.jpg --> ftp.ethanshow.com /d:/html/users/ethanshowcom/html/2000/09 325t.jpg
2001.05.31 00:33 B E:\www\ethan\2000\09\days.htm --> ftp.ethanshow.com /d:/html/users/ethanshowcom/html/2000/09 days.htm
2001.05.31 00:33 B E:\www\ethan\2000\09\eiffel.htm --> ftp.ethanshow.com /d:/html/users/ethanshowcom/html/2000/09 eiffel.htm
2001.05.31 00:33 B E:\www\ethan\2000\09\eiffela.htm --> ftp.ethanshow.com /d:/html/users/ethanshowcom/html/2000/09 eiffela.htm
2001.05.31 00:33 B E:\www\ethan\2000\09\nav.htm --> ftp.ethanshow.com /d:/html/users/ethanshowcom/html/2000/09 nav.htm
2001.05.31 00:33 B E:\www\ethan\2000\09\sep01.htm --> ftp.ethanshow.com /d:/html/users/ethanshowcom/html/2000/09 sep01.htm
2001.05.31 00:33 B E:\www\ethan\2000\09\sep01a.htm --> ftp.ethanshow.com /d:/html/users/ethanshowcom/html/2000/09 sep01a.htm
2001.05.31 00:33 B E:\www\ethan\2000\09\sep02.htm --> ftp.ethanshow.com /d:/html/users/ethanshowcom/html/2000/09 sep02.htm
2001.05.31 00:33 B E:\www\ethan\2000\09\sep02a.htm --> ftp.ethanshow.com /d:/html/users/ethanshowcom/html/2000/09 sep02a.htm
2001.05.31 00:33 B E:\www\ethan\2000\09\sep03.htm --> ftp.ethanshow.com /d:/html/users/ethanshowcom/html/2000/09 sep03.htm
2001.05.31 00:33 B E:\www\ethan\2000\09\sep03a.htm --> ftp.ethanshow.com /d:/html/users/ethanshowcom/html/2000/09 sep03a.htm
2001.05.31 00:33 B E:\www\ethan\2000\09\sep10.htm --> ftp.ethanshow.com /d:/html/users/ethanshowcom/html/2000/09 sep10.htm
2001.05.31 00:33 B E:\www\ethan\2000\09\sep10a.htm --> ftp.ethanshow.com /d:/html/users/ethanshowcom/html/2000/09 sep10a.htm
2001.05.31 00:33 B E:\www\ethan\2000\09\sep16.htm --> ftp.ethanshow.com /d:/html/users/ethanshowcom/html/2000/09 sep16.htm
2001.05.31 00:33 B E:\www\ethan\2000\09\sep16a.htm --> ftp.ethanshow.com /d:/html/users/ethanshowcom/html/2000/09 sep16a.htm
2001.05.31 00:33 B E:\www\ethan\2000\09\sep17.htm --> ftp.ethanshow.com /d:/html/users/ethanshowcom/html/2000/09 sep17.htm
2001.05.31 00:33 B E:\www\ethan\2000\09\sep17a.htm --> ftp.ethanshow.com /d:/html/users/ethanshowcom/html/2000/09 sep17a.htm
2001.05.31 00:33 B E:\www\ethan\2000\09\sep18.htm --> ftp.ethanshow.com /d:/html/users/ethanshowcom/html/2000/09 sep18.htm
2001.05.31 00:33 B E:\www\ethan\2000\09\sep18a.htm --> ftp.ethanshow.com /d:/html/users/ethanshowcom/html/2000/09 sep18a.htm
2001.05.31 00:33 B E:\www\ethan\2000\09\sep19.htm --> ftp.ethanshow.com /d:/html/users/ethanshowcom/html/2000/09 sep19.htm
2001.05.31 00:33 B E:\www\ethan\2000\09\sep19a.htm --> ftp.ethanshow.com /d:/html/users/ethanshowcom/html/2000/09 sep19a.htm
2001.05.31 00:33 B E:\www\ethan\2000\09\sep20.htm --> ftp.ethanshow.com /d:/html/users/ethanshowcom/html/2000/09 sep20.htm
2001.05.31 00:33 B E:\www\ethan\2000\09\sep20a.htm --> ftp.ethanshow.com /d:/html/users/ethanshowcom/html/2000/09 sep20a.htm
2001.05.31 00:33 B E:\www\ethan\2000\09\sep21.htm --> ftp.ethanshow.com /d:/html/users/ethanshowcom/html/2000/09 sep21.htm
2001.05.31 00:33 B E:\www\ethan\2000\09\sep21a.htm --> ftp.ethanshow.com /d:/html/users/ethanshowcom/html/2000/09 sep21a.htm
2001.05.31 00:33 B E:\www\ethan\2000\09\sep22.htm --> ftp.ethanshow.com /d:/html/users/ethanshowcom/html/2000/09 sep22.htm
2001.05.31 00:33 B E:\www\ethan\2000\09\sep22a.htm --> ftp.ethanshow.com /d:/html/users/ethanshowcom/html/2000/09 sep22a.htm
2001.05.31 00:33 B E:\www\ethan\2000\09\sep23.htm --> ftp.ethanshow.com /d:/html/users/ethanshowcom/html/2000/09 sep23.htm
2001.05.31 00:33 B E:\www\ethan\2000\09\sep23a.htm --> ftp.ethanshow.com /d:/html/users/ethanshowcom/html/2000/09 sep23a.htm
2001.05.31 00:33 B E:\www\ethan\2000\09\sep24.htm --> ftp.ethanshow.com /d:/html/users/ethanshowcom/html/2000/09 sep24.htm
2001.05.31 00:33 B E:\www\ethan\2000\09\sep24a.htm --> ftp.ethanshow.com /d:/html/users/ethanshowcom/html/2000/09 sep24a.htm
