2003.04.20 20:16 B D:\www\EthanShow\2003\04\138-3840_IMG.JPG --> ftp.ethanshow.com /d:/html/users/ethanshowcom/html/2003/04 138-3840_IMG.JPG
2003.04.20 20:16 B D:\www\EthanShow\2003\04\138-3840_IMGt.JPG --> ftp.ethanshow.com /d:/html/users/ethanshowcom/html/2003/04 138-3840_IMGt.JPG
2003.04.20 20:16 B D:\www\EthanShow\2003\04\138-3854_IMG.JPG --> ftp.ethanshow.com /d:/html/users/ethanshowcom/html/2003/04 138-3854_IMG.JPG
2003.04.20 20:16 B D:\www\EthanShow\2003\04\138-3854_IMGt.JPG --> ftp.ethanshow.com /d:/html/users/ethanshowcom/html/2003/04 138-3854_IMGt.JPG
2003.04.20 20:16 B D:\www\EthanShow\2003\04\138-3857_IMG.JPG --> ftp.ethanshow.com /d:/html/users/ethanshowcom/html/2003/04 138-3857_IMG.JPG
2003.04.20 20:16 B D:\www\EthanShow\2003\04\138-3857_IMGt.JPG --> ftp.ethanshow.com /d:/html/users/ethanshowcom/html/2003/04 138-3857_IMGt.JPG
2003.04.20 20:16 B D:\www\EthanShow\2003\04\138-3858_IMG.JPG --> ftp.ethanshow.com /d:/html/users/ethanshowcom/html/2003/04 138-3858_IMG.JPG
2003.04.20 20:16 B D:\www\EthanShow\2003\04\138-3858_IMGt.JPG --> ftp.ethanshow.com /d:/html/users/ethanshowcom/html/2003/04 138-3858_IMGt.JPG
2003.04.20 20:17 B D:\www\EthanShow\2003\04\138-3862_IMG.JPG --> ftp.ethanshow.com /d:/html/users/ethanshowcom/html/2003/04 138-3862_IMG.JPG
2003.04.20 20:17 B D:\www\EthanShow\2003\04\138-3862_IMGt.JPG --> ftp.ethanshow.com /d:/html/users/ethanshowcom/html/2003/04 138-3862_IMGt.JPG
2003.04.20 20:17 B D:\www\EthanShow\2003\04\138-3865_IMG.JPG --> ftp.ethanshow.com /d:/html/users/ethanshowcom/html/2003/04 138-3865_IMG.JPG
2003.04.20 20:17 B D:\www\EthanShow\2003\04\138-3865_IMGt.JPG --> ftp.ethanshow.com /d:/html/users/ethanshowcom/html/2003/04 138-3865_IMGt.JPG
2003.04.20 20:17 B D:\www\EthanShow\2003\04\138-3868_IMG.JPG --> ftp.ethanshow.com /d:/html/users/ethanshowcom/html/2003/04 138-3868_IMG.JPG
2003.04.20 20:17 B D:\www\EthanShow\2003\04\138-3868_IMGt.JPG --> ftp.ethanshow.com /d:/html/users/ethanshowcom/html/2003/04 138-3868_IMGt.JPG
2003.04.20 20:17 B D:\www\EthanShow\2003\04\138-3870_IMG.JPG --> ftp.ethanshow.com /d:/html/users/ethanshowcom/html/2003/04 138-3870_IMG.JPG
2003.04.20 20:17 B D:\www\EthanShow\2003\04\138-3870_IMGt.JPG --> ftp.ethanshow.com /d:/html/users/ethanshowcom/html/2003/04 138-3870_IMGt.JPG
2003.04.20 20:17 B D:\www\EthanShow\2003\04\138-3874_IMG.JPG --> ftp.ethanshow.com /d:/html/users/ethanshowcom/html/2003/04 138-3874_IMG.JPG
2003.04.20 20:17 B D:\www\EthanShow\2003\04\138-3874_IMGt.JPG --> ftp.ethanshow.com /d:/html/users/ethanshowcom/html/2003/04 138-3874_IMGt.JPG
2003.04.20 20:17 B D:\www\EthanShow\2003\04\138-3875_IMG.JPG --> ftp.ethanshow.com /d:/html/users/ethanshowcom/html/2003/04 138-3875_IMG.JPG
2003.04.20 20:17 B D:\www\EthanShow\2003\04\138-3875_IMGt.JPG --> ftp.ethanshow.com /d:/html/users/ethanshowcom/html/2003/04 138-3875_IMGt.JPG
2003.04.20 20:17 B D:\www\EthanShow\2003\04\138-3877_IMG.JPG --> ftp.ethanshow.com /d:/html/users/ethanshowcom/html/2003/04 138-3877_IMG.JPG
2003.04.20 20:17 B D:\www\EthanShow\2003\04\138-3877_IMGt.JPG --> ftp.ethanshow.com /d:/html/users/ethanshowcom/html/2003/04 138-3877_IMGt.JPG
2003.04.20 20:17 B D:\www\EthanShow\2003\04\138-3880_IMG.JPG --> ftp.ethanshow.com /d:/html/users/ethanshowcom/html/2003/04 138-3880_IMG.JPG
2003.04.20 20:17 B D:\www\EthanShow\2003\04\138-3880_IMGt.JPG --> ftp.ethanshow.com /d:/html/users/ethanshowcom/html/2003/04 138-3880_IMGt.JPG
2003.04.20 20:18 B D:\www\EthanShow\2003\04\138-3882_IMG.JPG --> ftp.ethanshow.com /d:/html/users/ethanshowcom/html/2003/04 138-3882_IMG.JPG
2003.04.20 20:18 B D:\www\EthanShow\2003\04\138-3882_IMGt.JPG --> ftp.ethanshow.com /d:/html/users/ethanshowcom/html/2003/04 138-3882_IMGt.JPG
2003.04.20 20:18 B D:\www\EthanShow\2003\04\138-3889_IMG.JPG --> ftp.ethanshow.com /d:/html/users/ethanshowcom/html/2003/04 138-3889_IMG.JPG
2003.04.20 20:18 B D:\www\EthanShow\2003\04\138-3889_IMGt.JPG --> ftp.ethanshow.com /d:/html/users/ethanshowcom/html/2003/04 138-3889_IMGt.JPG
2003.04.20 20:18 B D:\www\EthanShow\2003\04\138-3891_IMG.JPG --> ftp.ethanshow.com /d:/html/users/ethanshowcom/html/2003/04 138-3891_IMG.JPG
2003.04.20 20:18 B D:\www\EthanShow\2003\04\138-3891_IMGt.JPG --> ftp.ethanshow.com /d:/html/users/ethanshowcom/html/2003/04 138-3891_IMGt.JPG
2003.04.20 20:18 B D:\www\EthanShow\2003\04\138-3894_IMG.JPG --> ftp.ethanshow.com /d:/html/users/ethanshowcom/html/2003/04 138-3894_IMG.JPG
2003.04.20 20:18 B D:\www\EthanShow\2003\04\138-3894_IMGt.JPG --> ftp.ethanshow.com /d:/html/users/ethanshowcom/html/2003/04 138-3894_IMGt.JPG
2003.04.20 20:18 B D:\www\EthanShow\2003\04\138-3897_IMG.JPG --> ftp.ethanshow.com /d:/html/users/ethanshowcom/html/2003/04 138-3897_IMG.JPG
2003.04.20 20:18 B D:\www\EthanShow\2003\04\138-3897_IMGt.JPG --> ftp.ethanshow.com /d:/html/users/ethanshowcom/html/2003/04 138-3897_IMGt.JPG
2003.04.20 20:18 B D:\www\EthanShow\2003\04\139-3903_IMG.JPG --> ftp.ethanshow.com /d:/html/users/ethanshowcom/html/2003/04 139-3903_IMG.JPG
2003.04.20 20:18 B D:\www\EthanShow\2003\04\139-3903_IMGt.JPG --> ftp.ethanshow.com /d:/html/users/ethanshowcom/html/2003/04 139-3903_IMGt.JPG
2003.04.20 20:18 B D:\www\EthanShow\2003\04\139-3906_IMG.JPG --> ftp.ethanshow.com /d:/html/users/ethanshowcom/html/2003/04 139-3906_IMG.JPG
2003.04.20 20:18 B D:\www\EthanShow\2003\04\139-3906_IMGt.JPG --> ftp.ethanshow.com /d:/html/users/ethanshowcom/html/2003/04 139-3906_IMGt.JPG
2003.04.20 20:19 B D:\www\EthanShow\2003\04\139-3911_IMG.JPG --> ftp.ethanshow.com /d:/html/users/ethanshowcom/html/2003/04 139-3911_IMG.JPG
2003.04.20 20:19 B D:\www\EthanShow\2003\04\139-3911_IMGt.JPG --> ftp.ethanshow.com /d:/html/users/ethanshowcom/html/2003/04 139-3911_IMGt.JPG
2003.04.20 20:19 B D:\www\EthanShow\2003\04\139-3915_IMG.JPG --> ftp.ethanshow.com /d:/html/users/ethanshowcom/html/2003/04 139-3915_IMG.JPG
2003.04.20 20:19 B D:\www\EthanShow\2003\04\139-3915_IMGt.JPG --> ftp.ethanshow.com /d:/html/users/ethanshowcom/html/2003/04 139-3915_IMGt.JPG
2003.04.20 20:19 B D:\www\EthanShow\2003\04\139-3918_IMG.JPG --> ftp.ethanshow.com /d:/html/users/ethanshowcom/html/2003/04 139-3918_IMG.JPG
2003.04.20 20:19 B D:\www\EthanShow\2003\04\139-3918_IMGt.JPG --> ftp.ethanshow.com /d:/html/users/ethanshowcom/html/2003/04 139-3918_IMGt.JPG
2003.04.20 20:19 B D:\www\EthanShow\2003\04\139-3919_IMG.JPG --> ftp.ethanshow.com /d:/html/users/ethanshowcom/html/2003/04 139-3919_IMG.JPG
2003.04.20 20:19 B D:\www\EthanShow\2003\04\139-3919_IMGt.JPG --> ftp.ethanshow.com /d:/html/users/ethanshowcom/html/2003/04 139-3919_IMGt.JPG
2003.04.20 20:19 B D:\www\EthanShow\2003\04\139-3920_IMG.JPG --> ftp.ethanshow.com /d:/html/users/ethanshowcom/html/2003/04 139-3920_IMG.JPG
2003.04.20 20:19 B D:\www\EthanShow\2003\04\139-3920_IMGt.JPG --> ftp.ethanshow.com /d:/html/users/ethanshowcom/html/2003/04 139-3920_IMGt.JPG
2003.04.20 20:19 B D:\www\EthanShow\2003\04\139-3927_IMG.JPG --> ftp.ethanshow.com /d:/html/users/ethanshowcom/html/2003/04 139-3927_IMG.JPG
2003.04.20 20:19 B D:\www\EthanShow\2003\04\139-3927_IMGt.JPG --> ftp.ethanshow.com /d:/html/users/ethanshowcom/html/2003/04 139-3927_IMGt.JPG
2003.04.20 20:19 B D:\www\EthanShow\2003\04\139-3929_IMG.JPG --> ftp.ethanshow.com /d:/html/users/ethanshowcom/html/2003/04 139-3929_IMG.JPG
2003.04.20 20:20 B D:\www\EthanShow\2003\04\139-3929_IMGt.JPG --> ftp.ethanshow.com /d:/html/users/ethanshowcom/html/2003/04 139-3929_IMGt.JPG
2003.04.20 20:20 B D:\www\EthanShow\2003\04\139-3932_IMG.JPG --> ftp.ethanshow.com /d:/html/users/ethanshowcom/html/2003/04 139-3932_IMG.JPG
2003.04.20 20:20 B D:\www\EthanShow\2003\04\139-3932_IMGt.JPG --> ftp.ethanshow.com /d:/html/users/ethanshowcom/html/2003/04 139-3932_IMGt.JPG
2003.04.20 20:20 B D:\www\EthanShow\2003\04\139-3936_IMG.JPG --> ftp.ethanshow.com /d:/html/users/ethanshowcom/html/2003/04 139-3936_IMG.JPG
2003.04.20 20:20 B D:\www\EthanShow\2003\04\139-3936_IMGt.JPG --> ftp.ethanshow.com /d:/html/users/ethanshowcom/html/2003/04 139-3936_IMGt.JPG
2003.04.20 20:20 B D:\www\EthanShow\2003\04\139-3943_IMG.JPG --> ftp.ethanshow.com /d:/html/users/ethanshowcom/html/2003/04 139-3943_IMG.JPG
2003.04.20 20:20 B D:\www\EthanShow\2003\04\139-3943_IMGt.JPG --> ftp.ethanshow.com /d:/html/users/ethanshowcom/html/2003/04 139-3943_IMGt.JPG
2003.04.20 20:20 B D:\www\EthanShow\2003\04\139-3945_IMG.JPG --> ftp.ethanshow.com /d:/html/users/ethanshowcom/html/2003/04 139-3945_IMG.JPG
2003.04.20 20:20 B D:\www\EthanShow\2003\04\139-3945_IMGt.JPG --> ftp.ethanshow.com /d:/html/users/ethanshowcom/html/2003/04 139-3945_IMGt.JPG
2003.04.20 20:20 B D:\www\EthanShow\2003\04\139-3947_IMG.JPG --> ftp.ethanshow.com /d:/html/users/ethanshowcom/html/2003/04 139-3947_IMG.JPG
2003.04.20 20:20 B D:\www\EthanShow\2003\04\139-3947_IMGt.JPG --> ftp.ethanshow.com /d:/html/users/ethanshowcom/html/2003/04 139-3947_IMGt.JPG
2003.04.20 20:20 B D:\www\EthanShow\2003\04\139-3949_IMG.JPG --> ftp.ethanshow.com /d:/html/users/ethanshowcom/html/2003/04 139-3949_IMG.JPG
2003.04.20 20:20 B D:\www\EthanShow\2003\04\139-3949_IMGt.JPG --> ftp.ethanshow.com /d:/html/users/ethanshowcom/html/2003/04 139-3949_IMGt.JPG
2003.04.20 20:20 B D:\www\EthanShow\2003\04\139-3950_IMG.JPG --> ftp.ethanshow.com /d:/html/users/ethanshowcom/html/2003/04 139-3950_IMG.JPG
2003.04.20 20:24 B D:\www\EthanShow\2003\04\139-3950_IMG.JPG --> ftp.ethanshow.com /d:/html/users/ethanshowcom/html/2003/04 139-3950_IMG.JPG
2003.04.20 20:24 B D:\www\EthanShow\2003\04\139-3950_IMGt.JPG --> ftp.ethanshow.com /d:/html/users/ethanshowcom/html/2003/04 139-3950_IMGt.JPG
2003.04.20 20:24 B D:\www\EthanShow\2003\04\139-3952_IMG.JPG --> ftp.ethanshow.com /d:/html/users/ethanshowcom/html/2003/04 139-3952_IMG.JPG
2003.04.20 20:24 B D:\www\EthanShow\2003\04\139-3952_IMGt.JPG --> ftp.ethanshow.com /d:/html/users/ethanshowcom/html/2003/04 139-3952_IMGt.JPG
2003.04.20 20:24 B D:\www\EthanShow\2003\04\139-3953_IMG.JPG --> ftp.ethanshow.com /d:/html/users/ethanshowcom/html/2003/04 139-3953_IMG.JPG
2003.04.20 20:24 B D:\www\EthanShow\2003\04\139-3953_IMGt.JPG --> ftp.ethanshow.com /d:/html/users/ethanshowcom/html/2003/04 139-3953_IMGt.JPG
2003.04.20 20:27 B D:\www\EthanShow\2003\04\139-3956_IMG.JPG --> ftp.ethanshow.com /d:/html/users/ethanshowcom/html/2003/04 139-3956_IMG.JPG
2003.04.20 20:27 B D:\www\EthanShow\2003\04\139-3956_IMGt.JPG --> ftp.ethanshow.com /d:/html/users/ethanshowcom/html/2003/04 139-3956_IMGt.JPG
2003.04.20 20:27 B D:\www\EthanShow\2003\04\139-3959_IMG.JPG --> ftp.ethanshow.com /d:/html/users/ethanshowcom/html/2003/04 139-3959_IMG.JPG
2003.04.20 20:32 B D:\www\EthanShow\2003\04\139-3959_IMG.JPG --> ftp.ethanshow.com /d:/html/users/ethanshowcom/html/2003/04 139-3959_IMG.JPG
2003.04.20 20:32 B D:\www\EthanShow\2003\04\139-3959_IMGt.JPG --> ftp.ethanshow.com /d:/html/users/ethanshowcom/html/2003/04 139-3959_IMGt.JPG
2003.04.20 20:33 B D:\www\EthanShow\2003\04\139-3964_IMG.JPG --> ftp.ethanshow.com /d:/html/users/ethanshowcom/html/2003/04 139-3964_IMG.JPG
2003.04.20 20:33 A D:\www\EthanShow\2003\04\nav.htm --> ftp.ethanshow.com /d:/html/users/ethanshowcom/html/2003/04 nav.htm
2003.04.20 20:33 A D:\www\EthanShow\2003\04\days.htm --> ftp.ethanshow.com /d:/html/users/ethanshowcom/html/2003/04 days.htm
2003.04.20 20:34 A D:\www\EthanShow\2003\04\apr01.htm --> ftp.ethanshow.com /d:/html/users/ethanshowcom/html/2003/04 apr01.htm
2003.04.20 20:34 A D:\www\EthanShow\2003\04\apr01a.htm --> ftp.ethanshow.com /d:/html/users/ethanshowcom/html/2003/04 apr01a.htm
2003.04.20 20:34 A D:\www\EthanShow\2003\04\apr04.htm --> ftp.ethanshow.com /d:/html/users/ethanshowcom/html/2003/04 apr04.htm
2003.04.20 20:34 A D:\www\EthanShow\2003\04\apr04a.htm --> ftp.ethanshow.com /d:/html/users/ethanshowcom/html/2003/04 apr04a.htm
2003.04.20 20:34 A D:\www\EthanShow\2003\04\apr05.htm --> ftp.ethanshow.com /d:/html/users/ethanshowcom/html/2003/04 apr05.htm
2003.04.20 20:34 A D:\www\EthanShow\2003\04\apr05a.htm --> ftp.ethanshow.com /d:/html/users/ethanshowcom/html/2003/04 apr05a.htm
2003.04.20 20:34 A D:\www\EthanShow\2003\04\apr06.htm --> ftp.ethanshow.com /d:/html/users/ethanshowcom/html/2003/04 apr06.htm
2003.04.20 20:34 A D:\www\EthanShow\2003\04\apr06a.htm --> ftp.ethanshow.com /d:/html/users/ethanshowcom/html/2003/04 apr06a.htm
2003.04.20 20:34 A D:\www\EthanShow\2003\04\apr13.htm --> ftp.ethanshow.com /d:/html/users/ethanshowcom/html/2003/04 apr13.htm
2003.04.20 20:34 A D:\www\EthanShow\2003\04\apr13a.htm --> ftp.ethanshow.com /d:/html/users/ethanshowcom/html/2003/04 apr13a.htm
2003.04.20 20:34 A D:\www\EthanShow\2003\04\apr14.htm --> ftp.ethanshow.com /d:/html/users/ethanshowcom/html/2003/04 apr14.htm
2003.04.20 20:34 A D:\www\EthanShow\2003\04\apr14a.htm --> ftp.ethanshow.com /d:/html/users/ethanshowcom/html/2003/04 apr14a.htm
2003.04.20 20:34 A D:\www\EthanShow\2003\04\apr15.htm --> ftp.ethanshow.com /d:/html/users/ethanshowcom/html/2003/04 apr15.htm
2003.04.20 20:34 A D:\www\EthanShow\2003\04\apr15a.htm --> ftp.ethanshow.com /d:/html/users/ethanshowcom/html/2003/04 apr15a.htm
2003.04.20 20:34 A D:\www\EthanShow\2003\04\apr16.htm --> ftp.ethanshow.com /d:/html/users/ethanshowcom/html/2003/04 apr16.htm
2003.04.20 20:34 A D:\www\EthanShow\2003\04\apr16a.htm --> ftp.ethanshow.com /d:/html/users/ethanshowcom/html/2003/04 apr16a.htm
2003.04.20 20:34 A D:\www\EthanShow\2003\04\apr17.htm --> ftp.ethanshow.com /d:/html/users/ethanshowcom/html/2003/04 apr17.htm
2003.04.20 20:34 A D:\www\EthanShow\2003\04\apr17a.htm --> ftp.ethanshow.com /d:/html/users/ethanshowcom/html/2003/04 apr17a.htm
2003.04.20 20:34 A D:\www\EthanShow\2003\04\apr19.htm --> ftp.ethanshow.com /d:/html/users/ethanshowcom/html/2003/04 apr19.htm
2003.04.20 20:34 A D:\www\EthanShow\2003\04\apr19a.htm --> ftp.ethanshow.com /d:/html/users/ethanshowcom/html/2003/04 apr19a.htm
2003.04.20 20:34 A D:\www\EthanShow\2003\04\apr20.htm --> ftp.ethanshow.com /d:/html/users/ethanshowcom/html/2003/04 apr20.htm
2003.04.20 20:34 A D:\www\EthanShow\2003\04\apr20a.htm --> ftp.ethanshow.com /d:/html/users/ethanshowcom/html/2003/04 apr20a.htm
2003.04.20 20:35 B D:\www\EthanShow\2003\04\139-3964_IMGt.JPG --> ftp.ethanshow.com /d:/html/users/ethanshowcom/html/2003/04 139-3964_IMGt.JPG
2003.04.20 20:35 B D:\www\EthanShow\2003\04\139-3971_IMG.JPG --> ftp.ethanshow.com /d:/html/users/ethanshowcom/html/2003/04 139-3971_IMG.JPG
2003.04.20 20:35 B D:\www\EthanShow\2003\04\139-3971_IMGt.JPG --> ftp.ethanshow.com /d:/html/users/ethanshowcom/html/2003/04 139-3971_IMGt.JPG
2003.04.20 20:35 B D:\www\EthanShow\2003\04\139-3973_IMG.JPG --> ftp.ethanshow.com /d:/html/users/ethanshowcom/html/2003/04 139-3973_IMG.JPG
2003.04.20 20:35 B D:\www\EthanShow\2003\04\139-3973_IMGt.JPG --> ftp.ethanshow.com /d:/html/users/ethanshowcom/html/2003/04 139-3973_IMGt.JPG
2003.04.20 20:36 B D:\www\EthanShow\2003\04\139-3981_IMG.JPG --> ftp.ethanshow.com /d:/html/users/ethanshowcom/html/2003/04 139-3981_IMG.JPG
2003.04.20 20:36 B D:\www\EthanShow\2003\04\139-3981_IMGt.JPG --> ftp.ethanshow.com /d:/html/users/ethanshowcom/html/2003/04 139-3981_IMGt.JPG
2003.04.20 20:36 B D:\www\EthanShow\2003\04\139-3983_IMG.JPG --> ftp.ethanshow.com /d:/html/users/ethanshowcom/html/2003/04 139-3983_IMG.JPG
2003.04.20 20:36 B D:\www\EthanShow\2003\04\139-3983_IMGt.JPG --> ftp.ethanshow.com /d:/html/users/ethanshowcom/html/2003/04 139-3983_IMGt.JPG
2003.04.20 20:36 B D:\www\EthanShow\2003\04\139-3984_IMG.JPG --> ftp.ethanshow.com /d:/html/users/ethanshowcom/html/2003/04 139-3984_IMG.JPG
2003.04.20 20:36 B D:\www\EthanShow\2003\04\139-3984_IMGt.JPG --> ftp.ethanshow.com /d:/html/users/ethanshowcom/html/2003/04 139-3984_IMGt.JPG
2003.04.20 20:37 B D:\www\EthanShow\2003\04\139-3988_IMG.JPG --> ftp.ethanshow.com /d:/html/users/ethanshowcom/html/2003/04 139-3988_IMG.JPG
2003.04.20 20:37 B D:\www\EthanShow\2003\04\139-3988_IMGt.JPG --> ftp.ethanshow.com /d:/html/users/ethanshowcom/html/2003/04 139-3988_IMGt.JPG
2003.04.20 20:37 B D:\www\EthanShow\2003\04\139-3993_IMG.JPG --> ftp.ethanshow.com /d:/html/users/ethanshowcom/html/2003/04 139-3993_IMG.JPG
2003.04.20 20:37 B D:\www\EthanShow\2003\04\139-3993_IMGt.JPG --> ftp.ethanshow.com /d:/html/users/ethanshowcom/html/2003/04 139-3993_IMGt.JPG
2003.04.20 20:37 B D:\www\EthanShow\2003\04\139-3994_IMG.JPG --> ftp.ethanshow.com /d:/html/users/ethanshowcom/html/2003/04 139-3994_IMG.JPG
2003.04.20 20:37 B D:\www\EthanShow\2003\04\139-3994_IMGt.JPG --> ftp.ethanshow.com /d:/html/users/ethanshowcom/html/2003/04 139-3994_IMGt.JPG
