2001.05.31 00:14 B E:\www\ethan\2000\08\101.jpg --> ftp.ethanshow.com /d:/html/users/ethanshowcom/html/2000/08 101.jpg
2001.05.31 00:14 B E:\www\ethan\2000\08\101t.jpg --> ftp.ethanshow.com /d:/html/users/ethanshowcom/html/2000/08 101t.jpg
2001.05.31 00:14 B E:\www\ethan\2000\08\102.jpg --> ftp.ethanshow.com /d:/html/users/ethanshowcom/html/2000/08 102.jpg
2001.05.31 00:15 B E:\www\ethan\2000\08\102t.jpg --> ftp.ethanshow.com /d:/html/users/ethanshowcom/html/2000/08 102t.jpg
2001.05.31 00:15 B E:\www\ethan\2000\08\105.jpg --> ftp.ethanshow.com /d:/html/users/ethanshowcom/html/2000/08 105.jpg
2001.05.31 00:15 B E:\www\ethan\2000\08\105t.jpg --> ftp.ethanshow.com /d:/html/users/ethanshowcom/html/2000/08 105t.jpg
2001.05.31 00:15 B E:\www\ethan\2000\08\107.jpg --> ftp.ethanshow.com /d:/html/users/ethanshowcom/html/2000/08 107.jpg
2001.05.31 00:15 B E:\www\ethan\2000\08\107t.jpg --> ftp.ethanshow.com /d:/html/users/ethanshowcom/html/2000/08 107t.jpg
2001.05.31 00:15 B E:\www\ethan\2000\08\108.jpg --> ftp.ethanshow.com /d:/html/users/ethanshowcom/html/2000/08 108.jpg
2001.05.31 00:15 B E:\www\ethan\2000\08\108t.jpg --> ftp.ethanshow.com /d:/html/users/ethanshowcom/html/2000/08 108t.jpg
2001.05.31 00:15 B E:\www\ethan\2000\08\109.jpg --> ftp.ethanshow.com /d:/html/users/ethanshowcom/html/2000/08 109.jpg
2001.05.31 00:15 B E:\www\ethan\2000\08\109t.jpg --> ftp.ethanshow.com /d:/html/users/ethanshowcom/html/2000/08 109t.jpg
2001.05.31 00:15 B E:\www\ethan\2000\08\111.jpg --> ftp.ethanshow.com /d:/html/users/ethanshowcom/html/2000/08 111.jpg
2001.05.31 00:15 B E:\www\ethan\2000\08\111t.jpg --> ftp.ethanshow.com /d:/html/users/ethanshowcom/html/2000/08 111t.jpg
2001.05.31 00:15 B E:\www\ethan\2000\08\112.jpg --> ftp.ethanshow.com /d:/html/users/ethanshowcom/html/2000/08 112.jpg
2001.05.31 00:15 B E:\www\ethan\2000\08\112t.jpg --> ftp.ethanshow.com /d:/html/users/ethanshowcom/html/2000/08 112t.jpg
2001.05.31 00:15 B E:\www\ethan\2000\08\113.jpg --> ftp.ethanshow.com /d:/html/users/ethanshowcom/html/2000/08 113.jpg
2001.05.31 00:15 B E:\www\ethan\2000\08\113t.jpg --> ftp.ethanshow.com /d:/html/users/ethanshowcom/html/2000/08 113t.jpg
2001.05.31 00:16 B E:\www\ethan\2000\08\114.jpg --> ftp.ethanshow.com /d:/html/users/ethanshowcom/html/2000/08 114.jpg
2001.05.31 00:16 B E:\www\ethan\2000\08\114t.jpg --> ftp.ethanshow.com /d:/html/users/ethanshowcom/html/2000/08 114t.jpg
2001.05.31 00:16 B E:\www\ethan\2000\08\116.jpg --> ftp.ethanshow.com /d:/html/users/ethanshowcom/html/2000/08 116.jpg
2001.05.31 00:16 B E:\www\ethan\2000\08\116t.jpg --> ftp.ethanshow.com /d:/html/users/ethanshowcom/html/2000/08 116t.jpg
2001.05.31 00:16 B E:\www\ethan\2000\08\117.jpg --> ftp.ethanshow.com /d:/html/users/ethanshowcom/html/2000/08 117.jpg
2001.05.31 00:16 B E:\www\ethan\2000\08\117t.jpg --> ftp.ethanshow.com /d:/html/users/ethanshowcom/html/2000/08 117t.jpg
2001.05.31 00:16 B E:\www\ethan\2000\08\118.jpg --> ftp.ethanshow.com /d:/html/users/ethanshowcom/html/2000/08 118.jpg
2001.05.31 00:16 B E:\www\ethan\2000\08\118t.jpg --> ftp.ethanshow.com /d:/html/users/ethanshowcom/html/2000/08 118t.jpg
2001.05.31 00:16 B E:\www\ethan\2000\08\119.jpg --> ftp.ethanshow.com /d:/html/users/ethanshowcom/html/2000/08 119.jpg
2001.05.31 00:16 B E:\www\ethan\2000\08\119t.jpg --> ftp.ethanshow.com /d:/html/users/ethanshowcom/html/2000/08 119t.jpg
2001.05.31 00:16 B E:\www\ethan\2000\08\120.jpg --> ftp.ethanshow.com /d:/html/users/ethanshowcom/html/2000/08 120.jpg
2001.05.31 00:16 B E:\www\ethan\2000\08\120t.jpg --> ftp.ethanshow.com /d:/html/users/ethanshowcom/html/2000/08 120t.jpg
2001.05.31 00:16 B E:\www\ethan\2000\08\122.jpg --> ftp.ethanshow.com /d:/html/users/ethanshowcom/html/2000/08 122.jpg
2001.05.31 00:16 B E:\www\ethan\2000\08\122t.jpg --> ftp.ethanshow.com /d:/html/users/ethanshowcom/html/2000/08 122t.jpg
2001.05.31 00:16 B E:\www\ethan\2000\08\123.jpg --> ftp.ethanshow.com /d:/html/users/ethanshowcom/html/2000/08 123.jpg
2001.05.31 00:17 B E:\www\ethan\2000\08\123t.jpg --> ftp.ethanshow.com /d:/html/users/ethanshowcom/html/2000/08 123t.jpg
2001.05.31 00:17 B E:\www\ethan\2000\08\124.jpg --> ftp.ethanshow.com /d:/html/users/ethanshowcom/html/2000/08 124.jpg
2001.05.31 00:17 B E:\www\ethan\2000\08\124t.jpg --> ftp.ethanshow.com /d:/html/users/ethanshowcom/html/2000/08 124t.jpg
2001.05.31 00:17 B E:\www\ethan\2000\08\125.jpg --> ftp.ethanshow.com /d:/html/users/ethanshowcom/html/2000/08 125.jpg
2001.05.31 00:17 B E:\www\ethan\2000\08\125t.jpg --> ftp.ethanshow.com /d:/html/users/ethanshowcom/html/2000/08 125t.jpg
2001.05.31 00:17 B E:\www\ethan\2000\08\127.jpg --> ftp.ethanshow.com /d:/html/users/ethanshowcom/html/2000/08 127.jpg
2001.05.31 00:17 B E:\www\ethan\2000\08\127t.jpg --> ftp.ethanshow.com /d:/html/users/ethanshowcom/html/2000/08 127t.jpg
2001.05.31 00:17 B E:\www\ethan\2000\08\128.jpg --> ftp.ethanshow.com /d:/html/users/ethanshowcom/html/2000/08 128.jpg
2001.05.31 00:17 B E:\www\ethan\2000\08\128t.jpg --> ftp.ethanshow.com /d:/html/users/ethanshowcom/html/2000/08 128t.jpg
2001.05.31 00:17 B E:\www\ethan\2000\08\129.jpg --> ftp.ethanshow.com /d:/html/users/ethanshowcom/html/2000/08 129.jpg
2001.05.31 00:17 B E:\www\ethan\2000\08\129t.jpg --> ftp.ethanshow.com /d:/html/users/ethanshowcom/html/2000/08 129t.jpg
2001.05.31 00:17 B E:\www\ethan\2000\08\131.jpg --> ftp.ethanshow.com /d:/html/users/ethanshowcom/html/2000/08 131.jpg
2001.05.31 00:17 B E:\www\ethan\2000\08\131t.jpg --> ftp.ethanshow.com /d:/html/users/ethanshowcom/html/2000/08 131t.jpg
2001.05.31 00:17 B E:\www\ethan\2000\08\132.jpg --> ftp.ethanshow.com /d:/html/users/ethanshowcom/html/2000/08 132.jpg
2001.05.31 00:18 B E:\www\ethan\2000\08\132t.jpg --> ftp.ethanshow.com /d:/html/users/ethanshowcom/html/2000/08 132t.jpg
2001.05.31 00:18 B E:\www\ethan\2000\08\134.jpg --> ftp.ethanshow.com /d:/html/users/ethanshowcom/html/2000/08 134.jpg
2001.05.31 00:18 B E:\www\ethan\2000\08\134t.jpg --> ftp.ethanshow.com /d:/html/users/ethanshowcom/html/2000/08 134t.jpg
2001.05.31 00:18 B E:\www\ethan\2000\08\136.jpg --> ftp.ethanshow.com /d:/html/users/ethanshowcom/html/2000/08 136.jpg
2001.05.31 00:18 B E:\www\ethan\2000\08\136t.jpg --> ftp.ethanshow.com /d:/html/users/ethanshowcom/html/2000/08 136t.jpg
2001.05.31 00:18 B E:\www\ethan\2000\08\137.jpg --> ftp.ethanshow.com /d:/html/users/ethanshowcom/html/2000/08 137.jpg
2001.05.31 00:18 B E:\www\ethan\2000\08\137t.jpg --> ftp.ethanshow.com /d:/html/users/ethanshowcom/html/2000/08 137t.jpg
2001.05.31 00:18 B E:\www\ethan\2000\08\138.jpg --> ftp.ethanshow.com /d:/html/users/ethanshowcom/html/2000/08 138.jpg
2001.05.31 00:18 B E:\www\ethan\2000\08\138t.jpg --> ftp.ethanshow.com /d:/html/users/ethanshowcom/html/2000/08 138t.jpg
2001.05.31 00:18 B E:\www\ethan\2000\08\139.jpg --> ftp.ethanshow.com /d:/html/users/ethanshowcom/html/2000/08 139.jpg
2001.05.31 00:18 B E:\www\ethan\2000\08\139t.jpg --> ftp.ethanshow.com /d:/html/users/ethanshowcom/html/2000/08 139t.jpg
2001.05.31 00:18 B E:\www\ethan\2000\08\140.jpg --> ftp.ethanshow.com /d:/html/users/ethanshowcom/html/2000/08 140.jpg
2001.05.31 00:18 B E:\www\ethan\2000\08\140t.jpg --> ftp.ethanshow.com /d:/html/users/ethanshowcom/html/2000/08 140t.jpg
2001.05.31 00:18 B E:\www\ethan\2000\08\143.jpg --> ftp.ethanshow.com /d:/html/users/ethanshowcom/html/2000/08 143.jpg
2001.05.31 00:18 B E:\www\ethan\2000\08\143t.jpg --> ftp.ethanshow.com /d:/html/users/ethanshowcom/html/2000/08 143t.jpg
2001.05.31 00:19 B E:\www\ethan\2000\08\144.jpg --> ftp.ethanshow.com /d:/html/users/ethanshowcom/html/2000/08 144.jpg
2001.05.31 00:19 B E:\www\ethan\2000\08\144t.jpg --> ftp.ethanshow.com /d:/html/users/ethanshowcom/html/2000/08 144t.jpg
2001.05.31 00:19 B E:\www\ethan\2000\08\145.jpg --> ftp.ethanshow.com /d:/html/users/ethanshowcom/html/2000/08 145.jpg
2001.05.31 00:19 B E:\www\ethan\2000\08\145t.jpg --> ftp.ethanshow.com /d:/html/users/ethanshowcom/html/2000/08 145t.jpg
2001.05.31 00:19 B E:\www\ethan\2000\08\146.jpg --> ftp.ethanshow.com /d:/html/users/ethanshowcom/html/2000/08 146.jpg
2001.05.31 00:19 B E:\www\ethan\2000\08\146t.jpg --> ftp.ethanshow.com /d:/html/users/ethanshowcom/html/2000/08 146t.jpg
2001.05.31 00:19 B E:\www\ethan\2000\08\148.jpg --> ftp.ethanshow.com /d:/html/users/ethanshowcom/html/2000/08 148.jpg
2001.05.31 00:19 B E:\www\ethan\2000\08\148t.jpg --> ftp.ethanshow.com /d:/html/users/ethanshowcom/html/2000/08 148t.jpg
2001.05.31 00:19 B E:\www\ethan\2000\08\151.jpg --> ftp.ethanshow.com /d:/html/users/ethanshowcom/html/2000/08 151.jpg
2001.05.31 00:19 B E:\www\ethan\2000\08\151t.jpg --> ftp.ethanshow.com /d:/html/users/ethanshowcom/html/2000/08 151t.jpg
2001.05.31 00:19 B E:\www\ethan\2000\08\152.jpg --> ftp.ethanshow.com /d:/html/users/ethanshowcom/html/2000/08 152.jpg
2001.05.31 00:19 B E:\www\ethan\2000\08\152t.jpg --> ftp.ethanshow.com /d:/html/users/ethanshowcom/html/2000/08 152t.jpg
2001.05.31 00:19 B E:\www\ethan\2000\08\154.jpg --> ftp.ethanshow.com /d:/html/users/ethanshowcom/html/2000/08 154.jpg
2001.05.31 00:19 B E:\www\ethan\2000\08\154t.jpg --> ftp.ethanshow.com /d:/html/users/ethanshowcom/html/2000/08 154t.jpg
2001.05.31 00:19 B E:\www\ethan\2000\08\155.jpg --> ftp.ethanshow.com /d:/html/users/ethanshowcom/html/2000/08 155.jpg
2001.05.31 00:19 B E:\www\ethan\2000\08\155t.jpg --> ftp.ethanshow.com /d:/html/users/ethanshowcom/html/2000/08 155t.jpg
2001.05.31 00:20 B E:\www\ethan\2000\08\156.jpg --> ftp.ethanshow.com /d:/html/users/ethanshowcom/html/2000/08 156.jpg
2001.05.31 00:20 B E:\www\ethan\2000\08\156t.jpg --> ftp.ethanshow.com /d:/html/users/ethanshowcom/html/2000/08 156t.jpg
2001.05.31 00:20 B E:\www\ethan\2000\08\158.jpg --> ftp.ethanshow.com /d:/html/users/ethanshowcom/html/2000/08 158.jpg
2001.05.31 00:20 B E:\www\ethan\2000\08\158t.jpg --> ftp.ethanshow.com /d:/html/users/ethanshowcom/html/2000/08 158t.jpg
2001.05.31 00:20 B E:\www\ethan\2000\08\159.jpg --> ftp.ethanshow.com /d:/html/users/ethanshowcom/html/2000/08 159.jpg
2001.05.31 00:20 B E:\www\ethan\2000\08\159t.jpg --> ftp.ethanshow.com /d:/html/users/ethanshowcom/html/2000/08 159t.jpg
2001.05.31 00:20 B E:\www\ethan\2000\08\all.htm --> ftp.ethanshow.com /d:/html/users/ethanshowcom/html/2000/08 all.htm
2001.05.31 00:20 B E:\www\ethan\2000\08\all00.htm --> ftp.ethanshow.com /d:/html/users/ethanshowcom/html/2000/08 all00.htm
2001.05.31 00:20 B E:\www\ethan\2000\08\all01.htm --> ftp.ethanshow.com /d:/html/users/ethanshowcom/html/2000/08 all01.htm
2001.05.31 00:20 B E:\www\ethan\2000\08\all02.htm --> ftp.ethanshow.com /d:/html/users/ethanshowcom/html/2000/08 all02.htm
2001.05.31 00:20 B E:\www\ethan\2000\08\all03.htm --> ftp.ethanshow.com /d:/html/users/ethanshowcom/html/2000/08 all03.htm
2001.05.31 00:20 B E:\www\ethan\2000\08\all04.htm --> ftp.ethanshow.com /d:/html/users/ethanshowcom/html/2000/08 all04.htm
2001.05.31 00:20 B E:\www\ethan\2000\08\all05.htm --> ftp.ethanshow.com /d:/html/users/ethanshowcom/html/2000/08 all05.htm
2001.05.31 00:20 B E:\www\ethan\2000\08\aug06.htm --> ftp.ethanshow.com /d:/html/users/ethanshowcom/html/2000/08 aug06.htm
2001.05.31 00:20 B E:\www\ethan\2000\08\aug06a.htm --> ftp.ethanshow.com /d:/html/users/ethanshowcom/html/2000/08 aug06a.htm
2001.05.31 00:20 B E:\www\ethan\2000\08\aug06a.htm~ --> ftp.ethanshow.com /d:/html/users/ethanshowcom/html/2000/08 aug06a.htm~
2001.05.31 00:20 B E:\www\ethan\2000\08\aug07.htm --> ftp.ethanshow.com /d:/html/users/ethanshowcom/html/2000/08 aug07.htm
2001.05.31 00:20 B E:\www\ethan\2000\08\aug07.htm~ --> ftp.ethanshow.com /d:/html/users/ethanshowcom/html/2000/08 aug07.htm~
2001.05.31 00:20 B E:\www\ethan\2000\08\aug07a.htm --> ftp.ethanshow.com /d:/html/users/ethanshowcom/html/2000/08 aug07a.htm
2001.05.31 00:20 B E:\www\ethan\2000\08\aug07a.htm~ --> ftp.ethanshow.com /d:/html/users/ethanshowcom/html/2000/08 aug07a.htm~
2001.05.31 00:20 B E:\www\ethan\2000\08\aug08.htm --> ftp.ethanshow.com /d:/html/users/ethanshowcom/html/2000/08 aug08.htm
2001.05.31 00:20 B E:\www\ethan\2000\08\aug08.htm~ --> ftp.ethanshow.com /d:/html/users/ethanshowcom/html/2000/08 aug08.htm~
2001.05.31 00:20 B E:\www\ethan\2000\08\aug08a.htm --> ftp.ethanshow.com /d:/html/users/ethanshowcom/html/2000/08 aug08a.htm
2001.05.31 00:20 B E:\www\ethan\2000\08\aug08a.htm~ --> ftp.ethanshow.com /d:/html/users/ethanshowcom/html/2000/08 aug08a.htm~
2001.05.31 00:20 B E:\www\ethan\2000\08\aug09.htm --> ftp.ethanshow.com /d:/html/users/ethanshowcom/html/2000/08 aug09.htm
2001.05.31 00:20 B E:\www\ethan\2000\08\aug09.htm~ --> ftp.ethanshow.com /d:/html/users/ethanshowcom/html/2000/08 aug09.htm~
2001.05.31 00:20 B E:\www\ethan\2000\08\aug09a.htm --> ftp.ethanshow.com /d:/html/users/ethanshowcom/html/2000/08 aug09a.htm
2001.05.31 00:20 B E:\www\ethan\2000\08\aug09a.htm~ --> ftp.ethanshow.com /d:/html/users/ethanshowcom/html/2000/08 aug09a.htm~
2001.05.31 00:20 B E:\www\ethan\2000\08\aug10.htm --> ftp.ethanshow.com /d:/html/users/ethanshowcom/html/2000/08 aug10.htm
2001.05.31 00:21 B E:\www\ethan\2000\08\aug10.htm~ --> ftp.ethanshow.com /d:/html/users/ethanshowcom/html/2000/08 aug10.htm~
2001.05.31 00:21 B E:\www\ethan\2000\08\aug10a.htm --> ftp.ethanshow.com /d:/html/users/ethanshowcom/html/2000/08 aug10a.htm
2001.05.31 00:21 B E:\www\ethan\2000\08\aug10a.htm~ --> ftp.ethanshow.com /d:/html/users/ethanshowcom/html/2000/08 aug10a.htm~
2001.05.31 00:21 B E:\www\ethan\2000\08\aug11.htm --> ftp.ethanshow.com /d:/html/users/ethanshowcom/html/2000/08 aug11.htm
2001.05.31 00:21 B E:\www\ethan\2000\08\aug11.htm~ --> ftp.ethanshow.com /d:/html/users/ethanshowcom/html/2000/08 aug11.htm~
2001.05.31 00:21 B E:\www\ethan\2000\08\aug11a.htm --> ftp.ethanshow.com /d:/html/users/ethanshowcom/html/2000/08 aug11a.htm
2001.05.31 00:21 B E:\www\ethan\2000\08\aug11a.htm~ --> ftp.ethanshow.com /d:/html/users/ethanshowcom/html/2000/08 aug11a.htm~
2001.05.31 00:21 B E:\www\ethan\2000\08\aug12.htm --> ftp.ethanshow.com /d:/html/users/ethanshowcom/html/2000/08 aug12.htm
2001.05.31 00:21 B E:\www\ethan\2000\08\aug12.htm~ --> ftp.ethanshow.com /d:/html/users/ethanshowcom/html/2000/08 aug12.htm~
2001.05.31 00:21 B E:\www\ethan\2000\08\aug12a.htm --> ftp.ethanshow.com /d:/html/users/ethanshowcom/html/2000/08 aug12a.htm
2001.05.31 00:21 B E:\www\ethan\2000\08\aug12a.htm~ --> ftp.ethanshow.com /d:/html/users/ethanshowcom/html/2000/08 aug12a.htm~
2001.05.31 00:21 B E:\www\ethan\2000\08\aug13.htm --> ftp.ethanshow.com /d:/html/users/ethanshowcom/html/2000/08 aug13.htm
2001.05.31 00:21 B E:\www\ethan\2000\08\aug13.htm~ --> ftp.ethanshow.com /d:/html/users/ethanshowcom/html/2000/08 aug13.htm~
2001.05.31 00:21 B E:\www\ethan\2000\08\aug13a.htm --> ftp.ethanshow.com /d:/html/users/ethanshowcom/html/2000/08 aug13a.htm
2001.05.31 00:21 B E:\www\ethan\2000\08\aug13a.htm~ --> ftp.ethanshow.com /d:/html/users/ethanshowcom/html/2000/08 aug13a.htm~
2001.05.31 00:21 B E:\www\ethan\2000\08\aug16.htm --> ftp.ethanshow.com /d:/html/users/ethanshowcom/html/2000/08 aug16.htm
2001.05.31 00:21 B E:\www\ethan\2000\08\aug16.htm~ --> ftp.ethanshow.com /d:/html/users/ethanshowcom/html/2000/08 aug16.htm~
2001.05.31 00:21 B E:\www\ethan\2000\08\aug16a.htm --> ftp.ethanshow.com /d:/html/users/ethanshowcom/html/2000/08 aug16a.htm
2001.05.31 00:21 B E:\www\ethan\2000\08\aug16a.htm~ --> ftp.ethanshow.com /d:/html/users/ethanshowcom/html/2000/08 aug16a.htm~
2001.05.31 00:21 B E:\www\ethan\2000\08\aug17.htm --> ftp.ethanshow.com /d:/html/users/ethanshowcom/html/2000/08 aug17.htm
2001.05.31 00:21 B E:\www\ethan\2000\08\aug17.htm~ --> ftp.ethanshow.com /d:/html/users/ethanshowcom/html/2000/08 aug17.htm~
2001.05.31 00:21 B E:\www\ethan\2000\08\aug17a.htm --> ftp.ethanshow.com /d:/html/users/ethanshowcom/html/2000/08 aug17a.htm
2001.05.31 00:21 B E:\www\ethan\2000\08\aug17a.htm~ --> ftp.ethanshow.com /d:/html/users/ethanshowcom/html/2000/08 aug17a.htm~
2001.05.31 00:21 B E:\www\ethan\2000\08\aug18.htm --> ftp.ethanshow.com /d:/html/users/ethanshowcom/html/2000/08 aug18.htm
2001.05.31 00:21 B E:\www\ethan\2000\08\aug18.htm~ --> ftp.ethanshow.com /d:/html/users/ethanshowcom/html/2000/08 aug18.htm~
2001.05.31 00:21 B E:\www\ethan\2000\08\aug18a.htm --> ftp.ethanshow.com /d:/html/users/ethanshowcom/html/2000/08 aug18a.htm
2001.05.31 00:21 B E:\www\ethan\2000\08\aug18a.htm~ --> ftp.ethanshow.com /d:/html/users/ethanshowcom/html/2000/08 aug18a.htm~
2001.05.31 00:21 B E:\www\ethan\2000\08\aug19.htm --> ftp.ethanshow.com /d:/html/users/ethanshowcom/html/2000/08 aug19.htm
2001.05.31 00:21 B E:\www\ethan\2000\08\aug19.htm~ --> ftp.ethanshow.com /d:/html/users/ethanshowcom/html/2000/08 aug19.htm~
2001.05.31 00:21 B E:\www\ethan\2000\08\aug19a.htm --> ftp.ethanshow.com /d:/html/users/ethanshowcom/html/2000/08 aug19a.htm
2001.05.31 00:22 B E:\www\ethan\2000\08\aug19a.htm~ --> ftp.ethanshow.com /d:/html/users/ethanshowcom/html/2000/08 aug19a.htm~
2001.05.31 00:22 B E:\www\ethan\2000\08\days.htm --> ftp.ethanshow.com /d:/html/users/ethanshowcom/html/2000/08 days.htm
2001.05.31 00:22 B E:\www\ethan\2000\08\days.htm~ --> ftp.ethanshow.com /d:/html/users/ethanshowcom/html/2000/08 days.htm~
2001.05.31 00:22 B E:\www\ethan\2000\08\nav.htm --> ftp.ethanshow.com /d:/html/users/ethanshowcom/html/2000/08 nav.htm
