2002.01.11 01:14 B E:\www\EthanShow\nav\front.htm --> ftp.ethanshow.com /d:/html/users/ethanshowcom/html front.htm
2003.04.06 10:55 B D:\www\EthanShow\nav\body.htm --> ftp.ethanshow.com /d:/html/users/ethanshowcom/html/nav body.htm
2003.04.06 10:55 B D:\www\EthanShow\nav\cats.htm --> ftp.ethanshow.com /d:/html/users/ethanshowcom/html/nav cats.htm
2003.04.06 10:55 B D:\www\EthanShow\nav\empty.htm --> ftp.ethanshow.com /d:/html/users/ethanshowcom/html/nav empty.htm
2003.04.06 10:55 B D:\www\EthanShow\nav\face.htm --> ftp.ethanshow.com /d:/html/users/ethanshowcom/html/nav face.htm
2003.04.06 10:55 B D:\www\EthanShow\nav\feats.htm --> ftp.ethanshow.com /d:/html/users/ethanshowcom/html/nav feats.htm
2003.04.06 10:55 B D:\www\EthanShow\nav\front.htm --> ftp.ethanshow.com /d:/html/users/ethanshowcom/html/nav front.htm
2003.04.06 10:55 B D:\www\EthanShow\nav\lbar.htm --> ftp.ethanshow.com /d:/html/users/ethanshowcom/html/nav lbar.htm
2003.04.06 10:55 B D:\www\EthanShow\nav\months00.htm --> ftp.ethanshow.com /d:/html/users/ethanshowcom/html/nav months00.htm
2003.04.06 10:55 B D:\www\EthanShow\nav\months01.htm --> ftp.ethanshow.com /d:/html/users/ethanshowcom/html/nav months01.htm
2003.04.06 10:55 B D:\www\EthanShow\nav\months02.htm --> ftp.ethanshow.com /d:/html/users/ethanshowcom/html/nav months02.htm
2003.04.06 10:55 B D:\www\EthanShow\nav\months99.htm --> ftp.ethanshow.com /d:/html/users/ethanshowcom/html/nav months99.htm
2003.04.06 10:55 B D:\www\EthanShow\nav\switch.htm --> ftp.ethanshow.com /d:/html/users/ethanshowcom/html/nav switch.htm
2003.04.06 10:55 B D:\www\EthanShow\nav\switch.htm.bak --> ftp.ethanshow.com /d:/html/users/ethanshowcom/html/nav switch.htm.bak
2003.04.06 10:55 B D:\www\EthanShow\nav\tbar.htm --> ftp.ethanshow.com /d:/html/users/ethanshowcom/html/nav tbar.htm
2003.04.06 10:55 B D:\www\EthanShow\nav\title.htm --> ftp.ethanshow.com /d:/html/users/ethanshowcom/html/nav title.htm
2003.04.06 10:55 B D:\www\EthanShow\nav\WS_FTP.LOG --> ftp.ethanshow.com /d:/html/users/ethanshowcom/html/nav WS_FTP.LOG
2003.04.06 12:12 B D:\www\EthanShow\nav\front.htm --> ftp.ethanshow.com /d:/html/users/ethanshowcom/html/nav front.htm
2003.04.06 12:12 B D:\www\EthanShow\nav\switch.htm --> ftp.ethanshow.com /d:/html/users/ethanshowcom/html/nav switch.htm
2003.04.06 12:12 B D:\www\EthanShow\nav\months03.htm --> ftp.ethanshow.com /d:/html/users/ethanshowcom/html/nav months03.htm
2003.04.06 12:12 A D:\www\EthanShow\nav\months02.htm --> ftp.ethanshow.com /d:/html/users/ethanshowcom/html/nav months02.htm
2003.04.06 12:12 A D:\www\EthanShow\nav\front.htm --> ftp.ethanshow.com /d:/html/users/ethanshowcom/html/nav front.htm
2003.04.06 12:12 A D:\www\EthanShow\nav\switch.htm --> ftp.ethanshow.com /d:/html/users/ethanshowcom/html/nav switch.htm
2003.04.06 12:12 A D:\www\EthanShow\nav\months03.htm --> ftp.ethanshow.com /d:/html/users/ethanshowcom/html/nav months03.htm
2003.04.06 12:12 A D:\www\EthanShow\nav\months02.htm --> ftp.ethanshow.com /d:/html/users/ethanshowcom/html/nav months02.htm
2003.04.06 12:14 A D:\www\EthanShow\nav\switch.htm --> ftp.ethanshow.com /d:/html/users/ethanshowcom/html/nav switch.htm
2003.04.06 12:16 B D:\www\EthanShow\nav\months99.htm --> ftp.ethanshow.com /d:/html/users/ethanshowcom/html/nav months99.htm
2003.04.06 12:16 B D:\www\EthanShow\nav\months00.htm --> ftp.ethanshow.com /d:/html/users/ethanshowcom/html/nav months00.htm
2003.04.06 12:16 B D:\www\EthanShow\nav\months01.htm --> ftp.ethanshow.com /d:/html/users/ethanshowcom/html/nav months01.htm
2003.04.06 12:16 B D:\www\EthanShow\nav\months02.htm --> ftp.ethanshow.com /d:/html/users/ethanshowcom/html/nav months02.htm
2003.04.06 12:16 B D:\www\EthanShow\nav\months03.htm --> ftp.ethanshow.com /d:/html/users/ethanshowcom/html/nav months03.htm
2003.04.06 12:16 B D:\www\EthanShow\nav\months99.htm --> ftp.ethanshow.com /d:/html/users/ethanshowcom/html/nav months99.htm
2003.04.06 12:17 A D:\www\EthanShow\nav\body.htm --> ftp.ethanshow.com /d:/html/users/ethanshowcom/html/nav body.htm
2003.04.06 12:17 A D:\www\EthanShow\nav\cats.htm --> ftp.ethanshow.com /d:/html/users/ethanshowcom/html/nav cats.htm
2003.04.06 12:17 A D:\www\EthanShow\nav\empty.htm --> ftp.ethanshow.com /d:/html/users/ethanshowcom/html/nav empty.htm
2003.04.06 12:17 A D:\www\EthanShow\nav\face.htm --> ftp.ethanshow.com /d:/html/users/ethanshowcom/html/nav face.htm
2003.04.06 12:17 A D:\www\EthanShow\nav\feats.htm --> ftp.ethanshow.com /d:/html/users/ethanshowcom/html/nav feats.htm
2003.04.06 12:17 A D:\www\EthanShow\nav\front.htm --> ftp.ethanshow.com /d:/html/users/ethanshowcom/html/nav front.htm
2003.04.06 12:17 A D:\www\EthanShow\nav\lbar.htm --> ftp.ethanshow.com /d:/html/users/ethanshowcom/html/nav lbar.htm
2003.04.06 12:17 A D:\www\EthanShow\nav\switch.htm --> ftp.ethanshow.com /d:/html/users/ethanshowcom/html/nav switch.htm
2003.04.06 12:17 A D:\www\EthanShow\nav\tbar.htm --> ftp.ethanshow.com /d:/html/users/ethanshowcom/html/nav tbar.htm
2003.04.06 12:17 A D:\www\EthanShow\nav\title.htm --> ftp.ethanshow.com /d:/html/users/ethanshowcom/html/nav title.htm
2003.04.06 12:18 A D:\www\EthanShow\nav\body.htm <-- ethanshow.com /d:/html/users/ethanshowcom/html/nav body.htm
2003.04.06 21:23 A D:\www\EthanShow\nav\lbar.htm --> ftp.ethanshow.com /d:/html/users/ethanshowcom/html/nav lbar.htm
2003.04.06 21:23 A D:\www\EthanShow\nav\title.htm --> ftp.ethanshow.com /d:/html/users/ethanshowcom/html/nav title.htm
2003.04.06 21:23 A D:\www\EthanShow\nav\months03.htm --> ftp.ethanshow.com /d:/html/users/ethanshowcom/html/nav months03.htm
2003.04.06 21:23 A D:\www\EthanShow\nav\months00.htm --> ftp.ethanshow.com /d:/html/users/ethanshowcom/html/nav months00.htm
2003.04.06 21:23 A D:\www\EthanShow\nav\months99.htm --> ftp.ethanshow.com /d:/html/users/ethanshowcom/html/nav months99.htm
2003.04.06 21:23 A D:\www\EthanShow\nav\months01.htm --> ftp.ethanshow.com /d:/html/users/ethanshowcom/html/nav months01.htm
2003.04.06 21:23 A D:\www\EthanShow\nav\months02.htm --> ftp.ethanshow.com /d:/html/users/ethanshowcom/html/nav months02.htm
2003.04.07 07:57 A D:\www\EthanShow\nav\front.htm --> ftp.ethanshow.com /d:/html/users/ethanshowcom/html/nav front.htm
2003.04.20 20:37 A D:\www\EthanShow\nav\months03.htm --> ftp.ethanshow.com /d:/html/users/ethanshowcom/html/nav months03.htm
2003.04.20 21:24 A D:\www\EthanShow\nav\front.htm --> ftp.ethanshow.com /d:/html/users/ethanshowcom/html/nav front.htm
2004.04.27 22:40 B D:\www\EthanShow\nav\months99.htm --> ftp.ethanshow.com /html/nav months99.htm
2004.04.27 22:40 B D:\www\EthanShow\nav\months02.htm --> ftp.ethanshow.com /html/nav months02.htm
2004.04.27 22:40 B D:\www\EthanShow\nav\months01.htm --> ftp.ethanshow.com /html/nav months01.htm
2004.04.27 22:40 B D:\www\EthanShow\nav\months03.htm --> ftp.ethanshow.com /html/nav months03.htm
2004.04.27 22:40 B D:\www\EthanShow\nav\months00.htm --> ftp.ethanshow.com /html/nav months00.htm
2004.04.27 22:40 B D:\www\EthanShow\nav\months04.htm --> ftp.ethanshow.com /html/nav months04.htm
2004.04.27 22:40 B D:\www\EthanShow\nav\switch.htm --> ftp.ethanshow.com /html/nav switch.htm
2004.04.27 23:55 B D:\www\EthanShow\nav\switch.htm --> ftp.ethanshow.com /html/nav switch.htm
2004.04.27 23:55 B D:\www\EthanShow\nav\front.htm --> ftp.ethanshow.com /html/nav front.htm
2004.04.28 00:06 B D:\www\EthanShow\nav\months04.htm --> ftp.ethanshow.com /html/nav months04.htm
2004.04.28 00:06 B D:\www\EthanShow\nav\lbar.htm --> ftp.ethanshow.com /html/nav lbar.htm
2004.04.29 19:30 B D:\www\EthanShow\nav\front.htm --> ftp.ethanshow.com /html/nav front.htm
