2001.05.16 23:28 B E:\www\ethan\1999\11\02.jpg --> ftp.ethanshow.com /d:/html/users/ethanshowcom/html/1999/11 02.jpg
2001.05.16 23:28 B E:\www\ethan\1999\11\02t.jpg --> ftp.ethanshow.com /d:/html/users/ethanshowcom/html/1999/11 02t.jpg
2001.05.16 23:28 B E:\www\ethan\1999\11\04.jpg --> ftp.ethanshow.com /d:/html/users/ethanshowcom/html/1999/11 04.jpg
2001.05.16 23:28 B E:\www\ethan\1999\11\04t.jpg --> ftp.ethanshow.com /d:/html/users/ethanshowcom/html/1999/11 04t.jpg
2001.05.16 23:28 B E:\www\ethan\1999\11\05.jpg --> ftp.ethanshow.com /d:/html/users/ethanshowcom/html/1999/11 05.jpg
2001.05.16 23:28 B E:\www\ethan\1999\11\05t.jpg --> ftp.ethanshow.com /d:/html/users/ethanshowcom/html/1999/11 05t.jpg
2001.05.16 23:28 B E:\www\ethan\1999\11\08.jpg --> ftp.ethanshow.com /d:/html/users/ethanshowcom/html/1999/11 08.jpg
2001.05.16 23:28 B E:\www\ethan\1999\11\08t.jpg --> ftp.ethanshow.com /d:/html/users/ethanshowcom/html/1999/11 08t.jpg
2001.05.16 23:28 B E:\www\ethan\1999\11\110.jpg --> ftp.ethanshow.com /d:/html/users/ethanshowcom/html/1999/11 110.jpg
2001.05.16 23:28 B E:\www\ethan\1999\11\110t.jpg --> ftp.ethanshow.com /d:/html/users/ethanshowcom/html/1999/11 110t.jpg
2001.05.16 23:28 B E:\www\ethan\1999\11\111.jpg --> ftp.ethanshow.com /d:/html/users/ethanshowcom/html/1999/11 111.jpg
2001.05.16 23:28 B E:\www\ethan\1999\11\111t.jpg --> ftp.ethanshow.com /d:/html/users/ethanshowcom/html/1999/11 111t.jpg
2001.05.16 23:28 B E:\www\ethan\1999\11\113.jpg --> ftp.ethanshow.com /d:/html/users/ethanshowcom/html/1999/11 113.jpg
2001.05.16 23:28 B E:\www\ethan\1999\11\113t.jpg --> ftp.ethanshow.com /d:/html/users/ethanshowcom/html/1999/11 113t.jpg
2001.05.16 23:28 B E:\www\ethan\1999\11\114.jpg --> ftp.ethanshow.com /d:/html/users/ethanshowcom/html/1999/11 114.jpg
2001.05.16 23:28 B E:\www\ethan\1999\11\114t.jpg --> ftp.ethanshow.com /d:/html/users/ethanshowcom/html/1999/11 114t.jpg
2001.05.16 23:28 B E:\www\ethan\1999\11\115.jpg --> ftp.ethanshow.com /d:/html/users/ethanshowcom/html/1999/11 115.jpg
2001.05.16 23:28 B E:\www\ethan\1999\11\115t.jpg --> ftp.ethanshow.com /d:/html/users/ethanshowcom/html/1999/11 115t.jpg
2001.05.16 23:29 B E:\www\ethan\1999\11\116.jpg --> ftp.ethanshow.com /d:/html/users/ethanshowcom/html/1999/11 116.jpg
2001.05.16 23:29 B E:\www\ethan\1999\11\116t.jpg --> ftp.ethanshow.com /d:/html/users/ethanshowcom/html/1999/11 116t.jpg
2001.05.16 23:29 B E:\www\ethan\1999\11\117.jpg --> ftp.ethanshow.com /d:/html/users/ethanshowcom/html/1999/11 117.jpg
2001.05.16 23:29 B E:\www\ethan\1999\11\117t.jpg --> ftp.ethanshow.com /d:/html/users/ethanshowcom/html/1999/11 117t.jpg
2001.05.16 23:29 B E:\www\ethan\1999\11\118.jpg --> ftp.ethanshow.com /d:/html/users/ethanshowcom/html/1999/11 118.jpg
2001.05.16 23:29 B E:\www\ethan\1999\11\118t.jpg --> ftp.ethanshow.com /d:/html/users/ethanshowcom/html/1999/11 118t.jpg
2001.05.16 23:29 B E:\www\ethan\1999\11\120.jpg --> ftp.ethanshow.com /d:/html/users/ethanshowcom/html/1999/11 120.jpg
2001.05.16 23:29 B E:\www\ethan\1999\11\120t.jpg --> ftp.ethanshow.com /d:/html/users/ethanshowcom/html/1999/11 120t.jpg
2001.05.16 23:29 B E:\www\ethan\1999\11\122.jpg --> ftp.ethanshow.com /d:/html/users/ethanshowcom/html/1999/11 122.jpg
2001.05.16 23:29 B E:\www\ethan\1999\11\122t.jpg --> ftp.ethanshow.com /d:/html/users/ethanshowcom/html/1999/11 122t.jpg
2001.05.16 23:29 B E:\www\ethan\1999\11\130.JPG --> ftp.ethanshow.com /d:/html/users/ethanshowcom/html/1999/11 130.JPG
2001.05.16 23:29 B E:\www\ethan\1999\11\130t.jpg --> ftp.ethanshow.com /d:/html/users/ethanshowcom/html/1999/11 130t.jpg
2001.05.16 23:29 B E:\www\ethan\1999\11\131.JPG --> ftp.ethanshow.com /d:/html/users/ethanshowcom/html/1999/11 131.JPG
2001.05.16 23:29 B E:\www\ethan\1999\11\131t.jpg --> ftp.ethanshow.com /d:/html/users/ethanshowcom/html/1999/11 131t.jpg
2001.05.16 23:29 B E:\www\ethan\1999\11\132.JPG --> ftp.ethanshow.com /d:/html/users/ethanshowcom/html/1999/11 132.JPG
2001.05.16 23:29 B E:\www\ethan\1999\11\132t.jpg --> ftp.ethanshow.com /d:/html/users/ethanshowcom/html/1999/11 132t.jpg
2001.05.16 23:29 B E:\www\ethan\1999\11\133.JPG --> ftp.ethanshow.com /d:/html/users/ethanshowcom/html/1999/11 133.JPG
2001.05.16 23:29 B E:\www\ethan\1999\11\133t.jpg --> ftp.ethanshow.com /d:/html/users/ethanshowcom/html/1999/11 133t.jpg
2001.05.16 23:29 B E:\www\ethan\1999\11\134.jpg --> ftp.ethanshow.com /d:/html/users/ethanshowcom/html/1999/11 134.jpg
2001.05.16 23:29 B E:\www\ethan\1999\11\134t.jpg --> ftp.ethanshow.com /d:/html/users/ethanshowcom/html/1999/11 134t.jpg
2001.05.16 23:30 B E:\www\ethan\1999\11\136.JPG --> ftp.ethanshow.com /d:/html/users/ethanshowcom/html/1999/11 136.JPG
2001.05.16 23:30 B E:\www\ethan\1999\11\136t.jpg --> ftp.ethanshow.com /d:/html/users/ethanshowcom/html/1999/11 136t.jpg
2001.05.16 23:30 B E:\www\ethan\1999\11\137.jpg --> ftp.ethanshow.com /d:/html/users/ethanshowcom/html/1999/11 137.jpg
2001.05.16 23:30 B E:\www\ethan\1999\11\137t.jpg --> ftp.ethanshow.com /d:/html/users/ethanshowcom/html/1999/11 137t.jpg
2001.05.16 23:30 B E:\www\ethan\1999\11\139.JPG --> ftp.ethanshow.com /d:/html/users/ethanshowcom/html/1999/11 139.JPG
2001.05.16 23:30 B E:\www\ethan\1999\11\139t.jpg --> ftp.ethanshow.com /d:/html/users/ethanshowcom/html/1999/11 139t.jpg
2001.05.16 23:30 B E:\www\ethan\1999\11\140.jpg --> ftp.ethanshow.com /d:/html/users/ethanshowcom/html/1999/11 140.jpg
2001.05.16 23:30 B E:\www\ethan\1999\11\140t.jpg --> ftp.ethanshow.com /d:/html/users/ethanshowcom/html/1999/11 140t.jpg
2001.05.16 23:30 B E:\www\ethan\1999\11\152.jpg --> ftp.ethanshow.com /d:/html/users/ethanshowcom/html/1999/11 152.jpg
2001.05.16 23:30 B E:\www\ethan\1999\11\152t.jpg --> ftp.ethanshow.com /d:/html/users/ethanshowcom/html/1999/11 152t.jpg
2001.05.16 23:30 B E:\www\ethan\1999\11\154.jpg --> ftp.ethanshow.com /d:/html/users/ethanshowcom/html/1999/11 154.jpg
2001.05.16 23:30 B E:\www\ethan\1999\11\154t.jpg --> ftp.ethanshow.com /d:/html/users/ethanshowcom/html/1999/11 154t.jpg
2001.05.16 23:30 B E:\www\ethan\1999\11\155.jpg --> ftp.ethanshow.com /d:/html/users/ethanshowcom/html/1999/11 155.jpg
2001.05.16 23:30 B E:\www\ethan\1999\11\155t.jpg --> ftp.ethanshow.com /d:/html/users/ethanshowcom/html/1999/11 155t.jpg
2001.05.16 23:30 B E:\www\ethan\1999\11\160.jpg --> ftp.ethanshow.com /d:/html/users/ethanshowcom/html/1999/11 160.jpg
2001.05.16 23:30 B E:\www\ethan\1999\11\160T.JPG --> ftp.ethanshow.com /d:/html/users/ethanshowcom/html/1999/11 160T.JPG
2001.05.16 23:30 B E:\www\ethan\1999\11\164.jpg --> ftp.ethanshow.com /d:/html/users/ethanshowcom/html/1999/11 164.jpg
2001.05.16 23:30 B E:\www\ethan\1999\11\164T.JPG --> ftp.ethanshow.com /d:/html/users/ethanshowcom/html/1999/11 164T.JPG
2001.05.16 23:30 B E:\www\ethan\1999\11\165.jpg --> ftp.ethanshow.com /d:/html/users/ethanshowcom/html/1999/11 165.jpg
2001.05.16 23:31 B E:\www\ethan\1999\11\165T.JPG --> ftp.ethanshow.com /d:/html/users/ethanshowcom/html/1999/11 165T.JPG
2001.05.16 23:31 B E:\www\ethan\1999\11\166.JPG --> ftp.ethanshow.com /d:/html/users/ethanshowcom/html/1999/11 166.JPG
2001.05.16 23:31 B E:\www\ethan\1999\11\166_DARK.JPG --> ftp.ethanshow.com /d:/html/users/ethanshowcom/html/1999/11 166_DARK.JPG
2001.05.16 23:31 B E:\www\ethan\1999\11\166T.JPG --> ftp.ethanshow.com /d:/html/users/ethanshowcom/html/1999/11 166T.JPG
2001.05.16 23:31 B E:\www\ethan\1999\11\170.jpg --> ftp.ethanshow.com /d:/html/users/ethanshowcom/html/1999/11 170.jpg
2001.05.16 23:31 B E:\www\ethan\1999\11\170T.JPG --> ftp.ethanshow.com /d:/html/users/ethanshowcom/html/1999/11 170T.JPG
2001.05.16 23:31 B E:\www\ethan\1999\11\171.jpg --> ftp.ethanshow.com /d:/html/users/ethanshowcom/html/1999/11 171.jpg
2001.05.16 23:31 B E:\www\ethan\1999\11\171_ALT.JPG --> ftp.ethanshow.com /d:/html/users/ethanshowcom/html/1999/11 171_ALT.JPG
2001.05.16 23:31 B E:\www\ethan\1999\11\171T.JPG --> ftp.ethanshow.com /d:/html/users/ethanshowcom/html/1999/11 171T.JPG
2001.05.16 23:31 B E:\www\ethan\1999\11\172.jpg --> ftp.ethanshow.com /d:/html/users/ethanshowcom/html/1999/11 172.jpg
2001.05.16 23:31 B E:\www\ethan\1999\11\172T.JPG --> ftp.ethanshow.com /d:/html/users/ethanshowcom/html/1999/11 172T.JPG
2001.05.16 23:31 B E:\www\ethan\1999\11\173.jpg --> ftp.ethanshow.com /d:/html/users/ethanshowcom/html/1999/11 173.jpg
2001.05.16 23:31 B E:\www\ethan\1999\11\173T.JPG --> ftp.ethanshow.com /d:/html/users/ethanshowcom/html/1999/11 173T.JPG
2001.05.16 23:31 B E:\www\ethan\1999\11\174.jpg --> ftp.ethanshow.com /d:/html/users/ethanshowcom/html/1999/11 174.jpg
2001.05.16 23:31 B E:\www\ethan\1999\11\174T.JPG --> ftp.ethanshow.com /d:/html/users/ethanshowcom/html/1999/11 174T.JPG
2001.05.16 23:31 B E:\www\ethan\1999\11\175.jpg --> ftp.ethanshow.com /d:/html/users/ethanshowcom/html/1999/11 175.jpg
2001.05.16 23:31 B E:\www\ethan\1999\11\175T.JPG --> ftp.ethanshow.com /d:/html/users/ethanshowcom/html/1999/11 175T.JPG
2001.05.16 23:31 B E:\www\ethan\1999\11\182.jpg --> ftp.ethanshow.com /d:/html/users/ethanshowcom/html/1999/11 182.jpg
2001.05.16 23:31 B E:\www\ethan\1999\11\182t.jpg --> ftp.ethanshow.com /d:/html/users/ethanshowcom/html/1999/11 182t.jpg
2001.05.16 23:31 B E:\www\ethan\1999\11\186.jpg --> ftp.ethanshow.com /d:/html/users/ethanshowcom/html/1999/11 186.jpg
2001.05.16 23:32 B E:\www\ethan\1999\11\186t.jpg --> ftp.ethanshow.com /d:/html/users/ethanshowcom/html/1999/11 186t.jpg
2001.05.16 23:32 B E:\www\ethan\1999\11\189.jpg --> ftp.ethanshow.com /d:/html/users/ethanshowcom/html/1999/11 189.jpg
2001.05.16 23:32 B E:\www\ethan\1999\11\189t.jpg --> ftp.ethanshow.com /d:/html/users/ethanshowcom/html/1999/11 189t.jpg
2001.05.16 23:32 B E:\www\ethan\1999\11\192.jpg --> ftp.ethanshow.com /d:/html/users/ethanshowcom/html/1999/11 192.jpg
2001.05.16 23:32 B E:\www\ethan\1999\11\192t.jpg --> ftp.ethanshow.com /d:/html/users/ethanshowcom/html/1999/11 192t.jpg
2001.05.16 23:32 B E:\www\ethan\1999\11\194.jpg --> ftp.ethanshow.com /d:/html/users/ethanshowcom/html/1999/11 194.jpg
2001.05.16 23:32 B E:\www\ethan\1999\11\194t.jpg --> ftp.ethanshow.com /d:/html/users/ethanshowcom/html/1999/11 194t.jpg
2001.05.16 23:32 B E:\www\ethan\1999\11\197.jpg --> ftp.ethanshow.com /d:/html/users/ethanshowcom/html/1999/11 197.jpg
2001.05.16 23:32 B E:\www\ethan\1999\11\197t.jpg --> ftp.ethanshow.com /d:/html/users/ethanshowcom/html/1999/11 197t.jpg
2001.05.16 23:32 B E:\www\ethan\1999\11\200.jpg --> ftp.ethanshow.com /d:/html/users/ethanshowcom/html/1999/11 200.jpg
2001.05.16 23:32 B E:\www\ethan\1999\11\200t.jpg --> ftp.ethanshow.com /d:/html/users/ethanshowcom/html/1999/11 200t.jpg
2001.05.16 23:32 B E:\www\ethan\1999\11\203.jpg --> ftp.ethanshow.com /d:/html/users/ethanshowcom/html/1999/11 203.jpg
2001.05.16 23:32 B E:\www\ethan\1999\11\203t.jpg --> ftp.ethanshow.com /d:/html/users/ethanshowcom/html/1999/11 203t.jpg
2001.05.16 23:32 B E:\www\ethan\1999\11\205.jpg --> ftp.ethanshow.com /d:/html/users/ethanshowcom/html/1999/11 205.jpg
2001.05.16 23:32 B E:\www\ethan\1999\11\205t.jpg --> ftp.ethanshow.com /d:/html/users/ethanshowcom/html/1999/11 205t.jpg
2001.05.16 23:32 B E:\www\ethan\1999\11\215.jpg --> ftp.ethanshow.com /d:/html/users/ethanshowcom/html/1999/11 215.jpg
2001.05.16 23:32 B E:\www\ethan\1999\11\215t.jpg --> ftp.ethanshow.com /d:/html/users/ethanshowcom/html/1999/11 215t.jpg
2001.05.16 23:32 B E:\www\ethan\1999\11\219.jpg --> ftp.ethanshow.com /d:/html/users/ethanshowcom/html/1999/11 219.jpg
2001.05.16 23:32 B E:\www\ethan\1999\11\219t.jpg --> ftp.ethanshow.com /d:/html/users/ethanshowcom/html/1999/11 219t.jpg
2001.05.16 23:32 B E:\www\ethan\1999\11\220.jpg --> ftp.ethanshow.com /d:/html/users/ethanshowcom/html/1999/11 220.jpg
2001.05.16 23:33 B E:\www\ethan\1999\11\220t.jpg --> ftp.ethanshow.com /d:/html/users/ethanshowcom/html/1999/11 220t.jpg
2001.05.16 23:33 B E:\www\ethan\1999\11\222.jpg --> ftp.ethanshow.com /d:/html/users/ethanshowcom/html/1999/11 222.jpg
2001.05.16 23:33 B E:\www\ethan\1999\11\222t.jpg --> ftp.ethanshow.com /d:/html/users/ethanshowcom/html/1999/11 222t.jpg
2001.05.16 23:33 B E:\www\ethan\1999\11\24.JPG --> ftp.ethanshow.com /d:/html/users/ethanshowcom/html/1999/11 24.JPG
2001.05.16 23:33 B E:\www\ethan\1999\11\24t.jpg --> ftp.ethanshow.com /d:/html/users/ethanshowcom/html/1999/11 24t.jpg
2001.05.16 23:33 B E:\www\ethan\1999\11\25.JPG --> ftp.ethanshow.com /d:/html/users/ethanshowcom/html/1999/11 25.JPG
2001.05.16 23:33 B E:\www\ethan\1999\11\25t.jpg --> ftp.ethanshow.com /d:/html/users/ethanshowcom/html/1999/11 25t.jpg
2001.05.16 23:33 B E:\www\ethan\1999\11\27.JPG --> ftp.ethanshow.com /d:/html/users/ethanshowcom/html/1999/11 27.JPG
2001.05.16 23:33 B E:\www\ethan\1999\11\27t.jpg --> ftp.ethanshow.com /d:/html/users/ethanshowcom/html/1999/11 27t.jpg
2001.05.16 23:33 B E:\www\ethan\1999\11\31.JPG --> ftp.ethanshow.com /d:/html/users/ethanshowcom/html/1999/11 31.JPG
2001.05.16 23:33 B E:\www\ethan\1999\11\31t.jpg --> ftp.ethanshow.com /d:/html/users/ethanshowcom/html/1999/11 31t.jpg
2001.05.16 23:33 B E:\www\ethan\1999\11\34.JPG --> ftp.ethanshow.com /d:/html/users/ethanshowcom/html/1999/11 34.JPG
2001.05.16 23:33 B E:\www\ethan\1999\11\34t.jpg --> ftp.ethanshow.com /d:/html/users/ethanshowcom/html/1999/11 34t.jpg
2001.05.16 23:33 B E:\www\ethan\1999\11\44.JPG --> ftp.ethanshow.com /d:/html/users/ethanshowcom/html/1999/11 44.JPG
2001.05.16 23:33 B E:\www\ethan\1999\11\44t.jpg --> ftp.ethanshow.com /d:/html/users/ethanshowcom/html/1999/11 44t.jpg
2001.05.16 23:33 B E:\www\ethan\1999\11\51.jpg --> ftp.ethanshow.com /d:/html/users/ethanshowcom/html/1999/11 51.jpg
2001.05.16 23:33 B E:\www\ethan\1999\11\51t.jpg --> ftp.ethanshow.com /d:/html/users/ethanshowcom/html/1999/11 51t.jpg
2001.05.16 23:33 B E:\www\ethan\1999\11\54.jpg --> ftp.ethanshow.com /d:/html/users/ethanshowcom/html/1999/11 54.jpg
2001.05.16 23:33 B E:\www\ethan\1999\11\54t.jpg --> ftp.ethanshow.com /d:/html/users/ethanshowcom/html/1999/11 54t.jpg
2001.05.16 23:34 B E:\www\ethan\1999\11\57.jpg --> ftp.ethanshow.com /d:/html/users/ethanshowcom/html/1999/11 57.jpg
2001.05.16 23:34 B E:\www\ethan\1999\11\57t.jpg --> ftp.ethanshow.com /d:/html/users/ethanshowcom/html/1999/11 57t.jpg
2001.05.16 23:34 B E:\www\ethan\1999\11\59.jpg --> ftp.ethanshow.com /d:/html/users/ethanshowcom/html/1999/11 59.jpg
2001.05.16 23:34 B E:\www\ethan\1999\11\59t.jpg --> ftp.ethanshow.com /d:/html/users/ethanshowcom/html/1999/11 59t.jpg
2001.05.16 23:34 B E:\www\ethan\1999\11\70.jpg --> ftp.ethanshow.com /d:/html/users/ethanshowcom/html/1999/11 70.jpg
2001.05.16 23:34 B E:\www\ethan\1999\11\70t.jpg --> ftp.ethanshow.com /d:/html/users/ethanshowcom/html/1999/11 70t.jpg
2001.05.16 23:34 B E:\www\ethan\1999\11\71.jpg --> ftp.ethanshow.com /d:/html/users/ethanshowcom/html/1999/11 71.jpg
2001.05.16 23:34 B E:\www\ethan\1999\11\71t.jpg --> ftp.ethanshow.com /d:/html/users/ethanshowcom/html/1999/11 71t.jpg
2001.05.16 23:34 B E:\www\ethan\1999\11\72.jpg --> ftp.ethanshow.com /d:/html/users/ethanshowcom/html/1999/11 72.jpg
2001.05.16 23:34 B E:\www\ethan\1999\11\72t.jpg --> ftp.ethanshow.com /d:/html/users/ethanshowcom/html/1999/11 72t.jpg
2001.05.16 23:34 B E:\www\ethan\1999\11\80.jpg --> ftp.ethanshow.com /d:/html/users/ethanshowcom/html/1999/11 80.jpg
2001.05.16 23:34 B E:\www\ethan\1999\11\80t.jpg --> ftp.ethanshow.com /d:/html/users/ethanshowcom/html/1999/11 80t.jpg
2001.05.16 23:34 B E:\www\ethan\1999\11\82.jpg --> ftp.ethanshow.com /d:/html/users/ethanshowcom/html/1999/11 82.jpg
2001.05.16 23:34 B E:\www\ethan\1999\11\82t.jpg --> ftp.ethanshow.com /d:/html/users/ethanshowcom/html/1999/11 82t.jpg
2001.05.16 23:34 B E:\www\ethan\1999\11\83.jpg --> ftp.ethanshow.com /d:/html/users/ethanshowcom/html/1999/11 83.jpg
2001.05.16 23:34 B E:\www\ethan\1999\11\83t.jpg --> ftp.ethanshow.com /d:/html/users/ethanshowcom/html/1999/11 83t.jpg
2001.05.16 23:34 B E:\www\ethan\1999\11\91.jpg --> ftp.ethanshow.com /d:/html/users/ethanshowcom/html/1999/11 91.jpg
2001.05.16 23:34 B E:\www\ethan\1999\11\91t.jpg --> ftp.ethanshow.com /d:/html/users/ethanshowcom/html/1999/11 91t.jpg
2001.05.16 23:34 B E:\www\ethan\1999\11\92.jpg --> ftp.ethanshow.com /d:/html/users/ethanshowcom/html/1999/11 92.jpg
2001.05.16 23:35 B E:\www\ethan\1999\11\92t.jpg --> ftp.ethanshow.com /d:/html/users/ethanshowcom/html/1999/11 92t.jpg
2001.05.16 23:35 B E:\www\ethan\1999\11\93.jpg --> ftp.ethanshow.com /d:/html/users/ethanshowcom/html/1999/11 93.jpg
2001.05.16 23:35 B E:\www\ethan\1999\11\93t.jpg --> ftp.ethanshow.com /d:/html/users/ethanshowcom/html/1999/11 93t.jpg
2001.05.16 23:35 B E:\www\ethan\1999\11\94.jpg --> ftp.ethanshow.com /d:/html/users/ethanshowcom/html/1999/11 94.jpg
2001.05.16 23:35 B E:\www\ethan\1999\11\94t.jpg --> ftp.ethanshow.com /d:/html/users/ethanshowcom/html/1999/11 94t.jpg
2001.05.16 23:35 B E:\www\ethan\1999\11\95.jpg --> ftp.ethanshow.com /d:/html/users/ethanshowcom/html/1999/11 95.jpg
2001.05.16 23:35 B E:\www\ethan\1999\11\95t.jpg --> ftp.ethanshow.com /d:/html/users/ethanshowcom/html/1999/11 95t.jpg
2001.05.16 23:35 B E:\www\ethan\1999\11\96.jpg --> ftp.ethanshow.com /d:/html/users/ethanshowcom/html/1999/11 96.jpg
2001.05.16 23:35 B E:\www\ethan\1999\11\96t.jpg --> ftp.ethanshow.com /d:/html/users/ethanshowcom/html/1999/11 96t.jpg
2001.05.16 23:35 B E:\www\ethan\1999\11\99.jpg --> ftp.ethanshow.com /d:/html/users/ethanshowcom/html/1999/11 99.jpg
2001.05.16 23:35 B E:\www\ethan\1999\11\99t.jpg --> ftp.ethanshow.com /d:/html/users/ethanshowcom/html/1999/11 99t.jpg
2001.05.16 23:35 B E:\www\ethan\1999\11\days.htm --> ftp.ethanshow.com /d:/html/users/ethanshowcom/html/1999/11 days.htm
2001.05.16 23:35 B E:\www\ethan\1999\11\nav.htm --> ftp.ethanshow.com /d:/html/users/ethanshowcom/html/1999/11 nav.htm
2001.05.16 23:35 B E:\www\ethan\1999\11\nov12.htm --> ftp.ethanshow.com /d:/html/users/ethanshowcom/html/1999/11 nov12.htm
2001.05.16 23:35 B E:\www\ethan\1999\11\nov12a.htm --> ftp.ethanshow.com /d:/html/users/ethanshowcom/html/1999/11 nov12a.htm
2001.05.16 23:35 B E:\www\ethan\1999\11\nov13.htm --> ftp.ethanshow.com /d:/html/users/ethanshowcom/html/1999/11 nov13.htm
2001.05.16 23:35 B E:\www\ethan\1999\11\nov13a.htm --> ftp.ethanshow.com /d:/html/users/ethanshowcom/html/1999/11 nov13a.htm
2001.05.16 23:35 B E:\www\ethan\1999\11\nov14.htm --> ftp.ethanshow.com /d:/html/users/ethanshowcom/html/1999/11 nov14.htm
2001.05.16 23:35 B E:\www\ethan\1999\11\nov14a.htm --> ftp.ethanshow.com /d:/html/users/ethanshowcom/html/1999/11 nov14a.htm
2001.05.16 23:36 B E:\www\ethan\1999\11\nov15.htm --> ftp.ethanshow.com /d:/html/users/ethanshowcom/html/1999/11 nov15.htm
2001.05.16 23:47 B E:\www\ethan\1999\11\nov30a.htm --> ftp.ethanshow.com /d:/html/users/ethanshowcom/html/1999/11 nov30a.htm
2001.05.16 23:47 B E:\www\ethan\1999\11\nov30.htm --> ftp.ethanshow.com /d:/html/users/ethanshowcom/html/1999/11 nov30.htm
2001.05.16 23:47 B E:\www\ethan\1999\11\nov29a.htm --> ftp.ethanshow.com /d:/html/users/ethanshowcom/html/1999/11 nov29a.htm
2001.05.16 23:47 B E:\www\ethan\1999\11\nov29.htm --> ftp.ethanshow.com /d:/html/users/ethanshowcom/html/1999/11 nov29.htm
2001.05.16 23:47 B E:\www\ethan\1999\11\nov28a.htm --> ftp.ethanshow.com /d:/html/users/ethanshowcom/html/1999/11 nov28a.htm
2001.05.16 23:47 B E:\www\ethan\1999\11\nov28.htm --> ftp.ethanshow.com /d:/html/users/ethanshowcom/html/1999/11 nov28.htm
2001.05.16 23:47 B E:\www\ethan\1999\11\nov27a.htm --> ftp.ethanshow.com /d:/html/users/ethanshowcom/html/1999/11 nov27a.htm
2001.05.16 23:47 B E:\www\ethan\1999\11\nov27.htm --> ftp.ethanshow.com /d:/html/users/ethanshowcom/html/1999/11 nov27.htm
2001.05.16 23:47 B E:\www\ethan\1999\11\nov26a.htm --> ftp.ethanshow.com /d:/html/users/ethanshowcom/html/1999/11 nov26a.htm
2001.05.16 23:47 B E:\www\ethan\1999\11\nov26.htm --> ftp.ethanshow.com /d:/html/users/ethanshowcom/html/1999/11 nov26.htm
2001.05.16 23:47 B E:\www\ethan\1999\11\nov25a.htm --> ftp.ethanshow.com /d:/html/users/ethanshowcom/html/1999/11 nov25a.htm
2001.05.16 23:47 B E:\www\ethan\1999\11\nov25.htm --> ftp.ethanshow.com /d:/html/users/ethanshowcom/html/1999/11 nov25.htm
2001.05.16 23:47 B E:\www\ethan\1999\11\nov24a.htm --> ftp.ethanshow.com /d:/html/users/ethanshowcom/html/1999/11 nov24a.htm
2001.05.16 23:47 B E:\www\ethan\1999\11\nov24.htm --> ftp.ethanshow.com /d:/html/users/ethanshowcom/html/1999/11 nov24.htm
2001.05.16 23:47 B E:\www\ethan\1999\11\nov23a.htm --> ftp.ethanshow.com /d:/html/users/ethanshowcom/html/1999/11 nov23a.htm
2001.05.16 23:47 B E:\www\ethan\1999\11\nov23.htm --> ftp.ethanshow.com /d:/html/users/ethanshowcom/html/1999/11 nov23.htm
2001.05.16 23:47 B E:\www\ethan\1999\11\nov22a.htm --> ftp.ethanshow.com /d:/html/users/ethanshowcom/html/1999/11 nov22a.htm
2001.05.16 23:47 B E:\www\ethan\1999\11\nov22.htm --> ftp.ethanshow.com /d:/html/users/ethanshowcom/html/1999/11 nov22.htm
2001.05.16 23:47 B E:\www\ethan\1999\11\nov21a.htm --> ftp.ethanshow.com /d:/html/users/ethanshowcom/html/1999/11 nov21a.htm
2001.05.16 23:47 B E:\www\ethan\1999\11\nov21.htm --> ftp.ethanshow.com /d:/html/users/ethanshowcom/html/1999/11 nov21.htm
2001.05.16 23:47 B E:\www\ethan\1999\11\nov20a.htm --> ftp.ethanshow.com /d:/html/users/ethanshowcom/html/1999/11 nov20a.htm
2001.05.16 23:47 B E:\www\ethan\1999\11\nov20.htm --> ftp.ethanshow.com /d:/html/users/ethanshowcom/html/1999/11 nov20.htm
2001.05.16 23:47 B E:\www\ethan\1999\11\nov19a.htm --> ftp.ethanshow.com /d:/html/users/ethanshowcom/html/1999/11 nov19a.htm
2001.05.16 23:47 B E:\www\ethan\1999\11\nov19.htm --> ftp.ethanshow.com /d:/html/users/ethanshowcom/html/1999/11 nov19.htm
2001.05.16 23:47 B E:\www\ethan\1999\11\nov18a.htm --> ftp.ethanshow.com /d:/html/users/ethanshowcom/html/1999/11 nov18a.htm
2001.05.16 23:48 B E:\www\ethan\1999\11\nov18.htm --> ftp.ethanshow.com /d:/html/users/ethanshowcom/html/1999/11 nov18.htm
2001.05.16 23:48 B E:\www\ethan\1999\11\nov17a.htm --> ftp.ethanshow.com /d:/html/users/ethanshowcom/html/1999/11 nov17a.htm
2001.05.16 23:48 B E:\www\ethan\1999\11\nov17.htm --> ftp.ethanshow.com /d:/html/users/ethanshowcom/html/1999/11 nov17.htm
2001.05.16 23:48 B E:\www\ethan\1999\11\nov16a.htm --> ftp.ethanshow.com /d:/html/users/ethanshowcom/html/1999/11 nov16a.htm
2001.05.16 23:48 B E:\www\ethan\1999\11\nov16.htm --> ftp.ethanshow.com /d:/html/users/ethanshowcom/html/1999/11 nov16.htm
2001.05.16 23:48 B E:\www\ethan\1999\11\nov15a.htm --> ftp.ethanshow.com /d:/html/users/ethanshowcom/html/1999/11 nov15a.htm
2001.05.16 23:48 B E:\www\ethan\1999\11\nov15.htm --> ftp.ethanshow.com /d:/html/users/ethanshowcom/html/1999/11 nov15.htm
2001.05.16 23:48 B E:\www\ethan\1999\11\nov14a.htm --> ftp.ethanshow.com /d:/html/users/ethanshowcom/html/1999/11 nov14a.htm
2001.05.16 23:48 B E:\www\ethan\1999\11\nov14.htm --> ftp.ethanshow.com /d:/html/users/ethanshowcom/html/1999/11 nov14.htm
2001.05.16 23:48 B E:\www\ethan\1999\11\nov13a.htm --> ftp.ethanshow.com /d:/html/users/ethanshowcom/html/1999/11 nov13a.htm
2001.05.16 23:48 B E:\www\ethan\1999\11\nov13.htm --> ftp.ethanshow.com /d:/html/users/ethanshowcom/html/1999/11 nov13.htm
2001.05.16 23:48 B E:\www\ethan\1999\11\nov12a.htm --> ftp.ethanshow.com /d:/html/users/ethanshowcom/html/1999/11 nov12a.htm
2001.05.16 23:48 B E:\www\ethan\1999\11\nov12.htm --> ftp.ethanshow.com /d:/html/users/ethanshowcom/html/1999/11 nov12.htm
2001.05.16 23:48 B E:\www\ethan\1999\11\nav.htm --> ftp.ethanshow.com /d:/html/users/ethanshowcom/html/1999/11 nav.htm
2001.05.16 23:48 B E:\www\ethan\1999\11\days.htm --> ftp.ethanshow.com /d:/html/users/ethanshowcom/html/1999/11 days.htm
2001.08.24 23:39 B E:\www\EthanShow\1999\11\nov12.htm --> ftp.ethanshow.com /d:/html/users/ethanshowcom/html/1999/11 nov12.htm
2001.08.24 23:39 B E:\www\EthanShow\1999\11\s0002t.JPG --> ftp.ethanshow.com /d:/html/users/ethanshowcom/html/1999/11 s0002t.JPG
2001.08.24 23:39 B E:\www\EthanShow\1999\11\nov12a.htm --> ftp.ethanshow.com /d:/html/users/ethanshowcom/html/1999/11 nov12a.htm
2001.08.24 23:40 B E:\www\EthanShow\1999\11\s0002.JPG --> ftp.ethanshow.com /d:/html/users/ethanshowcom/html/1999/11 s0002.JPG
